<?xml version="1.0" encoding="UTF-8"?>
<testsuite name="com.globantx.cardinalevaluator.CucumberConfig" tests="155" skipped="0" failures="0" errors="0" timestamp="2022-07-14T00:53:40" hostname="EC-IT00018" time="3.565">
  <properties/>
  <testcase name="El objetivo es que traduzca frases de todo tipo, que tengan numeros escritos en letras adentro, como por ejemplo: &quot;Quisiera transferir ciento cincuenta pesos a Juan Perez que vive en la calle Rivadavia cuarenta y tres&quot;-&gt; &quot;Quisiera transferir 150 pesos a Juan Perez que vive en la calle Rivadavia 43&quot; - Identificar numeros en una frase" classname="com.globantx.cardinalevaluator.CucumberConfig" time="2.979"/>
  <testcase name="El objetivo es que traduzca frases de todo tipo, que tengan numeros escritos en letras adentro, como por ejemplo: &quot;Quisiera transferir ciento cincuenta pesos a Juan Perez que vive en la calle Rivadavia cuarenta y tres&quot;-&gt; &quot;Quisiera transferir 150 pesos a Juan Perez que vive en la calle Rivadavia 43&quot; - Identificar dos un valor a transferir y una calle" classname="com.globantx.cardinalevaluator.CucumberConfig" time="0.008"/>
  <testcase name="El objetivo es que traduzca frases de todo tipo, que tengan numeros escritos en letras adentro, como por ejemplo: &quot;Quisiera transferir ciento cincuenta pesos a Juan Perez que vive en la calle Rivadavia cuarenta y tres&quot;-&gt; &quot;Quisiera transferir 150 pesos a Juan Perez que vive en la calle Rivadavia 43&quot; - Si la frase es un numero cardinal menor a veinte, se escribe directamente su correspondiente valor numerico - Examples - Example #1" classname="com.globantx.cardinalevaluator.CucumberConfig" time="0.006"/>
  <testcase name="El objetivo es que traduzca frases de todo tipo, que tengan numeros escritos en letras adentro, como por ejemplo: &quot;Quisiera transferir ciento cincuenta pesos a Juan Perez que vive en la calle Rivadavia cuarenta y tres&quot;-&gt; &quot;Quisiera transferir 150 pesos a Juan Perez que vive en la calle Rivadavia 43&quot; - Si la frase es un numero cardinal menor a veinte, se escribe directamente su correspondiente valor numerico - Examples - Example #2" classname="com.globantx.cardinalevaluator.CucumberConfig" time="0.006"/>
  <testcase name="El objetivo es que traduzca frases de todo tipo, que tengan numeros escritos en letras adentro, como por ejemplo: &quot;Quisiera transferir ciento cincuenta pesos a Juan Perez que vive en la calle Rivadavia cuarenta y tres&quot;-&gt; &quot;Quisiera transferir 150 pesos a Juan Perez que vive en la calle Rivadavia 43&quot; - Si la frase es un numero cardinal menor a veinte, se escribe directamente su correspondiente valor numerico - Examples - Example #3" classname="com.globantx.cardinalevaluator.CucumberConfig" time="0.006"/>
  <testcase name="El objetivo es que traduzca frases de todo tipo, que tengan numeros escritos en letras adentro, como por ejemplo: &quot;Quisiera transferir ciento cincuenta pesos a Juan Perez que vive en la calle Rivadavia cuarenta y tres&quot;-&gt; &quot;Quisiera transferir 150 pesos a Juan Perez que vive en la calle Rivadavia 43&quot; - Si la frase es un numero cardinal menor a veinte, se escribe directamente su correspondiente valor numerico - Examples - Example #4" classname="com.globantx.cardinalevaluator.CucumberConfig" time="0.006"/>
  <testcase name="El objetivo es que traduzca frases de todo tipo, que tengan numeros escritos en letras adentro, como por ejemplo: &quot;Quisiera transferir ciento cincuenta pesos a Juan Perez que vive en la calle Rivadavia cuarenta y tres&quot;-&gt; &quot;Quisiera transferir 150 pesos a Juan Perez que vive en la calle Rivadavia 43&quot; - Si la frase es un numero cardinal menor a veinte, se escribe directamente su correspondiente valor numerico - Examples - Example #5" classname="com.globantx.cardinalevaluator.CucumberConfig" time="0.007"/>
  <testcase name="El objetivo es que traduzca frases de todo tipo, que tengan numeros escritos en letras adentro, como por ejemplo: &quot;Quisiera transferir ciento cincuenta pesos a Juan Perez que vive en la calle Rivadavia cuarenta y tres&quot;-&gt; &quot;Quisiera transferir 150 pesos a Juan Perez que vive en la calle Rivadavia 43&quot; - Si la frase es un numero cardinal menor a veinte, se escribe directamente su correspondiente valor numerico - Examples - Example #6" classname="com.globantx.cardinalevaluator.CucumberConfig" time="0.005"/>
  <testcase name="El objetivo es que traduzca frases de todo tipo, que tengan numeros escritos en letras adentro, como por ejemplo: &quot;Quisiera transferir ciento cincuenta pesos a Juan Perez que vive en la calle Rivadavia cuarenta y tres&quot;-&gt; &quot;Quisiera transferir 150 pesos a Juan Perez que vive en la calle Rivadavia 43&quot; - Si la frase es un numero cardinal menor a veinte, se escribe directamente su correspondiente valor numerico - Examples - Example #7" classname="com.globantx.cardinalevaluator.CucumberConfig" time="0.005"/>
  <testcase name="El objetivo es que traduzca frases de todo tipo, que tengan numeros escritos en letras adentro, como por ejemplo: &quot;Quisiera transferir ciento cincuenta pesos a Juan Perez que vive en la calle Rivadavia cuarenta y tres&quot;-&gt; &quot;Quisiera transferir 150 pesos a Juan Perez que vive en la calle Rivadavia 43&quot; - Si la frase es un numero cardinal menor a veinte, se escribe directamente su correspondiente valor numerico - Examples - Example #8" classname="com.globantx.cardinalevaluator.CucumberConfig" time="0.006"/>
  <testcase name="El objetivo es que traduzca frases de todo tipo, que tengan numeros escritos en letras adentro, como por ejemplo: &quot;Quisiera transferir ciento cincuenta pesos a Juan Perez que vive en la calle Rivadavia cuarenta y tres&quot;-&gt; &quot;Quisiera transferir 150 pesos a Juan Perez que vive en la calle Rivadavia 43&quot; - Si la frase es un numero cardinal menor a veinte, se escribe directamente su correspondiente valor numerico - Examples - Example #9" classname="com.globantx.cardinalevaluator.CucumberConfig" time="0.007"/>
  <testcase name="El objetivo es que traduzca frases de todo tipo, que tengan numeros escritos en letras adentro, como por ejemplo: &quot;Quisiera transferir ciento cincuenta pesos a Juan Perez que vive en la calle Rivadavia cuarenta y tres&quot;-&gt; &quot;Quisiera transferir 150 pesos a Juan Perez que vive en la calle Rivadavia 43&quot; - Si la frase es un numero cardinal menor a veinte, se escribe directamente su correspondiente valor numerico - Examples - Example #10" classname="com.globantx.cardinalevaluator.CucumberConfig" time="0.006"/>
  <testcase name="El objetivo es que traduzca frases de todo tipo, que tengan numeros escritos en letras adentro, como por ejemplo: &quot;Quisiera transferir ciento cincuenta pesos a Juan Perez que vive en la calle Rivadavia cuarenta y tres&quot;-&gt; &quot;Quisiera transferir 150 pesos a Juan Perez que vive en la calle Rivadavia 43&quot; - Si la frase es un numero cardinal menor a veinte, se escribe directamente su correspondiente valor numerico - Examples - Example #11" classname="com.globantx.cardinalevaluator.CucumberConfig" time="0.009"/>
  <testcase name="El objetivo es que traduzca frases de todo tipo, que tengan numeros escritos en letras adentro, como por ejemplo: &quot;Quisiera transferir ciento cincuenta pesos a Juan Perez que vive en la calle Rivadavia cuarenta y tres&quot;-&gt; &quot;Quisiera transferir 150 pesos a Juan Perez que vive en la calle Rivadavia 43&quot; - Si la frase es un numero cardinal menor a veinte, se escribe directamente su correspondiente valor numerico - Examples - Example #12" classname="com.globantx.cardinalevaluator.CucumberConfig" time="0.008"/>
  <testcase name="El objetivo es que traduzca frases de todo tipo, que tengan numeros escritos en letras adentro, como por ejemplo: &quot;Quisiera transferir ciento cincuenta pesos a Juan Perez que vive en la calle Rivadavia cuarenta y tres&quot;-&gt; &quot;Quisiera transferir 150 pesos a Juan Perez que vive en la calle Rivadavia 43&quot; - Si la frase es un numero cardinal menor a veinte, se escribe directamente su correspondiente valor numerico - Examples - Example #13" classname="com.globantx.cardinalevaluator.CucumberConfig" time="0.006"/>
  <testcase name="El objetivo es que traduzca frases de todo tipo, que tengan numeros escritos en letras adentro, como por ejemplo: &quot;Quisiera transferir ciento cincuenta pesos a Juan Perez que vive en la calle Rivadavia cuarenta y tres&quot;-&gt; &quot;Quisiera transferir 150 pesos a Juan Perez que vive en la calle Rivadavia 43&quot; - Si la frase es un numero cardinal menor a veinte, se escribe directamente su correspondiente valor numerico - Examples - Example #14" classname="com.globantx.cardinalevaluator.CucumberConfig" time="0.01"/>
  <testcase name="El objetivo es que traduzca frases de todo tipo, que tengan numeros escritos en letras adentro, como por ejemplo: &quot;Quisiera transferir ciento cincuenta pesos a Juan Perez que vive en la calle Rivadavia cuarenta y tres&quot;-&gt; &quot;Quisiera transferir 150 pesos a Juan Perez que vive en la calle Rivadavia 43&quot; - Si la frase es un numero cardinal menor a veinte, se escribe directamente su correspondiente valor numerico - Examples - Example #15" classname="com.globantx.cardinalevaluator.CucumberConfig" time="0.005"/>
  <testcase name="El objetivo es que traduzca frases de todo tipo, que tengan numeros escritos en letras adentro, como por ejemplo: &quot;Quisiera transferir ciento cincuenta pesos a Juan Perez que vive en la calle Rivadavia cuarenta y tres&quot;-&gt; &quot;Quisiera transferir 150 pesos a Juan Perez que vive en la calle Rivadavia 43&quot; - Si la frase es un numero cardinal menor a veinte, se escribe directamente su correspondiente valor numerico - Examples - Example #16" classname="com.globantx.cardinalevaluator.CucumberConfig" time="0.007"/>
  <testcase name="El objetivo es que traduzca frases de todo tipo, que tengan numeros escritos en letras adentro, como por ejemplo: &quot;Quisiera transferir ciento cincuenta pesos a Juan Perez que vive en la calle Rivadavia cuarenta y tres&quot;-&gt; &quot;Quisiera transferir 150 pesos a Juan Perez que vive en la calle Rivadavia 43&quot; - Si la frase es un numero cardinal menor a veinte, se escribe directamente su correspondiente valor numerico - Examples - Example #17" classname="com.globantx.cardinalevaluator.CucumberConfig" time="0.006"/>
  <testcase name="El objetivo es que traduzca frases de todo tipo, que tengan numeros escritos en letras adentro, como por ejemplo: &quot;Quisiera transferir ciento cincuenta pesos a Juan Perez que vive en la calle Rivadavia cuarenta y tres&quot;-&gt; &quot;Quisiera transferir 150 pesos a Juan Perez que vive en la calle Rivadavia 43&quot; - Si la frase es un numero cardinal menor a veinte, se escribe directamente su correspondiente valor numerico - Examples - Example #18" classname="com.globantx.cardinalevaluator.CucumberConfig" time="0.005"/>
  <testcase name="El objetivo es que traduzca frases de todo tipo, que tengan numeros escritos en letras adentro, como por ejemplo: &quot;Quisiera transferir ciento cincuenta pesos a Juan Perez que vive en la calle Rivadavia cuarenta y tres&quot;-&gt; &quot;Quisiera transferir 150 pesos a Juan Perez que vive en la calle Rivadavia 43&quot; - Si la frase es un numero cardinal menor a veinte, se escribe directamente su correspondiente valor numerico - Examples - Example #19" classname="com.globantx.cardinalevaluator.CucumberConfig" time="0.005"/>
  <testcase name="El objetivo es que traduzca frases de todo tipo, que tengan numeros escritos en letras adentro, como por ejemplo: &quot;Quisiera transferir ciento cincuenta pesos a Juan Perez que vive en la calle Rivadavia cuarenta y tres&quot;-&gt; &quot;Quisiera transferir 150 pesos a Juan Perez que vive en la calle Rivadavia 43&quot; - Si la frase es un numero cardinal menor a veinte, se escribe directamente su correspondiente valor numerico - Examples - Example #20" classname="com.globantx.cardinalevaluator.CucumberConfig" time="0.005"/>
  <testcase name="El objetivo es que traduzca frases de todo tipo, que tengan numeros escritos en letras adentro, como por ejemplo: &quot;Quisiera transferir ciento cincuenta pesos a Juan Perez que vive en la calle Rivadavia cuarenta y tres&quot;-&gt; &quot;Quisiera transferir 150 pesos a Juan Perez que vive en la calle Rivadavia 43&quot; - Validar escenarios de numeros que sean invalidos - Examples - Example #1" classname="com.globantx.cardinalevaluator.CucumberConfig" time="0.006"/>
  <testcase name="El objetivo es que traduzca frases de todo tipo, que tengan numeros escritos en letras adentro, como por ejemplo: &quot;Quisiera transferir ciento cincuenta pesos a Juan Perez que vive en la calle Rivadavia cuarenta y tres&quot;-&gt; &quot;Quisiera transferir 150 pesos a Juan Perez que vive en la calle Rivadavia 43&quot; - Validar escenarios de numeros que sean invalidos - Examples - Example #2" classname="com.globantx.cardinalevaluator.CucumberConfig" time="0.004"/>
  <testcase name="El objetivo es que traduzca frases de todo tipo, que tengan numeros escritos en letras adentro, como por ejemplo: &quot;Quisiera transferir ciento cincuenta pesos a Juan Perez que vive en la calle Rivadavia cuarenta y tres&quot;-&gt; &quot;Quisiera transferir 150 pesos a Juan Perez que vive en la calle Rivadavia 43&quot; - Validar escenarios de numeros que sean invalidos - Examples - Example #3" classname="com.globantx.cardinalevaluator.CucumberConfig" time="0.005"/>
  <testcase name="El objetivo es que traduzca frases de todo tipo, que tengan numeros escritos en letras adentro, como por ejemplo: &quot;Quisiera transferir ciento cincuenta pesos a Juan Perez que vive en la calle Rivadavia cuarenta y tres&quot;-&gt; &quot;Quisiera transferir 150 pesos a Juan Perez que vive en la calle Rivadavia 43&quot; - Validar escenarios de numeros que sean invalidos - Examples - Example #4" classname="com.globantx.cardinalevaluator.CucumberConfig" time="0.005"/>
  <testcase name="El objetivo es que traduzca frases de todo tipo, que tengan numeros escritos en letras adentro, como por ejemplo: &quot;Quisiera transferir ciento cincuenta pesos a Juan Perez que vive en la calle Rivadavia cuarenta y tres&quot;-&gt; &quot;Quisiera transferir 150 pesos a Juan Perez que vive en la calle Rivadavia 43&quot; - Validar escenarios de numeros que sean invalidos - Examples - Example #5" classname="com.globantx.cardinalevaluator.CucumberConfig" time="0.005"/>
  <testcase name="El objetivo es que traduzca frases de todo tipo, que tengan numeros escritos en letras adentro, como por ejemplo: &quot;Quisiera transferir ciento cincuenta pesos a Juan Perez que vive en la calle Rivadavia cuarenta y tres&quot;-&gt; &quot;Quisiera transferir 150 pesos a Juan Perez que vive en la calle Rivadavia 43&quot; - Validar escenarios de numeros que sean invalidos - Examples - Example #6" classname="com.globantx.cardinalevaluator.CucumberConfig" time="0.004"/>
  <testcase name="El objetivo es que traduzca frases de todo tipo, que tengan numeros escritos en letras adentro, como por ejemplo: &quot;Quisiera transferir ciento cincuenta pesos a Juan Perez que vive en la calle Rivadavia cuarenta y tres&quot;-&gt; &quot;Quisiera transferir 150 pesos a Juan Perez que vive en la calle Rivadavia 43&quot; - Validar escenarios de numeros que sean invalidos - Examples - Example #7" classname="com.globantx.cardinalevaluator.CucumberConfig" time="0.004"/>
  <testcase name="El objetivo es que traduzca frases de todo tipo, que tengan numeros escritos en letras adentro, como por ejemplo: &quot;Quisiera transferir ciento cincuenta pesos a Juan Perez que vive en la calle Rivadavia cuarenta y tres&quot;-&gt; &quot;Quisiera transferir 150 pesos a Juan Perez que vive en la calle Rivadavia 43&quot; - Validar escenarios de numeros que sean invalidos - Examples - Example #8" classname="com.globantx.cardinalevaluator.CucumberConfig" time="0.004"/>
  <testcase name="El objetivo es que traduzca frases de todo tipo, que tengan numeros escritos en letras adentro, como por ejemplo: &quot;Quisiera transferir ciento cincuenta pesos a Juan Perez que vive en la calle Rivadavia cuarenta y tres&quot;-&gt; &quot;Quisiera transferir 150 pesos a Juan Perez que vive en la calle Rivadavia 43&quot; - Validar escenarios de numeros que sean invalidos - Examples - Example #9" classname="com.globantx.cardinalevaluator.CucumberConfig" time="0.004"/>
  <testcase name="El objetivo es que traduzca frases de todo tipo, que tengan numeros escritos en letras adentro, como por ejemplo: &quot;Quisiera transferir ciento cincuenta pesos a Juan Perez que vive en la calle Rivadavia cuarenta y tres&quot;-&gt; &quot;Quisiera transferir 150 pesos a Juan Perez que vive en la calle Rivadavia 43&quot; - Validar escenarios de numeros que sean invalidos - Examples - Example #10" classname="com.globantx.cardinalevaluator.CucumberConfig" time="0.003"/>
  <testcase name="El objetivo es que traduzca frases de todo tipo, que tengan numeros escritos en letras adentro, como por ejemplo: &quot;Quisiera transferir ciento cincuenta pesos a Juan Perez que vive en la calle Rivadavia cuarenta y tres&quot;-&gt; &quot;Quisiera transferir 150 pesos a Juan Perez que vive en la calle Rivadavia 43&quot; - Validar escenarios de numeros que sean invalidos - Examples - Example #11" classname="com.globantx.cardinalevaluator.CucumberConfig" time="0.004"/>
  <testcase name="El objetivo es que traduzca frases de todo tipo, que tengan numeros escritos en letras adentro, como por ejemplo: &quot;Quisiera transferir ciento cincuenta pesos a Juan Perez que vive en la calle Rivadavia cuarenta y tres&quot;-&gt; &quot;Quisiera transferir 150 pesos a Juan Perez que vive en la calle Rivadavia 43&quot; - Validar escenarios de numeros que sean invalidos - Examples - Example #12" classname="com.globantx.cardinalevaluator.CucumberConfig" time="0.004"/>
  <testcase name="El objetivo es que traduzca frases de todo tipo, que tengan numeros escritos en letras adentro, como por ejemplo: &quot;Quisiera transferir ciento cincuenta pesos a Juan Perez que vive en la calle Rivadavia cuarenta y tres&quot;-&gt; &quot;Quisiera transferir 150 pesos a Juan Perez que vive en la calle Rivadavia 43&quot; - Si la frase es un numero cardinal mayor a 20 y menor o igual a 99, se escribe directamente su correspondiente valor numerico o se compone - Examples - Example #1" classname="com.globantx.cardinalevaluator.CucumberConfig" time="0.005"/>
  <testcase name="El objetivo es que traduzca frases de todo tipo, que tengan numeros escritos en letras adentro, como por ejemplo: &quot;Quisiera transferir ciento cincuenta pesos a Juan Perez que vive en la calle Rivadavia cuarenta y tres&quot;-&gt; &quot;Quisiera transferir 150 pesos a Juan Perez que vive en la calle Rivadavia 43&quot; - Si la frase es un numero cardinal mayor a 20 y menor o igual a 99, se escribe directamente su correspondiente valor numerico o se compone - Examples - Example #2" classname="com.globantx.cardinalevaluator.CucumberConfig" time="0.006"/>
  <testcase name="El objetivo es que traduzca frases de todo tipo, que tengan numeros escritos en letras adentro, como por ejemplo: &quot;Quisiera transferir ciento cincuenta pesos a Juan Perez que vive en la calle Rivadavia cuarenta y tres&quot;-&gt; &quot;Quisiera transferir 150 pesos a Juan Perez que vive en la calle Rivadavia 43&quot; - Si la frase es un numero cardinal mayor a 20 y menor o igual a 99, se escribe directamente su correspondiente valor numerico o se compone - Examples - Example #3" classname="com.globantx.cardinalevaluator.CucumberConfig" time="0.006"/>
  <testcase name="El objetivo es que traduzca frases de todo tipo, que tengan numeros escritos en letras adentro, como por ejemplo: &quot;Quisiera transferir ciento cincuenta pesos a Juan Perez que vive en la calle Rivadavia cuarenta y tres&quot;-&gt; &quot;Quisiera transferir 150 pesos a Juan Perez que vive en la calle Rivadavia 43&quot; - Si la frase es un numero cardinal mayor a 20 y menor o igual a 99, se escribe directamente su correspondiente valor numerico o se compone - Examples - Example #4" classname="com.globantx.cardinalevaluator.CucumberConfig" time="0.005"/>
  <testcase name="El objetivo es que traduzca frases de todo tipo, que tengan numeros escritos en letras adentro, como por ejemplo: &quot;Quisiera transferir ciento cincuenta pesos a Juan Perez que vive en la calle Rivadavia cuarenta y tres&quot;-&gt; &quot;Quisiera transferir 150 pesos a Juan Perez que vive en la calle Rivadavia 43&quot; - Si la frase es un numero cardinal mayor a 20 y menor o igual a 99, se escribe directamente su correspondiente valor numerico o se compone - Examples - Example #5" classname="com.globantx.cardinalevaluator.CucumberConfig" time="0.004"/>
  <testcase name="El objetivo es que traduzca frases de todo tipo, que tengan numeros escritos en letras adentro, como por ejemplo: &quot;Quisiera transferir ciento cincuenta pesos a Juan Perez que vive en la calle Rivadavia cuarenta y tres&quot;-&gt; &quot;Quisiera transferir 150 pesos a Juan Perez que vive en la calle Rivadavia 43&quot; - Si la frase es un numero cardinal mayor a 20 y menor o igual a 99, se escribe directamente su correspondiente valor numerico o se compone - Examples - Example #6" classname="com.globantx.cardinalevaluator.CucumberConfig" time="0.004"/>
  <testcase name="El objetivo es que traduzca frases de todo tipo, que tengan numeros escritos en letras adentro, como por ejemplo: &quot;Quisiera transferir ciento cincuenta pesos a Juan Perez que vive en la calle Rivadavia cuarenta y tres&quot;-&gt; &quot;Quisiera transferir 150 pesos a Juan Perez que vive en la calle Rivadavia 43&quot; - Si la frase es un numero cardinal mayor a 20 y menor o igual a 99, se escribe directamente su correspondiente valor numerico o se compone - Examples - Example #7" classname="com.globantx.cardinalevaluator.CucumberConfig" time="0.004"/>
  <testcase name="El objetivo es que traduzca frases de todo tipo, que tengan numeros escritos en letras adentro, como por ejemplo: &quot;Quisiera transferir ciento cincuenta pesos a Juan Perez que vive en la calle Rivadavia cuarenta y tres&quot;-&gt; &quot;Quisiera transferir 150 pesos a Juan Perez que vive en la calle Rivadavia 43&quot; - Si la frase es un numero cardinal mayor a 20 y menor o igual a 99, se escribe directamente su correspondiente valor numerico o se compone - Examples - Example #8" classname="com.globantx.cardinalevaluator.CucumberConfig" time="0.004"/>
  <testcase name="El objetivo es que traduzca frases de todo tipo, que tengan numeros escritos en letras adentro, como por ejemplo: &quot;Quisiera transferir ciento cincuenta pesos a Juan Perez que vive en la calle Rivadavia cuarenta y tres&quot;-&gt; &quot;Quisiera transferir 150 pesos a Juan Perez que vive en la calle Rivadavia 43&quot; - Si la frase es un numero cardinal mayor a 20 y menor o igual a 99, se escribe directamente su correspondiente valor numerico o se compone - Examples - Example #9" classname="com.globantx.cardinalevaluator.CucumberConfig" time="0.004"/>
  <testcase name="El objetivo es que traduzca frases de todo tipo, que tengan numeros escritos en letras adentro, como por ejemplo: &quot;Quisiera transferir ciento cincuenta pesos a Juan Perez que vive en la calle Rivadavia cuarenta y tres&quot;-&gt; &quot;Quisiera transferir 150 pesos a Juan Perez que vive en la calle Rivadavia 43&quot; - Si la frase es un numero cardinal mayor a 20 y menor o igual a 99, se escribe directamente su correspondiente valor numerico o se compone - Examples - Example #10" classname="com.globantx.cardinalevaluator.CucumberConfig" time="0.004"/>
  <testcase name="El objetivo es que traduzca frases de todo tipo, que tengan numeros escritos en letras adentro, como por ejemplo: &quot;Quisiera transferir ciento cincuenta pesos a Juan Perez que vive en la calle Rivadavia cuarenta y tres&quot;-&gt; &quot;Quisiera transferir 150 pesos a Juan Perez que vive en la calle Rivadavia 43&quot; - Si la frase es un numero cardinal mayor a 20 y menor o igual a 99, se escribe directamente su correspondiente valor numerico o se compone - Examples - Example #11" classname="com.globantx.cardinalevaluator.CucumberConfig" time="0.003"/>
  <testcase name="El objetivo es que traduzca frases de todo tipo, que tengan numeros escritos en letras adentro, como por ejemplo: &quot;Quisiera transferir ciento cincuenta pesos a Juan Perez que vive en la calle Rivadavia cuarenta y tres&quot;-&gt; &quot;Quisiera transferir 150 pesos a Juan Perez que vive en la calle Rivadavia 43&quot; - Si la frase es un numero cardinal mayor a 20 y menor o igual a 99, se escribe directamente su correspondiente valor numerico o se compone - Examples - Example #12" classname="com.globantx.cardinalevaluator.CucumberConfig" time="0.004"/>
  <testcase name="El objetivo es que traduzca frases de todo tipo, que tengan numeros escritos en letras adentro, como por ejemplo: &quot;Quisiera transferir ciento cincuenta pesos a Juan Perez que vive en la calle Rivadavia cuarenta y tres&quot;-&gt; &quot;Quisiera transferir 150 pesos a Juan Perez que vive en la calle Rivadavia 43&quot; - Si la frase es un numero cardinal mayor a 20 y menor o igual a 99, se escribe directamente su correspondiente valor numerico o se compone - Examples - Example #13" classname="com.globantx.cardinalevaluator.CucumberConfig" time="0.004"/>
  <testcase name="El objetivo es que traduzca frases de todo tipo, que tengan numeros escritos en letras adentro, como por ejemplo: &quot;Quisiera transferir ciento cincuenta pesos a Juan Perez que vive en la calle Rivadavia cuarenta y tres&quot;-&gt; &quot;Quisiera transferir 150 pesos a Juan Perez que vive en la calle Rivadavia 43&quot; - Si la frase es un numero cardinal mayor a 20 y menor o igual a 99, se escribe directamente su correspondiente valor numerico o se compone - Examples - Example #14" classname="com.globantx.cardinalevaluator.CucumberConfig" time="0.003"/>
  <testcase name="El objetivo es que traduzca frases de todo tipo, que tengan numeros escritos en letras adentro, como por ejemplo: &quot;Quisiera transferir ciento cincuenta pesos a Juan Perez que vive en la calle Rivadavia cuarenta y tres&quot;-&gt; &quot;Quisiera transferir 150 pesos a Juan Perez que vive en la calle Rivadavia 43&quot; - Si la frase es un numero cardinal mayor a 20 y menor o igual a 99, se escribe directamente su correspondiente valor numerico o se compone - Examples - Example #15" classname="com.globantx.cardinalevaluator.CucumberConfig" time="0.004"/>
  <testcase name="El objetivo es que traduzca frases de todo tipo, que tengan numeros escritos en letras adentro, como por ejemplo: &quot;Quisiera transferir ciento cincuenta pesos a Juan Perez que vive en la calle Rivadavia cuarenta y tres&quot;-&gt; &quot;Quisiera transferir 150 pesos a Juan Perez que vive en la calle Rivadavia 43&quot; - Si la frase es un numero cardinal mayor a 20 y menor o igual a 99, se escribe directamente su correspondiente valor numerico o se compone - Examples - Example #16" classname="com.globantx.cardinalevaluator.CucumberConfig" time="0.004"/>
  <testcase name="El objetivo es que traduzca frases de todo tipo, que tengan numeros escritos en letras adentro, como por ejemplo: &quot;Quisiera transferir ciento cincuenta pesos a Juan Perez que vive en la calle Rivadavia cuarenta y tres&quot;-&gt; &quot;Quisiera transferir 150 pesos a Juan Perez que vive en la calle Rivadavia 43&quot; - Si la frase es un numero cardinal mayor a 20 y menor o igual a 99, se escribe directamente su correspondiente valor numerico o se compone - Examples - Example #17" classname="com.globantx.cardinalevaluator.CucumberConfig" time="0.003"/>
  <testcase name="El objetivo es que traduzca frases de todo tipo, que tengan numeros escritos en letras adentro, como por ejemplo: &quot;Quisiera transferir ciento cincuenta pesos a Juan Perez que vive en la calle Rivadavia cuarenta y tres&quot;-&gt; &quot;Quisiera transferir 150 pesos a Juan Perez que vive en la calle Rivadavia 43&quot; - Si la frase es un numero cardinal mayor a 20 y menor o igual a 99, se escribe directamente su correspondiente valor numerico o se compone - Examples - Example #18" classname="com.globantx.cardinalevaluator.CucumberConfig" time="0.004"/>
  <testcase name="El objetivo es que traduzca frases de todo tipo, que tengan numeros escritos en letras adentro, como por ejemplo: &quot;Quisiera transferir ciento cincuenta pesos a Juan Perez que vive en la calle Rivadavia cuarenta y tres&quot;-&gt; &quot;Quisiera transferir 150 pesos a Juan Perez que vive en la calle Rivadavia 43&quot; - Si la frase es un numero cardinal mayor a 20 y menor o igual a 99, se escribe directamente su correspondiente valor numerico o se compone - Examples - Example #19" classname="com.globantx.cardinalevaluator.CucumberConfig" time="0.004"/>
  <testcase name="El objetivo es que traduzca frases de todo tipo, que tengan numeros escritos en letras adentro, como por ejemplo: &quot;Quisiera transferir ciento cincuenta pesos a Juan Perez que vive en la calle Rivadavia cuarenta y tres&quot;-&gt; &quot;Quisiera transferir 150 pesos a Juan Perez que vive en la calle Rivadavia 43&quot; - Si la frase es un numero cardinal mayor a 20 y menor o igual a 99, se escribe directamente su correspondiente valor numerico o se compone - Examples - Example #20" classname="com.globantx.cardinalevaluator.CucumberConfig" time="0.003"/>
  <testcase name="El objetivo es que traduzca frases de todo tipo, que tengan numeros escritos en letras adentro, como por ejemplo: &quot;Quisiera transferir ciento cincuenta pesos a Juan Perez que vive en la calle Rivadavia cuarenta y tres&quot;-&gt; &quot;Quisiera transferir 150 pesos a Juan Perez que vive en la calle Rivadavia 43&quot; - Si la frase es un numero cardinal mayor a 20 y menor o igual a 99, se escribe directamente su correspondiente valor numerico o se compone - Examples - Example #21" classname="com.globantx.cardinalevaluator.CucumberConfig" time="0.004"/>
  <testcase name="El objetivo es que traduzca frases de todo tipo, que tengan numeros escritos en letras adentro, como por ejemplo: &quot;Quisiera transferir ciento cincuenta pesos a Juan Perez que vive en la calle Rivadavia cuarenta y tres&quot;-&gt; &quot;Quisiera transferir 150 pesos a Juan Perez que vive en la calle Rivadavia 43&quot; - Si la frase es un numero cardinal mayor a 20 y menor o igual a 99, se escribe directamente su correspondiente valor numerico o se compone - Examples - Example #22" classname="com.globantx.cardinalevaluator.CucumberConfig" time="0.004"/>
  <testcase name="El objetivo es que traduzca frases de todo tipo, que tengan numeros escritos en letras adentro, como por ejemplo: &quot;Quisiera transferir ciento cincuenta pesos a Juan Perez que vive en la calle Rivadavia cuarenta y tres&quot;-&gt; &quot;Quisiera transferir 150 pesos a Juan Perez que vive en la calle Rivadavia 43&quot; - Si la frase es un numero cardinal mayor a 20 y menor o igual a 99, se escribe directamente su correspondiente valor numerico o se compone - Examples - Example #23" classname="com.globantx.cardinalevaluator.CucumberConfig" time="0.003"/>
  <testcase name="El objetivo es que traduzca frases de todo tipo, que tengan numeros escritos en letras adentro, como por ejemplo: &quot;Quisiera transferir ciento cincuenta pesos a Juan Perez que vive en la calle Rivadavia cuarenta y tres&quot;-&gt; &quot;Quisiera transferir 150 pesos a Juan Perez que vive en la calle Rivadavia 43&quot; - Si la frase es un numero cardinal mayor a 20 y menor o igual a 99, se escribe directamente su correspondiente valor numerico o se compone - Examples - Example #24" classname="com.globantx.cardinalevaluator.CucumberConfig" time="0.004"/>
  <testcase name="El objetivo es que traduzca frases de todo tipo, que tengan numeros escritos en letras adentro, como por ejemplo: &quot;Quisiera transferir ciento cincuenta pesos a Juan Perez que vive en la calle Rivadavia cuarenta y tres&quot;-&gt; &quot;Quisiera transferir 150 pesos a Juan Perez que vive en la calle Rivadavia 43&quot; - Si la frase es un numero cardinal mayor a 20 y menor o igual a 99, se escribe directamente su correspondiente valor numerico o se compone - Examples - Example #25" classname="com.globantx.cardinalevaluator.CucumberConfig" time="0.003"/>
  <testcase name="El objetivo es que traduzca frases de todo tipo, que tengan numeros escritos en letras adentro, como por ejemplo: &quot;Quisiera transferir ciento cincuenta pesos a Juan Perez que vive en la calle Rivadavia cuarenta y tres&quot;-&gt; &quot;Quisiera transferir 150 pesos a Juan Perez que vive en la calle Rivadavia 43&quot; - Si la frase es un numero cardinal mayor a 20 y menor o igual a 99, se escribe directamente su correspondiente valor numerico o se compone - Examples - Example #26" classname="com.globantx.cardinalevaluator.CucumberConfig" time="0.004"/>
  <testcase name="El objetivo es que traduzca frases de todo tipo, que tengan numeros escritos en letras adentro, como por ejemplo: &quot;Quisiera transferir ciento cincuenta pesos a Juan Perez que vive en la calle Rivadavia cuarenta y tres&quot;-&gt; &quot;Quisiera transferir 150 pesos a Juan Perez que vive en la calle Rivadavia 43&quot; - Si la frase es un numero cardinal mayor a 20 y menor o igual a 99, se escribe directamente su correspondiente valor numerico o se compone - Examples - Example #27" classname="com.globantx.cardinalevaluator.CucumberConfig" time="0.005"/>
  <testcase name="El objetivo es que traduzca frases de todo tipo, que tengan numeros escritos en letras adentro, como por ejemplo: &quot;Quisiera transferir ciento cincuenta pesos a Juan Perez que vive en la calle Rivadavia cuarenta y tres&quot;-&gt; &quot;Quisiera transferir 150 pesos a Juan Perez que vive en la calle Rivadavia 43&quot; - Si la frase es un numero cardinal mayor a 20 y menor o igual a 99, se escribe directamente su correspondiente valor numerico o se compone - Examples - Example #28" classname="com.globantx.cardinalevaluator.CucumberConfig" time="0.003"/>
  <testcase name="El objetivo es que traduzca frases de todo tipo, que tengan numeros escritos en letras adentro, como por ejemplo: &quot;Quisiera transferir ciento cincuenta pesos a Juan Perez que vive en la calle Rivadavia cuarenta y tres&quot;-&gt; &quot;Quisiera transferir 150 pesos a Juan Perez que vive en la calle Rivadavia 43&quot; - Si la frase es un numero cardinal mayor a 20 y menor o igual a 99, se escribe directamente su correspondiente valor numerico o se compone - Examples - Example #29" classname="com.globantx.cardinalevaluator.CucumberConfig" time="0.003"/>
  <testcase name="El objetivo es que traduzca frases de todo tipo, que tengan numeros escritos en letras adentro, como por ejemplo: &quot;Quisiera transferir ciento cincuenta pesos a Juan Perez que vive en la calle Rivadavia cuarenta y tres&quot;-&gt; &quot;Quisiera transferir 150 pesos a Juan Perez que vive en la calle Rivadavia 43&quot; - Si la frase es un numero cardinal mayor a 20 y menor o igual a 99, se escribe directamente su correspondiente valor numerico o se compone - Examples - Example #30" classname="com.globantx.cardinalevaluator.CucumberConfig" time="0.003"/>
  <testcase name="El objetivo es que traduzca frases de todo tipo, que tengan numeros escritos en letras adentro, como por ejemplo: &quot;Quisiera transferir ciento cincuenta pesos a Juan Perez que vive en la calle Rivadavia cuarenta y tres&quot;-&gt; &quot;Quisiera transferir 150 pesos a Juan Perez que vive en la calle Rivadavia 43&quot; - Si la frase es un numero cardinal mayor a 20 y menor o igual a 99, se escribe directamente su correspondiente valor numerico o se compone - Examples - Example #31" classname="com.globantx.cardinalevaluator.CucumberConfig" time="0.003"/>
  <testcase name="El objetivo es que traduzca frases de todo tipo, que tengan numeros escritos en letras adentro, como por ejemplo: &quot;Quisiera transferir ciento cincuenta pesos a Juan Perez que vive en la calle Rivadavia cuarenta y tres&quot;-&gt; &quot;Quisiera transferir 150 pesos a Juan Perez que vive en la calle Rivadavia 43&quot; - Si la frase es un numero cardinal mayor a 20 y menor o igual a 99, se escribe directamente su correspondiente valor numerico o se compone - Examples - Example #32" classname="com.globantx.cardinalevaluator.CucumberConfig" time="0.003"/>
  <testcase name="El objetivo es que traduzca frases de todo tipo, que tengan numeros escritos en letras adentro, como por ejemplo: &quot;Quisiera transferir ciento cincuenta pesos a Juan Perez que vive en la calle Rivadavia cuarenta y tres&quot;-&gt; &quot;Quisiera transferir 150 pesos a Juan Perez que vive en la calle Rivadavia 43&quot; - Si la frase es un numero cardinal mayor a 20 y menor o igual a 99, se escribe directamente su correspondiente valor numerico o se compone - Examples - Example #33" classname="com.globantx.cardinalevaluator.CucumberConfig" time="0.003"/>
  <testcase name="El objetivo es que traduzca frases de todo tipo, que tengan numeros escritos en letras adentro, como por ejemplo: &quot;Quisiera transferir ciento cincuenta pesos a Juan Perez que vive en la calle Rivadavia cuarenta y tres&quot;-&gt; &quot;Quisiera transferir 150 pesos a Juan Perez que vive en la calle Rivadavia 43&quot; - Si la frase es un numero cardinal mayor a 20 y menor o igual a 99, se escribe directamente su correspondiente valor numerico o se compone - Examples - Example #34" classname="com.globantx.cardinalevaluator.CucumberConfig" time="0.003"/>
  <testcase name="El objetivo es que traduzca frases de todo tipo, que tengan numeros escritos en letras adentro, como por ejemplo: &quot;Quisiera transferir ciento cincuenta pesos a Juan Perez que vive en la calle Rivadavia cuarenta y tres&quot;-&gt; &quot;Quisiera transferir 150 pesos a Juan Perez que vive en la calle Rivadavia 43&quot; - Si la frase es un numero cardinal mayor a 20 y menor o igual a 99, se escribe directamente su correspondiente valor numerico o se compone - Examples - Example #35" classname="com.globantx.cardinalevaluator.CucumberConfig" time="0.003"/>
  <testcase name="El objetivo es que traduzca frases de todo tipo, que tengan numeros escritos en letras adentro, como por ejemplo: &quot;Quisiera transferir ciento cincuenta pesos a Juan Perez que vive en la calle Rivadavia cuarenta y tres&quot;-&gt; &quot;Quisiera transferir 150 pesos a Juan Perez que vive en la calle Rivadavia 43&quot; - Si la frase es un numero cardinal mayor a 20 y menor o igual a 99, se escribe directamente su correspondiente valor numerico o se compone - Examples - Example #36" classname="com.globantx.cardinalevaluator.CucumberConfig" time="0.002"/>
  <testcase name="El objetivo es que traduzca frases de todo tipo, que tengan numeros escritos en letras adentro, como por ejemplo: &quot;Quisiera transferir ciento cincuenta pesos a Juan Perez que vive en la calle Rivadavia cuarenta y tres&quot;-&gt; &quot;Quisiera transferir 150 pesos a Juan Perez que vive en la calle Rivadavia 43&quot; - Si la frase es un numero cardinal mayor a 20 y menor o igual a 99, se escribe directamente su correspondiente valor numerico o se compone - Examples - Example #37" classname="com.globantx.cardinalevaluator.CucumberConfig" time="0.003"/>
  <testcase name="El objetivo es que traduzca frases de todo tipo, que tengan numeros escritos en letras adentro, como por ejemplo: &quot;Quisiera transferir ciento cincuenta pesos a Juan Perez que vive en la calle Rivadavia cuarenta y tres&quot;-&gt; &quot;Quisiera transferir 150 pesos a Juan Perez que vive en la calle Rivadavia 43&quot; - Si la frase es un numero cardinal mayor a 20 y menor o igual a 99, se escribe directamente su correspondiente valor numerico o se compone - Examples - Example #38" classname="com.globantx.cardinalevaluator.CucumberConfig" time="0.003"/>
  <testcase name="El objetivo es que traduzca frases de todo tipo, que tengan numeros escritos en letras adentro, como por ejemplo: &quot;Quisiera transferir ciento cincuenta pesos a Juan Perez que vive en la calle Rivadavia cuarenta y tres&quot;-&gt; &quot;Quisiera transferir 150 pesos a Juan Perez que vive en la calle Rivadavia 43&quot; - Si la frase es un numero cardinal mayor a 20 y menor o igual a 99, se escribe directamente su correspondiente valor numerico o se compone - Examples - Example #39" classname="com.globantx.cardinalevaluator.CucumberConfig" time="0.003"/>
  <testcase name="El objetivo es que traduzca frases de todo tipo, que tengan numeros escritos en letras adentro, como por ejemplo: &quot;Quisiera transferir ciento cincuenta pesos a Juan Perez que vive en la calle Rivadavia cuarenta y tres&quot;-&gt; &quot;Quisiera transferir 150 pesos a Juan Perez que vive en la calle Rivadavia 43&quot; - Si la frase es un numero cardinal mayor a 20 y menor o igual a 99, se escribe directamente su correspondiente valor numerico o se compone - Examples - Example #40" classname="com.globantx.cardinalevaluator.CucumberConfig" time="0.006"/>
  <testcase name="El objetivo es que traduzca frases de todo tipo, que tengan numeros escritos en letras adentro, como por ejemplo: &quot;Quisiera transferir ciento cincuenta pesos a Juan Perez que vive en la calle Rivadavia cuarenta y tres&quot;-&gt; &quot;Quisiera transferir 150 pesos a Juan Perez que vive en la calle Rivadavia 43&quot; - Si la frase es un numero cardinal mayor a 20 y menor o igual a 99, se escribe directamente su correspondiente valor numerico o se compone - Examples - Example #41" classname="com.globantx.cardinalevaluator.CucumberConfig" time="0.002"/>
  <testcase name="El objetivo es que traduzca frases de todo tipo, que tengan numeros escritos en letras adentro, como por ejemplo: &quot;Quisiera transferir ciento cincuenta pesos a Juan Perez que vive en la calle Rivadavia cuarenta y tres&quot;-&gt; &quot;Quisiera transferir 150 pesos a Juan Perez que vive en la calle Rivadavia 43&quot; - Si la frase es un numero cardinal mayor a 20 y menor o igual a 99, se escribe directamente su correspondiente valor numerico o se compone - Examples - Example #42" classname="com.globantx.cardinalevaluator.CucumberConfig" time="0.003"/>
  <testcase name="El objetivo es que traduzca frases de todo tipo, que tengan numeros escritos en letras adentro, como por ejemplo: &quot;Quisiera transferir ciento cincuenta pesos a Juan Perez que vive en la calle Rivadavia cuarenta y tres&quot;-&gt; &quot;Quisiera transferir 150 pesos a Juan Perez que vive en la calle Rivadavia 43&quot; - Si la frase es un numero cardinal mayor a 20 y menor o igual a 99, se escribe directamente su correspondiente valor numerico o se compone - Examples - Example #43" classname="com.globantx.cardinalevaluator.CucumberConfig" time="0.002"/>
  <testcase name="El objetivo es que traduzca frases de todo tipo, que tengan numeros escritos en letras adentro, como por ejemplo: &quot;Quisiera transferir ciento cincuenta pesos a Juan Perez que vive en la calle Rivadavia cuarenta y tres&quot;-&gt; &quot;Quisiera transferir 150 pesos a Juan Perez que vive en la calle Rivadavia 43&quot; - Si la frase es un numero cardinal mayor a 20 y menor o igual a 99, se escribe directamente su correspondiente valor numerico o se compone - Examples - Example #44" classname="com.globantx.cardinalevaluator.CucumberConfig" time="0.002"/>
  <testcase name="El objetivo es que traduzca frases de todo tipo, que tengan numeros escritos en letras adentro, como por ejemplo: &quot;Quisiera transferir ciento cincuenta pesos a Juan Perez que vive en la calle Rivadavia cuarenta y tres&quot;-&gt; &quot;Quisiera transferir 150 pesos a Juan Perez que vive en la calle Rivadavia 43&quot; - Si la frase es un numero cardinal mayor a 20 y menor o igual a 99, se escribe directamente su correspondiente valor numerico o se compone - Examples - Example #45" classname="com.globantx.cardinalevaluator.CucumberConfig" time="0.002"/>
  <testcase name="El objetivo es que traduzca frases de todo tipo, que tengan numeros escritos en letras adentro, como por ejemplo: &quot;Quisiera transferir ciento cincuenta pesos a Juan Perez que vive en la calle Rivadavia cuarenta y tres&quot;-&gt; &quot;Quisiera transferir 150 pesos a Juan Perez que vive en la calle Rivadavia 43&quot; - Si la frase es un numero cardinal mayor a 20 y menor o igual a 99, se escribe directamente su correspondiente valor numerico o se compone - Examples - Example #46" classname="com.globantx.cardinalevaluator.CucumberConfig" time="0.003"/>
  <testcase name="El objetivo es que traduzca frases de todo tipo, que tengan numeros escritos en letras adentro, como por ejemplo: &quot;Quisiera transferir ciento cincuenta pesos a Juan Perez que vive en la calle Rivadavia cuarenta y tres&quot;-&gt; &quot;Quisiera transferir 150 pesos a Juan Perez que vive en la calle Rivadavia 43&quot; - Si la frase es un numero cardinal mayor a 20 y menor o igual a 99, se escribe directamente su correspondiente valor numerico o se compone - Examples - Example #47" classname="com.globantx.cardinalevaluator.CucumberConfig" time="0.003"/>
  <testcase name="El objetivo es que traduzca frases de todo tipo, que tengan numeros escritos en letras adentro, como por ejemplo: &quot;Quisiera transferir ciento cincuenta pesos a Juan Perez que vive en la calle Rivadavia cuarenta y tres&quot;-&gt; &quot;Quisiera transferir 150 pesos a Juan Perez que vive en la calle Rivadavia 43&quot; - Si la frase es un numero cardinal mayor a 20 y menor o igual a 99, se escribe directamente su correspondiente valor numerico o se compone - Examples - Example #48" classname="com.globantx.cardinalevaluator.CucumberConfig" time="0.003"/>
  <testcase name="El objetivo es que traduzca frases de todo tipo, que tengan numeros escritos en letras adentro, como por ejemplo: &quot;Quisiera transferir ciento cincuenta pesos a Juan Perez que vive en la calle Rivadavia cuarenta y tres&quot;-&gt; &quot;Quisiera transferir 150 pesos a Juan Perez que vive en la calle Rivadavia 43&quot; - Si la frase es un numero cardinal mayor a 20 y menor o igual a 99, se escribe directamente su correspondiente valor numerico o se compone - Examples - Example #49" classname="com.globantx.cardinalevaluator.CucumberConfig" time="0.003"/>
  <testcase name="El objetivo es que traduzca frases de todo tipo, que tengan numeros escritos en letras adentro, como por ejemplo: &quot;Quisiera transferir ciento cincuenta pesos a Juan Perez que vive en la calle Rivadavia cuarenta y tres&quot;-&gt; &quot;Quisiera transferir 150 pesos a Juan Perez que vive en la calle Rivadavia 43&quot; - Si la frase es un numero cardinal mayor a 20 y menor o igual a 99, se escribe directamente su correspondiente valor numerico o se compone - Examples - Example #50" classname="com.globantx.cardinalevaluator.CucumberConfig" time="0.003"/>
  <testcase name="El objetivo es que traduzca frases de todo tipo, que tengan numeros escritos en letras adentro, como por ejemplo: &quot;Quisiera transferir ciento cincuenta pesos a Juan Perez que vive en la calle Rivadavia cuarenta y tres&quot;-&gt; &quot;Quisiera transferir 150 pesos a Juan Perez que vive en la calle Rivadavia 43&quot; - Si la frase es un numero cardinal mayor a 20 y menor o igual a 99, se escribe directamente su correspondiente valor numerico o se compone - Examples - Example #51" classname="com.globantx.cardinalevaluator.CucumberConfig" time="0.003"/>
  <testcase name="El objetivo es que traduzca frases de todo tipo, que tengan numeros escritos en letras adentro, como por ejemplo: &quot;Quisiera transferir ciento cincuenta pesos a Juan Perez que vive en la calle Rivadavia cuarenta y tres&quot;-&gt; &quot;Quisiera transferir 150 pesos a Juan Perez que vive en la calle Rivadavia 43&quot; - Si la frase es un numero cardinal mayor a 20 y menor o igual a 99, se escribe directamente su correspondiente valor numerico o se compone - Examples - Example #52" classname="com.globantx.cardinalevaluator.CucumberConfig" time="0.003"/>
  <testcase name="El objetivo es que traduzca frases de todo tipo, que tengan numeros escritos en letras adentro, como por ejemplo: &quot;Quisiera transferir ciento cincuenta pesos a Juan Perez que vive en la calle Rivadavia cuarenta y tres&quot;-&gt; &quot;Quisiera transferir 150 pesos a Juan Perez que vive en la calle Rivadavia 43&quot; - Si la frase es un numero cardinal mayor a 20 y menor o igual a 99, se escribe directamente su correspondiente valor numerico o se compone - Examples - Example #53" classname="com.globantx.cardinalevaluator.CucumberConfig" time="0.003"/>
  <testcase name="El objetivo es que traduzca frases de todo tipo, que tengan numeros escritos en letras adentro, como por ejemplo: &quot;Quisiera transferir ciento cincuenta pesos a Juan Perez que vive en la calle Rivadavia cuarenta y tres&quot;-&gt; &quot;Quisiera transferir 150 pesos a Juan Perez que vive en la calle Rivadavia 43&quot; - Si la frase es un numero cardinal mayor a 20 y menor o igual a 99, se escribe directamente su correspondiente valor numerico o se compone - Examples - Example #54" classname="com.globantx.cardinalevaluator.CucumberConfig" time="0.004"/>
  <testcase name="El objetivo es que traduzca frases de todo tipo, que tengan numeros escritos en letras adentro, como por ejemplo: &quot;Quisiera transferir ciento cincuenta pesos a Juan Perez que vive en la calle Rivadavia cuarenta y tres&quot;-&gt; &quot;Quisiera transferir 150 pesos a Juan Perez que vive en la calle Rivadavia 43&quot; - Si la frase es un numero cardinal mayor a 20 y menor o igual a 99, se escribe directamente su correspondiente valor numerico o se compone - Examples - Example #55" classname="com.globantx.cardinalevaluator.CucumberConfig" time="0.004"/>
  <testcase name="El objetivo es que traduzca frases de todo tipo, que tengan numeros escritos en letras adentro, como por ejemplo: &quot;Quisiera transferir ciento cincuenta pesos a Juan Perez que vive en la calle Rivadavia cuarenta y tres&quot;-&gt; &quot;Quisiera transferir 150 pesos a Juan Perez que vive en la calle Rivadavia 43&quot; - Si la frase es un numero cardinal mayor a 20 y menor o igual a 99, se escribe directamente su correspondiente valor numerico o se compone - Examples - Example #56" classname="com.globantx.cardinalevaluator.CucumberConfig" time="0.003"/>
  <testcase name="El objetivo es que traduzca frases de todo tipo, que tengan numeros escritos en letras adentro, como por ejemplo: &quot;Quisiera transferir ciento cincuenta pesos a Juan Perez que vive en la calle Rivadavia cuarenta y tres&quot;-&gt; &quot;Quisiera transferir 150 pesos a Juan Perez que vive en la calle Rivadavia 43&quot; - Si la frase es un numero cardinal mayor a 20 y menor o igual a 99, se escribe directamente su correspondiente valor numerico o se compone - Examples - Example #57" classname="com.globantx.cardinalevaluator.CucumberConfig" time="0.002"/>
  <testcase name="El objetivo es que traduzca frases de todo tipo, que tengan numeros escritos en letras adentro, como por ejemplo: &quot;Quisiera transferir ciento cincuenta pesos a Juan Perez que vive en la calle Rivadavia cuarenta y tres&quot;-&gt; &quot;Quisiera transferir 150 pesos a Juan Perez que vive en la calle Rivadavia 43&quot; - Si la frase es un numero cardinal mayor a 20 y menor o igual a 99, se escribe directamente su correspondiente valor numerico o se compone - Examples - Example #58" classname="com.globantx.cardinalevaluator.CucumberConfig" time="0.002"/>
  <testcase name="El objetivo es que traduzca frases de todo tipo, que tengan numeros escritos en letras adentro, como por ejemplo: &quot;Quisiera transferir ciento cincuenta pesos a Juan Perez que vive en la calle Rivadavia cuarenta y tres&quot;-&gt; &quot;Quisiera transferir 150 pesos a Juan Perez que vive en la calle Rivadavia 43&quot; - Si la frase es un numero cardinal mayor a 20 y menor o igual a 99, se escribe directamente su correspondiente valor numerico o se compone - Examples - Example #59" classname="com.globantx.cardinalevaluator.CucumberConfig" time="0.003"/>
  <testcase name="El objetivo es que traduzca frases de todo tipo, que tengan numeros escritos en letras adentro, como por ejemplo: &quot;Quisiera transferir ciento cincuenta pesos a Juan Perez que vive en la calle Rivadavia cuarenta y tres&quot;-&gt; &quot;Quisiera transferir 150 pesos a Juan Perez que vive en la calle Rivadavia 43&quot; - Si la frase es un numero cardinal mayor a 20 y menor o igual a 99, se escribe directamente su correspondiente valor numerico o se compone - Examples - Example #60" classname="com.globantx.cardinalevaluator.CucumberConfig" time="0.003"/>
  <testcase name="El objetivo es que traduzca frases de todo tipo, que tengan numeros escritos en letras adentro, como por ejemplo: &quot;Quisiera transferir ciento cincuenta pesos a Juan Perez que vive en la calle Rivadavia cuarenta y tres&quot;-&gt; &quot;Quisiera transferir 150 pesos a Juan Perez que vive en la calle Rivadavia 43&quot; - Si la frase es un numero cardinal mayor a 20 y menor o igual a 99, se escribe directamente su correspondiente valor numerico o se compone - Examples - Example #61" classname="com.globantx.cardinalevaluator.CucumberConfig" time="0.003"/>
  <testcase name="El objetivo es que traduzca frases de todo tipo, que tengan numeros escritos en letras adentro, como por ejemplo: &quot;Quisiera transferir ciento cincuenta pesos a Juan Perez que vive en la calle Rivadavia cuarenta y tres&quot;-&gt; &quot;Quisiera transferir 150 pesos a Juan Perez que vive en la calle Rivadavia 43&quot; - Si la frase es un numero cardinal mayor a 20 y menor o igual a 99, se escribe directamente su correspondiente valor numerico o se compone - Examples - Example #62" classname="com.globantx.cardinalevaluator.CucumberConfig" time="0.003"/>
  <testcase name="El objetivo es que traduzca frases de todo tipo, que tengan numeros escritos en letras adentro, como por ejemplo: &quot;Quisiera transferir ciento cincuenta pesos a Juan Perez que vive en la calle Rivadavia cuarenta y tres&quot;-&gt; &quot;Quisiera transferir 150 pesos a Juan Perez que vive en la calle Rivadavia 43&quot; - Si la frase es un numero cardinal mayor a 20 y menor o igual a 99, se escribe directamente su correspondiente valor numerico o se compone - Examples - Example #63" classname="com.globantx.cardinalevaluator.CucumberConfig" time="0.002"/>
  <testcase name="El objetivo es que traduzca frases de todo tipo, que tengan numeros escritos en letras adentro, como por ejemplo: &quot;Quisiera transferir ciento cincuenta pesos a Juan Perez que vive en la calle Rivadavia cuarenta y tres&quot;-&gt; &quot;Quisiera transferir 150 pesos a Juan Perez que vive en la calle Rivadavia 43&quot; - Si la frase es un numero cardinal mayor a 20 y menor o igual a 99, se escribe directamente su correspondiente valor numerico o se compone - Examples - Example #64" classname="com.globantx.cardinalevaluator.CucumberConfig" time="0.002"/>
  <testcase name="El objetivo es que traduzca frases de todo tipo, que tengan numeros escritos en letras adentro, como por ejemplo: &quot;Quisiera transferir ciento cincuenta pesos a Juan Perez que vive en la calle Rivadavia cuarenta y tres&quot;-&gt; &quot;Quisiera transferir 150 pesos a Juan Perez que vive en la calle Rivadavia 43&quot; - Si la frase es un numero cardinal mayor a 20 y menor o igual a 99, se escribe directamente su correspondiente valor numerico o se compone - Examples - Example #65" classname="com.globantx.cardinalevaluator.CucumberConfig" time="0.002"/>
  <testcase name="El objetivo es que traduzca frases de todo tipo, que tengan numeros escritos en letras adentro, como por ejemplo: &quot;Quisiera transferir ciento cincuenta pesos a Juan Perez que vive en la calle Rivadavia cuarenta y tres&quot;-&gt; &quot;Quisiera transferir 150 pesos a Juan Perez que vive en la calle Rivadavia 43&quot; - Si la frase es un numero cardinal mayor a 20 y menor o igual a 99, se escribe directamente su correspondiente valor numerico o se compone - Examples - Example #66" classname="com.globantx.cardinalevaluator.CucumberConfig" time="0.003"/>
  <testcase name="El objetivo es que traduzca frases de todo tipo, que tengan numeros escritos en letras adentro, como por ejemplo: &quot;Quisiera transferir ciento cincuenta pesos a Juan Perez que vive en la calle Rivadavia cuarenta y tres&quot;-&gt; &quot;Quisiera transferir 150 pesos a Juan Perez que vive en la calle Rivadavia 43&quot; - Si la frase es un numero cardinal mayor a 20 y menor o igual a 99, se escribe directamente su correspondiente valor numerico o se compone - Examples - Example #67" classname="com.globantx.cardinalevaluator.CucumberConfig" time="0.003"/>
  <testcase name="El objetivo es que traduzca frases de todo tipo, que tengan numeros escritos en letras adentro, como por ejemplo: &quot;Quisiera transferir ciento cincuenta pesos a Juan Perez que vive en la calle Rivadavia cuarenta y tres&quot;-&gt; &quot;Quisiera transferir 150 pesos a Juan Perez que vive en la calle Rivadavia 43&quot; - Si la frase es un numero cardinal mayor a 20 y menor o igual a 99, se escribe directamente su correspondiente valor numerico o se compone - Examples - Example #68" classname="com.globantx.cardinalevaluator.CucumberConfig" time="0.003"/>
  <testcase name="El objetivo es que traduzca frases de todo tipo, que tengan numeros escritos en letras adentro, como por ejemplo: &quot;Quisiera transferir ciento cincuenta pesos a Juan Perez que vive en la calle Rivadavia cuarenta y tres&quot;-&gt; &quot;Quisiera transferir 150 pesos a Juan Perez que vive en la calle Rivadavia 43&quot; - Si la frase es un numero cardinal mayor a 20 y menor o igual a 99, se escribe directamente su correspondiente valor numerico o se compone - Examples - Example #69" classname="com.globantx.cardinalevaluator.CucumberConfig" time="0.003"/>
  <testcase name="El objetivo es que traduzca frases de todo tipo, que tengan numeros escritos en letras adentro, como por ejemplo: &quot;Quisiera transferir ciento cincuenta pesos a Juan Perez que vive en la calle Rivadavia cuarenta y tres&quot;-&gt; &quot;Quisiera transferir 150 pesos a Juan Perez que vive en la calle Rivadavia 43&quot; - Si la frase es un numero cardinal mayor a 20 y menor o igual a 99, se escribe directamente su correspondiente valor numerico o se compone - Examples - Example #70" classname="com.globantx.cardinalevaluator.CucumberConfig" time="0.002"/>
  <testcase name="El objetivo es que traduzca frases de todo tipo, que tengan numeros escritos en letras adentro, como por ejemplo: &quot;Quisiera transferir ciento cincuenta pesos a Juan Perez que vive en la calle Rivadavia cuarenta y tres&quot;-&gt; &quot;Quisiera transferir 150 pesos a Juan Perez que vive en la calle Rivadavia 43&quot; - Si la frase es un numero cardinal mayor a 20 y menor o igual a 99, se escribe directamente su correspondiente valor numerico o se compone - Examples - Example #71" classname="com.globantx.cardinalevaluator.CucumberConfig" time="0.002"/>
  <testcase name="El objetivo es que traduzca frases de todo tipo, que tengan numeros escritos en letras adentro, como por ejemplo: &quot;Quisiera transferir ciento cincuenta pesos a Juan Perez que vive en la calle Rivadavia cuarenta y tres&quot;-&gt; &quot;Quisiera transferir 150 pesos a Juan Perez que vive en la calle Rivadavia 43&quot; - Si la frase es un numero cardinal mayor a 20 y menor o igual a 99, se escribe directamente su correspondiente valor numerico o se compone - Examples - Example #72" classname="com.globantx.cardinalevaluator.CucumberConfig" time="0.003"/>
  <testcase name="El objetivo es que traduzca frases de todo tipo, que tengan numeros escritos en letras adentro, como por ejemplo: &quot;Quisiera transferir ciento cincuenta pesos a Juan Perez que vive en la calle Rivadavia cuarenta y tres&quot;-&gt; &quot;Quisiera transferir 150 pesos a Juan Perez que vive en la calle Rivadavia 43&quot; - Si la frase es un numero cardinal mayor a 20 y menor o igual a 99, se escribe directamente su correspondiente valor numerico o se compone - Examples - Example #73" classname="com.globantx.cardinalevaluator.CucumberConfig" time="0.002"/>
  <testcase name="El objetivo es que traduzca frases de todo tipo, que tengan numeros escritos en letras adentro, como por ejemplo: &quot;Quisiera transferir ciento cincuenta pesos a Juan Perez que vive en la calle Rivadavia cuarenta y tres&quot;-&gt; &quot;Quisiera transferir 150 pesos a Juan Perez que vive en la calle Rivadavia 43&quot; - Si la frase es un numero cardinal mayor a 20 y menor o igual a 99, se escribe directamente su correspondiente valor numerico o se compone - Examples - Example #74" classname="com.globantx.cardinalevaluator.CucumberConfig" time="0.003"/>
  <testcase name="El objetivo es que traduzca frases de todo tipo, que tengan numeros escritos en letras adentro, como por ejemplo: &quot;Quisiera transferir ciento cincuenta pesos a Juan Perez que vive en la calle Rivadavia cuarenta y tres&quot;-&gt; &quot;Quisiera transferir 150 pesos a Juan Perez que vive en la calle Rivadavia 43&quot; - Si la frase es un numero cardinal mayor a 20 y menor o igual a 99, se escribe directamente su correspondiente valor numerico o se compone - Examples - Example #75" classname="com.globantx.cardinalevaluator.CucumberConfig" time="0.002"/>
  <testcase name="El objetivo es que traduzca frases de todo tipo, que tengan numeros escritos en letras adentro, como por ejemplo: &quot;Quisiera transferir ciento cincuenta pesos a Juan Perez que vive en la calle Rivadavia cuarenta y tres&quot;-&gt; &quot;Quisiera transferir 150 pesos a Juan Perez que vive en la calle Rivadavia 43&quot; - Si la frase es un numero cardinal mayor a 20 y menor o igual a 99, se escribe directamente su correspondiente valor numerico o se compone - Examples - Example #76" classname="com.globantx.cardinalevaluator.CucumberConfig" time="0.002"/>
  <testcase name="El objetivo es que traduzca frases de todo tipo, que tengan numeros escritos en letras adentro, como por ejemplo: &quot;Quisiera transferir ciento cincuenta pesos a Juan Perez que vive en la calle Rivadavia cuarenta y tres&quot;-&gt; &quot;Quisiera transferir 150 pesos a Juan Perez que vive en la calle Rivadavia 43&quot; - Si la frase es un numero cardinal mayor a 20 y menor o igual a 99, se escribe directamente su correspondiente valor numerico o se compone - Examples - Example #77" classname="com.globantx.cardinalevaluator.CucumberConfig" time="0.002"/>
  <testcase name="El objetivo es que traduzca frases de todo tipo, que tengan numeros escritos en letras adentro, como por ejemplo: &quot;Quisiera transferir ciento cincuenta pesos a Juan Perez que vive en la calle Rivadavia cuarenta y tres&quot;-&gt; &quot;Quisiera transferir 150 pesos a Juan Perez que vive en la calle Rivadavia 43&quot; - Si la frase es un numero cardinal mayor a 20 y menor o igual a 99, se escribe directamente su correspondiente valor numerico o se compone - Examples - Example #78" classname="com.globantx.cardinalevaluator.CucumberConfig" time="0.003"/>
  <testcase name="El objetivo es que traduzca frases de todo tipo, que tengan numeros escritos en letras adentro, como por ejemplo: &quot;Quisiera transferir ciento cincuenta pesos a Juan Perez que vive en la calle Rivadavia cuarenta y tres&quot;-&gt; &quot;Quisiera transferir 150 pesos a Juan Perez que vive en la calle Rivadavia 43&quot; - Si la frase es un numero cardinal mayor a 20 y menor o igual a 99, se escribe directamente su correspondiente valor numerico o se compone - Examples - Example #79" classname="com.globantx.cardinalevaluator.CucumberConfig" time="0.002"/>
  <testcase name="El objetivo es que traduzca frases de todo tipo, que tengan numeros escritos en letras adentro, como por ejemplo: &quot;Quisiera transferir ciento cincuenta pesos a Juan Perez que vive en la calle Rivadavia cuarenta y tres&quot;-&gt; &quot;Quisiera transferir 150 pesos a Juan Perez que vive en la calle Rivadavia 43&quot; - Si la frase es un numero cardinal mayor a 20 y menor o igual a 99, se escribe directamente su correspondiente valor numerico o se compone - Examples - Example #80" classname="com.globantx.cardinalevaluator.CucumberConfig" time="0.003"/>
  <testcase name="El objetivo es que traduzca frases de todo tipo, que tengan numeros escritos en letras adentro, como por ejemplo: &quot;Quisiera transferir ciento cincuenta pesos a Juan Perez que vive en la calle Rivadavia cuarenta y tres&quot;-&gt; &quot;Quisiera transferir 150 pesos a Juan Perez que vive en la calle Rivadavia 43&quot; - Si la frase es un numero cardinal mayor a 20 y menor o igual a 99, se escribe directamente su correspondiente valor numerico o se compone - Examples - Example #81" classname="com.globantx.cardinalevaluator.CucumberConfig" time="0.002"/>
  <testcase name="El objetivo es que traduzca frases de todo tipo, que tengan numeros escritos en letras adentro, como por ejemplo: &quot;Quisiera transferir ciento cincuenta pesos a Juan Perez que vive en la calle Rivadavia cuarenta y tres&quot;-&gt; &quot;Quisiera transferir 150 pesos a Juan Perez que vive en la calle Rivadavia 43&quot; - Si la frase es un numero cardinal mayor a 20 y menor o igual a 99, se escribe directamente su correspondiente valor numerico o se compone - Examples - Example #82" classname="com.globantx.cardinalevaluator.CucumberConfig" time="0.003"/>
  <testcase name="El objetivo es que traduzca frases de todo tipo, que tengan numeros escritos en letras adentro, como por ejemplo: &quot;Quisiera transferir ciento cincuenta pesos a Juan Perez que vive en la calle Rivadavia cuarenta y tres&quot;-&gt; &quot;Quisiera transferir 150 pesos a Juan Perez que vive en la calle Rivadavia 43&quot; - Si la frase es un numero cardinal mayor a 20 y menor o igual a 99, se escribe directamente su correspondiente valor numerico o se compone - Examples - Example #83" classname="com.globantx.cardinalevaluator.CucumberConfig" time="0.003"/>
  <testcase name="El objetivo es que traduzca frases de todo tipo, que tengan numeros escritos en letras adentro, como por ejemplo: &quot;Quisiera transferir ciento cincuenta pesos a Juan Perez que vive en la calle Rivadavia cuarenta y tres&quot;-&gt; &quot;Quisiera transferir 150 pesos a Juan Perez que vive en la calle Rivadavia 43&quot; - Si la frase es un numero cardinal mayor a 20 y menor o igual a 99, se escribe directamente su correspondiente valor numerico o se compone - Examples - Example #84" classname="com.globantx.cardinalevaluator.CucumberConfig" time="0.003"/>
  <testcase name="El objetivo es que traduzca frases de todo tipo, que tengan numeros escritos en letras adentro, como por ejemplo: &quot;Quisiera transferir ciento cincuenta pesos a Juan Perez que vive en la calle Rivadavia cuarenta y tres&quot;-&gt; &quot;Quisiera transferir 150 pesos a Juan Perez que vive en la calle Rivadavia 43&quot; - Si la frase es un numero cardinal mayor a 20 y menor o igual a 99, se escribe directamente su correspondiente valor numerico o se compone - Examples - Example #85" classname="com.globantx.cardinalevaluator.CucumberConfig" time="0.003"/>
  <testcase name="El objetivo es que traduzca frases de todo tipo, que tengan numeros escritos en letras adentro, como por ejemplo: &quot;Quisiera transferir ciento cincuenta pesos a Juan Perez que vive en la calle Rivadavia cuarenta y tres&quot;-&gt; &quot;Quisiera transferir 150 pesos a Juan Perez que vive en la calle Rivadavia 43&quot; - Si la frase es un numero cardinal mayor a 20 y menor o igual a 99, se escribe directamente su correspondiente valor numerico o se compone - Examples - Example #86" classname="com.globantx.cardinalevaluator.CucumberConfig" time="0.003"/>
  <testcase name="El objetivo es que traduzca frases de todo tipo, que tengan numeros escritos en letras adentro, como por ejemplo: &quot;Quisiera transferir ciento cincuenta pesos a Juan Perez que vive en la calle Rivadavia cuarenta y tres&quot;-&gt; &quot;Quisiera transferir 150 pesos a Juan Perez que vive en la calle Rivadavia 43&quot; - Si la frase es un numero cardinal mayor a 20 y menor o igual a 99, se escribe directamente su correspondiente valor numerico o se compone - Examples - Example #87" classname="com.globantx.cardinalevaluator.CucumberConfig" time="0.003"/>
  <testcase name="El objetivo es que traduzca frases de todo tipo, que tengan numeros escritos en letras adentro, como por ejemplo: &quot;Quisiera transferir ciento cincuenta pesos a Juan Perez que vive en la calle Rivadavia cuarenta y tres&quot;-&gt; &quot;Quisiera transferir 150 pesos a Juan Perez que vive en la calle Rivadavia 43&quot; - Si la frase es un numero cardinal mayor a 20 y menor o igual a 99, se escribe directamente su correspondiente valor numerico o se compone - Examples - Example #88" classname="com.globantx.cardinalevaluator.CucumberConfig" time="0.002"/>
  <testcase name="El objetivo es que traduzca frases de todo tipo, que tengan numeros escritos en letras adentro, como por ejemplo: &quot;Quisiera transferir ciento cincuenta pesos a Juan Perez que vive en la calle Rivadavia cuarenta y tres&quot;-&gt; &quot;Quisiera transferir 150 pesos a Juan Perez que vive en la calle Rivadavia 43&quot; - Si la frase es un numero cardinal mayor a 20 y menor o igual a 99, se escribe directamente su correspondiente valor numerico o se compone - Examples - Example #89" classname="com.globantx.cardinalevaluator.CucumberConfig" time="0.002"/>
  <testcase name="El objetivo es que traduzca frases de todo tipo, que tengan numeros escritos en letras adentro, como por ejemplo: &quot;Quisiera transferir ciento cincuenta pesos a Juan Perez que vive en la calle Rivadavia cuarenta y tres&quot;-&gt; &quot;Quisiera transferir 150 pesos a Juan Perez que vive en la calle Rivadavia 43&quot; - Si la frase es un numero cardinal mayor a 20 y menor o igual a 99, se escribe directamente su correspondiente valor numerico o se compone - Examples - Example #90" classname="com.globantx.cardinalevaluator.CucumberConfig" time="0.004"/>
  <testcase name="El objetivo es que traduzca frases de todo tipo, que tengan numeros escritos en letras adentro, como por ejemplo: &quot;Quisiera transferir ciento cincuenta pesos a Juan Perez que vive en la calle Rivadavia cuarenta y tres&quot;-&gt; &quot;Quisiera transferir 150 pesos a Juan Perez que vive en la calle Rivadavia 43&quot; - Si la frase es un numero cardinal mayor a 20 y menor o igual a 99, se escribe directamente su correspondiente valor numerico o se compone - Examples - Example #91" classname="com.globantx.cardinalevaluator.CucumberConfig" time="0.002"/>
  <testcase name="El objetivo es que traduzca frases de todo tipo, que tengan numeros escritos en letras adentro, como por ejemplo: &quot;Quisiera transferir ciento cincuenta pesos a Juan Perez que vive en la calle Rivadavia cuarenta y tres&quot;-&gt; &quot;Quisiera transferir 150 pesos a Juan Perez que vive en la calle Rivadavia 43&quot; - Si la frase es un numero cardinal mayor a 20 y menor o igual a 99, se escribe directamente su correspondiente valor numerico o se compone - Examples - Example #92" classname="com.globantx.cardinalevaluator.CucumberConfig" time="0.002"/>
  <testcase name="El objetivo es que traduzca frases de todo tipo, que tengan numeros escritos en letras adentro, como por ejemplo: &quot;Quisiera transferir ciento cincuenta pesos a Juan Perez que vive en la calle Rivadavia cuarenta y tres&quot;-&gt; &quot;Quisiera transferir 150 pesos a Juan Perez que vive en la calle Rivadavia 43&quot; - Si la frase es un numero cardinal mayor a 20 y menor o igual a 99, se escribe directamente su correspondiente valor numerico o se compone - Examples - Example #93" classname="com.globantx.cardinalevaluator.CucumberConfig" time="0.002"/>
  <testcase name="El objetivo es que traduzca frases de todo tipo, que tengan numeros escritos en letras adentro, como por ejemplo: &quot;Quisiera transferir ciento cincuenta pesos a Juan Perez que vive en la calle Rivadavia cuarenta y tres&quot;-&gt; &quot;Quisiera transferir 150 pesos a Juan Perez que vive en la calle Rivadavia 43&quot; - Si la frase es un numero cardinal mayor a 20 y menor o igual a 99, se escribe directamente su correspondiente valor numerico o se compone - Examples - Example #94" classname="com.globantx.cardinalevaluator.CucumberConfig" time="0.003"/>
  <testcase name="El objetivo es que traduzca frases de todo tipo, que tengan numeros escritos en letras adentro, como por ejemplo: &quot;Quisiera transferir ciento cincuenta pesos a Juan Perez que vive en la calle Rivadavia cuarenta y tres&quot;-&gt; &quot;Quisiera transferir 150 pesos a Juan Perez que vive en la calle Rivadavia 43&quot; - Si la frase es un numero cardinal mayor a 20 y menor o igual a 99, se escribe directamente su correspondiente valor numerico o se compone - Examples - Example #95" classname="com.globantx.cardinalevaluator.CucumberConfig" time="0.003"/>
  <testcase name="El objetivo es que traduzca frases de todo tipo, que tengan numeros escritos en letras adentro, como por ejemplo: &quot;Quisiera transferir ciento cincuenta pesos a Juan Perez que vive en la calle Rivadavia cuarenta y tres&quot;-&gt; &quot;Quisiera transferir 150 pesos a Juan Perez que vive en la calle Rivadavia 43&quot; - Si la frase es un numero cardinal mayor a 20 y menor o igual a 99, se escribe directamente su correspondiente valor numerico o se compone - Examples - Example #96" classname="com.globantx.cardinalevaluator.CucumberConfig" time="0.002"/>
  <testcase name="El objetivo es que traduzca frases de todo tipo, que tengan numeros escritos en letras adentro, como por ejemplo: &quot;Quisiera transferir ciento cincuenta pesos a Juan Perez que vive en la calle Rivadavia cuarenta y tres&quot;-&gt; &quot;Quisiera transferir 150 pesos a Juan Perez que vive en la calle Rivadavia 43&quot; - Si la frase es un numero cardinal mayor a 20 y menor o igual a 99, se escribe directamente su correspondiente valor numerico o se compone - Examples - Example #97" classname="com.globantx.cardinalevaluator.CucumberConfig" time="0.004"/>
  <testcase name="El objetivo es que traduzca frases de todo tipo, que tengan numeros escritos en letras adentro, como por ejemplo: &quot;Quisiera transferir ciento cincuenta pesos a Juan Perez que vive en la calle Rivadavia cuarenta y tres&quot;-&gt; &quot;Quisiera transferir 150 pesos a Juan Perez que vive en la calle Rivadavia 43&quot; - Si la frase es un numero cardinal mayor a 20 y menor o igual a 99, se escribe directamente su correspondiente valor numerico o se compone - Examples - Example #98" classname="com.globantx.cardinalevaluator.CucumberConfig" time="0.003"/>
  <testcase name="El objetivo es que traduzca frases de todo tipo, que tengan numeros escritos en letras adentro, como por ejemplo: &quot;Quisiera transferir ciento cincuenta pesos a Juan Perez que vive en la calle Rivadavia cuarenta y tres&quot;-&gt; &quot;Quisiera transferir 150 pesos a Juan Perez que vive en la calle Rivadavia 43&quot; - Si la frase es un numero cardinal mayor a 20 y menor o igual a 99, se escribe directamente su correspondiente valor numerico o se compone - Examples - Example #99" classname="com.globantx.cardinalevaluator.CucumberConfig" time="0.003"/>
  <testcase name="El objetivo es que traduzca frases de todo tipo, que tengan numeros escritos en letras adentro, como por ejemplo: &quot;Quisiera transferir ciento cincuenta pesos a Juan Perez que vive en la calle Rivadavia cuarenta y tres&quot;-&gt; &quot;Quisiera transferir 150 pesos a Juan Perez que vive en la calle Rivadavia 43&quot; - Si la frase es un numero cardinal mayor a 20 y menor o igual a 99, se escribe directamente su correspondiente valor numerico o se compone - Examples - Example #100" classname="com.globantx.cardinalevaluator.CucumberConfig" time="0.003"/>
  <testcase name="El objetivo es que traduzca frases de todo tipo, que tengan numeros escritos en letras adentro, como por ejemplo: &quot;Quisiera transferir ciento cincuenta pesos a Juan Perez que vive en la calle Rivadavia cuarenta y tres&quot;-&gt; &quot;Quisiera transferir 150 pesos a Juan Perez que vive en la calle Rivadavia 43&quot; - Si la frase es un numero cardinal mayor a 20 y menor o igual a 99, se escribe directamente su correspondiente valor numerico o se compone - Examples - Example #101" classname="com.globantx.cardinalevaluator.CucumberConfig" time="0.003"/>
  <testcase name="El objetivo es que traduzca frases de todo tipo, que tengan numeros escritos en letras adentro, como por ejemplo: &quot;Quisiera transferir ciento cincuenta pesos a Juan Perez que vive en la calle Rivadavia cuarenta y tres&quot;-&gt; &quot;Quisiera transferir 150 pesos a Juan Perez que vive en la calle Rivadavia 43&quot; - Si la frase es un numero cardinal mayor a 20 y menor o igual a 99, se escribe directamente su correspondiente valor numerico o se compone - Examples - Example #102" classname="com.globantx.cardinalevaluator.CucumberConfig" time="0.002"/>
  <testcase name="El objetivo es que traduzca frases de todo tipo, que tengan numeros escritos en letras adentro, como por ejemplo: &quot;Quisiera transferir ciento cincuenta pesos a Juan Perez que vive en la calle Rivadavia cuarenta y tres&quot;-&gt; &quot;Quisiera transferir 150 pesos a Juan Perez que vive en la calle Rivadavia 43&quot; - Si la frase es un numero cardinal mayor a 20 y menor o igual a 99, se escribe directamente su correspondiente valor numerico o se compone - Examples - Example #103" classname="com.globantx.cardinalevaluator.CucumberConfig" time="0.003"/>
  <testcase name="El objetivo es que traduzca frases de todo tipo, que tengan numeros escritos en letras adentro, como por ejemplo: &quot;Quisiera transferir ciento cincuenta pesos a Juan Perez que vive en la calle Rivadavia cuarenta y tres&quot;-&gt; &quot;Quisiera transferir 150 pesos a Juan Perez que vive en la calle Rivadavia 43&quot; - Si la frase es un numero cardinal mayor a 20 y menor o igual a 99, se escribe directamente su correspondiente valor numerico o se compone - Examples - Example #104" classname="com.globantx.cardinalevaluator.CucumberConfig" time="0.003"/>
  <testcase name="El objetivo es que traduzca frases de todo tipo, que tengan numeros escritos en letras adentro, como por ejemplo: &quot;Quisiera transferir ciento cincuenta pesos a Juan Perez que vive en la calle Rivadavia cuarenta y tres&quot;-&gt; &quot;Quisiera transferir 150 pesos a Juan Perez que vive en la calle Rivadavia 43&quot; - Si la frase es un numero cardinal mayor a 20 y menor o igual a 99, se escribe directamente su correspondiente valor numerico o se compone - Examples - Example #105" classname="com.globantx.cardinalevaluator.CucumberConfig" time="0.002"/>
  <testcase name="El objetivo es que traduzca frases de todo tipo, que tengan numeros escritos en letras adentro, como por ejemplo: &quot;Quisiera transferir ciento cincuenta pesos a Juan Perez que vive en la calle Rivadavia cuarenta y tres&quot;-&gt; &quot;Quisiera transferir 150 pesos a Juan Perez que vive en la calle Rivadavia 43&quot; - Si la frase es un numero cardinal mayor a 20 y menor o igual a 99, se escribe directamente su correspondiente valor numerico o se compone - Examples - Example #106" classname="com.globantx.cardinalevaluator.CucumberConfig" time="0.003"/>
  <testcase name="El objetivo es que traduzca frases de todo tipo, que tengan numeros escritos en letras adentro, como por ejemplo: &quot;Quisiera transferir ciento cincuenta pesos a Juan Perez que vive en la calle Rivadavia cuarenta y tres&quot;-&gt; &quot;Quisiera transferir 150 pesos a Juan Perez que vive en la calle Rivadavia 43&quot; - Si la frase es un numero cardinal mayor a 20 y menor o igual a 99, se escribe directamente su correspondiente valor numerico o se compone - Examples - Example #107" classname="com.globantx.cardinalevaluator.CucumberConfig" time="0.002"/>
  <testcase name="El objetivo es que traduzca frases de todo tipo, que tengan numeros escritos en letras adentro, como por ejemplo: &quot;Quisiera transferir ciento cincuenta pesos a Juan Perez que vive en la calle Rivadavia cuarenta y tres&quot;-&gt; &quot;Quisiera transferir 150 pesos a Juan Perez que vive en la calle Rivadavia 43&quot; - Validar escenarios de numeros que sean validos - Examples - Example #1" classname="com.globantx.cardinalevaluator.CucumberConfig" time="0.002"/>
  <testcase name="El objetivo es que traduzca frases de todo tipo, que tengan numeros escritos en letras adentro, como por ejemplo: &quot;Quisiera transferir ciento cincuenta pesos a Juan Perez que vive en la calle Rivadavia cuarenta y tres&quot;-&gt; &quot;Quisiera transferir 150 pesos a Juan Perez que vive en la calle Rivadavia 43&quot; - Validar escenarios de numeros que sean validos - Examples - Example #2" classname="com.globantx.cardinalevaluator.CucumberConfig" time="0.002"/>
  <testcase name="El objetivo es que traduzca frases de todo tipo, que tengan numeros escritos en letras adentro, como por ejemplo: &quot;Quisiera transferir ciento cincuenta pesos a Juan Perez que vive en la calle Rivadavia cuarenta y tres&quot;-&gt; &quot;Quisiera transferir 150 pesos a Juan Perez que vive en la calle Rivadavia 43&quot; - Validar escenarios de numeros que sean validos - Examples - Example #3" classname="com.globantx.cardinalevaluator.CucumberConfig" time="0.002"/>
  <testcase name="El objetivo es que traduzca frases de todo tipo, que tengan numeros escritos en letras adentro, como por ejemplo: &quot;Quisiera transferir ciento cincuenta pesos a Juan Perez que vive en la calle Rivadavia cuarenta y tres&quot;-&gt; &quot;Quisiera transferir 150 pesos a Juan Perez que vive en la calle Rivadavia 43&quot; - Validar escenarios de numeros que sean validos - Examples - Example #4" classname="com.globantx.cardinalevaluator.CucumberConfig" time="0.002"/>
  <testcase name="El objetivo es que traduzca frases de todo tipo, que tengan numeros escritos en letras adentro, como por ejemplo: &quot;Quisiera transferir ciento cincuenta pesos a Juan Perez que vive en la calle Rivadavia cuarenta y tres&quot;-&gt; &quot;Quisiera transferir 150 pesos a Juan Perez que vive en la calle Rivadavia 43&quot; - Validar escenarios de numeros que sean validos - Examples - Example #5" classname="com.globantx.cardinalevaluator.CucumberConfig" time="0.002"/>
  <testcase name="El objetivo es que traduzca frases de todo tipo, que tengan numeros escritos en letras adentro, como por ejemplo: &quot;Quisiera transferir ciento cincuenta pesos a Juan Perez que vive en la calle Rivadavia cuarenta y tres&quot;-&gt; &quot;Quisiera transferir 150 pesos a Juan Perez que vive en la calle Rivadavia 43&quot; - Validar escenarios de numeros que sean validos - Examples - Example #6" classname="com.globantx.cardinalevaluator.CucumberConfig" time="0.002"/>
  <testcase name="El objetivo es que traduzca frases de todo tipo, que tengan numeros escritos en letras adentro, como por ejemplo: &quot;Quisiera transferir ciento cincuenta pesos a Juan Perez que vive en la calle Rivadavia cuarenta y tres&quot;-&gt; &quot;Quisiera transferir 150 pesos a Juan Perez que vive en la calle Rivadavia 43&quot; - Validar escenarios de numeros que sean validos - Examples - Example #7" classname="com.globantx.cardinalevaluator.CucumberConfig" time="0.002"/>
  <testcase name="El objetivo es que traduzca frases de todo tipo, que tengan numeros escritos en letras adentro, como por ejemplo: &quot;Quisiera transferir ciento cincuenta pesos a Juan Perez que vive en la calle Rivadavia cuarenta y tres&quot;-&gt; &quot;Quisiera transferir 150 pesos a Juan Perez que vive en la calle Rivadavia 43&quot; - Validar escenarios de numeros que sean validos - Examples - Example #8" classname="com.globantx.cardinalevaluator.CucumberConfig" time="0.003"/>
  <testcase name="El objetivo es que traduzca frases de todo tipo, que tengan numeros escritos en letras adentro, como por ejemplo: &quot;Quisiera transferir ciento cincuenta pesos a Juan Perez que vive en la calle Rivadavia cuarenta y tres&quot;-&gt; &quot;Quisiera transferir 150 pesos a Juan Perez que vive en la calle Rivadavia 43&quot; - Validar escenarios de numeros que sean validos - Examples - Example #9" classname="com.globantx.cardinalevaluator.CucumberConfig" time="0.002"/>
  <testcase name="El objetivo es que traduzca frases de todo tipo, que tengan numeros escritos en letras adentro, como por ejemplo: &quot;Quisiera transferir ciento cincuenta pesos a Juan Perez que vive en la calle Rivadavia cuarenta y tres&quot;-&gt; &quot;Quisiera transferir 150 pesos a Juan Perez que vive en la calle Rivadavia 43&quot; - Validar escenarios de numeros que sean validos - Examples - Example #10" classname="com.globantx.cardinalevaluator.CucumberConfig" time="0.002"/>
  <testcase name="El objetivo es que traduzca frases de todo tipo, que tengan numeros escritos en letras adentro, como por ejemplo: &quot;Quisiera transferir ciento cincuenta pesos a Juan Perez que vive en la calle Rivadavia cuarenta y tres&quot;-&gt; &quot;Quisiera transferir 150 pesos a Juan Perez que vive en la calle Rivadavia 43&quot; - Validar escenarios de numeros que sean validos - Examples - Example #11" classname="com.globantx.cardinalevaluator.CucumberConfig" time="0.003"/>
  <testcase name="El objetivo es que traduzca frases de todo tipo, que tengan numeros escritos en letras adentro, como por ejemplo: &quot;Quisiera transferir ciento cincuenta pesos a Juan Perez que vive en la calle Rivadavia cuarenta y tres&quot;-&gt; &quot;Quisiera transferir 150 pesos a Juan Perez que vive en la calle Rivadavia 43&quot; - Validar escenarios de numeros que sean validos - Examples - Example #12" classname="com.globantx.cardinalevaluator.CucumberConfig" time="0.003"/>
  <testcase name="El objetivo es que traduzca frases de todo tipo, que tengan numeros escritos en letras adentro, como por ejemplo: &quot;Quisiera transferir ciento cincuenta pesos a Juan Perez que vive en la calle Rivadavia cuarenta y tres&quot;-&gt; &quot;Quisiera transferir 150 pesos a Juan Perez que vive en la calle Rivadavia 43&quot; - Convertir una frase con numeros en texto con numeros en valores numericos - Examples - Example #1" classname="com.globantx.cardinalevaluator.CucumberConfig" time="0.002"/>
  <testcase name="El objetivo es que traduzca frases de todo tipo, que tengan numeros escritos en letras adentro, como por ejemplo: &quot;Quisiera transferir ciento cincuenta pesos a Juan Perez que vive en la calle Rivadavia cuarenta y tres&quot;-&gt; &quot;Quisiera transferir 150 pesos a Juan Perez que vive en la calle Rivadavia 43&quot; - Convertir una frase con numeros en texto con numeros en valores numericos - Examples - Example #2" classname="com.globantx.cardinalevaluator.CucumberConfig" time="0.003"/>
  <system-out><![CDATA[19:53:40.509 [Test worker] DEBUG org.springframework.test.context.BootstrapUtils - Instantiating CacheAwareContextLoaderDelegate from class [org.springframework.test.context.cache.DefaultCacheAwareContextLoaderDelegate]
19:53:40.522 [Test worker] DEBUG org.springframework.test.context.BootstrapUtils - Instantiating BootstrapContext using constructor [public org.springframework.test.context.support.DefaultBootstrapContext(java.lang.Class,org.springframework.test.context.CacheAwareContextLoaderDelegate)]
19:53:40.558 [Test worker] DEBUG org.springframework.test.context.BootstrapUtils - Instantiating TestContextBootstrapper for test class [com.globantx.cardinalevaluator.CucumberSpringConfiguration] from class [org.springframework.boot.test.context.SpringBootTestContextBootstrapper]
19:53:40.570 [Test worker] INFO org.springframework.boot.test.context.SpringBootTestContextBootstrapper - Neither @ContextConfiguration nor @ContextHierarchy found for test class [com.globantx.cardinalevaluator.CucumberSpringConfiguration], using SpringBootContextLoader
19:53:40.572 [Test worker] DEBUG org.springframework.test.context.support.AbstractContextLoader - Did not detect default resource location for test class [com.globantx.cardinalevaluator.CucumberSpringConfiguration]: class path resource [com/globantx/cardinalevaluator/CucumberSpringConfiguration-context.xml] does not exist
19:53:40.573 [Test worker] DEBUG org.springframework.test.context.support.AbstractContextLoader - Did not detect default resource location for test class [com.globantx.cardinalevaluator.CucumberSpringConfiguration]: class path resource [com/globantx/cardinalevaluator/CucumberSpringConfigurationContext.groovy] does not exist
19:53:40.573 [Test worker] INFO org.springframework.test.context.support.AbstractContextLoader - Could not detect default resource locations for test class [com.globantx.cardinalevaluator.CucumberSpringConfiguration]: no resource found for suffixes {-context.xml, Context.groovy}.
19:53:40.611 [Test worker] DEBUG org.springframework.test.context.support.ActiveProfilesUtils - Could not find an 'annotation declaring class' for annotation type [org.springframework.test.context.ActiveProfiles] and class [com.globantx.cardinalevaluator.CucumberSpringConfiguration]
19:53:40.713 [Test worker] DEBUG org.springframework.boot.test.context.SpringBootTestContextBootstrapper - @TestExecutionListeners is not present for class [com.globantx.cardinalevaluator.CucumberSpringConfiguration]: using defaults.
19:53:40.713 [Test worker] INFO org.springframework.boot.test.context.SpringBootTestContextBootstrapper - Loaded default TestExecutionListener class names from location [META-INF/spring.factories]: [org.springframework.boot.test.autoconfigure.restdocs.RestDocsTestExecutionListener, org.springframework.boot.test.autoconfigure.web.client.MockRestServiceServerResetTestExecutionListener, org.springframework.boot.test.autoconfigure.web.servlet.MockMvcPrintOnlyOnFailureTestExecutionListener, org.springframework.boot.test.autoconfigure.web.servlet.WebDriverTestExecutionListener, org.springframework.boot.test.autoconfigure.webservices.client.MockWebServiceServerTestExecutionListener, org.springframework.boot.test.mock.mockito.MockitoTestExecutionListener, org.springframework.boot.test.mock.mockito.ResetMocksTestExecutionListener, org.springframework.test.context.web.ServletTestExecutionListener, org.springframework.test.context.support.DirtiesContextBeforeModesTestExecutionListener, org.springframework.test.context.event.ApplicationEventsTestExecutionListener, org.springframework.test.context.support.DependencyInjectionTestExecutionListener, org.springframework.test.context.support.DirtiesContextTestExecutionListener, org.springframework.test.context.transaction.TransactionalTestExecutionListener, org.springframework.test.context.jdbc.SqlScriptsTestExecutionListener, org.springframework.test.context.event.EventPublishingTestExecutionListener]
19:53:40.726 [Test worker] DEBUG org.springframework.boot.test.context.SpringBootTestContextBootstrapper - Skipping candidate TestExecutionListener [org.springframework.test.context.transaction.TransactionalTestExecutionListener] due to a missing dependency. Specify custom listener classes or make the default listener classes and their required dependencies available. Offending class: [org/springframework/transaction/interceptor/TransactionAttributeSource]
19:53:40.726 [Test worker] DEBUG org.springframework.boot.test.context.SpringBootTestContextBootstrapper - Skipping candidate TestExecutionListener [org.springframework.test.context.jdbc.SqlScriptsTestExecutionListener] due to a missing dependency. Specify custom listener classes or make the default listener classes and their required dependencies available. Offending class: [org/springframework/transaction/interceptor/TransactionAttribute]
19:53:40.726 [Test worker] INFO org.springframework.boot.test.context.SpringBootTestContextBootstrapper - Using TestExecutionListeners: [org.springframework.test.context.web.ServletTestExecutionListener@67e6eb52, org.springframework.test.context.support.DirtiesContextBeforeModesTestExecutionListener@3e8b8f0, org.springframework.test.context.event.ApplicationEventsTestExecutionListener@5ad57e90, org.springframework.boot.test.mock.mockito.MockitoTestExecutionListener@1a345298, org.springframework.boot.test.autoconfigure.SpringBootDependencyInjectionTestExecutionListener@4ad896f7, org.springframework.test.context.support.DirtiesContextTestExecutionListener@c318864, org.springframework.test.context.event.EventPublishingTestExecutionListener@7d61468c, org.springframework.boot.test.autoconfigure.restdocs.RestDocsTestExecutionListener@45796b2a, org.springframework.boot.test.autoconfigure.web.client.MockRestServiceServerResetTestExecutionListener@4b98225c, org.springframework.boot.test.autoconfigure.web.servlet.MockMvcPrintOnlyOnFailureTestExecutionListener@4beae1e3, org.springframework.boot.test.autoconfigure.web.servlet.WebDriverTestExecutionListener@3c488b34, org.springframework.boot.test.autoconfigure.webservices.client.MockWebServiceServerTestExecutionListener@32e697ac, org.springframework.boot.test.mock.mockito.ResetMocksTestExecutionListener@3866c96e]

  .   ____          _            __ _ _
 /\\ / ___'_ __ _ _(_)_ __  __ _ \ \ \ \
( ( )\___ | '_ | '_| | '_ \/ _` | \ \ \ \
 \\/  ___)| |_)| | | | | || (_| |  ) ) ) )
  '  |____| .__|_| |_|_| |_\__, | / / / /
 =========|_|==============|___/=/_/_/_/
 :: Spring Boot ::                (v2.6.7)

2022-07-13 19:53:41.089  INFO 38018 --- [    Test worker] c.g.c.CucumberSpringConfiguration        : Starting CucumberSpringConfiguration using Java 17.0.3 on EC-IT00018 with PID 38018 (started by christian.barahona in /Users/christian.barahona/IdeaProjects/globantx-cardinal-evaluator)
2022-07-13 19:53:41.090  INFO 38018 --- [    Test worker] c.g.c.CucumberSpringConfiguration        : No active profile set, falling back to 1 default profile: "default"
2022-07-13 19:53:42.609  INFO 38018 --- [    Test worker] o.s.b.w.embedded.tomcat.TomcatWebServer  : Tomcat initialized with port(s): 0 (http)
2022-07-13 19:53:42.626  INFO 38018 --- [    Test worker] o.apache.catalina.core.StandardService   : Starting service [Tomcat]
2022-07-13 19:53:42.626  INFO 38018 --- [    Test worker] org.apache.catalina.core.StandardEngine  : Starting Servlet engine: [Apache Tomcat/9.0.62]
2022-07-13 19:53:42.770  INFO 38018 --- [    Test worker] o.a.c.c.C.[Tomcat].[localhost].[/]       : Initializing Spring embedded WebApplicationContext
2022-07-13 19:53:42.770  INFO 38018 --- [    Test worker] w.s.c.ServletWebServerApplicationContext : Root WebApplicationContext: initialization completed in 1649 ms
2022-07-13 19:53:43.091  INFO 38018 --- [    Test worker] o.s.b.w.embedded.tomcat.TomcatWebServer  : Tomcat started on port(s): 59850 (http) with context path ''
2022-07-13 19:53:43.098  INFO 38018 --- [    Test worker] c.g.c.CucumberSpringConfiguration        : Started CucumberSpringConfiguration in 2.349 seconds (JVM running for 3.825)
2022-07-13 19:53:43.413  INFO 38018 --- [    Test worker] .b.t.c.SpringBootTestContextBootstrapper : Neither @ContextConfiguration nor @ContextHierarchy found for test class [com.globantx.cardinalevaluator.CucumberSpringConfiguration], using SpringBootContextLoader
2022-07-13 19:53:43.413  INFO 38018 --- [    Test worker] o.s.t.c.support.AbstractContextLoader    : Could not detect default resource locations for test class [com.globantx.cardinalevaluator.CucumberSpringConfiguration]: no resource found for suffixes {-context.xml, Context.groovy}.
2022-07-13 19:53:43.415  INFO 38018 --- [    Test worker] .b.t.c.SpringBootTestContextBootstrapper : Loaded default TestExecutionListener class names from location [META-INF/spring.factories]: [org.springframework.boot.test.autoconfigure.restdocs.RestDocsTestExecutionListener, org.springframework.boot.test.autoconfigure.web.client.MockRestServiceServerResetTestExecutionListener, org.springframework.boot.test.autoconfigure.web.servlet.MockMvcPrintOnlyOnFailureTestExecutionListener, org.springframework.boot.test.autoconfigure.web.servlet.WebDriverTestExecutionListener, org.springframework.boot.test.autoconfigure.webservices.client.MockWebServiceServerTestExecutionListener, org.springframework.boot.test.mock.mockito.MockitoTestExecutionListener, org.springframework.boot.test.mock.mockito.ResetMocksTestExecutionListener, org.springframework.test.context.web.ServletTestExecutionListener, org.springframework.test.context.support.DirtiesContextBeforeModesTestExecutionListener, org.springframework.test.context.event.ApplicationEventsTestExecutionListener, org.springframework.test.context.support.DependencyInjectionTestExecutionListener, org.springframework.test.context.support.DirtiesContextTestExecutionListener, org.springframework.test.context.transaction.TransactionalTestExecutionListener, org.springframework.test.context.jdbc.SqlScriptsTestExecutionListener, org.springframework.test.context.event.EventPublishingTestExecutionListener]
2022-07-13 19:53:43.415  INFO 38018 --- [    Test worker] .b.t.c.SpringBootTestContextBootstrapper : Using TestExecutionListeners: [org.springframework.test.context.web.ServletTestExecutionListener@36173114, org.springframework.test.context.support.DirtiesContextBeforeModesTestExecutionListener@3860542a, org.springframework.test.context.event.ApplicationEventsTestExecutionListener@32558a32, org.springframework.boot.test.mock.mockito.MockitoTestExecutionListener@5a5ba7ff, org.springframework.boot.test.autoconfigure.SpringBootDependencyInjectionTestExecutionListener@554bb231, org.springframework.test.context.support.DirtiesContextTestExecutionListener@6fb07db6, org.springframework.test.context.event.EventPublishingTestExecutionListener@712a6e68, org.springframework.boot.test.autoconfigure.restdocs.RestDocsTestExecutionListener@76494bed, org.springframework.boot.test.autoconfigure.web.client.MockRestServiceServerResetTestExecutionListener@7e9bb52f, org.springframework.boot.test.autoconfigure.web.servlet.MockMvcPrintOnlyOnFailureTestExecutionListener@122a3a87, org.springframework.boot.test.autoconfigure.web.servlet.WebDriverTestExecutionListener@30d14f84, org.springframework.boot.test.autoconfigure.webservices.client.MockWebServiceServerTestExecutionListener@c7b6c50, org.springframework.boot.test.mock.mockito.ResetMocksTestExecutionListener@2f6a923d]
2022-07-13 19:53:43.422  INFO 38018 --- [    Test worker] .b.t.c.SpringBootTestContextBootstrapper : Neither @ContextConfiguration nor @ContextHierarchy found for test class [com.globantx.cardinalevaluator.CucumberSpringConfiguration], using SpringBootContextLoader
2022-07-13 19:53:43.423  INFO 38018 --- [    Test worker] o.s.t.c.support.AbstractContextLoader    : Could not detect default resource locations for test class [com.globantx.cardinalevaluator.CucumberSpringConfiguration]: no resource found for suffixes {-context.xml, Context.groovy}.
2022-07-13 19:53:43.424  INFO 38018 --- [    Test worker] .b.t.c.SpringBootTestContextBootstrapper : Loaded default TestExecutionListener class names from location [META-INF/spring.factories]: [org.springframework.boot.test.autoconfigure.restdocs.RestDocsTestExecutionListener, org.springframework.boot.test.autoconfigure.web.client.MockRestServiceServerResetTestExecutionListener, org.springframework.boot.test.autoconfigure.web.servlet.MockMvcPrintOnlyOnFailureTestExecutionListener, org.springframework.boot.test.autoconfigure.web.servlet.WebDriverTestExecutionListener, org.springframework.boot.test.autoconfigure.webservices.client.MockWebServiceServerTestExecutionListener, org.springframework.boot.test.mock.mockito.MockitoTestExecutionListener, org.springframework.boot.test.mock.mockito.ResetMocksTestExecutionListener, org.springframework.test.context.web.ServletTestExecutionListener, org.springframework.test.context.support.DirtiesContextBeforeModesTestExecutionListener, org.springframework.test.context.event.ApplicationEventsTestExecutionListener, org.springframework.test.context.support.DependencyInjectionTestExecutionListener, org.springframework.test.context.support.DirtiesContextTestExecutionListener, org.springframework.test.context.transaction.TransactionalTestExecutionListener, org.springframework.test.context.jdbc.SqlScriptsTestExecutionListener, org.springframework.test.context.event.EventPublishingTestExecutionListener]
2022-07-13 19:53:43.424  INFO 38018 --- [    Test worker] .b.t.c.SpringBootTestContextBootstrapper : Using TestExecutionListeners: [org.springframework.test.context.web.ServletTestExecutionListener@810d718, org.springframework.test.context.support.DirtiesContextBeforeModesTestExecutionListener@45e4dc42, org.springframework.test.context.event.ApplicationEventsTestExecutionListener@477ac359, org.springframework.boot.test.mock.mockito.MockitoTestExecutionListener@548528e1, org.springframework.boot.test.autoconfigure.SpringBootDependencyInjectionTestExecutionListener@5a238d7e, org.springframework.test.context.support.DirtiesContextTestExecutionListener@39c65cb4, org.springframework.test.context.event.EventPublishingTestExecutionListener@283730de, org.springframework.boot.test.autoconfigure.restdocs.RestDocsTestExecutionListener@5508c719, org.springframework.boot.test.autoconfigure.web.client.MockRestServiceServerResetTestExecutionListener@1386f8bb, org.springframework.boot.test.autoconfigure.web.servlet.MockMvcPrintOnlyOnFailureTestExecutionListener@18ae3583, org.springframework.boot.test.autoconfigure.web.servlet.WebDriverTestExecutionListener@90e5788, org.springframework.boot.test.autoconfigure.webservices.client.MockWebServiceServerTestExecutionListener@1a2d79bf, org.springframework.boot.test.mock.mockito.ResetMocksTestExecutionListener@3eca0961]
2022-07-13 19:53:43.429  INFO 38018 --- [    Test worker] .b.t.c.SpringBootTestContextBootstrapper : Neither @ContextConfiguration nor @ContextHierarchy found for test class [com.globantx.cardinalevaluator.CucumberSpringConfiguration], using SpringBootContextLoader
2022-07-13 19:53:43.429  INFO 38018 --- [    Test worker] o.s.t.c.support.AbstractContextLoader    : Could not detect default resource locations for test class [com.globantx.cardinalevaluator.CucumberSpringConfiguration]: no resource found for suffixes {-context.xml, Context.groovy}.
2022-07-13 19:53:43.430  INFO 38018 --- [    Test worker] .b.t.c.SpringBootTestContextBootstrapper : Loaded default TestExecutionListener class names from location [META-INF/spring.factories]: [org.springframework.boot.test.autoconfigure.restdocs.RestDocsTestExecutionListener, org.springframework.boot.test.autoconfigure.web.client.MockRestServiceServerResetTestExecutionListener, org.springframework.boot.test.autoconfigure.web.servlet.MockMvcPrintOnlyOnFailureTestExecutionListener, org.springframework.boot.test.autoconfigure.web.servlet.WebDriverTestExecutionListener, org.springframework.boot.test.autoconfigure.webservices.client.MockWebServiceServerTestExecutionListener, org.springframework.boot.test.mock.mockito.MockitoTestExecutionListener, org.springframework.boot.test.mock.mockito.ResetMocksTestExecutionListener, org.springframework.test.context.web.ServletTestExecutionListener, org.springframework.test.context.support.DirtiesContextBeforeModesTestExecutionListener, org.springframework.test.context.event.ApplicationEventsTestExecutionListener, org.springframework.test.context.support.DependencyInjectionTestExecutionListener, org.springframework.test.context.support.DirtiesContextTestExecutionListener, org.springframework.test.context.transaction.TransactionalTestExecutionListener, org.springframework.test.context.jdbc.SqlScriptsTestExecutionListener, org.springframework.test.context.event.EventPublishingTestExecutionListener]
2022-07-13 19:53:43.431  INFO 38018 --- [    Test worker] .b.t.c.SpringBootTestContextBootstrapper : Using TestExecutionListeners: [org.springframework.test.context.web.ServletTestExecutionListener@17b17fa8, org.springframework.test.context.support.DirtiesContextBeforeModesTestExecutionListener@74cc8c55, org.springframework.test.context.event.ApplicationEventsTestExecutionListener@64b05928, org.springframework.boot.test.mock.mockito.MockitoTestExecutionListener@ba59da9, org.springframework.boot.test.autoconfigure.SpringBootDependencyInjectionTestExecutionListener@1775ff4a, org.springframework.test.context.support.DirtiesContextTestExecutionListener@7cb77d5, org.springframework.test.context.event.EventPublishingTestExecutionListener@61d4171d, org.springframework.boot.test.autoconfigure.restdocs.RestDocsTestExecutionListener@463b865b, org.springframework.boot.test.autoconfigure.web.client.MockRestServiceServerResetTestExecutionListener@7e0cbe79, org.springframework.boot.test.autoconfigure.web.servlet.MockMvcPrintOnlyOnFailureTestExecutionListener@22251bb2, org.springframework.boot.test.autoconfigure.web.servlet.WebDriverTestExecutionListener@63888c14, org.springframework.boot.test.autoconfigure.webservices.client.MockWebServiceServerTestExecutionListener@799bc760, org.springframework.boot.test.mock.mockito.ResetMocksTestExecutionListener@627f515c]
2022-07-13 19:53:43.435  INFO 38018 --- [    Test worker] .b.t.c.SpringBootTestContextBootstrapper : Neither @ContextConfiguration nor @ContextHierarchy found for test class [com.globantx.cardinalevaluator.CucumberSpringConfiguration], using SpringBootContextLoader
2022-07-13 19:53:43.436  INFO 38018 --- [    Test worker] o.s.t.c.support.AbstractContextLoader    : Could not detect default resource locations for test class [com.globantx.cardinalevaluator.CucumberSpringConfiguration]: no resource found for suffixes {-context.xml, Context.groovy}.
2022-07-13 19:53:43.437  INFO 38018 --- [    Test worker] .b.t.c.SpringBootTestContextBootstrapper : Loaded default TestExecutionListener class names from location [META-INF/spring.factories]: [org.springframework.boot.test.autoconfigure.restdocs.RestDocsTestExecutionListener, org.springframework.boot.test.autoconfigure.web.client.MockRestServiceServerResetTestExecutionListener, org.springframework.boot.test.autoconfigure.web.servlet.MockMvcPrintOnlyOnFailureTestExecutionListener, org.springframework.boot.test.autoconfigure.web.servlet.WebDriverTestExecutionListener, org.springframework.boot.test.autoconfigure.webservices.client.MockWebServiceServerTestExecutionListener, org.springframework.boot.test.mock.mockito.MockitoTestExecutionListener, org.springframework.boot.test.mock.mockito.ResetMocksTestExecutionListener, org.springframework.test.context.web.ServletTestExecutionListener, org.springframework.test.context.support.DirtiesContextBeforeModesTestExecutionListener, org.springframework.test.context.event.ApplicationEventsTestExecutionListener, org.springframework.test.context.support.DependencyInjectionTestExecutionListener, org.springframework.test.context.support.DirtiesContextTestExecutionListener, org.springframework.test.context.transaction.TransactionalTestExecutionListener, org.springframework.test.context.jdbc.SqlScriptsTestExecutionListener, org.springframework.test.context.event.EventPublishingTestExecutionListener]
2022-07-13 19:53:43.437  INFO 38018 --- [    Test worker] .b.t.c.SpringBootTestContextBootstrapper : Using TestExecutionListeners: [org.springframework.test.context.web.ServletTestExecutionListener@688d3e2a, org.springframework.test.context.support.DirtiesContextBeforeModesTestExecutionListener@4fc2e703, org.springframework.test.context.event.ApplicationEventsTestExecutionListener@6845895c, org.springframework.boot.test.mock.mockito.MockitoTestExecutionListener@70a8c0b9, org.springframework.boot.test.autoconfigure.SpringBootDependencyInjectionTestExecutionListener@7155dce8, org.springframework.test.context.support.DirtiesContextTestExecutionListener@29f7c73e, org.springframework.test.context.event.EventPublishingTestExecutionListener@6dbcb435, org.springframework.boot.test.autoconfigure.restdocs.RestDocsTestExecutionListener@5b270c33, org.springframework.boot.test.autoconfigure.web.client.MockRestServiceServerResetTestExecutionListener@4ca3923, org.springframework.boot.test.autoconfigure.web.servlet.MockMvcPrintOnlyOnFailureTestExecutionListener@1313d0b3, org.springframework.boot.test.autoconfigure.web.servlet.WebDriverTestExecutionListener@1b06c3f8, org.springframework.boot.test.autoconfigure.webservices.client.MockWebServiceServerTestExecutionListener@78a3023f, org.springframework.boot.test.mock.mockito.ResetMocksTestExecutionListener@2d752f29]
2022-07-13 19:53:43.442  INFO 38018 --- [    Test worker] .b.t.c.SpringBootTestContextBootstrapper : Neither @ContextConfiguration nor @ContextHierarchy found for test class [com.globantx.cardinalevaluator.CucumberSpringConfiguration], using SpringBootContextLoader
2022-07-13 19:53:43.442  INFO 38018 --- [    Test worker] o.s.t.c.support.AbstractContextLoader    : Could not detect default resource locations for test class [com.globantx.cardinalevaluator.CucumberSpringConfiguration]: no resource found for suffixes {-context.xml, Context.groovy}.
2022-07-13 19:53:43.443  INFO 38018 --- [    Test worker] .b.t.c.SpringBootTestContextBootstrapper : Loaded default TestExecutionListener class names from location [META-INF/spring.factories]: [org.springframework.boot.test.autoconfigure.restdocs.RestDocsTestExecutionListener, org.springframework.boot.test.autoconfigure.web.client.MockRestServiceServerResetTestExecutionListener, org.springframework.boot.test.autoconfigure.web.servlet.MockMvcPrintOnlyOnFailureTestExecutionListener, org.springframework.boot.test.autoconfigure.web.servlet.WebDriverTestExecutionListener, org.springframework.boot.test.autoconfigure.webservices.client.MockWebServiceServerTestExecutionListener, org.springframework.boot.test.mock.mockito.MockitoTestExecutionListener, org.springframework.boot.test.mock.mockito.ResetMocksTestExecutionListener, org.springframework.test.context.web.ServletTestExecutionListener, org.springframework.test.context.support.DirtiesContextBeforeModesTestExecutionListener, org.springframework.test.context.event.ApplicationEventsTestExecutionListener, org.springframework.test.context.support.DependencyInjectionTestExecutionListener, org.springframework.test.context.support.DirtiesContextTestExecutionListener, org.springframework.test.context.transaction.TransactionalTestExecutionListener, org.springframework.test.context.jdbc.SqlScriptsTestExecutionListener, org.springframework.test.context.event.EventPublishingTestExecutionListener]
2022-07-13 19:53:43.444  INFO 38018 --- [    Test worker] .b.t.c.SpringBootTestContextBootstrapper : Using TestExecutionListeners: [org.springframework.test.context.web.ServletTestExecutionListener@20eee47c, org.springframework.test.context.support.DirtiesContextBeforeModesTestExecutionListener@d5aea9a, org.springframework.test.context.event.ApplicationEventsTestExecutionListener@6d88a3f4, org.springframework.boot.test.mock.mockito.MockitoTestExecutionListener@6980c50b, org.springframework.boot.test.autoconfigure.SpringBootDependencyInjectionTestExecutionListener@3e9a0143, org.springframework.test.context.support.DirtiesContextTestExecutionListener@644e2230, org.springframework.test.context.event.EventPublishingTestExecutionListener@4cf1ba4e, org.springframework.boot.test.autoconfigure.restdocs.RestDocsTestExecutionListener@23368646, org.springframework.boot.test.autoconfigure.web.client.MockRestServiceServerResetTestExecutionListener@4dc80b7a, org.springframework.boot.test.autoconfigure.web.servlet.MockMvcPrintOnlyOnFailureTestExecutionListener@5882ff51, org.springframework.boot.test.autoconfigure.web.servlet.WebDriverTestExecutionListener@19601dc5, org.springframework.boot.test.autoconfigure.webservices.client.MockWebServiceServerTestExecutionListener@ef3bc19, org.springframework.boot.test.mock.mockito.ResetMocksTestExecutionListener@36df566]
2022-07-13 19:53:43.449  INFO 38018 --- [    Test worker] .b.t.c.SpringBootTestContextBootstrapper : Neither @ContextConfiguration nor @ContextHierarchy found for test class [com.globantx.cardinalevaluator.CucumberSpringConfiguration], using SpringBootContextLoader
2022-07-13 19:53:43.449  INFO 38018 --- [    Test worker] o.s.t.c.support.AbstractContextLoader    : Could not detect default resource locations for test class [com.globantx.cardinalevaluator.CucumberSpringConfiguration]: no resource found for suffixes {-context.xml, Context.groovy}.
2022-07-13 19:53:43.450  INFO 38018 --- [    Test worker] .b.t.c.SpringBootTestContextBootstrapper : Loaded default TestExecutionListener class names from location [META-INF/spring.factories]: [org.springframework.boot.test.autoconfigure.restdocs.RestDocsTestExecutionListener, org.springframework.boot.test.autoconfigure.web.client.MockRestServiceServerResetTestExecutionListener, org.springframework.boot.test.autoconfigure.web.servlet.MockMvcPrintOnlyOnFailureTestExecutionListener, org.springframework.boot.test.autoconfigure.web.servlet.WebDriverTestExecutionListener, org.springframework.boot.test.autoconfigure.webservices.client.MockWebServiceServerTestExecutionListener, org.springframework.boot.test.mock.mockito.MockitoTestExecutionListener, org.springframework.boot.test.mock.mockito.ResetMocksTestExecutionListener, org.springframework.test.context.web.ServletTestExecutionListener, org.springframework.test.context.support.DirtiesContextBeforeModesTestExecutionListener, org.springframework.test.context.event.ApplicationEventsTestExecutionListener, org.springframework.test.context.support.DependencyInjectionTestExecutionListener, org.springframework.test.context.support.DirtiesContextTestExecutionListener, org.springframework.test.context.transaction.TransactionalTestExecutionListener, org.springframework.test.context.jdbc.SqlScriptsTestExecutionListener, org.springframework.test.context.event.EventPublishingTestExecutionListener]
2022-07-13 19:53:43.450  INFO 38018 --- [    Test worker] .b.t.c.SpringBootTestContextBootstrapper : Using TestExecutionListeners: [org.springframework.test.context.web.ServletTestExecutionListener@46cd3592, org.springframework.test.context.support.DirtiesContextBeforeModesTestExecutionListener@2a673ee8, org.springframework.test.context.event.ApplicationEventsTestExecutionListener@3177221b, org.springframework.boot.test.mock.mockito.MockitoTestExecutionListener@ec7c39b, org.springframework.boot.test.autoconfigure.SpringBootDependencyInjectionTestExecutionListener@21890674, org.springframework.test.context.support.DirtiesContextTestExecutionListener@320aecd3, org.springframework.test.context.event.EventPublishingTestExecutionListener@3a657773, org.springframework.boot.test.autoconfigure.restdocs.RestDocsTestExecutionListener@a8eb0bf, org.springframework.boot.test.autoconfigure.web.client.MockRestServiceServerResetTestExecutionListener@635dad3c, org.springframework.boot.test.autoconfigure.web.servlet.MockMvcPrintOnlyOnFailureTestExecutionListener@654b9f0, org.springframework.boot.test.autoconfigure.web.servlet.WebDriverTestExecutionListener@179b88a6, org.springframework.boot.test.autoconfigure.webservices.client.MockWebServiceServerTestExecutionListener@68efc9a2, org.springframework.boot.test.mock.mockito.ResetMocksTestExecutionListener@6655bdce]
2022-07-13 19:53:43.456  INFO 38018 --- [    Test worker] .b.t.c.SpringBootTestContextBootstrapper : Neither @ContextConfiguration nor @ContextHierarchy found for test class [com.globantx.cardinalevaluator.CucumberSpringConfiguration], using SpringBootContextLoader
2022-07-13 19:53:43.457  INFO 38018 --- [    Test worker] o.s.t.c.support.AbstractContextLoader    : Could not detect default resource locations for test class [com.globantx.cardinalevaluator.CucumberSpringConfiguration]: no resource found for suffixes {-context.xml, Context.groovy}.
2022-07-13 19:53:43.458  INFO 38018 --- [    Test worker] .b.t.c.SpringBootTestContextBootstrapper : Loaded default TestExecutionListener class names from location [META-INF/spring.factories]: [org.springframework.boot.test.autoconfigure.restdocs.RestDocsTestExecutionListener, org.springframework.boot.test.autoconfigure.web.client.MockRestServiceServerResetTestExecutionListener, org.springframework.boot.test.autoconfigure.web.servlet.MockMvcPrintOnlyOnFailureTestExecutionListener, org.springframework.boot.test.autoconfigure.web.servlet.WebDriverTestExecutionListener, org.springframework.boot.test.autoconfigure.webservices.client.MockWebServiceServerTestExecutionListener, org.springframework.boot.test.mock.mockito.MockitoTestExecutionListener, org.springframework.boot.test.mock.mockito.ResetMocksTestExecutionListener, org.springframework.test.context.web.ServletTestExecutionListener, org.springframework.test.context.support.DirtiesContextBeforeModesTestExecutionListener, org.springframework.test.context.event.ApplicationEventsTestExecutionListener, org.springframework.test.context.support.DependencyInjectionTestExecutionListener, org.springframework.test.context.support.DirtiesContextTestExecutionListener, org.springframework.test.context.transaction.TransactionalTestExecutionListener, org.springframework.test.context.jdbc.SqlScriptsTestExecutionListener, org.springframework.test.context.event.EventPublishingTestExecutionListener]
2022-07-13 19:53:43.458  INFO 38018 --- [    Test worker] .b.t.c.SpringBootTestContextBootstrapper : Using TestExecutionListeners: [org.springframework.test.context.web.ServletTestExecutionListener@51680b0e, org.springframework.test.context.support.DirtiesContextBeforeModesTestExecutionListener@3ed3bfcb, org.springframework.test.context.event.ApplicationEventsTestExecutionListener@3ce7a0d1, org.springframework.boot.test.mock.mockito.MockitoTestExecutionListener@2c9ecf5, org.springframework.boot.test.autoconfigure.SpringBootDependencyInjectionTestExecutionListener@1368a7d9, org.springframework.test.context.support.DirtiesContextTestExecutionListener@30e67f98, org.springframework.test.context.event.EventPublishingTestExecutionListener@3186b07d, org.springframework.boot.test.autoconfigure.restdocs.RestDocsTestExecutionListener@7c654cfc, org.springframework.boot.test.autoconfigure.web.client.MockRestServiceServerResetTestExecutionListener@2ae56ac6, org.springframework.boot.test.autoconfigure.web.servlet.MockMvcPrintOnlyOnFailureTestExecutionListener@29fccabd, org.springframework.boot.test.autoconfigure.web.servlet.WebDriverTestExecutionListener@2d7d92a7, org.springframework.boot.test.autoconfigure.webservices.client.MockWebServiceServerTestExecutionListener@7ba92958, org.springframework.boot.test.mock.mockito.ResetMocksTestExecutionListener@7a1bcfb1]
2022-07-13 19:53:43.463  INFO 38018 --- [    Test worker] .b.t.c.SpringBootTestContextBootstrapper : Neither @ContextConfiguration nor @ContextHierarchy found for test class [com.globantx.cardinalevaluator.CucumberSpringConfiguration], using SpringBootContextLoader
2022-07-13 19:53:43.463  INFO 38018 --- [    Test worker] o.s.t.c.support.AbstractContextLoader    : Could not detect default resource locations for test class [com.globantx.cardinalevaluator.CucumberSpringConfiguration]: no resource found for suffixes {-context.xml, Context.groovy}.
2022-07-13 19:53:43.464  INFO 38018 --- [    Test worker] .b.t.c.SpringBootTestContextBootstrapper : Loaded default TestExecutionListener class names from location [META-INF/spring.factories]: [org.springframework.boot.test.autoconfigure.restdocs.RestDocsTestExecutionListener, org.springframework.boot.test.autoconfigure.web.client.MockRestServiceServerResetTestExecutionListener, org.springframework.boot.test.autoconfigure.web.servlet.MockMvcPrintOnlyOnFailureTestExecutionListener, org.springframework.boot.test.autoconfigure.web.servlet.WebDriverTestExecutionListener, org.springframework.boot.test.autoconfigure.webservices.client.MockWebServiceServerTestExecutionListener, org.springframework.boot.test.mock.mockito.MockitoTestExecutionListener, org.springframework.boot.test.mock.mockito.ResetMocksTestExecutionListener, org.springframework.test.context.web.ServletTestExecutionListener, org.springframework.test.context.support.DirtiesContextBeforeModesTestExecutionListener, org.springframework.test.context.event.ApplicationEventsTestExecutionListener, org.springframework.test.context.support.DependencyInjectionTestExecutionListener, org.springframework.test.context.support.DirtiesContextTestExecutionListener, org.springframework.test.context.transaction.TransactionalTestExecutionListener, org.springframework.test.context.jdbc.SqlScriptsTestExecutionListener, org.springframework.test.context.event.EventPublishingTestExecutionListener]
2022-07-13 19:53:43.464  INFO 38018 --- [    Test worker] .b.t.c.SpringBootTestContextBootstrapper : Using TestExecutionListeners: [org.springframework.test.context.web.ServletTestExecutionListener@357d4b6d, org.springframework.test.context.support.DirtiesContextBeforeModesTestExecutionListener@74d41fcf, org.springframework.test.context.event.ApplicationEventsTestExecutionListener@46050be4, org.springframework.boot.test.mock.mockito.MockitoTestExecutionListener@62c732d2, org.springframework.boot.test.autoconfigure.SpringBootDependencyInjectionTestExecutionListener@3dbe3bc4, org.springframework.test.context.support.DirtiesContextTestExecutionListener@69c071db, org.springframework.test.context.event.EventPublishingTestExecutionListener@7740d2c, org.springframework.boot.test.autoconfigure.restdocs.RestDocsTestExecutionListener@5c7eeeb2, org.springframework.boot.test.autoconfigure.web.client.MockRestServiceServerResetTestExecutionListener@10d28ee2, org.springframework.boot.test.autoconfigure.web.servlet.MockMvcPrintOnlyOnFailureTestExecutionListener@7af66b8a, org.springframework.boot.test.autoconfigure.web.servlet.WebDriverTestExecutionListener@5dcc1495, org.springframework.boot.test.autoconfigure.webservices.client.MockWebServiceServerTestExecutionListener@76ec6ae0, org.springframework.boot.test.mock.mockito.ResetMocksTestExecutionListener@72cd5f41]
2022-07-13 19:53:43.468  INFO 38018 --- [    Test worker] .b.t.c.SpringBootTestContextBootstrapper : Neither @ContextConfiguration nor @ContextHierarchy found for test class [com.globantx.cardinalevaluator.CucumberSpringConfiguration], using SpringBootContextLoader
2022-07-13 19:53:43.468  INFO 38018 --- [    Test worker] o.s.t.c.support.AbstractContextLoader    : Could not detect default resource locations for test class [com.globantx.cardinalevaluator.CucumberSpringConfiguration]: no resource found for suffixes {-context.xml, Context.groovy}.
2022-07-13 19:53:43.469  INFO 38018 --- [    Test worker] .b.t.c.SpringBootTestContextBootstrapper : Loaded default TestExecutionListener class names from location [META-INF/spring.factories]: [org.springframework.boot.test.autoconfigure.restdocs.RestDocsTestExecutionListener, org.springframework.boot.test.autoconfigure.web.client.MockRestServiceServerResetTestExecutionListener, org.springframework.boot.test.autoconfigure.web.servlet.MockMvcPrintOnlyOnFailureTestExecutionListener, org.springframework.boot.test.autoconfigure.web.servlet.WebDriverTestExecutionListener, org.springframework.boot.test.autoconfigure.webservices.client.MockWebServiceServerTestExecutionListener, org.springframework.boot.test.mock.mockito.MockitoTestExecutionListener, org.springframework.boot.test.mock.mockito.ResetMocksTestExecutionListener, org.springframework.test.context.web.ServletTestExecutionListener, org.springframework.test.context.support.DirtiesContextBeforeModesTestExecutionListener, org.springframework.test.context.event.ApplicationEventsTestExecutionListener, org.springframework.test.context.support.DependencyInjectionTestExecutionListener, org.springframework.test.context.support.DirtiesContextTestExecutionListener, org.springframework.test.context.transaction.TransactionalTestExecutionListener, org.springframework.test.context.jdbc.SqlScriptsTestExecutionListener, org.springframework.test.context.event.EventPublishingTestExecutionListener]
2022-07-13 19:53:43.469  INFO 38018 --- [    Test worker] .b.t.c.SpringBootTestContextBootstrapper : Using TestExecutionListeners: [org.springframework.test.context.web.ServletTestExecutionListener@469c1292, org.springframework.test.context.support.DirtiesContextBeforeModesTestExecutionListener@18a6451f, org.springframework.test.context.event.ApplicationEventsTestExecutionListener@25db5479, org.springframework.boot.test.mock.mockito.MockitoTestExecutionListener@7bf96c4e, org.springframework.boot.test.autoconfigure.SpringBootDependencyInjectionTestExecutionListener@5dd7f921, org.springframework.test.context.support.DirtiesContextTestExecutionListener@7773d139, org.springframework.test.context.event.EventPublishingTestExecutionListener@8742b32, org.springframework.boot.test.autoconfigure.restdocs.RestDocsTestExecutionListener@38dfbd6e, org.springframework.boot.test.autoconfigure.web.client.MockRestServiceServerResetTestExecutionListener@5aa345a5, org.springframework.boot.test.autoconfigure.web.servlet.MockMvcPrintOnlyOnFailureTestExecutionListener@3330bdd1, org.springframework.boot.test.autoconfigure.web.servlet.WebDriverTestExecutionListener@1a343d3e, org.springframework.boot.test.autoconfigure.webservices.client.MockWebServiceServerTestExecutionListener@5f45d7db, org.springframework.boot.test.mock.mockito.ResetMocksTestExecutionListener@1f0b2ffb]
2022-07-13 19:53:43.474  INFO 38018 --- [    Test worker] .b.t.c.SpringBootTestContextBootstrapper : Neither @ContextConfiguration nor @ContextHierarchy found for test class [com.globantx.cardinalevaluator.CucumberSpringConfiguration], using SpringBootContextLoader
2022-07-13 19:53:43.474  INFO 38018 --- [    Test worker] o.s.t.c.support.AbstractContextLoader    : Could not detect default resource locations for test class [com.globantx.cardinalevaluator.CucumberSpringConfiguration]: no resource found for suffixes {-context.xml, Context.groovy}.
2022-07-13 19:53:43.475  INFO 38018 --- [    Test worker] .b.t.c.SpringBootTestContextBootstrapper : Loaded default TestExecutionListener class names from location [META-INF/spring.factories]: [org.springframework.boot.test.autoconfigure.restdocs.RestDocsTestExecutionListener, org.springframework.boot.test.autoconfigure.web.client.MockRestServiceServerResetTestExecutionListener, org.springframework.boot.test.autoconfigure.web.servlet.MockMvcPrintOnlyOnFailureTestExecutionListener, org.springframework.boot.test.autoconfigure.web.servlet.WebDriverTestExecutionListener, org.springframework.boot.test.autoconfigure.webservices.client.MockWebServiceServerTestExecutionListener, org.springframework.boot.test.mock.mockito.MockitoTestExecutionListener, org.springframework.boot.test.mock.mockito.ResetMocksTestExecutionListener, org.springframework.test.context.web.ServletTestExecutionListener, org.springframework.test.context.support.DirtiesContextBeforeModesTestExecutionListener, org.springframework.test.context.event.ApplicationEventsTestExecutionListener, org.springframework.test.context.support.DependencyInjectionTestExecutionListener, org.springframework.test.context.support.DirtiesContextTestExecutionListener, org.springframework.test.context.transaction.TransactionalTestExecutionListener, org.springframework.test.context.jdbc.SqlScriptsTestExecutionListener, org.springframework.test.context.event.EventPublishingTestExecutionListener]
2022-07-13 19:53:43.476  INFO 38018 --- [    Test worker] .b.t.c.SpringBootTestContextBootstrapper : Using TestExecutionListeners: [org.springframework.test.context.web.ServletTestExecutionListener@630f24a5, org.springframework.test.context.support.DirtiesContextBeforeModesTestExecutionListener@253dbbc8, org.springframework.test.context.event.ApplicationEventsTestExecutionListener@12d644a6, org.springframework.boot.test.mock.mockito.MockitoTestExecutionListener@2e7e9897, org.springframework.boot.test.autoconfigure.SpringBootDependencyInjectionTestExecutionListener@34ceabf1, org.springframework.test.context.support.DirtiesContextTestExecutionListener@7c65b55b, org.springframework.test.context.event.EventPublishingTestExecutionListener@5cb63d05, org.springframework.boot.test.autoconfigure.restdocs.RestDocsTestExecutionListener@656ac24, org.springframework.boot.test.autoconfigure.web.client.MockRestServiceServerResetTestExecutionListener@47861e3c, org.springframework.boot.test.autoconfigure.web.servlet.MockMvcPrintOnlyOnFailureTestExecutionListener@1618b4fa, org.springframework.boot.test.autoconfigure.web.servlet.WebDriverTestExecutionListener@7babfd29, org.springframework.boot.test.autoconfigure.webservices.client.MockWebServiceServerTestExecutionListener@482f59f4, org.springframework.boot.test.mock.mockito.ResetMocksTestExecutionListener@3f2fd933]
2022-07-13 19:53:43.481  INFO 38018 --- [    Test worker] .b.t.c.SpringBootTestContextBootstrapper : Neither @ContextConfiguration nor @ContextHierarchy found for test class [com.globantx.cardinalevaluator.CucumberSpringConfiguration], using SpringBootContextLoader
2022-07-13 19:53:43.482  INFO 38018 --- [    Test worker] o.s.t.c.support.AbstractContextLoader    : Could not detect default resource locations for test class [com.globantx.cardinalevaluator.CucumberSpringConfiguration]: no resource found for suffixes {-context.xml, Context.groovy}.
2022-07-13 19:53:43.483  INFO 38018 --- [    Test worker] .b.t.c.SpringBootTestContextBootstrapper : Loaded default TestExecutionListener class names from location [META-INF/spring.factories]: [org.springframework.boot.test.autoconfigure.restdocs.RestDocsTestExecutionListener, org.springframework.boot.test.autoconfigure.web.client.MockRestServiceServerResetTestExecutionListener, org.springframework.boot.test.autoconfigure.web.servlet.MockMvcPrintOnlyOnFailureTestExecutionListener, org.springframework.boot.test.autoconfigure.web.servlet.WebDriverTestExecutionListener, org.springframework.boot.test.autoconfigure.webservices.client.MockWebServiceServerTestExecutionListener, org.springframework.boot.test.mock.mockito.MockitoTestExecutionListener, org.springframework.boot.test.mock.mockito.ResetMocksTestExecutionListener, org.springframework.test.context.web.ServletTestExecutionListener, org.springframework.test.context.support.DirtiesContextBeforeModesTestExecutionListener, org.springframework.test.context.event.ApplicationEventsTestExecutionListener, org.springframework.test.context.support.DependencyInjectionTestExecutionListener, org.springframework.test.context.support.DirtiesContextTestExecutionListener, org.springframework.test.context.transaction.TransactionalTestExecutionListener, org.springframework.test.context.jdbc.SqlScriptsTestExecutionListener, org.springframework.test.context.event.EventPublishingTestExecutionListener]
2022-07-13 19:53:43.483  INFO 38018 --- [    Test worker] .b.t.c.SpringBootTestContextBootstrapper : Using TestExecutionListeners: [org.springframework.test.context.web.ServletTestExecutionListener@6c430548, org.springframework.test.context.support.DirtiesContextBeforeModesTestExecutionListener@48a5ef5c, org.springframework.test.context.event.ApplicationEventsTestExecutionListener@7a77ff45, org.springframework.boot.test.mock.mockito.MockitoTestExecutionListener@3bd05779, org.springframework.boot.test.autoconfigure.SpringBootDependencyInjectionTestExecutionListener@4f4d7c0e, org.springframework.test.context.support.DirtiesContextTestExecutionListener@28f5b5b4, org.springframework.test.context.event.EventPublishingTestExecutionListener@6dbdfa38, org.springframework.boot.test.autoconfigure.restdocs.RestDocsTestExecutionListener@546f0369, org.springframework.boot.test.autoconfigure.web.client.MockRestServiceServerResetTestExecutionListener@7066b8e6, org.springframework.boot.test.autoconfigure.web.servlet.MockMvcPrintOnlyOnFailureTestExecutionListener@753bfb4b, org.springframework.boot.test.autoconfigure.web.servlet.WebDriverTestExecutionListener@77d5a3ee, org.springframework.boot.test.autoconfigure.webservices.client.MockWebServiceServerTestExecutionListener@5b0d8236, org.springframework.boot.test.mock.mockito.ResetMocksTestExecutionListener@1ee9a039]
2022-07-13 19:53:43.488  INFO 38018 --- [    Test worker] .b.t.c.SpringBootTestContextBootstrapper : Neither @ContextConfiguration nor @ContextHierarchy found for test class [com.globantx.cardinalevaluator.CucumberSpringConfiguration], using SpringBootContextLoader
2022-07-13 19:53:43.489  INFO 38018 --- [    Test worker] o.s.t.c.support.AbstractContextLoader    : Could not detect default resource locations for test class [com.globantx.cardinalevaluator.CucumberSpringConfiguration]: no resource found for suffixes {-context.xml, Context.groovy}.
2022-07-13 19:53:43.490  INFO 38018 --- [    Test worker] .b.t.c.SpringBootTestContextBootstrapper : Loaded default TestExecutionListener class names from location [META-INF/spring.factories]: [org.springframework.boot.test.autoconfigure.restdocs.RestDocsTestExecutionListener, org.springframework.boot.test.autoconfigure.web.client.MockRestServiceServerResetTestExecutionListener, org.springframework.boot.test.autoconfigure.web.servlet.MockMvcPrintOnlyOnFailureTestExecutionListener, org.springframework.boot.test.autoconfigure.web.servlet.WebDriverTestExecutionListener, org.springframework.boot.test.autoconfigure.webservices.client.MockWebServiceServerTestExecutionListener, org.springframework.boot.test.mock.mockito.MockitoTestExecutionListener, org.springframework.boot.test.mock.mockito.ResetMocksTestExecutionListener, org.springframework.test.context.web.ServletTestExecutionListener, org.springframework.test.context.support.DirtiesContextBeforeModesTestExecutionListener, org.springframework.test.context.event.ApplicationEventsTestExecutionListener, org.springframework.test.context.support.DependencyInjectionTestExecutionListener, org.springframework.test.context.support.DirtiesContextTestExecutionListener, org.springframework.test.context.transaction.TransactionalTestExecutionListener, org.springframework.test.context.jdbc.SqlScriptsTestExecutionListener, org.springframework.test.context.event.EventPublishingTestExecutionListener]
2022-07-13 19:53:43.490  INFO 38018 --- [    Test worker] .b.t.c.SpringBootTestContextBootstrapper : Using TestExecutionListeners: [org.springframework.test.context.web.ServletTestExecutionListener@34a2e10c, org.springframework.test.context.support.DirtiesContextBeforeModesTestExecutionListener@6e32eea5, org.springframework.test.context.event.ApplicationEventsTestExecutionListener@5919dd67, org.springframework.boot.test.mock.mockito.MockitoTestExecutionListener@aa24615, org.springframework.boot.test.autoconfigure.SpringBootDependencyInjectionTestExecutionListener@29ab7ccc, org.springframework.test.context.support.DirtiesContextTestExecutionListener@5095f89a, org.springframework.test.context.event.EventPublishingTestExecutionListener@4770e50a, org.springframework.boot.test.autoconfigure.restdocs.RestDocsTestExecutionListener@5f7a911f, org.springframework.boot.test.autoconfigure.web.client.MockRestServiceServerResetTestExecutionListener@2d45db20, org.springframework.boot.test.autoconfigure.web.servlet.MockMvcPrintOnlyOnFailureTestExecutionListener@52ebb73a, org.springframework.boot.test.autoconfigure.web.servlet.WebDriverTestExecutionListener@127350d8, org.springframework.boot.test.autoconfigure.webservices.client.MockWebServiceServerTestExecutionListener@198ad9e0, org.springframework.boot.test.mock.mockito.ResetMocksTestExecutionListener@1a958d2a]
2022-07-13 19:53:43.497  INFO 38018 --- [    Test worker] .b.t.c.SpringBootTestContextBootstrapper : Neither @ContextConfiguration nor @ContextHierarchy found for test class [com.globantx.cardinalevaluator.CucumberSpringConfiguration], using SpringBootContextLoader
2022-07-13 19:53:43.498  INFO 38018 --- [    Test worker] o.s.t.c.support.AbstractContextLoader    : Could not detect default resource locations for test class [com.globantx.cardinalevaluator.CucumberSpringConfiguration]: no resource found for suffixes {-context.xml, Context.groovy}.
2022-07-13 19:53:43.499  INFO 38018 --- [    Test worker] .b.t.c.SpringBootTestContextBootstrapper : Loaded default TestExecutionListener class names from location [META-INF/spring.factories]: [org.springframework.boot.test.autoconfigure.restdocs.RestDocsTestExecutionListener, org.springframework.boot.test.autoconfigure.web.client.MockRestServiceServerResetTestExecutionListener, org.springframework.boot.test.autoconfigure.web.servlet.MockMvcPrintOnlyOnFailureTestExecutionListener, org.springframework.boot.test.autoconfigure.web.servlet.WebDriverTestExecutionListener, org.springframework.boot.test.autoconfigure.webservices.client.MockWebServiceServerTestExecutionListener, org.springframework.boot.test.mock.mockito.MockitoTestExecutionListener, org.springframework.boot.test.mock.mockito.ResetMocksTestExecutionListener, org.springframework.test.context.web.ServletTestExecutionListener, org.springframework.test.context.support.DirtiesContextBeforeModesTestExecutionListener, org.springframework.test.context.event.ApplicationEventsTestExecutionListener, org.springframework.test.context.support.DependencyInjectionTestExecutionListener, org.springframework.test.context.support.DirtiesContextTestExecutionListener, org.springframework.test.context.transaction.TransactionalTestExecutionListener, org.springframework.test.context.jdbc.SqlScriptsTestExecutionListener, org.springframework.test.context.event.EventPublishingTestExecutionListener]
2022-07-13 19:53:43.500  INFO 38018 --- [    Test worker] .b.t.c.SpringBootTestContextBootstrapper : Using TestExecutionListeners: [org.springframework.test.context.web.ServletTestExecutionListener@52bf434b, org.springframework.test.context.support.DirtiesContextBeforeModesTestExecutionListener@64f578eb, org.springframework.test.context.event.ApplicationEventsTestExecutionListener@34b4f6c3, org.springframework.boot.test.mock.mockito.MockitoTestExecutionListener@7d45ffd, org.springframework.boot.test.autoconfigure.SpringBootDependencyInjectionTestExecutionListener@2f59f157, org.springframework.test.context.support.DirtiesContextTestExecutionListener@60a4f677, org.springframework.test.context.event.EventPublishingTestExecutionListener@7335164e, org.springframework.boot.test.autoconfigure.restdocs.RestDocsTestExecutionListener@563b9462, org.springframework.boot.test.autoconfigure.web.client.MockRestServiceServerResetTestExecutionListener@368814bb, org.springframework.boot.test.autoconfigure.web.servlet.MockMvcPrintOnlyOnFailureTestExecutionListener@71d85b53, org.springframework.boot.test.autoconfigure.web.servlet.WebDriverTestExecutionListener@2a04a440, org.springframework.boot.test.autoconfigure.webservices.client.MockWebServiceServerTestExecutionListener@2096ade6, org.springframework.boot.test.mock.mockito.ResetMocksTestExecutionListener@564d5883]
2022-07-13 19:53:43.506  INFO 38018 --- [    Test worker] .b.t.c.SpringBootTestContextBootstrapper : Neither @ContextConfiguration nor @ContextHierarchy found for test class [com.globantx.cardinalevaluator.CucumberSpringConfiguration], using SpringBootContextLoader
2022-07-13 19:53:43.506  INFO 38018 --- [    Test worker] o.s.t.c.support.AbstractContextLoader    : Could not detect default resource locations for test class [com.globantx.cardinalevaluator.CucumberSpringConfiguration]: no resource found for suffixes {-context.xml, Context.groovy}.
2022-07-13 19:53:43.507  INFO 38018 --- [    Test worker] .b.t.c.SpringBootTestContextBootstrapper : Loaded default TestExecutionListener class names from location [META-INF/spring.factories]: [org.springframework.boot.test.autoconfigure.restdocs.RestDocsTestExecutionListener, org.springframework.boot.test.autoconfigure.web.client.MockRestServiceServerResetTestExecutionListener, org.springframework.boot.test.autoconfigure.web.servlet.MockMvcPrintOnlyOnFailureTestExecutionListener, org.springframework.boot.test.autoconfigure.web.servlet.WebDriverTestExecutionListener, org.springframework.boot.test.autoconfigure.webservices.client.MockWebServiceServerTestExecutionListener, org.springframework.boot.test.mock.mockito.MockitoTestExecutionListener, org.springframework.boot.test.mock.mockito.ResetMocksTestExecutionListener, org.springframework.test.context.web.ServletTestExecutionListener, org.springframework.test.context.support.DirtiesContextBeforeModesTestExecutionListener, org.springframework.test.context.event.ApplicationEventsTestExecutionListener, org.springframework.test.context.support.DependencyInjectionTestExecutionListener, org.springframework.test.context.support.DirtiesContextTestExecutionListener, org.springframework.test.context.transaction.TransactionalTestExecutionListener, org.springframework.test.context.jdbc.SqlScriptsTestExecutionListener, org.springframework.test.context.event.EventPublishingTestExecutionListener]
2022-07-13 19:53:43.508  INFO 38018 --- [    Test worker] .b.t.c.SpringBootTestContextBootstrapper : Using TestExecutionListeners: [org.springframework.test.context.web.ServletTestExecutionListener@657c93da, org.springframework.test.context.support.DirtiesContextBeforeModesTestExecutionListener@6ad51d91, org.springframework.test.context.event.ApplicationEventsTestExecutionListener@7f3964b0, org.springframework.boot.test.mock.mockito.MockitoTestExecutionListener@438cb294, org.springframework.boot.test.autoconfigure.SpringBootDependencyInjectionTestExecutionListener@42ef0b7c, org.springframework.test.context.support.DirtiesContextTestExecutionListener@94af25, org.springframework.test.context.event.EventPublishingTestExecutionListener@34bc5763, org.springframework.boot.test.autoconfigure.restdocs.RestDocsTestExecutionListener@12025b72, org.springframework.boot.test.autoconfigure.web.client.MockRestServiceServerResetTestExecutionListener@288c16a5, org.springframework.boot.test.autoconfigure.web.servlet.MockMvcPrintOnlyOnFailureTestExecutionListener@dc46916, org.springframework.boot.test.autoconfigure.web.servlet.WebDriverTestExecutionListener@5b152082, org.springframework.boot.test.autoconfigure.webservices.client.MockWebServiceServerTestExecutionListener@5b4c2959, org.springframework.boot.test.mock.mockito.ResetMocksTestExecutionListener@13bd25ab]
2022-07-13 19:53:43.513  INFO 38018 --- [    Test worker] .b.t.c.SpringBootTestContextBootstrapper : Neither @ContextConfiguration nor @ContextHierarchy found for test class [com.globantx.cardinalevaluator.CucumberSpringConfiguration], using SpringBootContextLoader
2022-07-13 19:53:43.513  INFO 38018 --- [    Test worker] o.s.t.c.support.AbstractContextLoader    : Could not detect default resource locations for test class [com.globantx.cardinalevaluator.CucumberSpringConfiguration]: no resource found for suffixes {-context.xml, Context.groovy}.
2022-07-13 19:53:43.515  INFO 38018 --- [    Test worker] .b.t.c.SpringBootTestContextBootstrapper : Loaded default TestExecutionListener class names from location [META-INF/spring.factories]: [org.springframework.boot.test.autoconfigure.restdocs.RestDocsTestExecutionListener, org.springframework.boot.test.autoconfigure.web.client.MockRestServiceServerResetTestExecutionListener, org.springframework.boot.test.autoconfigure.web.servlet.MockMvcPrintOnlyOnFailureTestExecutionListener, org.springframework.boot.test.autoconfigure.web.servlet.WebDriverTestExecutionListener, org.springframework.boot.test.autoconfigure.webservices.client.MockWebServiceServerTestExecutionListener, org.springframework.boot.test.mock.mockito.MockitoTestExecutionListener, org.springframework.boot.test.mock.mockito.ResetMocksTestExecutionListener, org.springframework.test.context.web.ServletTestExecutionListener, org.springframework.test.context.support.DirtiesContextBeforeModesTestExecutionListener, org.springframework.test.context.event.ApplicationEventsTestExecutionListener, org.springframework.test.context.support.DependencyInjectionTestExecutionListener, org.springframework.test.context.support.DirtiesContextTestExecutionListener, org.springframework.test.context.transaction.TransactionalTestExecutionListener, org.springframework.test.context.jdbc.SqlScriptsTestExecutionListener, org.springframework.test.context.event.EventPublishingTestExecutionListener]
2022-07-13 19:53:43.517  INFO 38018 --- [    Test worker] .b.t.c.SpringBootTestContextBootstrapper : Using TestExecutionListeners: [org.springframework.test.context.web.ServletTestExecutionListener@7be55279, org.springframework.test.context.support.DirtiesContextBeforeModesTestExecutionListener@6dd6c64c, org.springframework.test.context.event.ApplicationEventsTestExecutionListener@241b5364, org.springframework.boot.test.mock.mockito.MockitoTestExecutionListener@53a41fbe, org.springframework.boot.test.autoconfigure.SpringBootDependencyInjectionTestExecutionListener@203f929, org.springframework.test.context.support.DirtiesContextTestExecutionListener@59bcab83, org.springframework.test.context.event.EventPublishingTestExecutionListener@27c243a3, org.springframework.boot.test.autoconfigure.restdocs.RestDocsTestExecutionListener@54e8f10a, org.springframework.boot.test.autoconfigure.web.client.MockRestServiceServerResetTestExecutionListener@49bf800f, org.springframework.boot.test.autoconfigure.web.servlet.MockMvcPrintOnlyOnFailureTestExecutionListener@7563ca08, org.springframework.boot.test.autoconfigure.web.servlet.WebDriverTestExecutionListener@4089505c, org.springframework.boot.test.autoconfigure.webservices.client.MockWebServiceServerTestExecutionListener@53fa89e6, org.springframework.boot.test.mock.mockito.ResetMocksTestExecutionListener@6670d46e]
2022-07-13 19:53:43.523  INFO 38018 --- [    Test worker] .b.t.c.SpringBootTestContextBootstrapper : Neither @ContextConfiguration nor @ContextHierarchy found for test class [com.globantx.cardinalevaluator.CucumberSpringConfiguration], using SpringBootContextLoader
2022-07-13 19:53:43.524  INFO 38018 --- [    Test worker] o.s.t.c.support.AbstractContextLoader    : Could not detect default resource locations for test class [com.globantx.cardinalevaluator.CucumberSpringConfiguration]: no resource found for suffixes {-context.xml, Context.groovy}.
2022-07-13 19:53:43.525  INFO 38018 --- [    Test worker] .b.t.c.SpringBootTestContextBootstrapper : Loaded default TestExecutionListener class names from location [META-INF/spring.factories]: [org.springframework.boot.test.autoconfigure.restdocs.RestDocsTestExecutionListener, org.springframework.boot.test.autoconfigure.web.client.MockRestServiceServerResetTestExecutionListener, org.springframework.boot.test.autoconfigure.web.servlet.MockMvcPrintOnlyOnFailureTestExecutionListener, org.springframework.boot.test.autoconfigure.web.servlet.WebDriverTestExecutionListener, org.springframework.boot.test.autoconfigure.webservices.client.MockWebServiceServerTestExecutionListener, org.springframework.boot.test.mock.mockito.MockitoTestExecutionListener, org.springframework.boot.test.mock.mockito.ResetMocksTestExecutionListener, org.springframework.test.context.web.ServletTestExecutionListener, org.springframework.test.context.support.DirtiesContextBeforeModesTestExecutionListener, org.springframework.test.context.event.ApplicationEventsTestExecutionListener, org.springframework.test.context.support.DependencyInjectionTestExecutionListener, org.springframework.test.context.support.DirtiesContextTestExecutionListener, org.springframework.test.context.transaction.TransactionalTestExecutionListener, org.springframework.test.context.jdbc.SqlScriptsTestExecutionListener, org.springframework.test.context.event.EventPublishingTestExecutionListener]
2022-07-13 19:53:43.525  INFO 38018 --- [    Test worker] .b.t.c.SpringBootTestContextBootstrapper : Using TestExecutionListeners: [org.springframework.test.context.web.ServletTestExecutionListener@13e59265, org.springframework.test.context.support.DirtiesContextBeforeModesTestExecutionListener@2c5b04c7, org.springframework.test.context.event.ApplicationEventsTestExecutionListener@539f0729, org.springframework.boot.test.mock.mockito.MockitoTestExecutionListener@ebad9a, org.springframework.boot.test.autoconfigure.SpringBootDependencyInjectionTestExecutionListener@3fa27158, org.springframework.test.context.support.DirtiesContextTestExecutionListener@4b2b2757, org.springframework.test.context.event.EventPublishingTestExecutionListener@6026c754, org.springframework.boot.test.autoconfigure.restdocs.RestDocsTestExecutionListener@3d7c21b7, org.springframework.boot.test.autoconfigure.web.client.MockRestServiceServerResetTestExecutionListener@11f8bff1, org.springframework.boot.test.autoconfigure.web.servlet.MockMvcPrintOnlyOnFailureTestExecutionListener@3fb2306, org.springframework.boot.test.autoconfigure.web.servlet.WebDriverTestExecutionListener@5531484a, org.springframework.boot.test.autoconfigure.webservices.client.MockWebServiceServerTestExecutionListener@99caac2, org.springframework.boot.test.mock.mockito.ResetMocksTestExecutionListener@5dcf8b37]
2022-07-13 19:53:43.530  INFO 38018 --- [    Test worker] .b.t.c.SpringBootTestContextBootstrapper : Neither @ContextConfiguration nor @ContextHierarchy found for test class [com.globantx.cardinalevaluator.CucumberSpringConfiguration], using SpringBootContextLoader
2022-07-13 19:53:43.530  INFO 38018 --- [    Test worker] o.s.t.c.support.AbstractContextLoader    : Could not detect default resource locations for test class [com.globantx.cardinalevaluator.CucumberSpringConfiguration]: no resource found for suffixes {-context.xml, Context.groovy}.
2022-07-13 19:53:43.531  INFO 38018 --- [    Test worker] .b.t.c.SpringBootTestContextBootstrapper : Loaded default TestExecutionListener class names from location [META-INF/spring.factories]: [org.springframework.boot.test.autoconfigure.restdocs.RestDocsTestExecutionListener, org.springframework.boot.test.autoconfigure.web.client.MockRestServiceServerResetTestExecutionListener, org.springframework.boot.test.autoconfigure.web.servlet.MockMvcPrintOnlyOnFailureTestExecutionListener, org.springframework.boot.test.autoconfigure.web.servlet.WebDriverTestExecutionListener, org.springframework.boot.test.autoconfigure.webservices.client.MockWebServiceServerTestExecutionListener, org.springframework.boot.test.mock.mockito.MockitoTestExecutionListener, org.springframework.boot.test.mock.mockito.ResetMocksTestExecutionListener, org.springframework.test.context.web.ServletTestExecutionListener, org.springframework.test.context.support.DirtiesContextBeforeModesTestExecutionListener, org.springframework.test.context.event.ApplicationEventsTestExecutionListener, org.springframework.test.context.support.DependencyInjectionTestExecutionListener, org.springframework.test.context.support.DirtiesContextTestExecutionListener, org.springframework.test.context.transaction.TransactionalTestExecutionListener, org.springframework.test.context.jdbc.SqlScriptsTestExecutionListener, org.springframework.test.context.event.EventPublishingTestExecutionListener]
2022-07-13 19:53:43.532  INFO 38018 --- [    Test worker] .b.t.c.SpringBootTestContextBootstrapper : Using TestExecutionListeners: [org.springframework.test.context.web.ServletTestExecutionListener@776609b, org.springframework.test.context.support.DirtiesContextBeforeModesTestExecutionListener@58da1b27, org.springframework.test.context.event.ApplicationEventsTestExecutionListener@347c6044, org.springframework.boot.test.mock.mockito.MockitoTestExecutionListener@154bc3cf, org.springframework.boot.test.autoconfigure.SpringBootDependencyInjectionTestExecutionListener@210d1b45, org.springframework.test.context.support.DirtiesContextTestExecutionListener@29862f60, org.springframework.test.context.event.EventPublishingTestExecutionListener@7e2f1454, org.springframework.boot.test.autoconfigure.restdocs.RestDocsTestExecutionListener@35b1e5e5, org.springframework.boot.test.autoconfigure.web.client.MockRestServiceServerResetTestExecutionListener@7caf0725, org.springframework.boot.test.autoconfigure.web.servlet.MockMvcPrintOnlyOnFailureTestExecutionListener@644acaff, org.springframework.boot.test.autoconfigure.web.servlet.WebDriverTestExecutionListener@6241ef96, org.springframework.boot.test.autoconfigure.webservices.client.MockWebServiceServerTestExecutionListener@5865b0f6, org.springframework.boot.test.mock.mockito.ResetMocksTestExecutionListener@5c7712f0]
2022-07-13 19:53:43.537  INFO 38018 --- [    Test worker] .b.t.c.SpringBootTestContextBootstrapper : Neither @ContextConfiguration nor @ContextHierarchy found for test class [com.globantx.cardinalevaluator.CucumberSpringConfiguration], using SpringBootContextLoader
2022-07-13 19:53:43.537  INFO 38018 --- [    Test worker] o.s.t.c.support.AbstractContextLoader    : Could not detect default resource locations for test class [com.globantx.cardinalevaluator.CucumberSpringConfiguration]: no resource found for suffixes {-context.xml, Context.groovy}.
2022-07-13 19:53:43.538  INFO 38018 --- [    Test worker] .b.t.c.SpringBootTestContextBootstrapper : Loaded default TestExecutionListener class names from location [META-INF/spring.factories]: [org.springframework.boot.test.autoconfigure.restdocs.RestDocsTestExecutionListener, org.springframework.boot.test.autoconfigure.web.client.MockRestServiceServerResetTestExecutionListener, org.springframework.boot.test.autoconfigure.web.servlet.MockMvcPrintOnlyOnFailureTestExecutionListener, org.springframework.boot.test.autoconfigure.web.servlet.WebDriverTestExecutionListener, org.springframework.boot.test.autoconfigure.webservices.client.MockWebServiceServerTestExecutionListener, org.springframework.boot.test.mock.mockito.MockitoTestExecutionListener, org.springframework.boot.test.mock.mockito.ResetMocksTestExecutionListener, org.springframework.test.context.web.ServletTestExecutionListener, org.springframework.test.context.support.DirtiesContextBeforeModesTestExecutionListener, org.springframework.test.context.event.ApplicationEventsTestExecutionListener, org.springframework.test.context.support.DependencyInjectionTestExecutionListener, org.springframework.test.context.support.DirtiesContextTestExecutionListener, org.springframework.test.context.transaction.TransactionalTestExecutionListener, org.springframework.test.context.jdbc.SqlScriptsTestExecutionListener, org.springframework.test.context.event.EventPublishingTestExecutionListener]
2022-07-13 19:53:43.539  INFO 38018 --- [    Test worker] .b.t.c.SpringBootTestContextBootstrapper : Using TestExecutionListeners: [org.springframework.test.context.web.ServletTestExecutionListener@771047b4, org.springframework.test.context.support.DirtiesContextBeforeModesTestExecutionListener@3bfb81be, org.springframework.test.context.event.ApplicationEventsTestExecutionListener@4ee127c6, org.springframework.boot.test.mock.mockito.MockitoTestExecutionListener@5e805a0d, org.springframework.boot.test.autoconfigure.SpringBootDependencyInjectionTestExecutionListener@2bd89b8e, org.springframework.test.context.support.DirtiesContextTestExecutionListener@4c49193a, org.springframework.test.context.event.EventPublishingTestExecutionListener@b51d862, org.springframework.boot.test.autoconfigure.restdocs.RestDocsTestExecutionListener@575dab37, org.springframework.boot.test.autoconfigure.web.client.MockRestServiceServerResetTestExecutionListener@38b65eb9, org.springframework.boot.test.autoconfigure.web.servlet.MockMvcPrintOnlyOnFailureTestExecutionListener@3c32105c, org.springframework.boot.test.autoconfigure.web.servlet.WebDriverTestExecutionListener@39a54d70, org.springframework.boot.test.autoconfigure.webservices.client.MockWebServiceServerTestExecutionListener@39b5d60, org.springframework.boot.test.mock.mockito.ResetMocksTestExecutionListener@952883c]
2022-07-13 19:53:43.544  INFO 38018 --- [    Test worker] .b.t.c.SpringBootTestContextBootstrapper : Neither @ContextConfiguration nor @ContextHierarchy found for test class [com.globantx.cardinalevaluator.CucumberSpringConfiguration], using SpringBootContextLoader
2022-07-13 19:53:43.544  INFO 38018 --- [    Test worker] o.s.t.c.support.AbstractContextLoader    : Could not detect default resource locations for test class [com.globantx.cardinalevaluator.CucumberSpringConfiguration]: no resource found for suffixes {-context.xml, Context.groovy}.
2022-07-13 19:53:43.545  INFO 38018 --- [    Test worker] .b.t.c.SpringBootTestContextBootstrapper : Loaded default TestExecutionListener class names from location [META-INF/spring.factories]: [org.springframework.boot.test.autoconfigure.restdocs.RestDocsTestExecutionListener, org.springframework.boot.test.autoconfigure.web.client.MockRestServiceServerResetTestExecutionListener, org.springframework.boot.test.autoconfigure.web.servlet.MockMvcPrintOnlyOnFailureTestExecutionListener, org.springframework.boot.test.autoconfigure.web.servlet.WebDriverTestExecutionListener, org.springframework.boot.test.autoconfigure.webservices.client.MockWebServiceServerTestExecutionListener, org.springframework.boot.test.mock.mockito.MockitoTestExecutionListener, org.springframework.boot.test.mock.mockito.ResetMocksTestExecutionListener, org.springframework.test.context.web.ServletTestExecutionListener, org.springframework.test.context.support.DirtiesContextBeforeModesTestExecutionListener, org.springframework.test.context.event.ApplicationEventsTestExecutionListener, org.springframework.test.context.support.DependencyInjectionTestExecutionListener, org.springframework.test.context.support.DirtiesContextTestExecutionListener, org.springframework.test.context.transaction.TransactionalTestExecutionListener, org.springframework.test.context.jdbc.SqlScriptsTestExecutionListener, org.springframework.test.context.event.EventPublishingTestExecutionListener]
2022-07-13 19:53:43.546  INFO 38018 --- [    Test worker] .b.t.c.SpringBootTestContextBootstrapper : Using TestExecutionListeners: [org.springframework.test.context.web.ServletTestExecutionListener@254ed9ba, org.springframework.test.context.support.DirtiesContextBeforeModesTestExecutionListener@3693deae, org.springframework.test.context.event.ApplicationEventsTestExecutionListener@6f3af541, org.springframework.boot.test.mock.mockito.MockitoTestExecutionListener@723493f2, org.springframework.boot.test.autoconfigure.SpringBootDependencyInjectionTestExecutionListener@21e40707, org.springframework.test.context.support.DirtiesContextTestExecutionListener@92adb3b, org.springframework.test.context.event.EventPublishingTestExecutionListener@3182b7a2, org.springframework.boot.test.autoconfigure.restdocs.RestDocsTestExecutionListener@677f1963, org.springframework.boot.test.autoconfigure.web.client.MockRestServiceServerResetTestExecutionListener@6622f6b4, org.springframework.boot.test.autoconfigure.web.servlet.MockMvcPrintOnlyOnFailureTestExecutionListener@398e1a48, org.springframework.boot.test.autoconfigure.web.servlet.WebDriverTestExecutionListener@1d95957c, org.springframework.boot.test.autoconfigure.webservices.client.MockWebServiceServerTestExecutionListener@2be33ac, org.springframework.boot.test.mock.mockito.ResetMocksTestExecutionListener@73d8f219]
2022-07-13 19:53:43.549  INFO 38018 --- [    Test worker] .b.t.c.SpringBootTestContextBootstrapper : Neither @ContextConfiguration nor @ContextHierarchy found for test class [com.globantx.cardinalevaluator.CucumberSpringConfiguration], using SpringBootContextLoader
2022-07-13 19:53:43.550  INFO 38018 --- [    Test worker] o.s.t.c.support.AbstractContextLoader    : Could not detect default resource locations for test class [com.globantx.cardinalevaluator.CucumberSpringConfiguration]: no resource found for suffixes {-context.xml, Context.groovy}.
2022-07-13 19:53:43.550  INFO 38018 --- [    Test worker] .b.t.c.SpringBootTestContextBootstrapper : Loaded default TestExecutionListener class names from location [META-INF/spring.factories]: [org.springframework.boot.test.autoconfigure.restdocs.RestDocsTestExecutionListener, org.springframework.boot.test.autoconfigure.web.client.MockRestServiceServerResetTestExecutionListener, org.springframework.boot.test.autoconfigure.web.servlet.MockMvcPrintOnlyOnFailureTestExecutionListener, org.springframework.boot.test.autoconfigure.web.servlet.WebDriverTestExecutionListener, org.springframework.boot.test.autoconfigure.webservices.client.MockWebServiceServerTestExecutionListener, org.springframework.boot.test.mock.mockito.MockitoTestExecutionListener, org.springframework.boot.test.mock.mockito.ResetMocksTestExecutionListener, org.springframework.test.context.web.ServletTestExecutionListener, org.springframework.test.context.support.DirtiesContextBeforeModesTestExecutionListener, org.springframework.test.context.event.ApplicationEventsTestExecutionListener, org.springframework.test.context.support.DependencyInjectionTestExecutionListener, org.springframework.test.context.support.DirtiesContextTestExecutionListener, org.springframework.test.context.transaction.TransactionalTestExecutionListener, org.springframework.test.context.jdbc.SqlScriptsTestExecutionListener, org.springframework.test.context.event.EventPublishingTestExecutionListener]
2022-07-13 19:53:43.551  INFO 38018 --- [    Test worker] .b.t.c.SpringBootTestContextBootstrapper : Using TestExecutionListeners: [org.springframework.test.context.web.ServletTestExecutionListener@3a4dea70, org.springframework.test.context.support.DirtiesContextBeforeModesTestExecutionListener@b42a630, org.springframework.test.context.event.ApplicationEventsTestExecutionListener@7892d7a7, org.springframework.boot.test.mock.mockito.MockitoTestExecutionListener@4ceeba96, org.springframework.boot.test.autoconfigure.SpringBootDependencyInjectionTestExecutionListener@19a5d711, org.springframework.test.context.support.DirtiesContextTestExecutionListener@7c89133, org.springframework.test.context.event.EventPublishingTestExecutionListener@69894182, org.springframework.boot.test.autoconfigure.restdocs.RestDocsTestExecutionListener@500a6c2f, org.springframework.boot.test.autoconfigure.web.client.MockRestServiceServerResetTestExecutionListener@67a02460, org.springframework.boot.test.autoconfigure.web.servlet.MockMvcPrintOnlyOnFailureTestExecutionListener@242270ae, org.springframework.boot.test.autoconfigure.web.servlet.WebDriverTestExecutionListener@704a0f9, org.springframework.boot.test.autoconfigure.webservices.client.MockWebServiceServerTestExecutionListener@46ccf22, org.springframework.boot.test.mock.mockito.ResetMocksTestExecutionListener@620978eb]
2022-07-13 19:53:43.554  INFO 38018 --- [    Test worker] .b.t.c.SpringBootTestContextBootstrapper : Neither @ContextConfiguration nor @ContextHierarchy found for test class [com.globantx.cardinalevaluator.CucumberSpringConfiguration], using SpringBootContextLoader
2022-07-13 19:53:43.555  INFO 38018 --- [    Test worker] o.s.t.c.support.AbstractContextLoader    : Could not detect default resource locations for test class [com.globantx.cardinalevaluator.CucumberSpringConfiguration]: no resource found for suffixes {-context.xml, Context.groovy}.
2022-07-13 19:53:43.556  INFO 38018 --- [    Test worker] .b.t.c.SpringBootTestContextBootstrapper : Loaded default TestExecutionListener class names from location [META-INF/spring.factories]: [org.springframework.boot.test.autoconfigure.restdocs.RestDocsTestExecutionListener, org.springframework.boot.test.autoconfigure.web.client.MockRestServiceServerResetTestExecutionListener, org.springframework.boot.test.autoconfigure.web.servlet.MockMvcPrintOnlyOnFailureTestExecutionListener, org.springframework.boot.test.autoconfigure.web.servlet.WebDriverTestExecutionListener, org.springframework.boot.test.autoconfigure.webservices.client.MockWebServiceServerTestExecutionListener, org.springframework.boot.test.mock.mockito.MockitoTestExecutionListener, org.springframework.boot.test.mock.mockito.ResetMocksTestExecutionListener, org.springframework.test.context.web.ServletTestExecutionListener, org.springframework.test.context.support.DirtiesContextBeforeModesTestExecutionListener, org.springframework.test.context.event.ApplicationEventsTestExecutionListener, org.springframework.test.context.support.DependencyInjectionTestExecutionListener, org.springframework.test.context.support.DirtiesContextTestExecutionListener, org.springframework.test.context.transaction.TransactionalTestExecutionListener, org.springframework.test.context.jdbc.SqlScriptsTestExecutionListener, org.springframework.test.context.event.EventPublishingTestExecutionListener]
2022-07-13 19:53:43.556  INFO 38018 --- [    Test worker] .b.t.c.SpringBootTestContextBootstrapper : Using TestExecutionListeners: [org.springframework.test.context.web.ServletTestExecutionListener@5599d304, org.springframework.test.context.support.DirtiesContextBeforeModesTestExecutionListener@7738b226, org.springframework.test.context.event.ApplicationEventsTestExecutionListener@15cf663c, org.springframework.boot.test.mock.mockito.MockitoTestExecutionListener@3c288a4e, org.springframework.boot.test.autoconfigure.SpringBootDependencyInjectionTestExecutionListener@27b27f3c, org.springframework.test.context.support.DirtiesContextTestExecutionListener@1529406e, org.springframework.test.context.event.EventPublishingTestExecutionListener@7bb92a71, org.springframework.boot.test.autoconfigure.restdocs.RestDocsTestExecutionListener@3bbb5b2, org.springframework.boot.test.autoconfigure.web.client.MockRestServiceServerResetTestExecutionListener@37c47166, org.springframework.boot.test.autoconfigure.web.servlet.MockMvcPrintOnlyOnFailureTestExecutionListener@68317dc0, org.springframework.boot.test.autoconfigure.web.servlet.WebDriverTestExecutionListener@5ae93815, org.springframework.boot.test.autoconfigure.webservices.client.MockWebServiceServerTestExecutionListener@4a100df, org.springframework.boot.test.mock.mockito.ResetMocksTestExecutionListener@107a0e6c]
2022-07-13 19:53:43.560  INFO 38018 --- [    Test worker] .b.t.c.SpringBootTestContextBootstrapper : Neither @ContextConfiguration nor @ContextHierarchy found for test class [com.globantx.cardinalevaluator.CucumberSpringConfiguration], using SpringBootContextLoader
2022-07-13 19:53:43.560  INFO 38018 --- [    Test worker] o.s.t.c.support.AbstractContextLoader    : Could not detect default resource locations for test class [com.globantx.cardinalevaluator.CucumberSpringConfiguration]: no resource found for suffixes {-context.xml, Context.groovy}.
2022-07-13 19:53:43.561  INFO 38018 --- [    Test worker] .b.t.c.SpringBootTestContextBootstrapper : Loaded default TestExecutionListener class names from location [META-INF/spring.factories]: [org.springframework.boot.test.autoconfigure.restdocs.RestDocsTestExecutionListener, org.springframework.boot.test.autoconfigure.web.client.MockRestServiceServerResetTestExecutionListener, org.springframework.boot.test.autoconfigure.web.servlet.MockMvcPrintOnlyOnFailureTestExecutionListener, org.springframework.boot.test.autoconfigure.web.servlet.WebDriverTestExecutionListener, org.springframework.boot.test.autoconfigure.webservices.client.MockWebServiceServerTestExecutionListener, org.springframework.boot.test.mock.mockito.MockitoTestExecutionListener, org.springframework.boot.test.mock.mockito.ResetMocksTestExecutionListener, org.springframework.test.context.web.ServletTestExecutionListener, org.springframework.test.context.support.DirtiesContextBeforeModesTestExecutionListener, org.springframework.test.context.event.ApplicationEventsTestExecutionListener, org.springframework.test.context.support.DependencyInjectionTestExecutionListener, org.springframework.test.context.support.DirtiesContextTestExecutionListener, org.springframework.test.context.transaction.TransactionalTestExecutionListener, org.springframework.test.context.jdbc.SqlScriptsTestExecutionListener, org.springframework.test.context.event.EventPublishingTestExecutionListener]
2022-07-13 19:53:43.561  INFO 38018 --- [    Test worker] .b.t.c.SpringBootTestContextBootstrapper : Using TestExecutionListeners: [org.springframework.test.context.web.ServletTestExecutionListener@7346bede, org.springframework.test.context.support.DirtiesContextBeforeModesTestExecutionListener@607c0933, org.springframework.test.context.event.ApplicationEventsTestExecutionListener@6cd75a1b, org.springframework.boot.test.mock.mockito.MockitoTestExecutionListener@2c9e3083, org.springframework.boot.test.autoconfigure.SpringBootDependencyInjectionTestExecutionListener@6a68cb80, org.springframework.test.context.support.DirtiesContextTestExecutionListener@6add626f, org.springframework.test.context.event.EventPublishingTestExecutionListener@3c0cfaad, org.springframework.boot.test.autoconfigure.restdocs.RestDocsTestExecutionListener@61cbcf87, org.springframework.boot.test.autoconfigure.web.client.MockRestServiceServerResetTestExecutionListener@4dd32cf5, org.springframework.boot.test.autoconfigure.web.servlet.MockMvcPrintOnlyOnFailureTestExecutionListener@4c1ce13a, org.springframework.boot.test.autoconfigure.web.servlet.WebDriverTestExecutionListener@179eb386, org.springframework.boot.test.autoconfigure.webservices.client.MockWebServiceServerTestExecutionListener@2896e105, org.springframework.boot.test.mock.mockito.ResetMocksTestExecutionListener@7c76d466]
2022-07-13 19:53:43.565  INFO 38018 --- [    Test worker] .b.t.c.SpringBootTestContextBootstrapper : Neither @ContextConfiguration nor @ContextHierarchy found for test class [com.globantx.cardinalevaluator.CucumberSpringConfiguration], using SpringBootContextLoader
2022-07-13 19:53:43.566  INFO 38018 --- [    Test worker] o.s.t.c.support.AbstractContextLoader    : Could not detect default resource locations for test class [com.globantx.cardinalevaluator.CucumberSpringConfiguration]: no resource found for suffixes {-context.xml, Context.groovy}.
2022-07-13 19:53:43.566  INFO 38018 --- [    Test worker] .b.t.c.SpringBootTestContextBootstrapper : Loaded default TestExecutionListener class names from location [META-INF/spring.factories]: [org.springframework.boot.test.autoconfigure.restdocs.RestDocsTestExecutionListener, org.springframework.boot.test.autoconfigure.web.client.MockRestServiceServerResetTestExecutionListener, org.springframework.boot.test.autoconfigure.web.servlet.MockMvcPrintOnlyOnFailureTestExecutionListener, org.springframework.boot.test.autoconfigure.web.servlet.WebDriverTestExecutionListener, org.springframework.boot.test.autoconfigure.webservices.client.MockWebServiceServerTestExecutionListener, org.springframework.boot.test.mock.mockito.MockitoTestExecutionListener, org.springframework.boot.test.mock.mockito.ResetMocksTestExecutionListener, org.springframework.test.context.web.ServletTestExecutionListener, org.springframework.test.context.support.DirtiesContextBeforeModesTestExecutionListener, org.springframework.test.context.event.ApplicationEventsTestExecutionListener, org.springframework.test.context.support.DependencyInjectionTestExecutionListener, org.springframework.test.context.support.DirtiesContextTestExecutionListener, org.springframework.test.context.transaction.TransactionalTestExecutionListener, org.springframework.test.context.jdbc.SqlScriptsTestExecutionListener, org.springframework.test.context.event.EventPublishingTestExecutionListener]
2022-07-13 19:53:43.567  INFO 38018 --- [    Test worker] .b.t.c.SpringBootTestContextBootstrapper : Using TestExecutionListeners: [org.springframework.test.context.web.ServletTestExecutionListener@3e5b32ca, org.springframework.test.context.support.DirtiesContextBeforeModesTestExecutionListener@6fe37577, org.springframework.test.context.event.ApplicationEventsTestExecutionListener@12bd2630, org.springframework.boot.test.mock.mockito.MockitoTestExecutionListener@1546a589, org.springframework.boot.test.autoconfigure.SpringBootDependencyInjectionTestExecutionListener@726c1889, org.springframework.test.context.support.DirtiesContextTestExecutionListener@6d0937e, org.springframework.test.context.event.EventPublishingTestExecutionListener@7da7a932, org.springframework.boot.test.autoconfigure.restdocs.RestDocsTestExecutionListener@5d6d21e2, org.springframework.boot.test.autoconfigure.web.client.MockRestServiceServerResetTestExecutionListener@4fd7c296, org.springframework.boot.test.autoconfigure.web.servlet.MockMvcPrintOnlyOnFailureTestExecutionListener@4d9ef371, org.springframework.boot.test.autoconfigure.web.servlet.WebDriverTestExecutionListener@d303dc9, org.springframework.boot.test.autoconfigure.webservices.client.MockWebServiceServerTestExecutionListener@39e67fbc, org.springframework.boot.test.mock.mockito.ResetMocksTestExecutionListener@4854c964]
2022-07-13 19:53:43.570  INFO 38018 --- [    Test worker] .b.t.c.SpringBootTestContextBootstrapper : Neither @ContextConfiguration nor @ContextHierarchy found for test class [com.globantx.cardinalevaluator.CucumberSpringConfiguration], using SpringBootContextLoader
2022-07-13 19:53:43.570  INFO 38018 --- [    Test worker] o.s.t.c.support.AbstractContextLoader    : Could not detect default resource locations for test class [com.globantx.cardinalevaluator.CucumberSpringConfiguration]: no resource found for suffixes {-context.xml, Context.groovy}.
2022-07-13 19:53:43.571  INFO 38018 --- [    Test worker] .b.t.c.SpringBootTestContextBootstrapper : Loaded default TestExecutionListener class names from location [META-INF/spring.factories]: [org.springframework.boot.test.autoconfigure.restdocs.RestDocsTestExecutionListener, org.springframework.boot.test.autoconfigure.web.client.MockRestServiceServerResetTestExecutionListener, org.springframework.boot.test.autoconfigure.web.servlet.MockMvcPrintOnlyOnFailureTestExecutionListener, org.springframework.boot.test.autoconfigure.web.servlet.WebDriverTestExecutionListener, org.springframework.boot.test.autoconfigure.webservices.client.MockWebServiceServerTestExecutionListener, org.springframework.boot.test.mock.mockito.MockitoTestExecutionListener, org.springframework.boot.test.mock.mockito.ResetMocksTestExecutionListener, org.springframework.test.context.web.ServletTestExecutionListener, org.springframework.test.context.support.DirtiesContextBeforeModesTestExecutionListener, org.springframework.test.context.event.ApplicationEventsTestExecutionListener, org.springframework.test.context.support.DependencyInjectionTestExecutionListener, org.springframework.test.context.support.DirtiesContextTestExecutionListener, org.springframework.test.context.transaction.TransactionalTestExecutionListener, org.springframework.test.context.jdbc.SqlScriptsTestExecutionListener, org.springframework.test.context.event.EventPublishingTestExecutionListener]
2022-07-13 19:53:43.571  INFO 38018 --- [    Test worker] .b.t.c.SpringBootTestContextBootstrapper : Using TestExecutionListeners: [org.springframework.test.context.web.ServletTestExecutionListener@726bbe64, org.springframework.test.context.support.DirtiesContextBeforeModesTestExecutionListener@7eb91b95, org.springframework.test.context.event.ApplicationEventsTestExecutionListener@74a89061, org.springframework.boot.test.mock.mockito.MockitoTestExecutionListener@1a596879, org.springframework.boot.test.autoconfigure.SpringBootDependencyInjectionTestExecutionListener@35ee7dc8, org.springframework.test.context.support.DirtiesContextTestExecutionListener@33dbd53, org.springframework.test.context.event.EventPublishingTestExecutionListener@33260ecd, org.springframework.boot.test.autoconfigure.restdocs.RestDocsTestExecutionListener@626db270, org.springframework.boot.test.autoconfigure.web.client.MockRestServiceServerResetTestExecutionListener@24ab83c8, org.springframework.boot.test.autoconfigure.web.servlet.MockMvcPrintOnlyOnFailureTestExecutionListener@4a92652b, org.springframework.boot.test.autoconfigure.web.servlet.WebDriverTestExecutionListener@49c15ad2, org.springframework.boot.test.autoconfigure.webservices.client.MockWebServiceServerTestExecutionListener@46309fa8, org.springframework.boot.test.mock.mockito.ResetMocksTestExecutionListener@3e7de165]
2022-07-13 19:53:43.575  INFO 38018 --- [    Test worker] .b.t.c.SpringBootTestContextBootstrapper : Neither @ContextConfiguration nor @ContextHierarchy found for test class [com.globantx.cardinalevaluator.CucumberSpringConfiguration], using SpringBootContextLoader
2022-07-13 19:53:43.575  INFO 38018 --- [    Test worker] o.s.t.c.support.AbstractContextLoader    : Could not detect default resource locations for test class [com.globantx.cardinalevaluator.CucumberSpringConfiguration]: no resource found for suffixes {-context.xml, Context.groovy}.
2022-07-13 19:53:43.577  INFO 38018 --- [    Test worker] .b.t.c.SpringBootTestContextBootstrapper : Loaded default TestExecutionListener class names from location [META-INF/spring.factories]: [org.springframework.boot.test.autoconfigure.restdocs.RestDocsTestExecutionListener, org.springframework.boot.test.autoconfigure.web.client.MockRestServiceServerResetTestExecutionListener, org.springframework.boot.test.autoconfigure.web.servlet.MockMvcPrintOnlyOnFailureTestExecutionListener, org.springframework.boot.test.autoconfigure.web.servlet.WebDriverTestExecutionListener, org.springframework.boot.test.autoconfigure.webservices.client.MockWebServiceServerTestExecutionListener, org.springframework.boot.test.mock.mockito.MockitoTestExecutionListener, org.springframework.boot.test.mock.mockito.ResetMocksTestExecutionListener, org.springframework.test.context.web.ServletTestExecutionListener, org.springframework.test.context.support.DirtiesContextBeforeModesTestExecutionListener, org.springframework.test.context.event.ApplicationEventsTestExecutionListener, org.springframework.test.context.support.DependencyInjectionTestExecutionListener, org.springframework.test.context.support.DirtiesContextTestExecutionListener, org.springframework.test.context.transaction.TransactionalTestExecutionListener, org.springframework.test.context.jdbc.SqlScriptsTestExecutionListener, org.springframework.test.context.event.EventPublishingTestExecutionListener]
2022-07-13 19:53:43.577  INFO 38018 --- [    Test worker] .b.t.c.SpringBootTestContextBootstrapper : Using TestExecutionListeners: [org.springframework.test.context.web.ServletTestExecutionListener@671f70bc, org.springframework.test.context.support.DirtiesContextBeforeModesTestExecutionListener@244ba147, org.springframework.test.context.event.ApplicationEventsTestExecutionListener@6644b7b9, org.springframework.boot.test.mock.mockito.MockitoTestExecutionListener@376314dd, org.springframework.boot.test.autoconfigure.SpringBootDependencyInjectionTestExecutionListener@2b65081d, org.springframework.test.context.support.DirtiesContextTestExecutionListener@525dd5af, org.springframework.test.context.event.EventPublishingTestExecutionListener@11675922, org.springframework.boot.test.autoconfigure.restdocs.RestDocsTestExecutionListener@3e0d722f, org.springframework.boot.test.autoconfigure.web.client.MockRestServiceServerResetTestExecutionListener@3d2bb013, org.springframework.boot.test.autoconfigure.web.servlet.MockMvcPrintOnlyOnFailureTestExecutionListener@167eab4, org.springframework.boot.test.autoconfigure.web.servlet.WebDriverTestExecutionListener@2a621df3, org.springframework.boot.test.autoconfigure.webservices.client.MockWebServiceServerTestExecutionListener@7fab8e9a, org.springframework.boot.test.mock.mockito.ResetMocksTestExecutionListener@1f600254]
2022-07-13 19:53:43.581  INFO 38018 --- [    Test worker] .b.t.c.SpringBootTestContextBootstrapper : Neither @ContextConfiguration nor @ContextHierarchy found for test class [com.globantx.cardinalevaluator.CucumberSpringConfiguration], using SpringBootContextLoader
2022-07-13 19:53:43.581  INFO 38018 --- [    Test worker] o.s.t.c.support.AbstractContextLoader    : Could not detect default resource locations for test class [com.globantx.cardinalevaluator.CucumberSpringConfiguration]: no resource found for suffixes {-context.xml, Context.groovy}.
2022-07-13 19:53:43.582  INFO 38018 --- [    Test worker] .b.t.c.SpringBootTestContextBootstrapper : Loaded default TestExecutionListener class names from location [META-INF/spring.factories]: [org.springframework.boot.test.autoconfigure.restdocs.RestDocsTestExecutionListener, org.springframework.boot.test.autoconfigure.web.client.MockRestServiceServerResetTestExecutionListener, org.springframework.boot.test.autoconfigure.web.servlet.MockMvcPrintOnlyOnFailureTestExecutionListener, org.springframework.boot.test.autoconfigure.web.servlet.WebDriverTestExecutionListener, org.springframework.boot.test.autoconfigure.webservices.client.MockWebServiceServerTestExecutionListener, org.springframework.boot.test.mock.mockito.MockitoTestExecutionListener, org.springframework.boot.test.mock.mockito.ResetMocksTestExecutionListener, org.springframework.test.context.web.ServletTestExecutionListener, org.springframework.test.context.support.DirtiesContextBeforeModesTestExecutionListener, org.springframework.test.context.event.ApplicationEventsTestExecutionListener, org.springframework.test.context.support.DependencyInjectionTestExecutionListener, org.springframework.test.context.support.DirtiesContextTestExecutionListener, org.springframework.test.context.transaction.TransactionalTestExecutionListener, org.springframework.test.context.jdbc.SqlScriptsTestExecutionListener, org.springframework.test.context.event.EventPublishingTestExecutionListener]
2022-07-13 19:53:43.582  INFO 38018 --- [    Test worker] .b.t.c.SpringBootTestContextBootstrapper : Using TestExecutionListeners: [org.springframework.test.context.web.ServletTestExecutionListener@21ec7946, org.springframework.test.context.support.DirtiesContextBeforeModesTestExecutionListener@1b5b650d, org.springframework.test.context.event.ApplicationEventsTestExecutionListener@38a7f7a2, org.springframework.boot.test.mock.mockito.MockitoTestExecutionListener@27ca3040, org.springframework.boot.test.autoconfigure.SpringBootDependencyInjectionTestExecutionListener@652e4bb6, org.springframework.test.context.support.DirtiesContextTestExecutionListener@251d3913, org.springframework.test.context.event.EventPublishingTestExecutionListener@2280c0f5, org.springframework.boot.test.autoconfigure.restdocs.RestDocsTestExecutionListener@543eacd5, org.springframework.boot.test.autoconfigure.web.client.MockRestServiceServerResetTestExecutionListener@435a2e1f, org.springframework.boot.test.autoconfigure.web.servlet.MockMvcPrintOnlyOnFailureTestExecutionListener@f4352c6, org.springframework.boot.test.autoconfigure.web.servlet.WebDriverTestExecutionListener@2b60acb3, org.springframework.boot.test.autoconfigure.webservices.client.MockWebServiceServerTestExecutionListener@a99f50e, org.springframework.boot.test.mock.mockito.ResetMocksTestExecutionListener@18211894]
2022-07-13 19:53:43.585  INFO 38018 --- [    Test worker] .b.t.c.SpringBootTestContextBootstrapper : Neither @ContextConfiguration nor @ContextHierarchy found for test class [com.globantx.cardinalevaluator.CucumberSpringConfiguration], using SpringBootContextLoader
2022-07-13 19:53:43.586  INFO 38018 --- [    Test worker] o.s.t.c.support.AbstractContextLoader    : Could not detect default resource locations for test class [com.globantx.cardinalevaluator.CucumberSpringConfiguration]: no resource found for suffixes {-context.xml, Context.groovy}.
2022-07-13 19:53:43.586  INFO 38018 --- [    Test worker] .b.t.c.SpringBootTestContextBootstrapper : Loaded default TestExecutionListener class names from location [META-INF/spring.factories]: [org.springframework.boot.test.autoconfigure.restdocs.RestDocsTestExecutionListener, org.springframework.boot.test.autoconfigure.web.client.MockRestServiceServerResetTestExecutionListener, org.springframework.boot.test.autoconfigure.web.servlet.MockMvcPrintOnlyOnFailureTestExecutionListener, org.springframework.boot.test.autoconfigure.web.servlet.WebDriverTestExecutionListener, org.springframework.boot.test.autoconfigure.webservices.client.MockWebServiceServerTestExecutionListener, org.springframework.boot.test.mock.mockito.MockitoTestExecutionListener, org.springframework.boot.test.mock.mockito.ResetMocksTestExecutionListener, org.springframework.test.context.web.ServletTestExecutionListener, org.springframework.test.context.support.DirtiesContextBeforeModesTestExecutionListener, org.springframework.test.context.event.ApplicationEventsTestExecutionListener, org.springframework.test.context.support.DependencyInjectionTestExecutionListener, org.springframework.test.context.support.DirtiesContextTestExecutionListener, org.springframework.test.context.transaction.TransactionalTestExecutionListener, org.springframework.test.context.jdbc.SqlScriptsTestExecutionListener, org.springframework.test.context.event.EventPublishingTestExecutionListener]
2022-07-13 19:53:43.587  INFO 38018 --- [    Test worker] .b.t.c.SpringBootTestContextBootstrapper : Using TestExecutionListeners: [org.springframework.test.context.web.ServletTestExecutionListener@d61ac34, org.springframework.test.context.support.DirtiesContextBeforeModesTestExecutionListener@234a8c1f, org.springframework.test.context.event.ApplicationEventsTestExecutionListener@663e2cfd, org.springframework.boot.test.mock.mockito.MockitoTestExecutionListener@76cb6d16, org.springframework.boot.test.autoconfigure.SpringBootDependencyInjectionTestExecutionListener@764b7ff7, org.springframework.test.context.support.DirtiesContextTestExecutionListener@1962f55, org.springframework.test.context.event.EventPublishingTestExecutionListener@16d8a25e, org.springframework.boot.test.autoconfigure.restdocs.RestDocsTestExecutionListener@3bd6ce4e, org.springframework.boot.test.autoconfigure.web.client.MockRestServiceServerResetTestExecutionListener@164fba04, org.springframework.boot.test.autoconfigure.web.servlet.MockMvcPrintOnlyOnFailureTestExecutionListener@2693d31f, org.springframework.boot.test.autoconfigure.web.servlet.WebDriverTestExecutionListener@750a4fc1, org.springframework.boot.test.autoconfigure.webservices.client.MockWebServiceServerTestExecutionListener@78235b90, org.springframework.boot.test.mock.mockito.ResetMocksTestExecutionListener@13d7410a]
2022-07-13 19:53:43.590  INFO 38018 --- [    Test worker] .b.t.c.SpringBootTestContextBootstrapper : Neither @ContextConfiguration nor @ContextHierarchy found for test class [com.globantx.cardinalevaluator.CucumberSpringConfiguration], using SpringBootContextLoader
2022-07-13 19:53:43.590  INFO 38018 --- [    Test worker] o.s.t.c.support.AbstractContextLoader    : Could not detect default resource locations for test class [com.globantx.cardinalevaluator.CucumberSpringConfiguration]: no resource found for suffixes {-context.xml, Context.groovy}.
2022-07-13 19:53:43.592  INFO 38018 --- [    Test worker] .b.t.c.SpringBootTestContextBootstrapper : Loaded default TestExecutionListener class names from location [META-INF/spring.factories]: [org.springframework.boot.test.autoconfigure.restdocs.RestDocsTestExecutionListener, org.springframework.boot.test.autoconfigure.web.client.MockRestServiceServerResetTestExecutionListener, org.springframework.boot.test.autoconfigure.web.servlet.MockMvcPrintOnlyOnFailureTestExecutionListener, org.springframework.boot.test.autoconfigure.web.servlet.WebDriverTestExecutionListener, org.springframework.boot.test.autoconfigure.webservices.client.MockWebServiceServerTestExecutionListener, org.springframework.boot.test.mock.mockito.MockitoTestExecutionListener, org.springframework.boot.test.mock.mockito.ResetMocksTestExecutionListener, org.springframework.test.context.web.ServletTestExecutionListener, org.springframework.test.context.support.DirtiesContextBeforeModesTestExecutionListener, org.springframework.test.context.event.ApplicationEventsTestExecutionListener, org.springframework.test.context.support.DependencyInjectionTestExecutionListener, org.springframework.test.context.support.DirtiesContextTestExecutionListener, org.springframework.test.context.transaction.TransactionalTestExecutionListener, org.springframework.test.context.jdbc.SqlScriptsTestExecutionListener, org.springframework.test.context.event.EventPublishingTestExecutionListener]
2022-07-13 19:53:43.592  INFO 38018 --- [    Test worker] .b.t.c.SpringBootTestContextBootstrapper : Using TestExecutionListeners: [org.springframework.test.context.web.ServletTestExecutionListener@2b647344, org.springframework.test.context.support.DirtiesContextBeforeModesTestExecutionListener@c3745ae, org.springframework.test.context.event.ApplicationEventsTestExecutionListener@6e2a6063, org.springframework.boot.test.mock.mockito.MockitoTestExecutionListener@47dcb3bd, org.springframework.boot.test.autoconfigure.SpringBootDependencyInjectionTestExecutionListener@4f2a0651, org.springframework.test.context.support.DirtiesContextTestExecutionListener@7986302f, org.springframework.test.context.event.EventPublishingTestExecutionListener@44126e04, org.springframework.boot.test.autoconfigure.restdocs.RestDocsTestExecutionListener@66716c60, org.springframework.boot.test.autoconfigure.web.client.MockRestServiceServerResetTestExecutionListener@79f6e671, org.springframework.boot.test.autoconfigure.web.servlet.MockMvcPrintOnlyOnFailureTestExecutionListener@31b9a628, org.springframework.boot.test.autoconfigure.web.servlet.WebDriverTestExecutionListener@668c8c55, org.springframework.boot.test.autoconfigure.webservices.client.MockWebServiceServerTestExecutionListener@bf3fe88, org.springframework.boot.test.mock.mockito.ResetMocksTestExecutionListener@45f854e9]
2022-07-13 19:53:43.595  INFO 38018 --- [    Test worker] .b.t.c.SpringBootTestContextBootstrapper : Neither @ContextConfiguration nor @ContextHierarchy found for test class [com.globantx.cardinalevaluator.CucumberSpringConfiguration], using SpringBootContextLoader
2022-07-13 19:53:43.595  INFO 38018 --- [    Test worker] o.s.t.c.support.AbstractContextLoader    : Could not detect default resource locations for test class [com.globantx.cardinalevaluator.CucumberSpringConfiguration]: no resource found for suffixes {-context.xml, Context.groovy}.
2022-07-13 19:53:43.596  INFO 38018 --- [    Test worker] .b.t.c.SpringBootTestContextBootstrapper : Loaded default TestExecutionListener class names from location [META-INF/spring.factories]: [org.springframework.boot.test.autoconfigure.restdocs.RestDocsTestExecutionListener, org.springframework.boot.test.autoconfigure.web.client.MockRestServiceServerResetTestExecutionListener, org.springframework.boot.test.autoconfigure.web.servlet.MockMvcPrintOnlyOnFailureTestExecutionListener, org.springframework.boot.test.autoconfigure.web.servlet.WebDriverTestExecutionListener, org.springframework.boot.test.autoconfigure.webservices.client.MockWebServiceServerTestExecutionListener, org.springframework.boot.test.mock.mockito.MockitoTestExecutionListener, org.springframework.boot.test.mock.mockito.ResetMocksTestExecutionListener, org.springframework.test.context.web.ServletTestExecutionListener, org.springframework.test.context.support.DirtiesContextBeforeModesTestExecutionListener, org.springframework.test.context.event.ApplicationEventsTestExecutionListener, org.springframework.test.context.support.DependencyInjectionTestExecutionListener, org.springframework.test.context.support.DirtiesContextTestExecutionListener, org.springframework.test.context.transaction.TransactionalTestExecutionListener, org.springframework.test.context.jdbc.SqlScriptsTestExecutionListener, org.springframework.test.context.event.EventPublishingTestExecutionListener]
2022-07-13 19:53:43.596  INFO 38018 --- [    Test worker] .b.t.c.SpringBootTestContextBootstrapper : Using TestExecutionListeners: [org.springframework.test.context.web.ServletTestExecutionListener@398c2298, org.springframework.test.context.support.DirtiesContextBeforeModesTestExecutionListener@3b60efd8, org.springframework.test.context.event.ApplicationEventsTestExecutionListener@2ff35182, org.springframework.boot.test.mock.mockito.MockitoTestExecutionListener@28ab0789, org.springframework.boot.test.autoconfigure.SpringBootDependencyInjectionTestExecutionListener@706b68e6, org.springframework.test.context.support.DirtiesContextTestExecutionListener@4c49471c, org.springframework.test.context.event.EventPublishingTestExecutionListener@79036056, org.springframework.boot.test.autoconfigure.restdocs.RestDocsTestExecutionListener@964a7b0, org.springframework.boot.test.autoconfigure.web.client.MockRestServiceServerResetTestExecutionListener@22e3d222, org.springframework.boot.test.autoconfigure.web.servlet.MockMvcPrintOnlyOnFailureTestExecutionListener@241410c5, org.springframework.boot.test.autoconfigure.web.servlet.WebDriverTestExecutionListener@46f7c5c1, org.springframework.boot.test.autoconfigure.webservices.client.MockWebServiceServerTestExecutionListener@6a82a388, org.springframework.boot.test.mock.mockito.ResetMocksTestExecutionListener@564c0e38]
2022-07-13 19:53:43.599  INFO 38018 --- [    Test worker] .b.t.c.SpringBootTestContextBootstrapper : Neither @ContextConfiguration nor @ContextHierarchy found for test class [com.globantx.cardinalevaluator.CucumberSpringConfiguration], using SpringBootContextLoader
2022-07-13 19:53:43.599  INFO 38018 --- [    Test worker] o.s.t.c.support.AbstractContextLoader    : Could not detect default resource locations for test class [com.globantx.cardinalevaluator.CucumberSpringConfiguration]: no resource found for suffixes {-context.xml, Context.groovy}.
2022-07-13 19:53:43.600  INFO 38018 --- [    Test worker] .b.t.c.SpringBootTestContextBootstrapper : Loaded default TestExecutionListener class names from location [META-INF/spring.factories]: [org.springframework.boot.test.autoconfigure.restdocs.RestDocsTestExecutionListener, org.springframework.boot.test.autoconfigure.web.client.MockRestServiceServerResetTestExecutionListener, org.springframework.boot.test.autoconfigure.web.servlet.MockMvcPrintOnlyOnFailureTestExecutionListener, org.springframework.boot.test.autoconfigure.web.servlet.WebDriverTestExecutionListener, org.springframework.boot.test.autoconfigure.webservices.client.MockWebServiceServerTestExecutionListener, org.springframework.boot.test.mock.mockito.MockitoTestExecutionListener, org.springframework.boot.test.mock.mockito.ResetMocksTestExecutionListener, org.springframework.test.context.web.ServletTestExecutionListener, org.springframework.test.context.support.DirtiesContextBeforeModesTestExecutionListener, org.springframework.test.context.event.ApplicationEventsTestExecutionListener, org.springframework.test.context.support.DependencyInjectionTestExecutionListener, org.springframework.test.context.support.DirtiesContextTestExecutionListener, org.springframework.test.context.transaction.TransactionalTestExecutionListener, org.springframework.test.context.jdbc.SqlScriptsTestExecutionListener, org.springframework.test.context.event.EventPublishingTestExecutionListener]
2022-07-13 19:53:43.600  INFO 38018 --- [    Test worker] .b.t.c.SpringBootTestContextBootstrapper : Using TestExecutionListeners: [org.springframework.test.context.web.ServletTestExecutionListener@525aae0c, org.springframework.test.context.support.DirtiesContextBeforeModesTestExecutionListener@2afba04b, org.springframework.test.context.event.ApplicationEventsTestExecutionListener@559ac87f, org.springframework.boot.test.mock.mockito.MockitoTestExecutionListener@6391313a, org.springframework.boot.test.autoconfigure.SpringBootDependencyInjectionTestExecutionListener@64bcd98a, org.springframework.test.context.support.DirtiesContextTestExecutionListener@1332d4ae, org.springframework.test.context.event.EventPublishingTestExecutionListener@10683f87, org.springframework.boot.test.autoconfigure.restdocs.RestDocsTestExecutionListener@7a9ad451, org.springframework.boot.test.autoconfigure.web.client.MockRestServiceServerResetTestExecutionListener@78682201, org.springframework.boot.test.autoconfigure.web.servlet.MockMvcPrintOnlyOnFailureTestExecutionListener@7d7a0e06, org.springframework.boot.test.autoconfigure.web.servlet.WebDriverTestExecutionListener@2c3f9229, org.springframework.boot.test.autoconfigure.webservices.client.MockWebServiceServerTestExecutionListener@abe3a3, org.springframework.boot.test.mock.mockito.ResetMocksTestExecutionListener@396ab19d]
2022-07-13 19:53:43.603  INFO 38018 --- [    Test worker] .b.t.c.SpringBootTestContextBootstrapper : Neither @ContextConfiguration nor @ContextHierarchy found for test class [com.globantx.cardinalevaluator.CucumberSpringConfiguration], using SpringBootContextLoader
2022-07-13 19:53:43.603  INFO 38018 --- [    Test worker] o.s.t.c.support.AbstractContextLoader    : Could not detect default resource locations for test class [com.globantx.cardinalevaluator.CucumberSpringConfiguration]: no resource found for suffixes {-context.xml, Context.groovy}.
2022-07-13 19:53:43.604  INFO 38018 --- [    Test worker] .b.t.c.SpringBootTestContextBootstrapper : Loaded default TestExecutionListener class names from location [META-INF/spring.factories]: [org.springframework.boot.test.autoconfigure.restdocs.RestDocsTestExecutionListener, org.springframework.boot.test.autoconfigure.web.client.MockRestServiceServerResetTestExecutionListener, org.springframework.boot.test.autoconfigure.web.servlet.MockMvcPrintOnlyOnFailureTestExecutionListener, org.springframework.boot.test.autoconfigure.web.servlet.WebDriverTestExecutionListener, org.springframework.boot.test.autoconfigure.webservices.client.MockWebServiceServerTestExecutionListener, org.springframework.boot.test.mock.mockito.MockitoTestExecutionListener, org.springframework.boot.test.mock.mockito.ResetMocksTestExecutionListener, org.springframework.test.context.web.ServletTestExecutionListener, org.springframework.test.context.support.DirtiesContextBeforeModesTestExecutionListener, org.springframework.test.context.event.ApplicationEventsTestExecutionListener, org.springframework.test.context.support.DependencyInjectionTestExecutionListener, org.springframework.test.context.support.DirtiesContextTestExecutionListener, org.springframework.test.context.transaction.TransactionalTestExecutionListener, org.springframework.test.context.jdbc.SqlScriptsTestExecutionListener, org.springframework.test.context.event.EventPublishingTestExecutionListener]
2022-07-13 19:53:43.604  INFO 38018 --- [    Test worker] .b.t.c.SpringBootTestContextBootstrapper : Using TestExecutionListeners: [org.springframework.test.context.web.ServletTestExecutionListener@14cd9288, org.springframework.test.context.support.DirtiesContextBeforeModesTestExecutionListener@4433e4e2, org.springframework.test.context.event.ApplicationEventsTestExecutionListener@1bdaa13c, org.springframework.boot.test.mock.mockito.MockitoTestExecutionListener@77d01d83, org.springframework.boot.test.autoconfigure.SpringBootDependencyInjectionTestExecutionListener@ff18823, org.springframework.test.context.support.DirtiesContextTestExecutionListener@543e79cb, org.springframework.test.context.event.EventPublishingTestExecutionListener@1a23e131, org.springframework.boot.test.autoconfigure.restdocs.RestDocsTestExecutionListener@6d68cbf3, org.springframework.boot.test.autoconfigure.web.client.MockRestServiceServerResetTestExecutionListener@6edbf6ed, org.springframework.boot.test.autoconfigure.web.servlet.MockMvcPrintOnlyOnFailureTestExecutionListener@498c3adc, org.springframework.boot.test.autoconfigure.web.servlet.WebDriverTestExecutionListener@4c2370b5, org.springframework.boot.test.autoconfigure.webservices.client.MockWebServiceServerTestExecutionListener@67bf0d91, org.springframework.boot.test.mock.mockito.ResetMocksTestExecutionListener@56e2f315]
2022-07-13 19:53:43.607  INFO 38018 --- [    Test worker] .b.t.c.SpringBootTestContextBootstrapper : Neither @ContextConfiguration nor @ContextHierarchy found for test class [com.globantx.cardinalevaluator.CucumberSpringConfiguration], using SpringBootContextLoader
2022-07-13 19:53:43.607  INFO 38018 --- [    Test worker] o.s.t.c.support.AbstractContextLoader    : Could not detect default resource locations for test class [com.globantx.cardinalevaluator.CucumberSpringConfiguration]: no resource found for suffixes {-context.xml, Context.groovy}.
2022-07-13 19:53:43.608  INFO 38018 --- [    Test worker] .b.t.c.SpringBootTestContextBootstrapper : Loaded default TestExecutionListener class names from location [META-INF/spring.factories]: [org.springframework.boot.test.autoconfigure.restdocs.RestDocsTestExecutionListener, org.springframework.boot.test.autoconfigure.web.client.MockRestServiceServerResetTestExecutionListener, org.springframework.boot.test.autoconfigure.web.servlet.MockMvcPrintOnlyOnFailureTestExecutionListener, org.springframework.boot.test.autoconfigure.web.servlet.WebDriverTestExecutionListener, org.springframework.boot.test.autoconfigure.webservices.client.MockWebServiceServerTestExecutionListener, org.springframework.boot.test.mock.mockito.MockitoTestExecutionListener, org.springframework.boot.test.mock.mockito.ResetMocksTestExecutionListener, org.springframework.test.context.web.ServletTestExecutionListener, org.springframework.test.context.support.DirtiesContextBeforeModesTestExecutionListener, org.springframework.test.context.event.ApplicationEventsTestExecutionListener, org.springframework.test.context.support.DependencyInjectionTestExecutionListener, org.springframework.test.context.support.DirtiesContextTestExecutionListener, org.springframework.test.context.transaction.TransactionalTestExecutionListener, org.springframework.test.context.jdbc.SqlScriptsTestExecutionListener, org.springframework.test.context.event.EventPublishingTestExecutionListener]
2022-07-13 19:53:43.608  INFO 38018 --- [    Test worker] .b.t.c.SpringBootTestContextBootstrapper : Using TestExecutionListeners: [org.springframework.test.context.web.ServletTestExecutionListener@7e9079cf, org.springframework.test.context.support.DirtiesContextBeforeModesTestExecutionListener@29e10870, org.springframework.test.context.event.ApplicationEventsTestExecutionListener@36ad4b58, org.springframework.boot.test.mock.mockito.MockitoTestExecutionListener@77966cc3, org.springframework.boot.test.autoconfigure.SpringBootDependencyInjectionTestExecutionListener@a353dff, org.springframework.test.context.support.DirtiesContextTestExecutionListener@2b360641, org.springframework.test.context.event.EventPublishingTestExecutionListener@779d7ff4, org.springframework.boot.test.autoconfigure.restdocs.RestDocsTestExecutionListener@33a9f5b0, org.springframework.boot.test.autoconfigure.web.client.MockRestServiceServerResetTestExecutionListener@1050fcff, org.springframework.boot.test.autoconfigure.web.servlet.MockMvcPrintOnlyOnFailureTestExecutionListener@bcfe4ba, org.springframework.boot.test.autoconfigure.web.servlet.WebDriverTestExecutionListener@173158e8, org.springframework.boot.test.autoconfigure.webservices.client.MockWebServiceServerTestExecutionListener@6bc93bcb, org.springframework.boot.test.mock.mockito.ResetMocksTestExecutionListener@7c698549]
2022-07-13 19:53:43.610  INFO 38018 --- [    Test worker] .b.t.c.SpringBootTestContextBootstrapper : Neither @ContextConfiguration nor @ContextHierarchy found for test class [com.globantx.cardinalevaluator.CucumberSpringConfiguration], using SpringBootContextLoader
2022-07-13 19:53:43.611  INFO 38018 --- [    Test worker] o.s.t.c.support.AbstractContextLoader    : Could not detect default resource locations for test class [com.globantx.cardinalevaluator.CucumberSpringConfiguration]: no resource found for suffixes {-context.xml, Context.groovy}.
2022-07-13 19:53:43.611  INFO 38018 --- [    Test worker] .b.t.c.SpringBootTestContextBootstrapper : Loaded default TestExecutionListener class names from location [META-INF/spring.factories]: [org.springframework.boot.test.autoconfigure.restdocs.RestDocsTestExecutionListener, org.springframework.boot.test.autoconfigure.web.client.MockRestServiceServerResetTestExecutionListener, org.springframework.boot.test.autoconfigure.web.servlet.MockMvcPrintOnlyOnFailureTestExecutionListener, org.springframework.boot.test.autoconfigure.web.servlet.WebDriverTestExecutionListener, org.springframework.boot.test.autoconfigure.webservices.client.MockWebServiceServerTestExecutionListener, org.springframework.boot.test.mock.mockito.MockitoTestExecutionListener, org.springframework.boot.test.mock.mockito.ResetMocksTestExecutionListener, org.springframework.test.context.web.ServletTestExecutionListener, org.springframework.test.context.support.DirtiesContextBeforeModesTestExecutionListener, org.springframework.test.context.event.ApplicationEventsTestExecutionListener, org.springframework.test.context.support.DependencyInjectionTestExecutionListener, org.springframework.test.context.support.DirtiesContextTestExecutionListener, org.springframework.test.context.transaction.TransactionalTestExecutionListener, org.springframework.test.context.jdbc.SqlScriptsTestExecutionListener, org.springframework.test.context.event.EventPublishingTestExecutionListener]
2022-07-13 19:53:43.612  INFO 38018 --- [    Test worker] .b.t.c.SpringBootTestContextBootstrapper : Using TestExecutionListeners: [org.springframework.test.context.web.ServletTestExecutionListener@8f7544a, org.springframework.test.context.support.DirtiesContextBeforeModesTestExecutionListener@151cbba4, org.springframework.test.context.event.ApplicationEventsTestExecutionListener@3729cdaf, org.springframework.boot.test.mock.mockito.MockitoTestExecutionListener@75a45ce, org.springframework.boot.test.autoconfigure.SpringBootDependencyInjectionTestExecutionListener@35bd146b, org.springframework.test.context.support.DirtiesContextTestExecutionListener@458c58e3, org.springframework.test.context.event.EventPublishingTestExecutionListener@3cb1a148, org.springframework.boot.test.autoconfigure.restdocs.RestDocsTestExecutionListener@6910e725, org.springframework.boot.test.autoconfigure.web.client.MockRestServiceServerResetTestExecutionListener@3453a820, org.springframework.boot.test.autoconfigure.web.servlet.MockMvcPrintOnlyOnFailureTestExecutionListener@133fb509, org.springframework.boot.test.autoconfigure.web.servlet.WebDriverTestExecutionListener@2235fdc7, org.springframework.boot.test.autoconfigure.webservices.client.MockWebServiceServerTestExecutionListener@4c721f6b, org.springframework.boot.test.mock.mockito.ResetMocksTestExecutionListener@6549ac6d]
2022-07-13 19:53:43.615  INFO 38018 --- [    Test worker] .b.t.c.SpringBootTestContextBootstrapper : Neither @ContextConfiguration nor @ContextHierarchy found for test class [com.globantx.cardinalevaluator.CucumberSpringConfiguration], using SpringBootContextLoader
2022-07-13 19:53:43.616  INFO 38018 --- [    Test worker] o.s.t.c.support.AbstractContextLoader    : Could not detect default resource locations for test class [com.globantx.cardinalevaluator.CucumberSpringConfiguration]: no resource found for suffixes {-context.xml, Context.groovy}.
2022-07-13 19:53:43.616  INFO 38018 --- [    Test worker] .b.t.c.SpringBootTestContextBootstrapper : Loaded default TestExecutionListener class names from location [META-INF/spring.factories]: [org.springframework.boot.test.autoconfigure.restdocs.RestDocsTestExecutionListener, org.springframework.boot.test.autoconfigure.web.client.MockRestServiceServerResetTestExecutionListener, org.springframework.boot.test.autoconfigure.web.servlet.MockMvcPrintOnlyOnFailureTestExecutionListener, org.springframework.boot.test.autoconfigure.web.servlet.WebDriverTestExecutionListener, org.springframework.boot.test.autoconfigure.webservices.client.MockWebServiceServerTestExecutionListener, org.springframework.boot.test.mock.mockito.MockitoTestExecutionListener, org.springframework.boot.test.mock.mockito.ResetMocksTestExecutionListener, org.springframework.test.context.web.ServletTestExecutionListener, org.springframework.test.context.support.DirtiesContextBeforeModesTestExecutionListener, org.springframework.test.context.event.ApplicationEventsTestExecutionListener, org.springframework.test.context.support.DependencyInjectionTestExecutionListener, org.springframework.test.context.support.DirtiesContextTestExecutionListener, org.springframework.test.context.transaction.TransactionalTestExecutionListener, org.springframework.test.context.jdbc.SqlScriptsTestExecutionListener, org.springframework.test.context.event.EventPublishingTestExecutionListener]
2022-07-13 19:53:43.617  INFO 38018 --- [    Test worker] .b.t.c.SpringBootTestContextBootstrapper : Using TestExecutionListeners: [org.springframework.test.context.web.ServletTestExecutionListener@bb0ca30, org.springframework.test.context.support.DirtiesContextBeforeModesTestExecutionListener@6e6d544, org.springframework.test.context.event.ApplicationEventsTestExecutionListener@5ab30bb4, org.springframework.boot.test.mock.mockito.MockitoTestExecutionListener@72b1ee4b, org.springframework.boot.test.autoconfigure.SpringBootDependencyInjectionTestExecutionListener@7fdd4b67, org.springframework.test.context.support.DirtiesContextTestExecutionListener@4f21ed2d, org.springframework.test.context.event.EventPublishingTestExecutionListener@d0da1d6, org.springframework.boot.test.autoconfigure.restdocs.RestDocsTestExecutionListener@7033c58a, org.springframework.boot.test.autoconfigure.web.client.MockRestServiceServerResetTestExecutionListener@65a03e98, org.springframework.boot.test.autoconfigure.web.servlet.MockMvcPrintOnlyOnFailureTestExecutionListener@25a8ff84, org.springframework.boot.test.autoconfigure.web.servlet.WebDriverTestExecutionListener@454be9f6, org.springframework.boot.test.autoconfigure.webservices.client.MockWebServiceServerTestExecutionListener@2bba7b40, org.springframework.boot.test.mock.mockito.ResetMocksTestExecutionListener@4f8ad451]
2022-07-13 19:53:43.620  INFO 38018 --- [    Test worker] .b.t.c.SpringBootTestContextBootstrapper : Neither @ContextConfiguration nor @ContextHierarchy found for test class [com.globantx.cardinalevaluator.CucumberSpringConfiguration], using SpringBootContextLoader
2022-07-13 19:53:43.620  INFO 38018 --- [    Test worker] o.s.t.c.support.AbstractContextLoader    : Could not detect default resource locations for test class [com.globantx.cardinalevaluator.CucumberSpringConfiguration]: no resource found for suffixes {-context.xml, Context.groovy}.
2022-07-13 19:53:43.621  INFO 38018 --- [    Test worker] .b.t.c.SpringBootTestContextBootstrapper : Loaded default TestExecutionListener class names from location [META-INF/spring.factories]: [org.springframework.boot.test.autoconfigure.restdocs.RestDocsTestExecutionListener, org.springframework.boot.test.autoconfigure.web.client.MockRestServiceServerResetTestExecutionListener, org.springframework.boot.test.autoconfigure.web.servlet.MockMvcPrintOnlyOnFailureTestExecutionListener, org.springframework.boot.test.autoconfigure.web.servlet.WebDriverTestExecutionListener, org.springframework.boot.test.autoconfigure.webservices.client.MockWebServiceServerTestExecutionListener, org.springframework.boot.test.mock.mockito.MockitoTestExecutionListener, org.springframework.boot.test.mock.mockito.ResetMocksTestExecutionListener, org.springframework.test.context.web.ServletTestExecutionListener, org.springframework.test.context.support.DirtiesContextBeforeModesTestExecutionListener, org.springframework.test.context.event.ApplicationEventsTestExecutionListener, org.springframework.test.context.support.DependencyInjectionTestExecutionListener, org.springframework.test.context.support.DirtiesContextTestExecutionListener, org.springframework.test.context.transaction.TransactionalTestExecutionListener, org.springframework.test.context.jdbc.SqlScriptsTestExecutionListener, org.springframework.test.context.event.EventPublishingTestExecutionListener]
2022-07-13 19:53:43.622  INFO 38018 --- [    Test worker] .b.t.c.SpringBootTestContextBootstrapper : Using TestExecutionListeners: [org.springframework.test.context.web.ServletTestExecutionListener@2dbc56fb, org.springframework.test.context.support.DirtiesContextBeforeModesTestExecutionListener@37220ee3, org.springframework.test.context.event.ApplicationEventsTestExecutionListener@4fba033c, org.springframework.boot.test.mock.mockito.MockitoTestExecutionListener@568b7ec6, org.springframework.boot.test.autoconfigure.SpringBootDependencyInjectionTestExecutionListener@194ff162, org.springframework.test.context.support.DirtiesContextTestExecutionListener@3ebda1be, org.springframework.test.context.event.EventPublishingTestExecutionListener@2181e6b6, org.springframework.boot.test.autoconfigure.restdocs.RestDocsTestExecutionListener@2cf1c10e, org.springframework.boot.test.autoconfigure.web.client.MockRestServiceServerResetTestExecutionListener@4ad3f113, org.springframework.boot.test.autoconfigure.web.servlet.MockMvcPrintOnlyOnFailureTestExecutionListener@19b019a6, org.springframework.boot.test.autoconfigure.web.servlet.WebDriverTestExecutionListener@37aae870, org.springframework.boot.test.autoconfigure.webservices.client.MockWebServiceServerTestExecutionListener@1571a63a, org.springframework.boot.test.mock.mockito.ResetMocksTestExecutionListener@40ff96ee]
2022-07-13 19:53:43.625  INFO 38018 --- [    Test worker] .b.t.c.SpringBootTestContextBootstrapper : Neither @ContextConfiguration nor @ContextHierarchy found for test class [com.globantx.cardinalevaluator.CucumberSpringConfiguration], using SpringBootContextLoader
2022-07-13 19:53:43.626  INFO 38018 --- [    Test worker] o.s.t.c.support.AbstractContextLoader    : Could not detect default resource locations for test class [com.globantx.cardinalevaluator.CucumberSpringConfiguration]: no resource found for suffixes {-context.xml, Context.groovy}.
2022-07-13 19:53:43.627  INFO 38018 --- [    Test worker] .b.t.c.SpringBootTestContextBootstrapper : Loaded default TestExecutionListener class names from location [META-INF/spring.factories]: [org.springframework.boot.test.autoconfigure.restdocs.RestDocsTestExecutionListener, org.springframework.boot.test.autoconfigure.web.client.MockRestServiceServerResetTestExecutionListener, org.springframework.boot.test.autoconfigure.web.servlet.MockMvcPrintOnlyOnFailureTestExecutionListener, org.springframework.boot.test.autoconfigure.web.servlet.WebDriverTestExecutionListener, org.springframework.boot.test.autoconfigure.webservices.client.MockWebServiceServerTestExecutionListener, org.springframework.boot.test.mock.mockito.MockitoTestExecutionListener, org.springframework.boot.test.mock.mockito.ResetMocksTestExecutionListener, org.springframework.test.context.web.ServletTestExecutionListener, org.springframework.test.context.support.DirtiesContextBeforeModesTestExecutionListener, org.springframework.test.context.event.ApplicationEventsTestExecutionListener, org.springframework.test.context.support.DependencyInjectionTestExecutionListener, org.springframework.test.context.support.DirtiesContextTestExecutionListener, org.springframework.test.context.transaction.TransactionalTestExecutionListener, org.springframework.test.context.jdbc.SqlScriptsTestExecutionListener, org.springframework.test.context.event.EventPublishingTestExecutionListener]
2022-07-13 19:53:43.627  INFO 38018 --- [    Test worker] .b.t.c.SpringBootTestContextBootstrapper : Using TestExecutionListeners: [org.springframework.test.context.web.ServletTestExecutionListener@599bda7e, org.springframework.test.context.support.DirtiesContextBeforeModesTestExecutionListener@39124055, org.springframework.test.context.event.ApplicationEventsTestExecutionListener@21ca613b, org.springframework.boot.test.mock.mockito.MockitoTestExecutionListener@1dbecb0a, org.springframework.boot.test.autoconfigure.SpringBootDependencyInjectionTestExecutionListener@1af1aae9, org.springframework.test.context.support.DirtiesContextTestExecutionListener@31ca510a, org.springframework.test.context.event.EventPublishingTestExecutionListener@437b2db1, org.springframework.boot.test.autoconfigure.restdocs.RestDocsTestExecutionListener@2876584f, org.springframework.boot.test.autoconfigure.web.client.MockRestServiceServerResetTestExecutionListener@3f47094a, org.springframework.boot.test.autoconfigure.web.servlet.MockMvcPrintOnlyOnFailureTestExecutionListener@5c664da9, org.springframework.boot.test.autoconfigure.web.servlet.WebDriverTestExecutionListener@46eaf531, org.springframework.boot.test.autoconfigure.webservices.client.MockWebServiceServerTestExecutionListener@5c447983, org.springframework.boot.test.mock.mockito.ResetMocksTestExecutionListener@5b4e3618]
2022-07-13 19:53:43.631  INFO 38018 --- [    Test worker] .b.t.c.SpringBootTestContextBootstrapper : Neither @ContextConfiguration nor @ContextHierarchy found for test class [com.globantx.cardinalevaluator.CucumberSpringConfiguration], using SpringBootContextLoader
2022-07-13 19:53:43.632  INFO 38018 --- [    Test worker] o.s.t.c.support.AbstractContextLoader    : Could not detect default resource locations for test class [com.globantx.cardinalevaluator.CucumberSpringConfiguration]: no resource found for suffixes {-context.xml, Context.groovy}.
2022-07-13 19:53:43.633  INFO 38018 --- [    Test worker] .b.t.c.SpringBootTestContextBootstrapper : Loaded default TestExecutionListener class names from location [META-INF/spring.factories]: [org.springframework.boot.test.autoconfigure.restdocs.RestDocsTestExecutionListener, org.springframework.boot.test.autoconfigure.web.client.MockRestServiceServerResetTestExecutionListener, org.springframework.boot.test.autoconfigure.web.servlet.MockMvcPrintOnlyOnFailureTestExecutionListener, org.springframework.boot.test.autoconfigure.web.servlet.WebDriverTestExecutionListener, org.springframework.boot.test.autoconfigure.webservices.client.MockWebServiceServerTestExecutionListener, org.springframework.boot.test.mock.mockito.MockitoTestExecutionListener, org.springframework.boot.test.mock.mockito.ResetMocksTestExecutionListener, org.springframework.test.context.web.ServletTestExecutionListener, org.springframework.test.context.support.DirtiesContextBeforeModesTestExecutionListener, org.springframework.test.context.event.ApplicationEventsTestExecutionListener, org.springframework.test.context.support.DependencyInjectionTestExecutionListener, org.springframework.test.context.support.DirtiesContextTestExecutionListener, org.springframework.test.context.transaction.TransactionalTestExecutionListener, org.springframework.test.context.jdbc.SqlScriptsTestExecutionListener, org.springframework.test.context.event.EventPublishingTestExecutionListener]
2022-07-13 19:53:43.633  INFO 38018 --- [    Test worker] .b.t.c.SpringBootTestContextBootstrapper : Using TestExecutionListeners: [org.springframework.test.context.web.ServletTestExecutionListener@352b23dd, org.springframework.test.context.support.DirtiesContextBeforeModesTestExecutionListener@24f90b34, org.springframework.test.context.event.ApplicationEventsTestExecutionListener@5b8ee649, org.springframework.boot.test.mock.mockito.MockitoTestExecutionListener@71daf5d6, org.springframework.boot.test.autoconfigure.SpringBootDependencyInjectionTestExecutionListener@1d0305fb, org.springframework.test.context.support.DirtiesContextTestExecutionListener@714f1dc4, org.springframework.test.context.event.EventPublishingTestExecutionListener@5d5f010a, org.springframework.boot.test.autoconfigure.restdocs.RestDocsTestExecutionListener@7b8d2b32, org.springframework.boot.test.autoconfigure.web.client.MockRestServiceServerResetTestExecutionListener@7e24d565, org.springframework.boot.test.autoconfigure.web.servlet.MockMvcPrintOnlyOnFailureTestExecutionListener@778c5658, org.springframework.boot.test.autoconfigure.web.servlet.WebDriverTestExecutionListener@52fe4ef2, org.springframework.boot.test.autoconfigure.webservices.client.MockWebServiceServerTestExecutionListener@40383b24, org.springframework.boot.test.mock.mockito.ResetMocksTestExecutionListener@186f51bb]
2022-07-13 19:53:43.637  INFO 38018 --- [    Test worker] .b.t.c.SpringBootTestContextBootstrapper : Neither @ContextConfiguration nor @ContextHierarchy found for test class [com.globantx.cardinalevaluator.CucumberSpringConfiguration], using SpringBootContextLoader
2022-07-13 19:53:43.637  INFO 38018 --- [    Test worker] o.s.t.c.support.AbstractContextLoader    : Could not detect default resource locations for test class [com.globantx.cardinalevaluator.CucumberSpringConfiguration]: no resource found for suffixes {-context.xml, Context.groovy}.
2022-07-13 19:53:43.638  INFO 38018 --- [    Test worker] .b.t.c.SpringBootTestContextBootstrapper : Loaded default TestExecutionListener class names from location [META-INF/spring.factories]: [org.springframework.boot.test.autoconfigure.restdocs.RestDocsTestExecutionListener, org.springframework.boot.test.autoconfigure.web.client.MockRestServiceServerResetTestExecutionListener, org.springframework.boot.test.autoconfigure.web.servlet.MockMvcPrintOnlyOnFailureTestExecutionListener, org.springframework.boot.test.autoconfigure.web.servlet.WebDriverTestExecutionListener, org.springframework.boot.test.autoconfigure.webservices.client.MockWebServiceServerTestExecutionListener, org.springframework.boot.test.mock.mockito.MockitoTestExecutionListener, org.springframework.boot.test.mock.mockito.ResetMocksTestExecutionListener, org.springframework.test.context.web.ServletTestExecutionListener, org.springframework.test.context.support.DirtiesContextBeforeModesTestExecutionListener, org.springframework.test.context.event.ApplicationEventsTestExecutionListener, org.springframework.test.context.support.DependencyInjectionTestExecutionListener, org.springframework.test.context.support.DirtiesContextTestExecutionListener, org.springframework.test.context.transaction.TransactionalTestExecutionListener, org.springframework.test.context.jdbc.SqlScriptsTestExecutionListener, org.springframework.test.context.event.EventPublishingTestExecutionListener]
2022-07-13 19:53:43.638  INFO 38018 --- [    Test worker] .b.t.c.SpringBootTestContextBootstrapper : Using TestExecutionListeners: [org.springframework.test.context.web.ServletTestExecutionListener@dc4fa78, org.springframework.test.context.support.DirtiesContextBeforeModesTestExecutionListener@2d6dbcec, org.springframework.test.context.event.ApplicationEventsTestExecutionListener@2c8d537e, org.springframework.boot.test.mock.mockito.MockitoTestExecutionListener@4e0d2ddd, org.springframework.boot.test.autoconfigure.SpringBootDependencyInjectionTestExecutionListener@64b0195e, org.springframework.test.context.support.DirtiesContextTestExecutionListener@24fa43f8, org.springframework.test.context.event.EventPublishingTestExecutionListener@622ae2ba, org.springframework.boot.test.autoconfigure.restdocs.RestDocsTestExecutionListener@45ee48e7, org.springframework.boot.test.autoconfigure.web.client.MockRestServiceServerResetTestExecutionListener@2170c3ed, org.springframework.boot.test.autoconfigure.web.servlet.MockMvcPrintOnlyOnFailureTestExecutionListener@57e3a1b8, org.springframework.boot.test.autoconfigure.web.servlet.WebDriverTestExecutionListener@62e9a6cc, org.springframework.boot.test.autoconfigure.webservices.client.MockWebServiceServerTestExecutionListener@55f77306, org.springframework.boot.test.mock.mockito.ResetMocksTestExecutionListener@723fadfe]
2022-07-13 19:53:43.642  INFO 38018 --- [    Test worker] .b.t.c.SpringBootTestContextBootstrapper : Neither @ContextConfiguration nor @ContextHierarchy found for test class [com.globantx.cardinalevaluator.CucumberSpringConfiguration], using SpringBootContextLoader
2022-07-13 19:53:43.642  INFO 38018 --- [    Test worker] o.s.t.c.support.AbstractContextLoader    : Could not detect default resource locations for test class [com.globantx.cardinalevaluator.CucumberSpringConfiguration]: no resource found for suffixes {-context.xml, Context.groovy}.
2022-07-13 19:53:43.643  INFO 38018 --- [    Test worker] .b.t.c.SpringBootTestContextBootstrapper : Loaded default TestExecutionListener class names from location [META-INF/spring.factories]: [org.springframework.boot.test.autoconfigure.restdocs.RestDocsTestExecutionListener, org.springframework.boot.test.autoconfigure.web.client.MockRestServiceServerResetTestExecutionListener, org.springframework.boot.test.autoconfigure.web.servlet.MockMvcPrintOnlyOnFailureTestExecutionListener, org.springframework.boot.test.autoconfigure.web.servlet.WebDriverTestExecutionListener, org.springframework.boot.test.autoconfigure.webservices.client.MockWebServiceServerTestExecutionListener, org.springframework.boot.test.mock.mockito.MockitoTestExecutionListener, org.springframework.boot.test.mock.mockito.ResetMocksTestExecutionListener, org.springframework.test.context.web.ServletTestExecutionListener, org.springframework.test.context.support.DirtiesContextBeforeModesTestExecutionListener, org.springframework.test.context.event.ApplicationEventsTestExecutionListener, org.springframework.test.context.support.DependencyInjectionTestExecutionListener, org.springframework.test.context.support.DirtiesContextTestExecutionListener, org.springframework.test.context.transaction.TransactionalTestExecutionListener, org.springframework.test.context.jdbc.SqlScriptsTestExecutionListener, org.springframework.test.context.event.EventPublishingTestExecutionListener]
2022-07-13 19:53:43.644  INFO 38018 --- [    Test worker] .b.t.c.SpringBootTestContextBootstrapper : Using TestExecutionListeners: [org.springframework.test.context.web.ServletTestExecutionListener@389b2c60, org.springframework.test.context.support.DirtiesContextBeforeModesTestExecutionListener@176b3279, org.springframework.test.context.event.ApplicationEventsTestExecutionListener@796a1cd1, org.springframework.boot.test.mock.mockito.MockitoTestExecutionListener@76b51e5f, org.springframework.boot.test.autoconfigure.SpringBootDependencyInjectionTestExecutionListener@17acd4c5, org.springframework.test.context.support.DirtiesContextTestExecutionListener@591ad4b3, org.springframework.test.context.event.EventPublishingTestExecutionListener@70bfc7d5, org.springframework.boot.test.autoconfigure.restdocs.RestDocsTestExecutionListener@2ea6687b, org.springframework.boot.test.autoconfigure.web.client.MockRestServiceServerResetTestExecutionListener@5fdd9b96, org.springframework.boot.test.autoconfigure.web.servlet.MockMvcPrintOnlyOnFailureTestExecutionListener@50ed6392, org.springframework.boot.test.autoconfigure.web.servlet.WebDriverTestExecutionListener@5ee29735, org.springframework.boot.test.autoconfigure.webservices.client.MockWebServiceServerTestExecutionListener@431ac922, org.springframework.boot.test.mock.mockito.ResetMocksTestExecutionListener@70a8ebfc]
2022-07-13 19:53:43.646  INFO 38018 --- [    Test worker] .b.t.c.SpringBootTestContextBootstrapper : Neither @ContextConfiguration nor @ContextHierarchy found for test class [com.globantx.cardinalevaluator.CucumberSpringConfiguration], using SpringBootContextLoader
2022-07-13 19:53:43.647  INFO 38018 --- [    Test worker] o.s.t.c.support.AbstractContextLoader    : Could not detect default resource locations for test class [com.globantx.cardinalevaluator.CucumberSpringConfiguration]: no resource found for suffixes {-context.xml, Context.groovy}.
2022-07-13 19:53:43.647  INFO 38018 --- [    Test worker] .b.t.c.SpringBootTestContextBootstrapper : Loaded default TestExecutionListener class names from location [META-INF/spring.factories]: [org.springframework.boot.test.autoconfigure.restdocs.RestDocsTestExecutionListener, org.springframework.boot.test.autoconfigure.web.client.MockRestServiceServerResetTestExecutionListener, org.springframework.boot.test.autoconfigure.web.servlet.MockMvcPrintOnlyOnFailureTestExecutionListener, org.springframework.boot.test.autoconfigure.web.servlet.WebDriverTestExecutionListener, org.springframework.boot.test.autoconfigure.webservices.client.MockWebServiceServerTestExecutionListener, org.springframework.boot.test.mock.mockito.MockitoTestExecutionListener, org.springframework.boot.test.mock.mockito.ResetMocksTestExecutionListener, org.springframework.test.context.web.ServletTestExecutionListener, org.springframework.test.context.support.DirtiesContextBeforeModesTestExecutionListener, org.springframework.test.context.event.ApplicationEventsTestExecutionListener, org.springframework.test.context.support.DependencyInjectionTestExecutionListener, org.springframework.test.context.support.DirtiesContextTestExecutionListener, org.springframework.test.context.transaction.TransactionalTestExecutionListener, org.springframework.test.context.jdbc.SqlScriptsTestExecutionListener, org.springframework.test.context.event.EventPublishingTestExecutionListener]
2022-07-13 19:53:43.648  INFO 38018 --- [    Test worker] .b.t.c.SpringBootTestContextBootstrapper : Using TestExecutionListeners: [org.springframework.test.context.web.ServletTestExecutionListener@4be2f788, org.springframework.test.context.support.DirtiesContextBeforeModesTestExecutionListener@1f39afe, org.springframework.test.context.event.ApplicationEventsTestExecutionListener@1435103b, org.springframework.boot.test.mock.mockito.MockitoTestExecutionListener@2375fe4a, org.springframework.boot.test.autoconfigure.SpringBootDependencyInjectionTestExecutionListener@7f77131b, org.springframework.test.context.support.DirtiesContextTestExecutionListener@62ce5261, org.springframework.test.context.event.EventPublishingTestExecutionListener@5e4632cb, org.springframework.boot.test.autoconfigure.restdocs.RestDocsTestExecutionListener@524d00e7, org.springframework.boot.test.autoconfigure.web.client.MockRestServiceServerResetTestExecutionListener@15652e7e, org.springframework.boot.test.autoconfigure.web.servlet.MockMvcPrintOnlyOnFailureTestExecutionListener@5a83be9, org.springframework.boot.test.autoconfigure.web.servlet.WebDriverTestExecutionListener@6a9781fd, org.springframework.boot.test.autoconfigure.webservices.client.MockWebServiceServerTestExecutionListener@50e7ee70, org.springframework.boot.test.mock.mockito.ResetMocksTestExecutionListener@6c4d3ccc]
2022-07-13 19:53:43.650  INFO 38018 --- [    Test worker] .b.t.c.SpringBootTestContextBootstrapper : Neither @ContextConfiguration nor @ContextHierarchy found for test class [com.globantx.cardinalevaluator.CucumberSpringConfiguration], using SpringBootContextLoader
2022-07-13 19:53:43.650  INFO 38018 --- [    Test worker] o.s.t.c.support.AbstractContextLoader    : Could not detect default resource locations for test class [com.globantx.cardinalevaluator.CucumberSpringConfiguration]: no resource found for suffixes {-context.xml, Context.groovy}.
2022-07-13 19:53:43.651  INFO 38018 --- [    Test worker] .b.t.c.SpringBootTestContextBootstrapper : Loaded default TestExecutionListener class names from location [META-INF/spring.factories]: [org.springframework.boot.test.autoconfigure.restdocs.RestDocsTestExecutionListener, org.springframework.boot.test.autoconfigure.web.client.MockRestServiceServerResetTestExecutionListener, org.springframework.boot.test.autoconfigure.web.servlet.MockMvcPrintOnlyOnFailureTestExecutionListener, org.springframework.boot.test.autoconfigure.web.servlet.WebDriverTestExecutionListener, org.springframework.boot.test.autoconfigure.webservices.client.MockWebServiceServerTestExecutionListener, org.springframework.boot.test.mock.mockito.MockitoTestExecutionListener, org.springframework.boot.test.mock.mockito.ResetMocksTestExecutionListener, org.springframework.test.context.web.ServletTestExecutionListener, org.springframework.test.context.support.DirtiesContextBeforeModesTestExecutionListener, org.springframework.test.context.event.ApplicationEventsTestExecutionListener, org.springframework.test.context.support.DependencyInjectionTestExecutionListener, org.springframework.test.context.support.DirtiesContextTestExecutionListener, org.springframework.test.context.transaction.TransactionalTestExecutionListener, org.springframework.test.context.jdbc.SqlScriptsTestExecutionListener, org.springframework.test.context.event.EventPublishingTestExecutionListener]
2022-07-13 19:53:43.652  INFO 38018 --- [    Test worker] .b.t.c.SpringBootTestContextBootstrapper : Using TestExecutionListeners: [org.springframework.test.context.web.ServletTestExecutionListener@287e35df, org.springframework.test.context.support.DirtiesContextBeforeModesTestExecutionListener@7eb0c144, org.springframework.test.context.event.ApplicationEventsTestExecutionListener@11cb348c, org.springframework.boot.test.mock.mockito.MockitoTestExecutionListener@1465d125, org.springframework.boot.test.autoconfigure.SpringBootDependencyInjectionTestExecutionListener@4d6cdebb, org.springframework.test.context.support.DirtiesContextTestExecutionListener@352e8cb3, org.springframework.test.context.event.EventPublishingTestExecutionListener@7d89a1ce, org.springframework.boot.test.autoconfigure.restdocs.RestDocsTestExecutionListener@47dfbba3, org.springframework.boot.test.autoconfigure.web.client.MockRestServiceServerResetTestExecutionListener@6c6d3ce5, org.springframework.boot.test.autoconfigure.web.servlet.MockMvcPrintOnlyOnFailureTestExecutionListener@2de77ecf, org.springframework.boot.test.autoconfigure.web.servlet.WebDriverTestExecutionListener@1d502d6c, org.springframework.boot.test.autoconfigure.webservices.client.MockWebServiceServerTestExecutionListener@27688fc6, org.springframework.boot.test.mock.mockito.ResetMocksTestExecutionListener@226715da]
2022-07-13 19:53:43.654  INFO 38018 --- [    Test worker] .b.t.c.SpringBootTestContextBootstrapper : Neither @ContextConfiguration nor @ContextHierarchy found for test class [com.globantx.cardinalevaluator.CucumberSpringConfiguration], using SpringBootContextLoader
2022-07-13 19:53:43.655  INFO 38018 --- [    Test worker] o.s.t.c.support.AbstractContextLoader    : Could not detect default resource locations for test class [com.globantx.cardinalevaluator.CucumberSpringConfiguration]: no resource found for suffixes {-context.xml, Context.groovy}.
2022-07-13 19:53:43.655  INFO 38018 --- [    Test worker] .b.t.c.SpringBootTestContextBootstrapper : Loaded default TestExecutionListener class names from location [META-INF/spring.factories]: [org.springframework.boot.test.autoconfigure.restdocs.RestDocsTestExecutionListener, org.springframework.boot.test.autoconfigure.web.client.MockRestServiceServerResetTestExecutionListener, org.springframework.boot.test.autoconfigure.web.servlet.MockMvcPrintOnlyOnFailureTestExecutionListener, org.springframework.boot.test.autoconfigure.web.servlet.WebDriverTestExecutionListener, org.springframework.boot.test.autoconfigure.webservices.client.MockWebServiceServerTestExecutionListener, org.springframework.boot.test.mock.mockito.MockitoTestExecutionListener, org.springframework.boot.test.mock.mockito.ResetMocksTestExecutionListener, org.springframework.test.context.web.ServletTestExecutionListener, org.springframework.test.context.support.DirtiesContextBeforeModesTestExecutionListener, org.springframework.test.context.event.ApplicationEventsTestExecutionListener, org.springframework.test.context.support.DependencyInjectionTestExecutionListener, org.springframework.test.context.support.DirtiesContextTestExecutionListener, org.springframework.test.context.transaction.TransactionalTestExecutionListener, org.springframework.test.context.jdbc.SqlScriptsTestExecutionListener, org.springframework.test.context.event.EventPublishingTestExecutionListener]
2022-07-13 19:53:43.656  INFO 38018 --- [    Test worker] .b.t.c.SpringBootTestContextBootstrapper : Using TestExecutionListeners: [org.springframework.test.context.web.ServletTestExecutionListener@3460165f, org.springframework.test.context.support.DirtiesContextBeforeModesTestExecutionListener@28c776f2, org.springframework.test.context.event.ApplicationEventsTestExecutionListener@4bb2da93, org.springframework.boot.test.mock.mockito.MockitoTestExecutionListener@51e1dffa, org.springframework.boot.test.autoconfigure.SpringBootDependencyInjectionTestExecutionListener@6587f977, org.springframework.test.context.support.DirtiesContextTestExecutionListener@76e463d3, org.springframework.test.context.event.EventPublishingTestExecutionListener@2b5f49de, org.springframework.boot.test.autoconfigure.restdocs.RestDocsTestExecutionListener@749e4d40, org.springframework.boot.test.autoconfigure.web.client.MockRestServiceServerResetTestExecutionListener@2e884ee5, org.springframework.boot.test.autoconfigure.web.servlet.MockMvcPrintOnlyOnFailureTestExecutionListener@7b274a1c, org.springframework.boot.test.autoconfigure.web.servlet.WebDriverTestExecutionListener@2a67ed1f, org.springframework.boot.test.autoconfigure.webservices.client.MockWebServiceServerTestExecutionListener@2c15515e, org.springframework.boot.test.mock.mockito.ResetMocksTestExecutionListener@4086dd5f]
2022-07-13 19:53:43.658  INFO 38018 --- [    Test worker] .b.t.c.SpringBootTestContextBootstrapper : Neither @ContextConfiguration nor @ContextHierarchy found for test class [com.globantx.cardinalevaluator.CucumberSpringConfiguration], using SpringBootContextLoader
2022-07-13 19:53:43.659  INFO 38018 --- [    Test worker] o.s.t.c.support.AbstractContextLoader    : Could not detect default resource locations for test class [com.globantx.cardinalevaluator.CucumberSpringConfiguration]: no resource found for suffixes {-context.xml, Context.groovy}.
2022-07-13 19:53:43.659  INFO 38018 --- [    Test worker] .b.t.c.SpringBootTestContextBootstrapper : Loaded default TestExecutionListener class names from location [META-INF/spring.factories]: [org.springframework.boot.test.autoconfigure.restdocs.RestDocsTestExecutionListener, org.springframework.boot.test.autoconfigure.web.client.MockRestServiceServerResetTestExecutionListener, org.springframework.boot.test.autoconfigure.web.servlet.MockMvcPrintOnlyOnFailureTestExecutionListener, org.springframework.boot.test.autoconfigure.web.servlet.WebDriverTestExecutionListener, org.springframework.boot.test.autoconfigure.webservices.client.MockWebServiceServerTestExecutionListener, org.springframework.boot.test.mock.mockito.MockitoTestExecutionListener, org.springframework.boot.test.mock.mockito.ResetMocksTestExecutionListener, org.springframework.test.context.web.ServletTestExecutionListener, org.springframework.test.context.support.DirtiesContextBeforeModesTestExecutionListener, org.springframework.test.context.event.ApplicationEventsTestExecutionListener, org.springframework.test.context.support.DependencyInjectionTestExecutionListener, org.springframework.test.context.support.DirtiesContextTestExecutionListener, org.springframework.test.context.transaction.TransactionalTestExecutionListener, org.springframework.test.context.jdbc.SqlScriptsTestExecutionListener, org.springframework.test.context.event.EventPublishingTestExecutionListener]
2022-07-13 19:53:43.660  INFO 38018 --- [    Test worker] .b.t.c.SpringBootTestContextBootstrapper : Using TestExecutionListeners: [org.springframework.test.context.web.ServletTestExecutionListener@1b018f9, org.springframework.test.context.support.DirtiesContextBeforeModesTestExecutionListener@14aa12c5, org.springframework.test.context.event.ApplicationEventsTestExecutionListener@12333eaf, org.springframework.boot.test.mock.mockito.MockitoTestExecutionListener@64a96593, org.springframework.boot.test.autoconfigure.SpringBootDependencyInjectionTestExecutionListener@65dfce2f, org.springframework.test.context.support.DirtiesContextTestExecutionListener@2127c46b, org.springframework.test.context.event.EventPublishingTestExecutionListener@2aea50a6, org.springframework.boot.test.autoconfigure.restdocs.RestDocsTestExecutionListener@5403d95, org.springframework.boot.test.autoconfigure.web.client.MockRestServiceServerResetTestExecutionListener@1e7535a4, org.springframework.boot.test.autoconfigure.web.servlet.MockMvcPrintOnlyOnFailureTestExecutionListener@1eeae9d, org.springframework.boot.test.autoconfigure.web.servlet.WebDriverTestExecutionListener@7979b166, org.springframework.boot.test.autoconfigure.webservices.client.MockWebServiceServerTestExecutionListener@7d518749, org.springframework.boot.test.mock.mockito.ResetMocksTestExecutionListener@4a3e5552]
2022-07-13 19:53:43.662  INFO 38018 --- [    Test worker] .b.t.c.SpringBootTestContextBootstrapper : Neither @ContextConfiguration nor @ContextHierarchy found for test class [com.globantx.cardinalevaluator.CucumberSpringConfiguration], using SpringBootContextLoader
2022-07-13 19:53:43.662  INFO 38018 --- [    Test worker] o.s.t.c.support.AbstractContextLoader    : Could not detect default resource locations for test class [com.globantx.cardinalevaluator.CucumberSpringConfiguration]: no resource found for suffixes {-context.xml, Context.groovy}.
2022-07-13 19:53:43.663  INFO 38018 --- [    Test worker] .b.t.c.SpringBootTestContextBootstrapper : Loaded default TestExecutionListener class names from location [META-INF/spring.factories]: [org.springframework.boot.test.autoconfigure.restdocs.RestDocsTestExecutionListener, org.springframework.boot.test.autoconfigure.web.client.MockRestServiceServerResetTestExecutionListener, org.springframework.boot.test.autoconfigure.web.servlet.MockMvcPrintOnlyOnFailureTestExecutionListener, org.springframework.boot.test.autoconfigure.web.servlet.WebDriverTestExecutionListener, org.springframework.boot.test.autoconfigure.webservices.client.MockWebServiceServerTestExecutionListener, org.springframework.boot.test.mock.mockito.MockitoTestExecutionListener, org.springframework.boot.test.mock.mockito.ResetMocksTestExecutionListener, org.springframework.test.context.web.ServletTestExecutionListener, org.springframework.test.context.support.DirtiesContextBeforeModesTestExecutionListener, org.springframework.test.context.event.ApplicationEventsTestExecutionListener, org.springframework.test.context.support.DependencyInjectionTestExecutionListener, org.springframework.test.context.support.DirtiesContextTestExecutionListener, org.springframework.test.context.transaction.TransactionalTestExecutionListener, org.springframework.test.context.jdbc.SqlScriptsTestExecutionListener, org.springframework.test.context.event.EventPublishingTestExecutionListener]
2022-07-13 19:53:43.663  INFO 38018 --- [    Test worker] .b.t.c.SpringBootTestContextBootstrapper : Using TestExecutionListeners: [org.springframework.test.context.web.ServletTestExecutionListener@3e5080ce, org.springframework.test.context.support.DirtiesContextBeforeModesTestExecutionListener@a16e4e3, org.springframework.test.context.event.ApplicationEventsTestExecutionListener@7b0c4127, org.springframework.boot.test.mock.mockito.MockitoTestExecutionListener@43201fd1, org.springframework.boot.test.autoconfigure.SpringBootDependencyInjectionTestExecutionListener@794ca18b, org.springframework.test.context.support.DirtiesContextTestExecutionListener@44c073bd, org.springframework.test.context.event.EventPublishingTestExecutionListener@5ddc077b, org.springframework.boot.test.autoconfigure.restdocs.RestDocsTestExecutionListener@1ec14586, org.springframework.boot.test.autoconfigure.web.client.MockRestServiceServerResetTestExecutionListener@21def2c, org.springframework.boot.test.autoconfigure.web.servlet.MockMvcPrintOnlyOnFailureTestExecutionListener@45072949, org.springframework.boot.test.autoconfigure.web.servlet.WebDriverTestExecutionListener@785d194d, org.springframework.boot.test.autoconfigure.webservices.client.MockWebServiceServerTestExecutionListener@6c249eb5, org.springframework.boot.test.mock.mockito.ResetMocksTestExecutionListener@1ad7892]
2022-07-13 19:53:43.666  INFO 38018 --- [    Test worker] .b.t.c.SpringBootTestContextBootstrapper : Neither @ContextConfiguration nor @ContextHierarchy found for test class [com.globantx.cardinalevaluator.CucumberSpringConfiguration], using SpringBootContextLoader
2022-07-13 19:53:43.666  INFO 38018 --- [    Test worker] o.s.t.c.support.AbstractContextLoader    : Could not detect default resource locations for test class [com.globantx.cardinalevaluator.CucumberSpringConfiguration]: no resource found for suffixes {-context.xml, Context.groovy}.
2022-07-13 19:53:43.667  INFO 38018 --- [    Test worker] .b.t.c.SpringBootTestContextBootstrapper : Loaded default TestExecutionListener class names from location [META-INF/spring.factories]: [org.springframework.boot.test.autoconfigure.restdocs.RestDocsTestExecutionListener, org.springframework.boot.test.autoconfigure.web.client.MockRestServiceServerResetTestExecutionListener, org.springframework.boot.test.autoconfigure.web.servlet.MockMvcPrintOnlyOnFailureTestExecutionListener, org.springframework.boot.test.autoconfigure.web.servlet.WebDriverTestExecutionListener, org.springframework.boot.test.autoconfigure.webservices.client.MockWebServiceServerTestExecutionListener, org.springframework.boot.test.mock.mockito.MockitoTestExecutionListener, org.springframework.boot.test.mock.mockito.ResetMocksTestExecutionListener, org.springframework.test.context.web.ServletTestExecutionListener, org.springframework.test.context.support.DirtiesContextBeforeModesTestExecutionListener, org.springframework.test.context.event.ApplicationEventsTestExecutionListener, org.springframework.test.context.support.DependencyInjectionTestExecutionListener, org.springframework.test.context.support.DirtiesContextTestExecutionListener, org.springframework.test.context.transaction.TransactionalTestExecutionListener, org.springframework.test.context.jdbc.SqlScriptsTestExecutionListener, org.springframework.test.context.event.EventPublishingTestExecutionListener]
2022-07-13 19:53:43.667  INFO 38018 --- [    Test worker] .b.t.c.SpringBootTestContextBootstrapper : Using TestExecutionListeners: [org.springframework.test.context.web.ServletTestExecutionListener@7d9c448f, org.springframework.test.context.support.DirtiesContextBeforeModesTestExecutionListener@6d1bbd00, org.springframework.test.context.event.ApplicationEventsTestExecutionListener@25824720, org.springframework.boot.test.mock.mockito.MockitoTestExecutionListener@4f01d2ea, org.springframework.boot.test.autoconfigure.SpringBootDependencyInjectionTestExecutionListener@50a65fb9, org.springframework.test.context.support.DirtiesContextTestExecutionListener@60651b10, org.springframework.test.context.event.EventPublishingTestExecutionListener@5769eb7b, org.springframework.boot.test.autoconfigure.restdocs.RestDocsTestExecutionListener@16bee5fe, org.springframework.boot.test.autoconfigure.web.client.MockRestServiceServerResetTestExecutionListener@74873b07, org.springframework.boot.test.autoconfigure.web.servlet.MockMvcPrintOnlyOnFailureTestExecutionListener@3c72031c, org.springframework.boot.test.autoconfigure.web.servlet.WebDriverTestExecutionListener@24d815da, org.springframework.boot.test.autoconfigure.webservices.client.MockWebServiceServerTestExecutionListener@452895aa, org.springframework.boot.test.mock.mockito.ResetMocksTestExecutionListener@8bac10b]
2022-07-13 19:53:43.670  INFO 38018 --- [    Test worker] .b.t.c.SpringBootTestContextBootstrapper : Neither @ContextConfiguration nor @ContextHierarchy found for test class [com.globantx.cardinalevaluator.CucumberSpringConfiguration], using SpringBootContextLoader
2022-07-13 19:53:43.670  INFO 38018 --- [    Test worker] o.s.t.c.support.AbstractContextLoader    : Could not detect default resource locations for test class [com.globantx.cardinalevaluator.CucumberSpringConfiguration]: no resource found for suffixes {-context.xml, Context.groovy}.
2022-07-13 19:53:43.671  INFO 38018 --- [    Test worker] .b.t.c.SpringBootTestContextBootstrapper : Loaded default TestExecutionListener class names from location [META-INF/spring.factories]: [org.springframework.boot.test.autoconfigure.restdocs.RestDocsTestExecutionListener, org.springframework.boot.test.autoconfigure.web.client.MockRestServiceServerResetTestExecutionListener, org.springframework.boot.test.autoconfigure.web.servlet.MockMvcPrintOnlyOnFailureTestExecutionListener, org.springframework.boot.test.autoconfigure.web.servlet.WebDriverTestExecutionListener, org.springframework.boot.test.autoconfigure.webservices.client.MockWebServiceServerTestExecutionListener, org.springframework.boot.test.mock.mockito.MockitoTestExecutionListener, org.springframework.boot.test.mock.mockito.ResetMocksTestExecutionListener, org.springframework.test.context.web.ServletTestExecutionListener, org.springframework.test.context.support.DirtiesContextBeforeModesTestExecutionListener, org.springframework.test.context.event.ApplicationEventsTestExecutionListener, org.springframework.test.context.support.DependencyInjectionTestExecutionListener, org.springframework.test.context.support.DirtiesContextTestExecutionListener, org.springframework.test.context.transaction.TransactionalTestExecutionListener, org.springframework.test.context.jdbc.SqlScriptsTestExecutionListener, org.springframework.test.context.event.EventPublishingTestExecutionListener]
2022-07-13 19:53:43.671  INFO 38018 --- [    Test worker] .b.t.c.SpringBootTestContextBootstrapper : Using TestExecutionListeners: [org.springframework.test.context.web.ServletTestExecutionListener@24fc59e3, org.springframework.test.context.support.DirtiesContextBeforeModesTestExecutionListener@406efe63, org.springframework.test.context.event.ApplicationEventsTestExecutionListener@41eab601, org.springframework.boot.test.mock.mockito.MockitoTestExecutionListener@1f0695ae, org.springframework.boot.test.autoconfigure.SpringBootDependencyInjectionTestExecutionListener@5973e4ec, org.springframework.test.context.support.DirtiesContextTestExecutionListener@6ed99447, org.springframework.test.context.event.EventPublishingTestExecutionListener@7a977d23, org.springframework.boot.test.autoconfigure.restdocs.RestDocsTestExecutionListener@51173c3a, org.springframework.boot.test.autoconfigure.web.client.MockRestServiceServerResetTestExecutionListener@1785e670, org.springframework.boot.test.autoconfigure.web.servlet.MockMvcPrintOnlyOnFailureTestExecutionListener@355c236b, org.springframework.boot.test.autoconfigure.web.servlet.WebDriverTestExecutionListener@74e33e86, org.springframework.boot.test.autoconfigure.webservices.client.MockWebServiceServerTestExecutionListener@1cfd3acc, org.springframework.boot.test.mock.mockito.ResetMocksTestExecutionListener@24f3e945]
2022-07-13 19:53:43.673  INFO 38018 --- [    Test worker] .b.t.c.SpringBootTestContextBootstrapper : Neither @ContextConfiguration nor @ContextHierarchy found for test class [com.globantx.cardinalevaluator.CucumberSpringConfiguration], using SpringBootContextLoader
2022-07-13 19:53:43.673  INFO 38018 --- [    Test worker] o.s.t.c.support.AbstractContextLoader    : Could not detect default resource locations for test class [com.globantx.cardinalevaluator.CucumberSpringConfiguration]: no resource found for suffixes {-context.xml, Context.groovy}.
2022-07-13 19:53:43.674  INFO 38018 --- [    Test worker] .b.t.c.SpringBootTestContextBootstrapper : Loaded default TestExecutionListener class names from location [META-INF/spring.factories]: [org.springframework.boot.test.autoconfigure.restdocs.RestDocsTestExecutionListener, org.springframework.boot.test.autoconfigure.web.client.MockRestServiceServerResetTestExecutionListener, org.springframework.boot.test.autoconfigure.web.servlet.MockMvcPrintOnlyOnFailureTestExecutionListener, org.springframework.boot.test.autoconfigure.web.servlet.WebDriverTestExecutionListener, org.springframework.boot.test.autoconfigure.webservices.client.MockWebServiceServerTestExecutionListener, org.springframework.boot.test.mock.mockito.MockitoTestExecutionListener, org.springframework.boot.test.mock.mockito.ResetMocksTestExecutionListener, org.springframework.test.context.web.ServletTestExecutionListener, org.springframework.test.context.support.DirtiesContextBeforeModesTestExecutionListener, org.springframework.test.context.event.ApplicationEventsTestExecutionListener, org.springframework.test.context.support.DependencyInjectionTestExecutionListener, org.springframework.test.context.support.DirtiesContextTestExecutionListener, org.springframework.test.context.transaction.TransactionalTestExecutionListener, org.springframework.test.context.jdbc.SqlScriptsTestExecutionListener, org.springframework.test.context.event.EventPublishingTestExecutionListener]
2022-07-13 19:53:43.674  INFO 38018 --- [    Test worker] .b.t.c.SpringBootTestContextBootstrapper : Using TestExecutionListeners: [org.springframework.test.context.web.ServletTestExecutionListener@7060c1cb, org.springframework.test.context.support.DirtiesContextBeforeModesTestExecutionListener@1d9ad64f, org.springframework.test.context.event.ApplicationEventsTestExecutionListener@6844b46a, org.springframework.boot.test.mock.mockito.MockitoTestExecutionListener@53c6c1e6, org.springframework.boot.test.autoconfigure.SpringBootDependencyInjectionTestExecutionListener@25de3ccc, org.springframework.test.context.support.DirtiesContextTestExecutionListener@6ebdbe96, org.springframework.test.context.event.EventPublishingTestExecutionListener@2317b0cf, org.springframework.boot.test.autoconfigure.restdocs.RestDocsTestExecutionListener@46bb8cba, org.springframework.boot.test.autoconfigure.web.client.MockRestServiceServerResetTestExecutionListener@1257e0fd, org.springframework.boot.test.autoconfigure.web.servlet.MockMvcPrintOnlyOnFailureTestExecutionListener@119db52f, org.springframework.boot.test.autoconfigure.web.servlet.WebDriverTestExecutionListener@f92ee1b, org.springframework.boot.test.autoconfigure.webservices.client.MockWebServiceServerTestExecutionListener@15d67d0f, org.springframework.boot.test.mock.mockito.ResetMocksTestExecutionListener@38ab2740]
2022-07-13 19:53:43.677  INFO 38018 --- [    Test worker] .b.t.c.SpringBootTestContextBootstrapper : Neither @ContextConfiguration nor @ContextHierarchy found for test class [com.globantx.cardinalevaluator.CucumberSpringConfiguration], using SpringBootContextLoader
2022-07-13 19:53:43.677  INFO 38018 --- [    Test worker] o.s.t.c.support.AbstractContextLoader    : Could not detect default resource locations for test class [com.globantx.cardinalevaluator.CucumberSpringConfiguration]: no resource found for suffixes {-context.xml, Context.groovy}.
2022-07-13 19:53:43.678  INFO 38018 --- [    Test worker] .b.t.c.SpringBootTestContextBootstrapper : Loaded default TestExecutionListener class names from location [META-INF/spring.factories]: [org.springframework.boot.test.autoconfigure.restdocs.RestDocsTestExecutionListener, org.springframework.boot.test.autoconfigure.web.client.MockRestServiceServerResetTestExecutionListener, org.springframework.boot.test.autoconfigure.web.servlet.MockMvcPrintOnlyOnFailureTestExecutionListener, org.springframework.boot.test.autoconfigure.web.servlet.WebDriverTestExecutionListener, org.springframework.boot.test.autoconfigure.webservices.client.MockWebServiceServerTestExecutionListener, org.springframework.boot.test.mock.mockito.MockitoTestExecutionListener, org.springframework.boot.test.mock.mockito.ResetMocksTestExecutionListener, org.springframework.test.context.web.ServletTestExecutionListener, org.springframework.test.context.support.DirtiesContextBeforeModesTestExecutionListener, org.springframework.test.context.event.ApplicationEventsTestExecutionListener, org.springframework.test.context.support.DependencyInjectionTestExecutionListener, org.springframework.test.context.support.DirtiesContextTestExecutionListener, org.springframework.test.context.transaction.TransactionalTestExecutionListener, org.springframework.test.context.jdbc.SqlScriptsTestExecutionListener, org.springframework.test.context.event.EventPublishingTestExecutionListener]
2022-07-13 19:53:43.678  INFO 38018 --- [    Test worker] .b.t.c.SpringBootTestContextBootstrapper : Using TestExecutionListeners: [org.springframework.test.context.web.ServletTestExecutionListener@4463d9b7, org.springframework.test.context.support.DirtiesContextBeforeModesTestExecutionListener@5c991516, org.springframework.test.context.event.ApplicationEventsTestExecutionListener@7a01358f, org.springframework.boot.test.mock.mockito.MockitoTestExecutionListener@1bf18ca8, org.springframework.boot.test.autoconfigure.SpringBootDependencyInjectionTestExecutionListener@41854000, org.springframework.test.context.support.DirtiesContextTestExecutionListener@55a0cc83, org.springframework.test.context.event.EventPublishingTestExecutionListener@267e36f5, org.springframework.boot.test.autoconfigure.restdocs.RestDocsTestExecutionListener@317d7a5e, org.springframework.boot.test.autoconfigure.web.client.MockRestServiceServerResetTestExecutionListener@5a13b931, org.springframework.boot.test.autoconfigure.web.servlet.MockMvcPrintOnlyOnFailureTestExecutionListener@904b224, org.springframework.boot.test.autoconfigure.web.servlet.WebDriverTestExecutionListener@5e9ae46f, org.springframework.boot.test.autoconfigure.webservices.client.MockWebServiceServerTestExecutionListener@4efca68, org.springframework.boot.test.mock.mockito.ResetMocksTestExecutionListener@437231f5]
2022-07-13 19:53:43.681  INFO 38018 --- [    Test worker] .b.t.c.SpringBootTestContextBootstrapper : Neither @ContextConfiguration nor @ContextHierarchy found for test class [com.globantx.cardinalevaluator.CucumberSpringConfiguration], using SpringBootContextLoader
2022-07-13 19:53:43.681  INFO 38018 --- [    Test worker] o.s.t.c.support.AbstractContextLoader    : Could not detect default resource locations for test class [com.globantx.cardinalevaluator.CucumberSpringConfiguration]: no resource found for suffixes {-context.xml, Context.groovy}.
2022-07-13 19:53:43.682  INFO 38018 --- [    Test worker] .b.t.c.SpringBootTestContextBootstrapper : Loaded default TestExecutionListener class names from location [META-INF/spring.factories]: [org.springframework.boot.test.autoconfigure.restdocs.RestDocsTestExecutionListener, org.springframework.boot.test.autoconfigure.web.client.MockRestServiceServerResetTestExecutionListener, org.springframework.boot.test.autoconfigure.web.servlet.MockMvcPrintOnlyOnFailureTestExecutionListener, org.springframework.boot.test.autoconfigure.web.servlet.WebDriverTestExecutionListener, org.springframework.boot.test.autoconfigure.webservices.client.MockWebServiceServerTestExecutionListener, org.springframework.boot.test.mock.mockito.MockitoTestExecutionListener, org.springframework.boot.test.mock.mockito.ResetMocksTestExecutionListener, org.springframework.test.context.web.ServletTestExecutionListener, org.springframework.test.context.support.DirtiesContextBeforeModesTestExecutionListener, org.springframework.test.context.event.ApplicationEventsTestExecutionListener, org.springframework.test.context.support.DependencyInjectionTestExecutionListener, org.springframework.test.context.support.DirtiesContextTestExecutionListener, org.springframework.test.context.transaction.TransactionalTestExecutionListener, org.springframework.test.context.jdbc.SqlScriptsTestExecutionListener, org.springframework.test.context.event.EventPublishingTestExecutionListener]
2022-07-13 19:53:43.682  INFO 38018 --- [    Test worker] .b.t.c.SpringBootTestContextBootstrapper : Using TestExecutionListeners: [org.springframework.test.context.web.ServletTestExecutionListener@6fcb2e2d, org.springframework.test.context.support.DirtiesContextBeforeModesTestExecutionListener@66fb1627, org.springframework.test.context.event.ApplicationEventsTestExecutionListener@1cbd2c1a, org.springframework.boot.test.mock.mockito.MockitoTestExecutionListener@4e125be1, org.springframework.boot.test.autoconfigure.SpringBootDependencyInjectionTestExecutionListener@781ebe48, org.springframework.test.context.support.DirtiesContextTestExecutionListener@46ead542, org.springframework.test.context.event.EventPublishingTestExecutionListener@3342ec79, org.springframework.boot.test.autoconfigure.restdocs.RestDocsTestExecutionListener@6fd364a3, org.springframework.boot.test.autoconfigure.web.client.MockRestServiceServerResetTestExecutionListener@62b26bef, org.springframework.boot.test.autoconfigure.web.servlet.MockMvcPrintOnlyOnFailureTestExecutionListener@7262e23e, org.springframework.boot.test.autoconfigure.web.servlet.WebDriverTestExecutionListener@56e7f92f, org.springframework.boot.test.autoconfigure.webservices.client.MockWebServiceServerTestExecutionListener@2265792c, org.springframework.boot.test.mock.mockito.ResetMocksTestExecutionListener@5379839c]
2022-07-13 19:53:43.685  INFO 38018 --- [    Test worker] .b.t.c.SpringBootTestContextBootstrapper : Neither @ContextConfiguration nor @ContextHierarchy found for test class [com.globantx.cardinalevaluator.CucumberSpringConfiguration], using SpringBootContextLoader
2022-07-13 19:53:43.685  INFO 38018 --- [    Test worker] o.s.t.c.support.AbstractContextLoader    : Could not detect default resource locations for test class [com.globantx.cardinalevaluator.CucumberSpringConfiguration]: no resource found for suffixes {-context.xml, Context.groovy}.
2022-07-13 19:53:43.686  INFO 38018 --- [    Test worker] .b.t.c.SpringBootTestContextBootstrapper : Loaded default TestExecutionListener class names from location [META-INF/spring.factories]: [org.springframework.boot.test.autoconfigure.restdocs.RestDocsTestExecutionListener, org.springframework.boot.test.autoconfigure.web.client.MockRestServiceServerResetTestExecutionListener, org.springframework.boot.test.autoconfigure.web.servlet.MockMvcPrintOnlyOnFailureTestExecutionListener, org.springframework.boot.test.autoconfigure.web.servlet.WebDriverTestExecutionListener, org.springframework.boot.test.autoconfigure.webservices.client.MockWebServiceServerTestExecutionListener, org.springframework.boot.test.mock.mockito.MockitoTestExecutionListener, org.springframework.boot.test.mock.mockito.ResetMocksTestExecutionListener, org.springframework.test.context.web.ServletTestExecutionListener, org.springframework.test.context.support.DirtiesContextBeforeModesTestExecutionListener, org.springframework.test.context.event.ApplicationEventsTestExecutionListener, org.springframework.test.context.support.DependencyInjectionTestExecutionListener, org.springframework.test.context.support.DirtiesContextTestExecutionListener, org.springframework.test.context.transaction.TransactionalTestExecutionListener, org.springframework.test.context.jdbc.SqlScriptsTestExecutionListener, org.springframework.test.context.event.EventPublishingTestExecutionListener]
2022-07-13 19:53:43.686  INFO 38018 --- [    Test worker] .b.t.c.SpringBootTestContextBootstrapper : Using TestExecutionListeners: [org.springframework.test.context.web.ServletTestExecutionListener@36eff8df, org.springframework.test.context.support.DirtiesContextBeforeModesTestExecutionListener@5fa851ac, org.springframework.test.context.event.ApplicationEventsTestExecutionListener@560def6c, org.springframework.boot.test.mock.mockito.MockitoTestExecutionListener@4977e352, org.springframework.boot.test.autoconfigure.SpringBootDependencyInjectionTestExecutionListener@17c3a3, org.springframework.test.context.support.DirtiesContextTestExecutionListener@1d2fd73c, org.springframework.test.context.event.EventPublishingTestExecutionListener@24602d7a, org.springframework.boot.test.autoconfigure.restdocs.RestDocsTestExecutionListener@52fb37d7, org.springframework.boot.test.autoconfigure.web.client.MockRestServiceServerResetTestExecutionListener@6c4ffcf0, org.springframework.boot.test.autoconfigure.web.servlet.MockMvcPrintOnlyOnFailureTestExecutionListener@fba5072, org.springframework.boot.test.autoconfigure.web.servlet.WebDriverTestExecutionListener@2a94a702, org.springframework.boot.test.autoconfigure.webservices.client.MockWebServiceServerTestExecutionListener@21da6808, org.springframework.boot.test.mock.mockito.ResetMocksTestExecutionListener@3261b8bf]
2022-07-13 19:53:43.689  INFO 38018 --- [    Test worker] .b.t.c.SpringBootTestContextBootstrapper : Neither @ContextConfiguration nor @ContextHierarchy found for test class [com.globantx.cardinalevaluator.CucumberSpringConfiguration], using SpringBootContextLoader
2022-07-13 19:53:43.689  INFO 38018 --- [    Test worker] o.s.t.c.support.AbstractContextLoader    : Could not detect default resource locations for test class [com.globantx.cardinalevaluator.CucumberSpringConfiguration]: no resource found for suffixes {-context.xml, Context.groovy}.
2022-07-13 19:53:43.690  INFO 38018 --- [    Test worker] .b.t.c.SpringBootTestContextBootstrapper : Loaded default TestExecutionListener class names from location [META-INF/spring.factories]: [org.springframework.boot.test.autoconfigure.restdocs.RestDocsTestExecutionListener, org.springframework.boot.test.autoconfigure.web.client.MockRestServiceServerResetTestExecutionListener, org.springframework.boot.test.autoconfigure.web.servlet.MockMvcPrintOnlyOnFailureTestExecutionListener, org.springframework.boot.test.autoconfigure.web.servlet.WebDriverTestExecutionListener, org.springframework.boot.test.autoconfigure.webservices.client.MockWebServiceServerTestExecutionListener, org.springframework.boot.test.mock.mockito.MockitoTestExecutionListener, org.springframework.boot.test.mock.mockito.ResetMocksTestExecutionListener, org.springframework.test.context.web.ServletTestExecutionListener, org.springframework.test.context.support.DirtiesContextBeforeModesTestExecutionListener, org.springframework.test.context.event.ApplicationEventsTestExecutionListener, org.springframework.test.context.support.DependencyInjectionTestExecutionListener, org.springframework.test.context.support.DirtiesContextTestExecutionListener, org.springframework.test.context.transaction.TransactionalTestExecutionListener, org.springframework.test.context.jdbc.SqlScriptsTestExecutionListener, org.springframework.test.context.event.EventPublishingTestExecutionListener]
2022-07-13 19:53:43.690  INFO 38018 --- [    Test worker] .b.t.c.SpringBootTestContextBootstrapper : Using TestExecutionListeners: [org.springframework.test.context.web.ServletTestExecutionListener@6f854741, org.springframework.test.context.support.DirtiesContextBeforeModesTestExecutionListener@60a64104, org.springframework.test.context.event.ApplicationEventsTestExecutionListener@12ceff30, org.springframework.boot.test.mock.mockito.MockitoTestExecutionListener@2d550996, org.springframework.boot.test.autoconfigure.SpringBootDependencyInjectionTestExecutionListener@682fec32, org.springframework.test.context.support.DirtiesContextTestExecutionListener@3ad32e52, org.springframework.test.context.event.EventPublishingTestExecutionListener@5f016147, org.springframework.boot.test.autoconfigure.restdocs.RestDocsTestExecutionListener@5a1dda88, org.springframework.boot.test.autoconfigure.web.client.MockRestServiceServerResetTestExecutionListener@4d44f385, org.springframework.boot.test.autoconfigure.web.servlet.MockMvcPrintOnlyOnFailureTestExecutionListener@6e46f5c1, org.springframework.boot.test.autoconfigure.web.servlet.WebDriverTestExecutionListener@3a99aa17, org.springframework.boot.test.autoconfigure.webservices.client.MockWebServiceServerTestExecutionListener@e64ee56, org.springframework.boot.test.mock.mockito.ResetMocksTestExecutionListener@6456fcc4]
2022-07-13 19:53:43.692  INFO 38018 --- [    Test worker] .b.t.c.SpringBootTestContextBootstrapper : Neither @ContextConfiguration nor @ContextHierarchy found for test class [com.globantx.cardinalevaluator.CucumberSpringConfiguration], using SpringBootContextLoader
2022-07-13 19:53:43.693  INFO 38018 --- [    Test worker] o.s.t.c.support.AbstractContextLoader    : Could not detect default resource locations for test class [com.globantx.cardinalevaluator.CucumberSpringConfiguration]: no resource found for suffixes {-context.xml, Context.groovy}.
2022-07-13 19:53:43.693  INFO 38018 --- [    Test worker] .b.t.c.SpringBootTestContextBootstrapper : Loaded default TestExecutionListener class names from location [META-INF/spring.factories]: [org.springframework.boot.test.autoconfigure.restdocs.RestDocsTestExecutionListener, org.springframework.boot.test.autoconfigure.web.client.MockRestServiceServerResetTestExecutionListener, org.springframework.boot.test.autoconfigure.web.servlet.MockMvcPrintOnlyOnFailureTestExecutionListener, org.springframework.boot.test.autoconfigure.web.servlet.WebDriverTestExecutionListener, org.springframework.boot.test.autoconfigure.webservices.client.MockWebServiceServerTestExecutionListener, org.springframework.boot.test.mock.mockito.MockitoTestExecutionListener, org.springframework.boot.test.mock.mockito.ResetMocksTestExecutionListener, org.springframework.test.context.web.ServletTestExecutionListener, org.springframework.test.context.support.DirtiesContextBeforeModesTestExecutionListener, org.springframework.test.context.event.ApplicationEventsTestExecutionListener, org.springframework.test.context.support.DependencyInjectionTestExecutionListener, org.springframework.test.context.support.DirtiesContextTestExecutionListener, org.springframework.test.context.transaction.TransactionalTestExecutionListener, org.springframework.test.context.jdbc.SqlScriptsTestExecutionListener, org.springframework.test.context.event.EventPublishingTestExecutionListener]
2022-07-13 19:53:43.694  INFO 38018 --- [    Test worker] .b.t.c.SpringBootTestContextBootstrapper : Using TestExecutionListeners: [org.springframework.test.context.web.ServletTestExecutionListener@3de7e572, org.springframework.test.context.support.DirtiesContextBeforeModesTestExecutionListener@4a5939cb, org.springframework.test.context.event.ApplicationEventsTestExecutionListener@63e67888, org.springframework.boot.test.mock.mockito.MockitoTestExecutionListener@308508ec, org.springframework.boot.test.autoconfigure.SpringBootDependencyInjectionTestExecutionListener@324bb7fb, org.springframework.test.context.support.DirtiesContextTestExecutionListener@315f4718, org.springframework.test.context.event.EventPublishingTestExecutionListener@61ad4b83, org.springframework.boot.test.autoconfigure.restdocs.RestDocsTestExecutionListener@7977ed32, org.springframework.boot.test.autoconfigure.web.client.MockRestServiceServerResetTestExecutionListener@16ec7988, org.springframework.boot.test.autoconfigure.web.servlet.MockMvcPrintOnlyOnFailureTestExecutionListener@5dc09bca, org.springframework.boot.test.autoconfigure.web.servlet.WebDriverTestExecutionListener@563a32a2, org.springframework.boot.test.autoconfigure.webservices.client.MockWebServiceServerTestExecutionListener@10e25b2a, org.springframework.boot.test.mock.mockito.ResetMocksTestExecutionListener@65b75087]
2022-07-13 19:53:43.696  INFO 38018 --- [    Test worker] .b.t.c.SpringBootTestContextBootstrapper : Neither @ContextConfiguration nor @ContextHierarchy found for test class [com.globantx.cardinalevaluator.CucumberSpringConfiguration], using SpringBootContextLoader
2022-07-13 19:53:43.696  INFO 38018 --- [    Test worker] o.s.t.c.support.AbstractContextLoader    : Could not detect default resource locations for test class [com.globantx.cardinalevaluator.CucumberSpringConfiguration]: no resource found for suffixes {-context.xml, Context.groovy}.
2022-07-13 19:53:43.697  INFO 38018 --- [    Test worker] .b.t.c.SpringBootTestContextBootstrapper : Loaded default TestExecutionListener class names from location [META-INF/spring.factories]: [org.springframework.boot.test.autoconfigure.restdocs.RestDocsTestExecutionListener, org.springframework.boot.test.autoconfigure.web.client.MockRestServiceServerResetTestExecutionListener, org.springframework.boot.test.autoconfigure.web.servlet.MockMvcPrintOnlyOnFailureTestExecutionListener, org.springframework.boot.test.autoconfigure.web.servlet.WebDriverTestExecutionListener, org.springframework.boot.test.autoconfigure.webservices.client.MockWebServiceServerTestExecutionListener, org.springframework.boot.test.mock.mockito.MockitoTestExecutionListener, org.springframework.boot.test.mock.mockito.ResetMocksTestExecutionListener, org.springframework.test.context.web.ServletTestExecutionListener, org.springframework.test.context.support.DirtiesContextBeforeModesTestExecutionListener, org.springframework.test.context.event.ApplicationEventsTestExecutionListener, org.springframework.test.context.support.DependencyInjectionTestExecutionListener, org.springframework.test.context.support.DirtiesContextTestExecutionListener, org.springframework.test.context.transaction.TransactionalTestExecutionListener, org.springframework.test.context.jdbc.SqlScriptsTestExecutionListener, org.springframework.test.context.event.EventPublishingTestExecutionListener]
2022-07-13 19:53:43.697  INFO 38018 --- [    Test worker] .b.t.c.SpringBootTestContextBootstrapper : Using TestExecutionListeners: [org.springframework.test.context.web.ServletTestExecutionListener@3cf09930, org.springframework.test.context.support.DirtiesContextBeforeModesTestExecutionListener@3bd8032e, org.springframework.test.context.event.ApplicationEventsTestExecutionListener@39613474, org.springframework.boot.test.mock.mockito.MockitoTestExecutionListener@660d78b7, org.springframework.boot.test.autoconfigure.SpringBootDependencyInjectionTestExecutionListener@5e0c445f, org.springframework.test.context.support.DirtiesContextTestExecutionListener@2536edc3, org.springframework.test.context.event.EventPublishingTestExecutionListener@1544bf85, org.springframework.boot.test.autoconfigure.restdocs.RestDocsTestExecutionListener@1801a55a, org.springframework.boot.test.autoconfigure.web.client.MockRestServiceServerResetTestExecutionListener@249334b9, org.springframework.boot.test.autoconfigure.web.servlet.MockMvcPrintOnlyOnFailureTestExecutionListener@36598d1d, org.springframework.boot.test.autoconfigure.web.servlet.WebDriverTestExecutionListener@651a4c4, org.springframework.boot.test.autoconfigure.webservices.client.MockWebServiceServerTestExecutionListener@136fea21, org.springframework.boot.test.mock.mockito.ResetMocksTestExecutionListener@2e643209]
2022-07-13 19:53:43.700  INFO 38018 --- [    Test worker] .b.t.c.SpringBootTestContextBootstrapper : Neither @ContextConfiguration nor @ContextHierarchy found for test class [com.globantx.cardinalevaluator.CucumberSpringConfiguration], using SpringBootContextLoader
2022-07-13 19:53:43.700  INFO 38018 --- [    Test worker] o.s.t.c.support.AbstractContextLoader    : Could not detect default resource locations for test class [com.globantx.cardinalevaluator.CucumberSpringConfiguration]: no resource found for suffixes {-context.xml, Context.groovy}.
2022-07-13 19:53:43.700  INFO 38018 --- [    Test worker] .b.t.c.SpringBootTestContextBootstrapper : Loaded default TestExecutionListener class names from location [META-INF/spring.factories]: [org.springframework.boot.test.autoconfigure.restdocs.RestDocsTestExecutionListener, org.springframework.boot.test.autoconfigure.web.client.MockRestServiceServerResetTestExecutionListener, org.springframework.boot.test.autoconfigure.web.servlet.MockMvcPrintOnlyOnFailureTestExecutionListener, org.springframework.boot.test.autoconfigure.web.servlet.WebDriverTestExecutionListener, org.springframework.boot.test.autoconfigure.webservices.client.MockWebServiceServerTestExecutionListener, org.springframework.boot.test.mock.mockito.MockitoTestExecutionListener, org.springframework.boot.test.mock.mockito.ResetMocksTestExecutionListener, org.springframework.test.context.web.ServletTestExecutionListener, org.springframework.test.context.support.DirtiesContextBeforeModesTestExecutionListener, org.springframework.test.context.event.ApplicationEventsTestExecutionListener, org.springframework.test.context.support.DependencyInjectionTestExecutionListener, org.springframework.test.context.support.DirtiesContextTestExecutionListener, org.springframework.test.context.transaction.TransactionalTestExecutionListener, org.springframework.test.context.jdbc.SqlScriptsTestExecutionListener, org.springframework.test.context.event.EventPublishingTestExecutionListener]
2022-07-13 19:53:43.701  INFO 38018 --- [    Test worker] .b.t.c.SpringBootTestContextBootstrapper : Using TestExecutionListeners: [org.springframework.test.context.web.ServletTestExecutionListener@54af73bd, org.springframework.test.context.support.DirtiesContextBeforeModesTestExecutionListener@5fd38a68, org.springframework.test.context.event.ApplicationEventsTestExecutionListener@33015d51, org.springframework.boot.test.mock.mockito.MockitoTestExecutionListener@3c7ac542, org.springframework.boot.test.autoconfigure.SpringBootDependencyInjectionTestExecutionListener@13676beb, org.springframework.test.context.support.DirtiesContextTestExecutionListener@50242325, org.springframework.test.context.event.EventPublishingTestExecutionListener@697607a5, org.springframework.boot.test.autoconfigure.restdocs.RestDocsTestExecutionListener@3cc8f1c, org.springframework.boot.test.autoconfigure.web.client.MockRestServiceServerResetTestExecutionListener@2bdc94bd, org.springframework.boot.test.autoconfigure.web.servlet.MockMvcPrintOnlyOnFailureTestExecutionListener@5a10b7e8, org.springframework.boot.test.autoconfigure.web.servlet.WebDriverTestExecutionListener@382d820, org.springframework.boot.test.autoconfigure.webservices.client.MockWebServiceServerTestExecutionListener@64d11323, org.springframework.boot.test.mock.mockito.ResetMocksTestExecutionListener@2be71a78]
2022-07-13 19:53:43.703  INFO 38018 --- [    Test worker] .b.t.c.SpringBootTestContextBootstrapper : Neither @ContextConfiguration nor @ContextHierarchy found for test class [com.globantx.cardinalevaluator.CucumberSpringConfiguration], using SpringBootContextLoader
2022-07-13 19:53:43.704  INFO 38018 --- [    Test worker] o.s.t.c.support.AbstractContextLoader    : Could not detect default resource locations for test class [com.globantx.cardinalevaluator.CucumberSpringConfiguration]: no resource found for suffixes {-context.xml, Context.groovy}.
2022-07-13 19:53:43.704  INFO 38018 --- [    Test worker] .b.t.c.SpringBootTestContextBootstrapper : Loaded default TestExecutionListener class names from location [META-INF/spring.factories]: [org.springframework.boot.test.autoconfigure.restdocs.RestDocsTestExecutionListener, org.springframework.boot.test.autoconfigure.web.client.MockRestServiceServerResetTestExecutionListener, org.springframework.boot.test.autoconfigure.web.servlet.MockMvcPrintOnlyOnFailureTestExecutionListener, org.springframework.boot.test.autoconfigure.web.servlet.WebDriverTestExecutionListener, org.springframework.boot.test.autoconfigure.webservices.client.MockWebServiceServerTestExecutionListener, org.springframework.boot.test.mock.mockito.MockitoTestExecutionListener, org.springframework.boot.test.mock.mockito.ResetMocksTestExecutionListener, org.springframework.test.context.web.ServletTestExecutionListener, org.springframework.test.context.support.DirtiesContextBeforeModesTestExecutionListener, org.springframework.test.context.event.ApplicationEventsTestExecutionListener, org.springframework.test.context.support.DependencyInjectionTestExecutionListener, org.springframework.test.context.support.DirtiesContextTestExecutionListener, org.springframework.test.context.transaction.TransactionalTestExecutionListener, org.springframework.test.context.jdbc.SqlScriptsTestExecutionListener, org.springframework.test.context.event.EventPublishingTestExecutionListener]
2022-07-13 19:53:43.705  INFO 38018 --- [    Test worker] .b.t.c.SpringBootTestContextBootstrapper : Using TestExecutionListeners: [org.springframework.test.context.web.ServletTestExecutionListener@7497471b, org.springframework.test.context.support.DirtiesContextBeforeModesTestExecutionListener@6141c271, org.springframework.test.context.event.ApplicationEventsTestExecutionListener@de58d71, org.springframework.boot.test.mock.mockito.MockitoTestExecutionListener@1ec2726f, org.springframework.boot.test.autoconfigure.SpringBootDependencyInjectionTestExecutionListener@50235133, org.springframework.test.context.support.DirtiesContextTestExecutionListener@3f1e530c, org.springframework.test.context.event.EventPublishingTestExecutionListener@1e31cf9b, org.springframework.boot.test.autoconfigure.restdocs.RestDocsTestExecutionListener@13ed9738, org.springframework.boot.test.autoconfigure.web.client.MockRestServiceServerResetTestExecutionListener@598de6bf, org.springframework.boot.test.autoconfigure.web.servlet.MockMvcPrintOnlyOnFailureTestExecutionListener@144658b1, org.springframework.boot.test.autoconfigure.web.servlet.WebDriverTestExecutionListener@49b00b5, org.springframework.boot.test.autoconfigure.webservices.client.MockWebServiceServerTestExecutionListener@7b301349, org.springframework.boot.test.mock.mockito.ResetMocksTestExecutionListener@4dbeba8e]
2022-07-13 19:53:43.707  INFO 38018 --- [    Test worker] .b.t.c.SpringBootTestContextBootstrapper : Neither @ContextConfiguration nor @ContextHierarchy found for test class [com.globantx.cardinalevaluator.CucumberSpringConfiguration], using SpringBootContextLoader
2022-07-13 19:53:43.707  INFO 38018 --- [    Test worker] o.s.t.c.support.AbstractContextLoader    : Could not detect default resource locations for test class [com.globantx.cardinalevaluator.CucumberSpringConfiguration]: no resource found for suffixes {-context.xml, Context.groovy}.
2022-07-13 19:53:43.708  INFO 38018 --- [    Test worker] .b.t.c.SpringBootTestContextBootstrapper : Loaded default TestExecutionListener class names from location [META-INF/spring.factories]: [org.springframework.boot.test.autoconfigure.restdocs.RestDocsTestExecutionListener, org.springframework.boot.test.autoconfigure.web.client.MockRestServiceServerResetTestExecutionListener, org.springframework.boot.test.autoconfigure.web.servlet.MockMvcPrintOnlyOnFailureTestExecutionListener, org.springframework.boot.test.autoconfigure.web.servlet.WebDriverTestExecutionListener, org.springframework.boot.test.autoconfigure.webservices.client.MockWebServiceServerTestExecutionListener, org.springframework.boot.test.mock.mockito.MockitoTestExecutionListener, org.springframework.boot.test.mock.mockito.ResetMocksTestExecutionListener, org.springframework.test.context.web.ServletTestExecutionListener, org.springframework.test.context.support.DirtiesContextBeforeModesTestExecutionListener, org.springframework.test.context.event.ApplicationEventsTestExecutionListener, org.springframework.test.context.support.DependencyInjectionTestExecutionListener, org.springframework.test.context.support.DirtiesContextTestExecutionListener, org.springframework.test.context.transaction.TransactionalTestExecutionListener, org.springframework.test.context.jdbc.SqlScriptsTestExecutionListener, org.springframework.test.context.event.EventPublishingTestExecutionListener]
2022-07-13 19:53:43.709  INFO 38018 --- [    Test worker] .b.t.c.SpringBootTestContextBootstrapper : Using TestExecutionListeners: [org.springframework.test.context.web.ServletTestExecutionListener@6b1be058, org.springframework.test.context.support.DirtiesContextBeforeModesTestExecutionListener@37d9db26, org.springframework.test.context.event.ApplicationEventsTestExecutionListener@4c882ccf, org.springframework.boot.test.mock.mockito.MockitoTestExecutionListener@745a951a, org.springframework.boot.test.autoconfigure.SpringBootDependencyInjectionTestExecutionListener@40f7a2e9, org.springframework.test.context.support.DirtiesContextTestExecutionListener@390e513a, org.springframework.test.context.event.EventPublishingTestExecutionListener@346dec80, org.springframework.boot.test.autoconfigure.restdocs.RestDocsTestExecutionListener@143f4d52, org.springframework.boot.test.autoconfigure.web.client.MockRestServiceServerResetTestExecutionListener@69a245d6, org.springframework.boot.test.autoconfigure.web.servlet.MockMvcPrintOnlyOnFailureTestExecutionListener@226e4e59, org.springframework.boot.test.autoconfigure.web.servlet.WebDriverTestExecutionListener@79bcaf78, org.springframework.boot.test.autoconfigure.webservices.client.MockWebServiceServerTestExecutionListener@170738c0, org.springframework.boot.test.mock.mockito.ResetMocksTestExecutionListener@6cf04303]
2022-07-13 19:53:43.711  INFO 38018 --- [    Test worker] .b.t.c.SpringBootTestContextBootstrapper : Neither @ContextConfiguration nor @ContextHierarchy found for test class [com.globantx.cardinalevaluator.CucumberSpringConfiguration], using SpringBootContextLoader
2022-07-13 19:53:43.711  INFO 38018 --- [    Test worker] o.s.t.c.support.AbstractContextLoader    : Could not detect default resource locations for test class [com.globantx.cardinalevaluator.CucumberSpringConfiguration]: no resource found for suffixes {-context.xml, Context.groovy}.
2022-07-13 19:53:43.712  INFO 38018 --- [    Test worker] .b.t.c.SpringBootTestContextBootstrapper : Loaded default TestExecutionListener class names from location [META-INF/spring.factories]: [org.springframework.boot.test.autoconfigure.restdocs.RestDocsTestExecutionListener, org.springframework.boot.test.autoconfigure.web.client.MockRestServiceServerResetTestExecutionListener, org.springframework.boot.test.autoconfigure.web.servlet.MockMvcPrintOnlyOnFailureTestExecutionListener, org.springframework.boot.test.autoconfigure.web.servlet.WebDriverTestExecutionListener, org.springframework.boot.test.autoconfigure.webservices.client.MockWebServiceServerTestExecutionListener, org.springframework.boot.test.mock.mockito.MockitoTestExecutionListener, org.springframework.boot.test.mock.mockito.ResetMocksTestExecutionListener, org.springframework.test.context.web.ServletTestExecutionListener, org.springframework.test.context.support.DirtiesContextBeforeModesTestExecutionListener, org.springframework.test.context.event.ApplicationEventsTestExecutionListener, org.springframework.test.context.support.DependencyInjectionTestExecutionListener, org.springframework.test.context.support.DirtiesContextTestExecutionListener, org.springframework.test.context.transaction.TransactionalTestExecutionListener, org.springframework.test.context.jdbc.SqlScriptsTestExecutionListener, org.springframework.test.context.event.EventPublishingTestExecutionListener]
2022-07-13 19:53:43.713  INFO 38018 --- [    Test worker] .b.t.c.SpringBootTestContextBootstrapper : Using TestExecutionListeners: [org.springframework.test.context.web.ServletTestExecutionListener@3cbcd442, org.springframework.test.context.support.DirtiesContextBeforeModesTestExecutionListener@20677bc2, org.springframework.test.context.event.ApplicationEventsTestExecutionListener@e888636, org.springframework.boot.test.mock.mockito.MockitoTestExecutionListener@608e34bf, org.springframework.boot.test.autoconfigure.SpringBootDependencyInjectionTestExecutionListener@3a4af228, org.springframework.test.context.support.DirtiesContextTestExecutionListener@21e827c8, org.springframework.test.context.event.EventPublishingTestExecutionListener@6b1bacf5, org.springframework.boot.test.autoconfigure.restdocs.RestDocsTestExecutionListener@7aa146e5, org.springframework.boot.test.autoconfigure.web.client.MockRestServiceServerResetTestExecutionListener@1717302b, org.springframework.boot.test.autoconfigure.web.servlet.MockMvcPrintOnlyOnFailureTestExecutionListener@77a19366, org.springframework.boot.test.autoconfigure.web.servlet.WebDriverTestExecutionListener@416bf563, org.springframework.boot.test.autoconfigure.webservices.client.MockWebServiceServerTestExecutionListener@310d05c5, org.springframework.boot.test.mock.mockito.ResetMocksTestExecutionListener@1fb5eda7]
2022-07-13 19:53:43.715  INFO 38018 --- [    Test worker] .b.t.c.SpringBootTestContextBootstrapper : Neither @ContextConfiguration nor @ContextHierarchy found for test class [com.globantx.cardinalevaluator.CucumberSpringConfiguration], using SpringBootContextLoader
2022-07-13 19:53:43.716  INFO 38018 --- [    Test worker] o.s.t.c.support.AbstractContextLoader    : Could not detect default resource locations for test class [com.globantx.cardinalevaluator.CucumberSpringConfiguration]: no resource found for suffixes {-context.xml, Context.groovy}.
2022-07-13 19:53:43.716  INFO 38018 --- [    Test worker] .b.t.c.SpringBootTestContextBootstrapper : Loaded default TestExecutionListener class names from location [META-INF/spring.factories]: [org.springframework.boot.test.autoconfigure.restdocs.RestDocsTestExecutionListener, org.springframework.boot.test.autoconfigure.web.client.MockRestServiceServerResetTestExecutionListener, org.springframework.boot.test.autoconfigure.web.servlet.MockMvcPrintOnlyOnFailureTestExecutionListener, org.springframework.boot.test.autoconfigure.web.servlet.WebDriverTestExecutionListener, org.springframework.boot.test.autoconfigure.webservices.client.MockWebServiceServerTestExecutionListener, org.springframework.boot.test.mock.mockito.MockitoTestExecutionListener, org.springframework.boot.test.mock.mockito.ResetMocksTestExecutionListener, org.springframework.test.context.web.ServletTestExecutionListener, org.springframework.test.context.support.DirtiesContextBeforeModesTestExecutionListener, org.springframework.test.context.event.ApplicationEventsTestExecutionListener, org.springframework.test.context.support.DependencyInjectionTestExecutionListener, org.springframework.test.context.support.DirtiesContextTestExecutionListener, org.springframework.test.context.transaction.TransactionalTestExecutionListener, org.springframework.test.context.jdbc.SqlScriptsTestExecutionListener, org.springframework.test.context.event.EventPublishingTestExecutionListener]
2022-07-13 19:53:43.716  INFO 38018 --- [    Test worker] .b.t.c.SpringBootTestContextBootstrapper : Using TestExecutionListeners: [org.springframework.test.context.web.ServletTestExecutionListener@64746794, org.springframework.test.context.support.DirtiesContextBeforeModesTestExecutionListener@7aaa4694, org.springframework.test.context.event.ApplicationEventsTestExecutionListener@23504729, org.springframework.boot.test.mock.mockito.MockitoTestExecutionListener@13b85e31, org.springframework.boot.test.autoconfigure.SpringBootDependencyInjectionTestExecutionListener@5437c315, org.springframework.test.context.support.DirtiesContextTestExecutionListener@7c81b1e1, org.springframework.test.context.event.EventPublishingTestExecutionListener@5dc9d857, org.springframework.boot.test.autoconfigure.restdocs.RestDocsTestExecutionListener@cd14c09, org.springframework.boot.test.autoconfigure.web.client.MockRestServiceServerResetTestExecutionListener@661409ed, org.springframework.boot.test.autoconfigure.web.servlet.MockMvcPrintOnlyOnFailureTestExecutionListener@176ba277, org.springframework.boot.test.autoconfigure.web.servlet.WebDriverTestExecutionListener@473dbad, org.springframework.boot.test.autoconfigure.webservices.client.MockWebServiceServerTestExecutionListener@2447e2e, org.springframework.boot.test.mock.mockito.ResetMocksTestExecutionListener@445944ea]
2022-07-13 19:53:43.719  INFO 38018 --- [    Test worker] .b.t.c.SpringBootTestContextBootstrapper : Neither @ContextConfiguration nor @ContextHierarchy found for test class [com.globantx.cardinalevaluator.CucumberSpringConfiguration], using SpringBootContextLoader
2022-07-13 19:53:43.719  INFO 38018 --- [    Test worker] o.s.t.c.support.AbstractContextLoader    : Could not detect default resource locations for test class [com.globantx.cardinalevaluator.CucumberSpringConfiguration]: no resource found for suffixes {-context.xml, Context.groovy}.
2022-07-13 19:53:43.719  INFO 38018 --- [    Test worker] .b.t.c.SpringBootTestContextBootstrapper : Loaded default TestExecutionListener class names from location [META-INF/spring.factories]: [org.springframework.boot.test.autoconfigure.restdocs.RestDocsTestExecutionListener, org.springframework.boot.test.autoconfigure.web.client.MockRestServiceServerResetTestExecutionListener, org.springframework.boot.test.autoconfigure.web.servlet.MockMvcPrintOnlyOnFailureTestExecutionListener, org.springframework.boot.test.autoconfigure.web.servlet.WebDriverTestExecutionListener, org.springframework.boot.test.autoconfigure.webservices.client.MockWebServiceServerTestExecutionListener, org.springframework.boot.test.mock.mockito.MockitoTestExecutionListener, org.springframework.boot.test.mock.mockito.ResetMocksTestExecutionListener, org.springframework.test.context.web.ServletTestExecutionListener, org.springframework.test.context.support.DirtiesContextBeforeModesTestExecutionListener, org.springframework.test.context.event.ApplicationEventsTestExecutionListener, org.springframework.test.context.support.DependencyInjectionTestExecutionListener, org.springframework.test.context.support.DirtiesContextTestExecutionListener, org.springframework.test.context.transaction.TransactionalTestExecutionListener, org.springframework.test.context.jdbc.SqlScriptsTestExecutionListener, org.springframework.test.context.event.EventPublishingTestExecutionListener]
2022-07-13 19:53:43.720  INFO 38018 --- [    Test worker] .b.t.c.SpringBootTestContextBootstrapper : Using TestExecutionListeners: [org.springframework.test.context.web.ServletTestExecutionListener@eeb2e0c, org.springframework.test.context.support.DirtiesContextBeforeModesTestExecutionListener@145f22cf, org.springframework.test.context.event.ApplicationEventsTestExecutionListener@35cb8b64, org.springframework.boot.test.mock.mockito.MockitoTestExecutionListener@3b3bf723, org.springframework.boot.test.autoconfigure.SpringBootDependencyInjectionTestExecutionListener@6c772506, org.springframework.test.context.support.DirtiesContextTestExecutionListener@1532b1d, org.springframework.test.context.event.EventPublishingTestExecutionListener@682a00f8, org.springframework.boot.test.autoconfigure.restdocs.RestDocsTestExecutionListener@c4c6031, org.springframework.boot.test.autoconfigure.web.client.MockRestServiceServerResetTestExecutionListener@59463bab, org.springframework.boot.test.autoconfigure.web.servlet.MockMvcPrintOnlyOnFailureTestExecutionListener@4155e85d, org.springframework.boot.test.autoconfigure.web.servlet.WebDriverTestExecutionListener@79401d4f, org.springframework.boot.test.autoconfigure.webservices.client.MockWebServiceServerTestExecutionListener@16e2a7be, org.springframework.boot.test.mock.mockito.ResetMocksTestExecutionListener@7e915daa]
2022-07-13 19:53:43.723  INFO 38018 --- [    Test worker] .b.t.c.SpringBootTestContextBootstrapper : Neither @ContextConfiguration nor @ContextHierarchy found for test class [com.globantx.cardinalevaluator.CucumberSpringConfiguration], using SpringBootContextLoader
2022-07-13 19:53:43.723  INFO 38018 --- [    Test worker] o.s.t.c.support.AbstractContextLoader    : Could not detect default resource locations for test class [com.globantx.cardinalevaluator.CucumberSpringConfiguration]: no resource found for suffixes {-context.xml, Context.groovy}.
2022-07-13 19:53:43.724  INFO 38018 --- [    Test worker] .b.t.c.SpringBootTestContextBootstrapper : Loaded default TestExecutionListener class names from location [META-INF/spring.factories]: [org.springframework.boot.test.autoconfigure.restdocs.RestDocsTestExecutionListener, org.springframework.boot.test.autoconfigure.web.client.MockRestServiceServerResetTestExecutionListener, org.springframework.boot.test.autoconfigure.web.servlet.MockMvcPrintOnlyOnFailureTestExecutionListener, org.springframework.boot.test.autoconfigure.web.servlet.WebDriverTestExecutionListener, org.springframework.boot.test.autoconfigure.webservices.client.MockWebServiceServerTestExecutionListener, org.springframework.boot.test.mock.mockito.MockitoTestExecutionListener, org.springframework.boot.test.mock.mockito.ResetMocksTestExecutionListener, org.springframework.test.context.web.ServletTestExecutionListener, org.springframework.test.context.support.DirtiesContextBeforeModesTestExecutionListener, org.springframework.test.context.event.ApplicationEventsTestExecutionListener, org.springframework.test.context.support.DependencyInjectionTestExecutionListener, org.springframework.test.context.support.DirtiesContextTestExecutionListener, org.springframework.test.context.transaction.TransactionalTestExecutionListener, org.springframework.test.context.jdbc.SqlScriptsTestExecutionListener, org.springframework.test.context.event.EventPublishingTestExecutionListener]
2022-07-13 19:53:43.724  INFO 38018 --- [    Test worker] .b.t.c.SpringBootTestContextBootstrapper : Using TestExecutionListeners: [org.springframework.test.context.web.ServletTestExecutionListener@10e85525, org.springframework.test.context.support.DirtiesContextBeforeModesTestExecutionListener@69bb8812, org.springframework.test.context.event.ApplicationEventsTestExecutionListener@6a670dcc, org.springframework.boot.test.mock.mockito.MockitoTestExecutionListener@1e6f7127, org.springframework.boot.test.autoconfigure.SpringBootDependencyInjectionTestExecutionListener@4cfc4eb2, org.springframework.test.context.support.DirtiesContextTestExecutionListener@79b2b427, org.springframework.test.context.event.EventPublishingTestExecutionListener@2be9dfb0, org.springframework.boot.test.autoconfigure.restdocs.RestDocsTestExecutionListener@4e6a75a3, org.springframework.boot.test.autoconfigure.web.client.MockRestServiceServerResetTestExecutionListener@60cd2b02, org.springframework.boot.test.autoconfigure.web.servlet.MockMvcPrintOnlyOnFailureTestExecutionListener@c32b8b0, org.springframework.boot.test.autoconfigure.web.servlet.WebDriverTestExecutionListener@6943e2d9, org.springframework.boot.test.autoconfigure.webservices.client.MockWebServiceServerTestExecutionListener@7499553f, org.springframework.boot.test.mock.mockito.ResetMocksTestExecutionListener@7d05e595]
2022-07-13 19:53:43.727  INFO 38018 --- [    Test worker] .b.t.c.SpringBootTestContextBootstrapper : Neither @ContextConfiguration nor @ContextHierarchy found for test class [com.globantx.cardinalevaluator.CucumberSpringConfiguration], using SpringBootContextLoader
2022-07-13 19:53:43.727  INFO 38018 --- [    Test worker] o.s.t.c.support.AbstractContextLoader    : Could not detect default resource locations for test class [com.globantx.cardinalevaluator.CucumberSpringConfiguration]: no resource found for suffixes {-context.xml, Context.groovy}.
2022-07-13 19:53:43.728  INFO 38018 --- [    Test worker] .b.t.c.SpringBootTestContextBootstrapper : Loaded default TestExecutionListener class names from location [META-INF/spring.factories]: [org.springframework.boot.test.autoconfigure.restdocs.RestDocsTestExecutionListener, org.springframework.boot.test.autoconfigure.web.client.MockRestServiceServerResetTestExecutionListener, org.springframework.boot.test.autoconfigure.web.servlet.MockMvcPrintOnlyOnFailureTestExecutionListener, org.springframework.boot.test.autoconfigure.web.servlet.WebDriverTestExecutionListener, org.springframework.boot.test.autoconfigure.webservices.client.MockWebServiceServerTestExecutionListener, org.springframework.boot.test.mock.mockito.MockitoTestExecutionListener, org.springframework.boot.test.mock.mockito.ResetMocksTestExecutionListener, org.springframework.test.context.web.ServletTestExecutionListener, org.springframework.test.context.support.DirtiesContextBeforeModesTestExecutionListener, org.springframework.test.context.event.ApplicationEventsTestExecutionListener, org.springframework.test.context.support.DependencyInjectionTestExecutionListener, org.springframework.test.context.support.DirtiesContextTestExecutionListener, org.springframework.test.context.transaction.TransactionalTestExecutionListener, org.springframework.test.context.jdbc.SqlScriptsTestExecutionListener, org.springframework.test.context.event.EventPublishingTestExecutionListener]
2022-07-13 19:53:43.728  INFO 38018 --- [    Test worker] .b.t.c.SpringBootTestContextBootstrapper : Using TestExecutionListeners: [org.springframework.test.context.web.ServletTestExecutionListener@64eb35bd, org.springframework.test.context.support.DirtiesContextBeforeModesTestExecutionListener@124856d3, org.springframework.test.context.event.ApplicationEventsTestExecutionListener@2c46c908, org.springframework.boot.test.mock.mockito.MockitoTestExecutionListener@7ebda858, org.springframework.boot.test.autoconfigure.SpringBootDependencyInjectionTestExecutionListener@43462cef, org.springframework.test.context.support.DirtiesContextTestExecutionListener@13e8149a, org.springframework.test.context.event.EventPublishingTestExecutionListener@9fc9166, org.springframework.boot.test.autoconfigure.restdocs.RestDocsTestExecutionListener@1a100769, org.springframework.boot.test.autoconfigure.web.client.MockRestServiceServerResetTestExecutionListener@68437190, org.springframework.boot.test.autoconfigure.web.servlet.MockMvcPrintOnlyOnFailureTestExecutionListener@3b5cf4c6, org.springframework.boot.test.autoconfigure.web.servlet.WebDriverTestExecutionListener@56c6256a, org.springframework.boot.test.autoconfigure.webservices.client.MockWebServiceServerTestExecutionListener@4c775b94, org.springframework.boot.test.mock.mockito.ResetMocksTestExecutionListener@3fcb6c7b]
2022-07-13 19:53:43.731  INFO 38018 --- [    Test worker] .b.t.c.SpringBootTestContextBootstrapper : Neither @ContextConfiguration nor @ContextHierarchy found for test class [com.globantx.cardinalevaluator.CucumberSpringConfiguration], using SpringBootContextLoader
2022-07-13 19:53:43.731  INFO 38018 --- [    Test worker] o.s.t.c.support.AbstractContextLoader    : Could not detect default resource locations for test class [com.globantx.cardinalevaluator.CucumberSpringConfiguration]: no resource found for suffixes {-context.xml, Context.groovy}.
2022-07-13 19:53:43.732  INFO 38018 --- [    Test worker] .b.t.c.SpringBootTestContextBootstrapper : Loaded default TestExecutionListener class names from location [META-INF/spring.factories]: [org.springframework.boot.test.autoconfigure.restdocs.RestDocsTestExecutionListener, org.springframework.boot.test.autoconfigure.web.client.MockRestServiceServerResetTestExecutionListener, org.springframework.boot.test.autoconfigure.web.servlet.MockMvcPrintOnlyOnFailureTestExecutionListener, org.springframework.boot.test.autoconfigure.web.servlet.WebDriverTestExecutionListener, org.springframework.boot.test.autoconfigure.webservices.client.MockWebServiceServerTestExecutionListener, org.springframework.boot.test.mock.mockito.MockitoTestExecutionListener, org.springframework.boot.test.mock.mockito.ResetMocksTestExecutionListener, org.springframework.test.context.web.ServletTestExecutionListener, org.springframework.test.context.support.DirtiesContextBeforeModesTestExecutionListener, org.springframework.test.context.event.ApplicationEventsTestExecutionListener, org.springframework.test.context.support.DependencyInjectionTestExecutionListener, org.springframework.test.context.support.DirtiesContextTestExecutionListener, org.springframework.test.context.transaction.TransactionalTestExecutionListener, org.springframework.test.context.jdbc.SqlScriptsTestExecutionListener, org.springframework.test.context.event.EventPublishingTestExecutionListener]
2022-07-13 19:53:43.732  INFO 38018 --- [    Test worker] .b.t.c.SpringBootTestContextBootstrapper : Using TestExecutionListeners: [org.springframework.test.context.web.ServletTestExecutionListener@63ed5580, org.springframework.test.context.support.DirtiesContextBeforeModesTestExecutionListener@4e7d1e2, org.springframework.test.context.event.ApplicationEventsTestExecutionListener@72ba8111, org.springframework.boot.test.mock.mockito.MockitoTestExecutionListener@16768389, org.springframework.boot.test.autoconfigure.SpringBootDependencyInjectionTestExecutionListener@1fbe8592, org.springframework.test.context.support.DirtiesContextTestExecutionListener@25ec2f46, org.springframework.test.context.event.EventPublishingTestExecutionListener@37890e3, org.springframework.boot.test.autoconfigure.restdocs.RestDocsTestExecutionListener@213031ce, org.springframework.boot.test.autoconfigure.web.client.MockRestServiceServerResetTestExecutionListener@4a49b26f, org.springframework.boot.test.autoconfigure.web.servlet.MockMvcPrintOnlyOnFailureTestExecutionListener@e9b227f, org.springframework.boot.test.autoconfigure.web.servlet.WebDriverTestExecutionListener@49a344c7, org.springframework.boot.test.autoconfigure.webservices.client.MockWebServiceServerTestExecutionListener@69bdb27c, org.springframework.boot.test.mock.mockito.ResetMocksTestExecutionListener@6ee0bfee]
2022-07-13 19:53:43.735  INFO 38018 --- [    Test worker] .b.t.c.SpringBootTestContextBootstrapper : Neither @ContextConfiguration nor @ContextHierarchy found for test class [com.globantx.cardinalevaluator.CucumberSpringConfiguration], using SpringBootContextLoader
2022-07-13 19:53:43.735  INFO 38018 --- [    Test worker] o.s.t.c.support.AbstractContextLoader    : Could not detect default resource locations for test class [com.globantx.cardinalevaluator.CucumberSpringConfiguration]: no resource found for suffixes {-context.xml, Context.groovy}.
2022-07-13 19:53:43.735  INFO 38018 --- [    Test worker] .b.t.c.SpringBootTestContextBootstrapper : Loaded default TestExecutionListener class names from location [META-INF/spring.factories]: [org.springframework.boot.test.autoconfigure.restdocs.RestDocsTestExecutionListener, org.springframework.boot.test.autoconfigure.web.client.MockRestServiceServerResetTestExecutionListener, org.springframework.boot.test.autoconfigure.web.servlet.MockMvcPrintOnlyOnFailureTestExecutionListener, org.springframework.boot.test.autoconfigure.web.servlet.WebDriverTestExecutionListener, org.springframework.boot.test.autoconfigure.webservices.client.MockWebServiceServerTestExecutionListener, org.springframework.boot.test.mock.mockito.MockitoTestExecutionListener, org.springframework.boot.test.mock.mockito.ResetMocksTestExecutionListener, org.springframework.test.context.web.ServletTestExecutionListener, org.springframework.test.context.support.DirtiesContextBeforeModesTestExecutionListener, org.springframework.test.context.event.ApplicationEventsTestExecutionListener, org.springframework.test.context.support.DependencyInjectionTestExecutionListener, org.springframework.test.context.support.DirtiesContextTestExecutionListener, org.springframework.test.context.transaction.TransactionalTestExecutionListener, org.springframework.test.context.jdbc.SqlScriptsTestExecutionListener, org.springframework.test.context.event.EventPublishingTestExecutionListener]
2022-07-13 19:53:43.736  INFO 38018 --- [    Test worker] .b.t.c.SpringBootTestContextBootstrapper : Using TestExecutionListeners: [org.springframework.test.context.web.ServletTestExecutionListener@393fe097, org.springframework.test.context.support.DirtiesContextBeforeModesTestExecutionListener@6ae91e0b, org.springframework.test.context.event.ApplicationEventsTestExecutionListener@6ec36f78, org.springframework.boot.test.mock.mockito.MockitoTestExecutionListener@5b7b281, org.springframework.boot.test.autoconfigure.SpringBootDependencyInjectionTestExecutionListener@434ad1f8, org.springframework.test.context.support.DirtiesContextTestExecutionListener@617196dc, org.springframework.test.context.event.EventPublishingTestExecutionListener@14bc9d25, org.springframework.boot.test.autoconfigure.restdocs.RestDocsTestExecutionListener@2c271689, org.springframework.boot.test.autoconfigure.web.client.MockRestServiceServerResetTestExecutionListener@3977c7e4, org.springframework.boot.test.autoconfigure.web.servlet.MockMvcPrintOnlyOnFailureTestExecutionListener@54dd6160, org.springframework.boot.test.autoconfigure.web.servlet.WebDriverTestExecutionListener@24f89b6b, org.springframework.boot.test.autoconfigure.webservices.client.MockWebServiceServerTestExecutionListener@307f4223, org.springframework.boot.test.mock.mockito.ResetMocksTestExecutionListener@3730fb2f]
2022-07-13 19:53:43.738  INFO 38018 --- [    Test worker] .b.t.c.SpringBootTestContextBootstrapper : Neither @ContextConfiguration nor @ContextHierarchy found for test class [com.globantx.cardinalevaluator.CucumberSpringConfiguration], using SpringBootContextLoader
2022-07-13 19:53:43.738  INFO 38018 --- [    Test worker] o.s.t.c.support.AbstractContextLoader    : Could not detect default resource locations for test class [com.globantx.cardinalevaluator.CucumberSpringConfiguration]: no resource found for suffixes {-context.xml, Context.groovy}.
2022-07-13 19:53:43.739  INFO 38018 --- [    Test worker] .b.t.c.SpringBootTestContextBootstrapper : Loaded default TestExecutionListener class names from location [META-INF/spring.factories]: [org.springframework.boot.test.autoconfigure.restdocs.RestDocsTestExecutionListener, org.springframework.boot.test.autoconfigure.web.client.MockRestServiceServerResetTestExecutionListener, org.springframework.boot.test.autoconfigure.web.servlet.MockMvcPrintOnlyOnFailureTestExecutionListener, org.springframework.boot.test.autoconfigure.web.servlet.WebDriverTestExecutionListener, org.springframework.boot.test.autoconfigure.webservices.client.MockWebServiceServerTestExecutionListener, org.springframework.boot.test.mock.mockito.MockitoTestExecutionListener, org.springframework.boot.test.mock.mockito.ResetMocksTestExecutionListener, org.springframework.test.context.web.ServletTestExecutionListener, org.springframework.test.context.support.DirtiesContextBeforeModesTestExecutionListener, org.springframework.test.context.event.ApplicationEventsTestExecutionListener, org.springframework.test.context.support.DependencyInjectionTestExecutionListener, org.springframework.test.context.support.DirtiesContextTestExecutionListener, org.springframework.test.context.transaction.TransactionalTestExecutionListener, org.springframework.test.context.jdbc.SqlScriptsTestExecutionListener, org.springframework.test.context.event.EventPublishingTestExecutionListener]
2022-07-13 19:53:43.739  INFO 38018 --- [    Test worker] .b.t.c.SpringBootTestContextBootstrapper : Using TestExecutionListeners: [org.springframework.test.context.web.ServletTestExecutionListener@8d95ac8, org.springframework.test.context.support.DirtiesContextBeforeModesTestExecutionListener@689aab7b, org.springframework.test.context.event.ApplicationEventsTestExecutionListener@22be8211, org.springframework.boot.test.mock.mockito.MockitoTestExecutionListener@1267fcea, org.springframework.boot.test.autoconfigure.SpringBootDependencyInjectionTestExecutionListener@502afb74, org.springframework.test.context.support.DirtiesContextTestExecutionListener@6dd65379, org.springframework.test.context.event.EventPublishingTestExecutionListener@3b2eead8, org.springframework.boot.test.autoconfigure.restdocs.RestDocsTestExecutionListener@1603d1fb, org.springframework.boot.test.autoconfigure.web.client.MockRestServiceServerResetTestExecutionListener@11757914, org.springframework.boot.test.autoconfigure.web.servlet.MockMvcPrintOnlyOnFailureTestExecutionListener@4e67bdd8, org.springframework.boot.test.autoconfigure.web.servlet.WebDriverTestExecutionListener@2d3f6e6, org.springframework.boot.test.autoconfigure.webservices.client.MockWebServiceServerTestExecutionListener@a57734e, org.springframework.boot.test.mock.mockito.ResetMocksTestExecutionListener@30d016c9]
2022-07-13 19:53:43.741  INFO 38018 --- [    Test worker] .b.t.c.SpringBootTestContextBootstrapper : Neither @ContextConfiguration nor @ContextHierarchy found for test class [com.globantx.cardinalevaluator.CucumberSpringConfiguration], using SpringBootContextLoader
2022-07-13 19:53:43.741  INFO 38018 --- [    Test worker] o.s.t.c.support.AbstractContextLoader    : Could not detect default resource locations for test class [com.globantx.cardinalevaluator.CucumberSpringConfiguration]: no resource found for suffixes {-context.xml, Context.groovy}.
2022-07-13 19:53:43.742  INFO 38018 --- [    Test worker] .b.t.c.SpringBootTestContextBootstrapper : Loaded default TestExecutionListener class names from location [META-INF/spring.factories]: [org.springframework.boot.test.autoconfigure.restdocs.RestDocsTestExecutionListener, org.springframework.boot.test.autoconfigure.web.client.MockRestServiceServerResetTestExecutionListener, org.springframework.boot.test.autoconfigure.web.servlet.MockMvcPrintOnlyOnFailureTestExecutionListener, org.springframework.boot.test.autoconfigure.web.servlet.WebDriverTestExecutionListener, org.springframework.boot.test.autoconfigure.webservices.client.MockWebServiceServerTestExecutionListener, org.springframework.boot.test.mock.mockito.MockitoTestExecutionListener, org.springframework.boot.test.mock.mockito.ResetMocksTestExecutionListener, org.springframework.test.context.web.ServletTestExecutionListener, org.springframework.test.context.support.DirtiesContextBeforeModesTestExecutionListener, org.springframework.test.context.event.ApplicationEventsTestExecutionListener, org.springframework.test.context.support.DependencyInjectionTestExecutionListener, org.springframework.test.context.support.DirtiesContextTestExecutionListener, org.springframework.test.context.transaction.TransactionalTestExecutionListener, org.springframework.test.context.jdbc.SqlScriptsTestExecutionListener, org.springframework.test.context.event.EventPublishingTestExecutionListener]
2022-07-13 19:53:43.742  INFO 38018 --- [    Test worker] .b.t.c.SpringBootTestContextBootstrapper : Using TestExecutionListeners: [org.springframework.test.context.web.ServletTestExecutionListener@43aae476, org.springframework.test.context.support.DirtiesContextBeforeModesTestExecutionListener@5e535e23, org.springframework.test.context.event.ApplicationEventsTestExecutionListener@6f2f9ba4, org.springframework.boot.test.mock.mockito.MockitoTestExecutionListener@5ff9bed6, org.springframework.boot.test.autoconfigure.SpringBootDependencyInjectionTestExecutionListener@4be4680b, org.springframework.test.context.support.DirtiesContextTestExecutionListener@f829512, org.springframework.test.context.event.EventPublishingTestExecutionListener@1ce3ddfd, org.springframework.boot.test.autoconfigure.restdocs.RestDocsTestExecutionListener@e7ecfb9, org.springframework.boot.test.autoconfigure.web.client.MockRestServiceServerResetTestExecutionListener@66325a4d, org.springframework.boot.test.autoconfigure.web.servlet.MockMvcPrintOnlyOnFailureTestExecutionListener@7d03699c, org.springframework.boot.test.autoconfigure.web.servlet.WebDriverTestExecutionListener@7f8d4ff4, org.springframework.boot.test.autoconfigure.webservices.client.MockWebServiceServerTestExecutionListener@77644bb, org.springframework.boot.test.mock.mockito.ResetMocksTestExecutionListener@73e2862a]
2022-07-13 19:53:43.744  INFO 38018 --- [    Test worker] .b.t.c.SpringBootTestContextBootstrapper : Neither @ContextConfiguration nor @ContextHierarchy found for test class [com.globantx.cardinalevaluator.CucumberSpringConfiguration], using SpringBootContextLoader
2022-07-13 19:53:43.745  INFO 38018 --- [    Test worker] o.s.t.c.support.AbstractContextLoader    : Could not detect default resource locations for test class [com.globantx.cardinalevaluator.CucumberSpringConfiguration]: no resource found for suffixes {-context.xml, Context.groovy}.
2022-07-13 19:53:43.745  INFO 38018 --- [    Test worker] .b.t.c.SpringBootTestContextBootstrapper : Loaded default TestExecutionListener class names from location [META-INF/spring.factories]: [org.springframework.boot.test.autoconfigure.restdocs.RestDocsTestExecutionListener, org.springframework.boot.test.autoconfigure.web.client.MockRestServiceServerResetTestExecutionListener, org.springframework.boot.test.autoconfigure.web.servlet.MockMvcPrintOnlyOnFailureTestExecutionListener, org.springframework.boot.test.autoconfigure.web.servlet.WebDriverTestExecutionListener, org.springframework.boot.test.autoconfigure.webservices.client.MockWebServiceServerTestExecutionListener, org.springframework.boot.test.mock.mockito.MockitoTestExecutionListener, org.springframework.boot.test.mock.mockito.ResetMocksTestExecutionListener, org.springframework.test.context.web.ServletTestExecutionListener, org.springframework.test.context.support.DirtiesContextBeforeModesTestExecutionListener, org.springframework.test.context.event.ApplicationEventsTestExecutionListener, org.springframework.test.context.support.DependencyInjectionTestExecutionListener, org.springframework.test.context.support.DirtiesContextTestExecutionListener, org.springframework.test.context.transaction.TransactionalTestExecutionListener, org.springframework.test.context.jdbc.SqlScriptsTestExecutionListener, org.springframework.test.context.event.EventPublishingTestExecutionListener]
2022-07-13 19:53:43.745  INFO 38018 --- [    Test worker] .b.t.c.SpringBootTestContextBootstrapper : Using TestExecutionListeners: [org.springframework.test.context.web.ServletTestExecutionListener@154b5e43, org.springframework.test.context.support.DirtiesContextBeforeModesTestExecutionListener@ac41f1, org.springframework.test.context.event.ApplicationEventsTestExecutionListener@35ca8ec3, org.springframework.boot.test.mock.mockito.MockitoTestExecutionListener@52fe8d86, org.springframework.boot.test.autoconfigure.SpringBootDependencyInjectionTestExecutionListener@1d0868dc, org.springframework.test.context.support.DirtiesContextTestExecutionListener@7fc91145, org.springframework.test.context.event.EventPublishingTestExecutionListener@1e1424e9, org.springframework.boot.test.autoconfigure.restdocs.RestDocsTestExecutionListener@38a01810, org.springframework.boot.test.autoconfigure.web.client.MockRestServiceServerResetTestExecutionListener@6630c950, org.springframework.boot.test.autoconfigure.web.servlet.MockMvcPrintOnlyOnFailureTestExecutionListener@51c4bfea, org.springframework.boot.test.autoconfigure.web.servlet.WebDriverTestExecutionListener@6ec8fa57, org.springframework.boot.test.autoconfigure.webservices.client.MockWebServiceServerTestExecutionListener@56101f06, org.springframework.boot.test.mock.mockito.ResetMocksTestExecutionListener@368a26dd]
2022-07-13 19:53:43.748  INFO 38018 --- [    Test worker] .b.t.c.SpringBootTestContextBootstrapper : Neither @ContextConfiguration nor @ContextHierarchy found for test class [com.globantx.cardinalevaluator.CucumberSpringConfiguration], using SpringBootContextLoader
2022-07-13 19:53:43.748  INFO 38018 --- [    Test worker] o.s.t.c.support.AbstractContextLoader    : Could not detect default resource locations for test class [com.globantx.cardinalevaluator.CucumberSpringConfiguration]: no resource found for suffixes {-context.xml, Context.groovy}.
2022-07-13 19:53:43.748  INFO 38018 --- [    Test worker] .b.t.c.SpringBootTestContextBootstrapper : Loaded default TestExecutionListener class names from location [META-INF/spring.factories]: [org.springframework.boot.test.autoconfigure.restdocs.RestDocsTestExecutionListener, org.springframework.boot.test.autoconfigure.web.client.MockRestServiceServerResetTestExecutionListener, org.springframework.boot.test.autoconfigure.web.servlet.MockMvcPrintOnlyOnFailureTestExecutionListener, org.springframework.boot.test.autoconfigure.web.servlet.WebDriverTestExecutionListener, org.springframework.boot.test.autoconfigure.webservices.client.MockWebServiceServerTestExecutionListener, org.springframework.boot.test.mock.mockito.MockitoTestExecutionListener, org.springframework.boot.test.mock.mockito.ResetMocksTestExecutionListener, org.springframework.test.context.web.ServletTestExecutionListener, org.springframework.test.context.support.DirtiesContextBeforeModesTestExecutionListener, org.springframework.test.context.event.ApplicationEventsTestExecutionListener, org.springframework.test.context.support.DependencyInjectionTestExecutionListener, org.springframework.test.context.support.DirtiesContextTestExecutionListener, org.springframework.test.context.transaction.TransactionalTestExecutionListener, org.springframework.test.context.jdbc.SqlScriptsTestExecutionListener, org.springframework.test.context.event.EventPublishingTestExecutionListener]
2022-07-13 19:53:43.749  INFO 38018 --- [    Test worker] .b.t.c.SpringBootTestContextBootstrapper : Using TestExecutionListeners: [org.springframework.test.context.web.ServletTestExecutionListener@4245e409, org.springframework.test.context.support.DirtiesContextBeforeModesTestExecutionListener@6bf6b454, org.springframework.test.context.event.ApplicationEventsTestExecutionListener@3dc86e03, org.springframework.boot.test.mock.mockito.MockitoTestExecutionListener@5a931ba9, org.springframework.boot.test.autoconfigure.SpringBootDependencyInjectionTestExecutionListener@379bc95e, org.springframework.test.context.support.DirtiesContextTestExecutionListener@69919fed, org.springframework.test.context.event.EventPublishingTestExecutionListener@17574caa, org.springframework.boot.test.autoconfigure.restdocs.RestDocsTestExecutionListener@555b43ba, org.springframework.boot.test.autoconfigure.web.client.MockRestServiceServerResetTestExecutionListener@3ce3b176, org.springframework.boot.test.autoconfigure.web.servlet.MockMvcPrintOnlyOnFailureTestExecutionListener@59e83ff0, org.springframework.boot.test.autoconfigure.web.servlet.WebDriverTestExecutionListener@74f70a7b, org.springframework.boot.test.autoconfigure.webservices.client.MockWebServiceServerTestExecutionListener@7bbec1cc, org.springframework.boot.test.mock.mockito.ResetMocksTestExecutionListener@5a77b7cc]
2022-07-13 19:53:43.751  INFO 38018 --- [    Test worker] .b.t.c.SpringBootTestContextBootstrapper : Neither @ContextConfiguration nor @ContextHierarchy found for test class [com.globantx.cardinalevaluator.CucumberSpringConfiguration], using SpringBootContextLoader
2022-07-13 19:53:43.751  INFO 38018 --- [    Test worker] o.s.t.c.support.AbstractContextLoader    : Could not detect default resource locations for test class [com.globantx.cardinalevaluator.CucumberSpringConfiguration]: no resource found for suffixes {-context.xml, Context.groovy}.
2022-07-13 19:53:43.751  INFO 38018 --- [    Test worker] .b.t.c.SpringBootTestContextBootstrapper : Loaded default TestExecutionListener class names from location [META-INF/spring.factories]: [org.springframework.boot.test.autoconfigure.restdocs.RestDocsTestExecutionListener, org.springframework.boot.test.autoconfigure.web.client.MockRestServiceServerResetTestExecutionListener, org.springframework.boot.test.autoconfigure.web.servlet.MockMvcPrintOnlyOnFailureTestExecutionListener, org.springframework.boot.test.autoconfigure.web.servlet.WebDriverTestExecutionListener, org.springframework.boot.test.autoconfigure.webservices.client.MockWebServiceServerTestExecutionListener, org.springframework.boot.test.mock.mockito.MockitoTestExecutionListener, org.springframework.boot.test.mock.mockito.ResetMocksTestExecutionListener, org.springframework.test.context.web.ServletTestExecutionListener, org.springframework.test.context.support.DirtiesContextBeforeModesTestExecutionListener, org.springframework.test.context.event.ApplicationEventsTestExecutionListener, org.springframework.test.context.support.DependencyInjectionTestExecutionListener, org.springframework.test.context.support.DirtiesContextTestExecutionListener, org.springframework.test.context.transaction.TransactionalTestExecutionListener, org.springframework.test.context.jdbc.SqlScriptsTestExecutionListener, org.springframework.test.context.event.EventPublishingTestExecutionListener]
2022-07-13 19:53:43.752  INFO 38018 --- [    Test worker] .b.t.c.SpringBootTestContextBootstrapper : Using TestExecutionListeners: [org.springframework.test.context.web.ServletTestExecutionListener@42f814cd, org.springframework.test.context.support.DirtiesContextBeforeModesTestExecutionListener@e107a3b, org.springframework.test.context.event.ApplicationEventsTestExecutionListener@3ad7a94, org.springframework.boot.test.mock.mockito.MockitoTestExecutionListener@648374fa, org.springframework.boot.test.autoconfigure.SpringBootDependencyInjectionTestExecutionListener@66df5adb, org.springframework.test.context.support.DirtiesContextTestExecutionListener@6b133599, org.springframework.test.context.event.EventPublishingTestExecutionListener@3829bb5, org.springframework.boot.test.autoconfigure.restdocs.RestDocsTestExecutionListener@7cd90b9b, org.springframework.boot.test.autoconfigure.web.client.MockRestServiceServerResetTestExecutionListener@604c9f59, org.springframework.boot.test.autoconfigure.web.servlet.MockMvcPrintOnlyOnFailureTestExecutionListener@1201d134, org.springframework.boot.test.autoconfigure.web.servlet.WebDriverTestExecutionListener@5c9aff2, org.springframework.boot.test.autoconfigure.webservices.client.MockWebServiceServerTestExecutionListener@3178f903, org.springframework.boot.test.mock.mockito.ResetMocksTestExecutionListener@35ca1e22]
2022-07-13 19:53:43.754  INFO 38018 --- [    Test worker] .b.t.c.SpringBootTestContextBootstrapper : Neither @ContextConfiguration nor @ContextHierarchy found for test class [com.globantx.cardinalevaluator.CucumberSpringConfiguration], using SpringBootContextLoader
2022-07-13 19:53:43.754  INFO 38018 --- [    Test worker] o.s.t.c.support.AbstractContextLoader    : Could not detect default resource locations for test class [com.globantx.cardinalevaluator.CucumberSpringConfiguration]: no resource found for suffixes {-context.xml, Context.groovy}.
2022-07-13 19:53:43.755  INFO 38018 --- [    Test worker] .b.t.c.SpringBootTestContextBootstrapper : Loaded default TestExecutionListener class names from location [META-INF/spring.factories]: [org.springframework.boot.test.autoconfigure.restdocs.RestDocsTestExecutionListener, org.springframework.boot.test.autoconfigure.web.client.MockRestServiceServerResetTestExecutionListener, org.springframework.boot.test.autoconfigure.web.servlet.MockMvcPrintOnlyOnFailureTestExecutionListener, org.springframework.boot.test.autoconfigure.web.servlet.WebDriverTestExecutionListener, org.springframework.boot.test.autoconfigure.webservices.client.MockWebServiceServerTestExecutionListener, org.springframework.boot.test.mock.mockito.MockitoTestExecutionListener, org.springframework.boot.test.mock.mockito.ResetMocksTestExecutionListener, org.springframework.test.context.web.ServletTestExecutionListener, org.springframework.test.context.support.DirtiesContextBeforeModesTestExecutionListener, org.springframework.test.context.event.ApplicationEventsTestExecutionListener, org.springframework.test.context.support.DependencyInjectionTestExecutionListener, org.springframework.test.context.support.DirtiesContextTestExecutionListener, org.springframework.test.context.transaction.TransactionalTestExecutionListener, org.springframework.test.context.jdbc.SqlScriptsTestExecutionListener, org.springframework.test.context.event.EventPublishingTestExecutionListener]
2022-07-13 19:53:43.755  INFO 38018 --- [    Test worker] .b.t.c.SpringBootTestContextBootstrapper : Using TestExecutionListeners: [org.springframework.test.context.web.ServletTestExecutionListener@29dee1de, org.springframework.test.context.support.DirtiesContextBeforeModesTestExecutionListener@61207d28, org.springframework.test.context.event.ApplicationEventsTestExecutionListener@176630ee, org.springframework.boot.test.mock.mockito.MockitoTestExecutionListener@7238072e, org.springframework.boot.test.autoconfigure.SpringBootDependencyInjectionTestExecutionListener@2cb6c8a6, org.springframework.test.context.support.DirtiesContextTestExecutionListener@4e9d3925, org.springframework.test.context.event.EventPublishingTestExecutionListener@685a8158, org.springframework.boot.test.autoconfigure.restdocs.RestDocsTestExecutionListener@5ae9ea0a, org.springframework.boot.test.autoconfigure.web.client.MockRestServiceServerResetTestExecutionListener@4080ea09, org.springframework.boot.test.autoconfigure.web.servlet.MockMvcPrintOnlyOnFailureTestExecutionListener@67f3b72d, org.springframework.boot.test.autoconfigure.web.servlet.WebDriverTestExecutionListener@5b9fbaca, org.springframework.boot.test.autoconfigure.webservices.client.MockWebServiceServerTestExecutionListener@4e33a209, org.springframework.boot.test.mock.mockito.ResetMocksTestExecutionListener@924c964]
2022-07-13 19:53:43.757  INFO 38018 --- [    Test worker] .b.t.c.SpringBootTestContextBootstrapper : Neither @ContextConfiguration nor @ContextHierarchy found for test class [com.globantx.cardinalevaluator.CucumberSpringConfiguration], using SpringBootContextLoader
2022-07-13 19:53:43.757  INFO 38018 --- [    Test worker] o.s.t.c.support.AbstractContextLoader    : Could not detect default resource locations for test class [com.globantx.cardinalevaluator.CucumberSpringConfiguration]: no resource found for suffixes {-context.xml, Context.groovy}.
2022-07-13 19:53:43.758  INFO 38018 --- [    Test worker] .b.t.c.SpringBootTestContextBootstrapper : Loaded default TestExecutionListener class names from location [META-INF/spring.factories]: [org.springframework.boot.test.autoconfigure.restdocs.RestDocsTestExecutionListener, org.springframework.boot.test.autoconfigure.web.client.MockRestServiceServerResetTestExecutionListener, org.springframework.boot.test.autoconfigure.web.servlet.MockMvcPrintOnlyOnFailureTestExecutionListener, org.springframework.boot.test.autoconfigure.web.servlet.WebDriverTestExecutionListener, org.springframework.boot.test.autoconfigure.webservices.client.MockWebServiceServerTestExecutionListener, org.springframework.boot.test.mock.mockito.MockitoTestExecutionListener, org.springframework.boot.test.mock.mockito.ResetMocksTestExecutionListener, org.springframework.test.context.web.ServletTestExecutionListener, org.springframework.test.context.support.DirtiesContextBeforeModesTestExecutionListener, org.springframework.test.context.event.ApplicationEventsTestExecutionListener, org.springframework.test.context.support.DependencyInjectionTestExecutionListener, org.springframework.test.context.support.DirtiesContextTestExecutionListener, org.springframework.test.context.transaction.TransactionalTestExecutionListener, org.springframework.test.context.jdbc.SqlScriptsTestExecutionListener, org.springframework.test.context.event.EventPublishingTestExecutionListener]
2022-07-13 19:53:43.758  INFO 38018 --- [    Test worker] .b.t.c.SpringBootTestContextBootstrapper : Using TestExecutionListeners: [org.springframework.test.context.web.ServletTestExecutionListener@73145db2, org.springframework.test.context.support.DirtiesContextBeforeModesTestExecutionListener@557bf0f0, org.springframework.test.context.event.ApplicationEventsTestExecutionListener@60b33bc, org.springframework.boot.test.mock.mockito.MockitoTestExecutionListener@294bb5f0, org.springframework.boot.test.autoconfigure.SpringBootDependencyInjectionTestExecutionListener@786384a6, org.springframework.test.context.support.DirtiesContextTestExecutionListener@7215172a, org.springframework.test.context.event.EventPublishingTestExecutionListener@2ddc5c07, org.springframework.boot.test.autoconfigure.restdocs.RestDocsTestExecutionListener@594c8879, org.springframework.boot.test.autoconfigure.web.client.MockRestServiceServerResetTestExecutionListener@3dee7142, org.springframework.boot.test.autoconfigure.web.servlet.MockMvcPrintOnlyOnFailureTestExecutionListener@67988d92, org.springframework.boot.test.autoconfigure.web.servlet.WebDriverTestExecutionListener@286bd902, org.springframework.boot.test.autoconfigure.webservices.client.MockWebServiceServerTestExecutionListener@15598336, org.springframework.boot.test.mock.mockito.ResetMocksTestExecutionListener@5bf394be]
2022-07-13 19:53:43.760  INFO 38018 --- [    Test worker] .b.t.c.SpringBootTestContextBootstrapper : Neither @ContextConfiguration nor @ContextHierarchy found for test class [com.globantx.cardinalevaluator.CucumberSpringConfiguration], using SpringBootContextLoader
2022-07-13 19:53:43.761  INFO 38018 --- [    Test worker] o.s.t.c.support.AbstractContextLoader    : Could not detect default resource locations for test class [com.globantx.cardinalevaluator.CucumberSpringConfiguration]: no resource found for suffixes {-context.xml, Context.groovy}.
2022-07-13 19:53:43.761  INFO 38018 --- [    Test worker] .b.t.c.SpringBootTestContextBootstrapper : Loaded default TestExecutionListener class names from location [META-INF/spring.factories]: [org.springframework.boot.test.autoconfigure.restdocs.RestDocsTestExecutionListener, org.springframework.boot.test.autoconfigure.web.client.MockRestServiceServerResetTestExecutionListener, org.springframework.boot.test.autoconfigure.web.servlet.MockMvcPrintOnlyOnFailureTestExecutionListener, org.springframework.boot.test.autoconfigure.web.servlet.WebDriverTestExecutionListener, org.springframework.boot.test.autoconfigure.webservices.client.MockWebServiceServerTestExecutionListener, org.springframework.boot.test.mock.mockito.MockitoTestExecutionListener, org.springframework.boot.test.mock.mockito.ResetMocksTestExecutionListener, org.springframework.test.context.web.ServletTestExecutionListener, org.springframework.test.context.support.DirtiesContextBeforeModesTestExecutionListener, org.springframework.test.context.event.ApplicationEventsTestExecutionListener, org.springframework.test.context.support.DependencyInjectionTestExecutionListener, org.springframework.test.context.support.DirtiesContextTestExecutionListener, org.springframework.test.context.transaction.TransactionalTestExecutionListener, org.springframework.test.context.jdbc.SqlScriptsTestExecutionListener, org.springframework.test.context.event.EventPublishingTestExecutionListener]
2022-07-13 19:53:43.762  INFO 38018 --- [    Test worker] .b.t.c.SpringBootTestContextBootstrapper : Using TestExecutionListeners: [org.springframework.test.context.web.ServletTestExecutionListener@78a4764f, org.springframework.test.context.support.DirtiesContextBeforeModesTestExecutionListener@ef10390, org.springframework.test.context.event.ApplicationEventsTestExecutionListener@57e8714b, org.springframework.boot.test.mock.mockito.MockitoTestExecutionListener@1079496c, org.springframework.boot.test.autoconfigure.SpringBootDependencyInjectionTestExecutionListener@4bb44322, org.springframework.test.context.support.DirtiesContextTestExecutionListener@4ddf2447, org.springframework.test.context.event.EventPublishingTestExecutionListener@59a9769e, org.springframework.boot.test.autoconfigure.restdocs.RestDocsTestExecutionListener@3c176ee, org.springframework.boot.test.autoconfigure.web.client.MockRestServiceServerResetTestExecutionListener@6a8598e7, org.springframework.boot.test.autoconfigure.web.servlet.MockMvcPrintOnlyOnFailureTestExecutionListener@5e4c74ec, org.springframework.boot.test.autoconfigure.web.servlet.WebDriverTestExecutionListener@4cc3e43d, org.springframework.boot.test.autoconfigure.webservices.client.MockWebServiceServerTestExecutionListener@443d8d4d, org.springframework.boot.test.mock.mockito.ResetMocksTestExecutionListener@239678d]
2022-07-13 19:53:43.763  INFO 38018 --- [    Test worker] .b.t.c.SpringBootTestContextBootstrapper : Neither @ContextConfiguration nor @ContextHierarchy found for test class [com.globantx.cardinalevaluator.CucumberSpringConfiguration], using SpringBootContextLoader
2022-07-13 19:53:43.764  INFO 38018 --- [    Test worker] o.s.t.c.support.AbstractContextLoader    : Could not detect default resource locations for test class [com.globantx.cardinalevaluator.CucumberSpringConfiguration]: no resource found for suffixes {-context.xml, Context.groovy}.
2022-07-13 19:53:43.764  INFO 38018 --- [    Test worker] .b.t.c.SpringBootTestContextBootstrapper : Loaded default TestExecutionListener class names from location [META-INF/spring.factories]: [org.springframework.boot.test.autoconfigure.restdocs.RestDocsTestExecutionListener, org.springframework.boot.test.autoconfigure.web.client.MockRestServiceServerResetTestExecutionListener, org.springframework.boot.test.autoconfigure.web.servlet.MockMvcPrintOnlyOnFailureTestExecutionListener, org.springframework.boot.test.autoconfigure.web.servlet.WebDriverTestExecutionListener, org.springframework.boot.test.autoconfigure.webservices.client.MockWebServiceServerTestExecutionListener, org.springframework.boot.test.mock.mockito.MockitoTestExecutionListener, org.springframework.boot.test.mock.mockito.ResetMocksTestExecutionListener, org.springframework.test.context.web.ServletTestExecutionListener, org.springframework.test.context.support.DirtiesContextBeforeModesTestExecutionListener, org.springframework.test.context.event.ApplicationEventsTestExecutionListener, org.springframework.test.context.support.DependencyInjectionTestExecutionListener, org.springframework.test.context.support.DirtiesContextTestExecutionListener, org.springframework.test.context.transaction.TransactionalTestExecutionListener, org.springframework.test.context.jdbc.SqlScriptsTestExecutionListener, org.springframework.test.context.event.EventPublishingTestExecutionListener]
2022-07-13 19:53:43.764  INFO 38018 --- [    Test worker] .b.t.c.SpringBootTestContextBootstrapper : Using TestExecutionListeners: [org.springframework.test.context.web.ServletTestExecutionListener@3fef9832, org.springframework.test.context.support.DirtiesContextBeforeModesTestExecutionListener@6cde71fe, org.springframework.test.context.event.ApplicationEventsTestExecutionListener@4421decd, org.springframework.boot.test.mock.mockito.MockitoTestExecutionListener@deddccb, org.springframework.boot.test.autoconfigure.SpringBootDependencyInjectionTestExecutionListener@4e80eb4c, org.springframework.test.context.support.DirtiesContextTestExecutionListener@51ce22e3, org.springframework.test.context.event.EventPublishingTestExecutionListener@1b5359a1, org.springframework.boot.test.autoconfigure.restdocs.RestDocsTestExecutionListener@78bbc584, org.springframework.boot.test.autoconfigure.web.client.MockRestServiceServerResetTestExecutionListener@31a89b54, org.springframework.boot.test.autoconfigure.web.servlet.MockMvcPrintOnlyOnFailureTestExecutionListener@11d16eb8, org.springframework.boot.test.autoconfigure.web.servlet.WebDriverTestExecutionListener@104ea372, org.springframework.boot.test.autoconfigure.webservices.client.MockWebServiceServerTestExecutionListener@367fd31a, org.springframework.boot.test.mock.mockito.ResetMocksTestExecutionListener@43f88cba]
2022-07-13 19:53:43.767  INFO 38018 --- [    Test worker] .b.t.c.SpringBootTestContextBootstrapper : Neither @ContextConfiguration nor @ContextHierarchy found for test class [com.globantx.cardinalevaluator.CucumberSpringConfiguration], using SpringBootContextLoader
2022-07-13 19:53:43.767  INFO 38018 --- [    Test worker] o.s.t.c.support.AbstractContextLoader    : Could not detect default resource locations for test class [com.globantx.cardinalevaluator.CucumberSpringConfiguration]: no resource found for suffixes {-context.xml, Context.groovy}.
2022-07-13 19:53:43.767  INFO 38018 --- [    Test worker] .b.t.c.SpringBootTestContextBootstrapper : Loaded default TestExecutionListener class names from location [META-INF/spring.factories]: [org.springframework.boot.test.autoconfigure.restdocs.RestDocsTestExecutionListener, org.springframework.boot.test.autoconfigure.web.client.MockRestServiceServerResetTestExecutionListener, org.springframework.boot.test.autoconfigure.web.servlet.MockMvcPrintOnlyOnFailureTestExecutionListener, org.springframework.boot.test.autoconfigure.web.servlet.WebDriverTestExecutionListener, org.springframework.boot.test.autoconfigure.webservices.client.MockWebServiceServerTestExecutionListener, org.springframework.boot.test.mock.mockito.MockitoTestExecutionListener, org.springframework.boot.test.mock.mockito.ResetMocksTestExecutionListener, org.springframework.test.context.web.ServletTestExecutionListener, org.springframework.test.context.support.DirtiesContextBeforeModesTestExecutionListener, org.springframework.test.context.event.ApplicationEventsTestExecutionListener, org.springframework.test.context.support.DependencyInjectionTestExecutionListener, org.springframework.test.context.support.DirtiesContextTestExecutionListener, org.springframework.test.context.transaction.TransactionalTestExecutionListener, org.springframework.test.context.jdbc.SqlScriptsTestExecutionListener, org.springframework.test.context.event.EventPublishingTestExecutionListener]
2022-07-13 19:53:43.768  INFO 38018 --- [    Test worker] .b.t.c.SpringBootTestContextBootstrapper : Using TestExecutionListeners: [org.springframework.test.context.web.ServletTestExecutionListener@59c68ed3, org.springframework.test.context.support.DirtiesContextBeforeModesTestExecutionListener@3cf6f3aa, org.springframework.test.context.event.ApplicationEventsTestExecutionListener@7459002d, org.springframework.boot.test.mock.mockito.MockitoTestExecutionListener@7343df40, org.springframework.boot.test.autoconfigure.SpringBootDependencyInjectionTestExecutionListener@1e1e77ed, org.springframework.test.context.support.DirtiesContextTestExecutionListener@157eac27, org.springframework.test.context.event.EventPublishingTestExecutionListener@291a8ecd, org.springframework.boot.test.autoconfigure.restdocs.RestDocsTestExecutionListener@44cefd71, org.springframework.boot.test.autoconfigure.web.client.MockRestServiceServerResetTestExecutionListener@29025b1a, org.springframework.boot.test.autoconfigure.web.servlet.MockMvcPrintOnlyOnFailureTestExecutionListener@497dc589, org.springframework.boot.test.autoconfigure.web.servlet.WebDriverTestExecutionListener@346c568d, org.springframework.boot.test.autoconfigure.webservices.client.MockWebServiceServerTestExecutionListener@7fa1004, org.springframework.boot.test.mock.mockito.ResetMocksTestExecutionListener@3c9b416a]
2022-07-13 19:53:43.772  INFO 38018 --- [    Test worker] .b.t.c.SpringBootTestContextBootstrapper : Neither @ContextConfiguration nor @ContextHierarchy found for test class [com.globantx.cardinalevaluator.CucumberSpringConfiguration], using SpringBootContextLoader
2022-07-13 19:53:43.772  INFO 38018 --- [    Test worker] o.s.t.c.support.AbstractContextLoader    : Could not detect default resource locations for test class [com.globantx.cardinalevaluator.CucumberSpringConfiguration]: no resource found for suffixes {-context.xml, Context.groovy}.
2022-07-13 19:53:43.773  INFO 38018 --- [    Test worker] .b.t.c.SpringBootTestContextBootstrapper : Loaded default TestExecutionListener class names from location [META-INF/spring.factories]: [org.springframework.boot.test.autoconfigure.restdocs.RestDocsTestExecutionListener, org.springframework.boot.test.autoconfigure.web.client.MockRestServiceServerResetTestExecutionListener, org.springframework.boot.test.autoconfigure.web.servlet.MockMvcPrintOnlyOnFailureTestExecutionListener, org.springframework.boot.test.autoconfigure.web.servlet.WebDriverTestExecutionListener, org.springframework.boot.test.autoconfigure.webservices.client.MockWebServiceServerTestExecutionListener, org.springframework.boot.test.mock.mockito.MockitoTestExecutionListener, org.springframework.boot.test.mock.mockito.ResetMocksTestExecutionListener, org.springframework.test.context.web.ServletTestExecutionListener, org.springframework.test.context.support.DirtiesContextBeforeModesTestExecutionListener, org.springframework.test.context.event.ApplicationEventsTestExecutionListener, org.springframework.test.context.support.DependencyInjectionTestExecutionListener, org.springframework.test.context.support.DirtiesContextTestExecutionListener, org.springframework.test.context.transaction.TransactionalTestExecutionListener, org.springframework.test.context.jdbc.SqlScriptsTestExecutionListener, org.springframework.test.context.event.EventPublishingTestExecutionListener]
2022-07-13 19:53:43.773  INFO 38018 --- [    Test worker] .b.t.c.SpringBootTestContextBootstrapper : Using TestExecutionListeners: [org.springframework.test.context.web.ServletTestExecutionListener@1bed8afd, org.springframework.test.context.support.DirtiesContextBeforeModesTestExecutionListener@4de37f33, org.springframework.test.context.event.ApplicationEventsTestExecutionListener@1a4e3cbb, org.springframework.boot.test.mock.mockito.MockitoTestExecutionListener@7cb8ae89, org.springframework.boot.test.autoconfigure.SpringBootDependencyInjectionTestExecutionListener@bf56981, org.springframework.test.context.support.DirtiesContextTestExecutionListener@5db9952b, org.springframework.test.context.event.EventPublishingTestExecutionListener@36f9d1c3, org.springframework.boot.test.autoconfigure.restdocs.RestDocsTestExecutionListener@f0ced73, org.springframework.boot.test.autoconfigure.web.client.MockRestServiceServerResetTestExecutionListener@2f152472, org.springframework.boot.test.autoconfigure.web.servlet.MockMvcPrintOnlyOnFailureTestExecutionListener@3e94fc76, org.springframework.boot.test.autoconfigure.web.servlet.WebDriverTestExecutionListener@469b55ae, org.springframework.boot.test.autoconfigure.webservices.client.MockWebServiceServerTestExecutionListener@2e145f7b, org.springframework.boot.test.mock.mockito.ResetMocksTestExecutionListener@28a4d87f]
2022-07-13 19:53:43.775  INFO 38018 --- [    Test worker] .b.t.c.SpringBootTestContextBootstrapper : Neither @ContextConfiguration nor @ContextHierarchy found for test class [com.globantx.cardinalevaluator.CucumberSpringConfiguration], using SpringBootContextLoader
2022-07-13 19:53:43.775  INFO 38018 --- [    Test worker] o.s.t.c.support.AbstractContextLoader    : Could not detect default resource locations for test class [com.globantx.cardinalevaluator.CucumberSpringConfiguration]: no resource found for suffixes {-context.xml, Context.groovy}.
2022-07-13 19:53:43.776  INFO 38018 --- [    Test worker] .b.t.c.SpringBootTestContextBootstrapper : Loaded default TestExecutionListener class names from location [META-INF/spring.factories]: [org.springframework.boot.test.autoconfigure.restdocs.RestDocsTestExecutionListener, org.springframework.boot.test.autoconfigure.web.client.MockRestServiceServerResetTestExecutionListener, org.springframework.boot.test.autoconfigure.web.servlet.MockMvcPrintOnlyOnFailureTestExecutionListener, org.springframework.boot.test.autoconfigure.web.servlet.WebDriverTestExecutionListener, org.springframework.boot.test.autoconfigure.webservices.client.MockWebServiceServerTestExecutionListener, org.springframework.boot.test.mock.mockito.MockitoTestExecutionListener, org.springframework.boot.test.mock.mockito.ResetMocksTestExecutionListener, org.springframework.test.context.web.ServletTestExecutionListener, org.springframework.test.context.support.DirtiesContextBeforeModesTestExecutionListener, org.springframework.test.context.event.ApplicationEventsTestExecutionListener, org.springframework.test.context.support.DependencyInjectionTestExecutionListener, org.springframework.test.context.support.DirtiesContextTestExecutionListener, org.springframework.test.context.transaction.TransactionalTestExecutionListener, org.springframework.test.context.jdbc.SqlScriptsTestExecutionListener, org.springframework.test.context.event.EventPublishingTestExecutionListener]
2022-07-13 19:53:43.776  INFO 38018 --- [    Test worker] .b.t.c.SpringBootTestContextBootstrapper : Using TestExecutionListeners: [org.springframework.test.context.web.ServletTestExecutionListener@31caf651, org.springframework.test.context.support.DirtiesContextBeforeModesTestExecutionListener@2de0f3e3, org.springframework.test.context.event.ApplicationEventsTestExecutionListener@21838ea3, org.springframework.boot.test.mock.mockito.MockitoTestExecutionListener@2f6acdcc, org.springframework.boot.test.autoconfigure.SpringBootDependencyInjectionTestExecutionListener@49f4de0e, org.springframework.test.context.support.DirtiesContextTestExecutionListener@63214338, org.springframework.test.context.event.EventPublishingTestExecutionListener@5eea3f69, org.springframework.boot.test.autoconfigure.restdocs.RestDocsTestExecutionListener@27178dd5, org.springframework.boot.test.autoconfigure.web.client.MockRestServiceServerResetTestExecutionListener@48fc2397, org.springframework.boot.test.autoconfigure.web.servlet.MockMvcPrintOnlyOnFailureTestExecutionListener@212d8133, org.springframework.boot.test.autoconfigure.web.servlet.WebDriverTestExecutionListener@2eb3e308, org.springframework.boot.test.autoconfigure.webservices.client.MockWebServiceServerTestExecutionListener@3551aa2e, org.springframework.boot.test.mock.mockito.ResetMocksTestExecutionListener@1c98d788]
2022-07-13 19:53:43.778  INFO 38018 --- [    Test worker] .b.t.c.SpringBootTestContextBootstrapper : Neither @ContextConfiguration nor @ContextHierarchy found for test class [com.globantx.cardinalevaluator.CucumberSpringConfiguration], using SpringBootContextLoader
2022-07-13 19:53:43.778  INFO 38018 --- [    Test worker] o.s.t.c.support.AbstractContextLoader    : Could not detect default resource locations for test class [com.globantx.cardinalevaluator.CucumberSpringConfiguration]: no resource found for suffixes {-context.xml, Context.groovy}.
2022-07-13 19:53:43.779  INFO 38018 --- [    Test worker] .b.t.c.SpringBootTestContextBootstrapper : Loaded default TestExecutionListener class names from location [META-INF/spring.factories]: [org.springframework.boot.test.autoconfigure.restdocs.RestDocsTestExecutionListener, org.springframework.boot.test.autoconfigure.web.client.MockRestServiceServerResetTestExecutionListener, org.springframework.boot.test.autoconfigure.web.servlet.MockMvcPrintOnlyOnFailureTestExecutionListener, org.springframework.boot.test.autoconfigure.web.servlet.WebDriverTestExecutionListener, org.springframework.boot.test.autoconfigure.webservices.client.MockWebServiceServerTestExecutionListener, org.springframework.boot.test.mock.mockito.MockitoTestExecutionListener, org.springframework.boot.test.mock.mockito.ResetMocksTestExecutionListener, org.springframework.test.context.web.ServletTestExecutionListener, org.springframework.test.context.support.DirtiesContextBeforeModesTestExecutionListener, org.springframework.test.context.event.ApplicationEventsTestExecutionListener, org.springframework.test.context.support.DependencyInjectionTestExecutionListener, org.springframework.test.context.support.DirtiesContextTestExecutionListener, org.springframework.test.context.transaction.TransactionalTestExecutionListener, org.springframework.test.context.jdbc.SqlScriptsTestExecutionListener, org.springframework.test.context.event.EventPublishingTestExecutionListener]
2022-07-13 19:53:43.779  INFO 38018 --- [    Test worker] .b.t.c.SpringBootTestContextBootstrapper : Using TestExecutionListeners: [org.springframework.test.context.web.ServletTestExecutionListener@51f1e931, org.springframework.test.context.support.DirtiesContextBeforeModesTestExecutionListener@606beba4, org.springframework.test.context.event.ApplicationEventsTestExecutionListener@58d33d5d, org.springframework.boot.test.mock.mockito.MockitoTestExecutionListener@22d9558, org.springframework.boot.test.autoconfigure.SpringBootDependencyInjectionTestExecutionListener@5c4b4c4d, org.springframework.test.context.support.DirtiesContextTestExecutionListener@6342aaab, org.springframework.test.context.event.EventPublishingTestExecutionListener@223a5a4b, org.springframework.boot.test.autoconfigure.restdocs.RestDocsTestExecutionListener@4cd39c01, org.springframework.boot.test.autoconfigure.web.client.MockRestServiceServerResetTestExecutionListener@4a7c88f2, org.springframework.boot.test.autoconfigure.web.servlet.MockMvcPrintOnlyOnFailureTestExecutionListener@3c9d64e4, org.springframework.boot.test.autoconfigure.web.servlet.WebDriverTestExecutionListener@4c05993e, org.springframework.boot.test.autoconfigure.webservices.client.MockWebServiceServerTestExecutionListener@1c66272b, org.springframework.boot.test.mock.mockito.ResetMocksTestExecutionListener@32f3174d]
2022-07-13 19:53:43.781  INFO 38018 --- [    Test worker] .b.t.c.SpringBootTestContextBootstrapper : Neither @ContextConfiguration nor @ContextHierarchy found for test class [com.globantx.cardinalevaluator.CucumberSpringConfiguration], using SpringBootContextLoader
2022-07-13 19:53:43.781  INFO 38018 --- [    Test worker] o.s.t.c.support.AbstractContextLoader    : Could not detect default resource locations for test class [com.globantx.cardinalevaluator.CucumberSpringConfiguration]: no resource found for suffixes {-context.xml, Context.groovy}.
2022-07-13 19:53:43.782  INFO 38018 --- [    Test worker] .b.t.c.SpringBootTestContextBootstrapper : Loaded default TestExecutionListener class names from location [META-INF/spring.factories]: [org.springframework.boot.test.autoconfigure.restdocs.RestDocsTestExecutionListener, org.springframework.boot.test.autoconfigure.web.client.MockRestServiceServerResetTestExecutionListener, org.springframework.boot.test.autoconfigure.web.servlet.MockMvcPrintOnlyOnFailureTestExecutionListener, org.springframework.boot.test.autoconfigure.web.servlet.WebDriverTestExecutionListener, org.springframework.boot.test.autoconfigure.webservices.client.MockWebServiceServerTestExecutionListener, org.springframework.boot.test.mock.mockito.MockitoTestExecutionListener, org.springframework.boot.test.mock.mockito.ResetMocksTestExecutionListener, org.springframework.test.context.web.ServletTestExecutionListener, org.springframework.test.context.support.DirtiesContextBeforeModesTestExecutionListener, org.springframework.test.context.event.ApplicationEventsTestExecutionListener, org.springframework.test.context.support.DependencyInjectionTestExecutionListener, org.springframework.test.context.support.DirtiesContextTestExecutionListener, org.springframework.test.context.transaction.TransactionalTestExecutionListener, org.springframework.test.context.jdbc.SqlScriptsTestExecutionListener, org.springframework.test.context.event.EventPublishingTestExecutionListener]
2022-07-13 19:53:43.782  INFO 38018 --- [    Test worker] .b.t.c.SpringBootTestContextBootstrapper : Using TestExecutionListeners: [org.springframework.test.context.web.ServletTestExecutionListener@651eefb3, org.springframework.test.context.support.DirtiesContextBeforeModesTestExecutionListener@5324647, org.springframework.test.context.event.ApplicationEventsTestExecutionListener@28c076b5, org.springframework.boot.test.mock.mockito.MockitoTestExecutionListener@223459f, org.springframework.boot.test.autoconfigure.SpringBootDependencyInjectionTestExecutionListener@10d2411f, org.springframework.test.context.support.DirtiesContextTestExecutionListener@7c53d3c, org.springframework.test.context.event.EventPublishingTestExecutionListener@2c9b96af, org.springframework.boot.test.autoconfigure.restdocs.RestDocsTestExecutionListener@340c211e, org.springframework.boot.test.autoconfigure.web.client.MockRestServiceServerResetTestExecutionListener@36545439, org.springframework.boot.test.autoconfigure.web.servlet.MockMvcPrintOnlyOnFailureTestExecutionListener@1856a312, org.springframework.boot.test.autoconfigure.web.servlet.WebDriverTestExecutionListener@68886059, org.springframework.boot.test.autoconfigure.webservices.client.MockWebServiceServerTestExecutionListener@3d59a887, org.springframework.boot.test.mock.mockito.ResetMocksTestExecutionListener@2938c689]
2022-07-13 19:53:43.784  INFO 38018 --- [    Test worker] .b.t.c.SpringBootTestContextBootstrapper : Neither @ContextConfiguration nor @ContextHierarchy found for test class [com.globantx.cardinalevaluator.CucumberSpringConfiguration], using SpringBootContextLoader
2022-07-13 19:53:43.784  INFO 38018 --- [    Test worker] o.s.t.c.support.AbstractContextLoader    : Could not detect default resource locations for test class [com.globantx.cardinalevaluator.CucumberSpringConfiguration]: no resource found for suffixes {-context.xml, Context.groovy}.
2022-07-13 19:53:43.784  INFO 38018 --- [    Test worker] .b.t.c.SpringBootTestContextBootstrapper : Loaded default TestExecutionListener class names from location [META-INF/spring.factories]: [org.springframework.boot.test.autoconfigure.restdocs.RestDocsTestExecutionListener, org.springframework.boot.test.autoconfigure.web.client.MockRestServiceServerResetTestExecutionListener, org.springframework.boot.test.autoconfigure.web.servlet.MockMvcPrintOnlyOnFailureTestExecutionListener, org.springframework.boot.test.autoconfigure.web.servlet.WebDriverTestExecutionListener, org.springframework.boot.test.autoconfigure.webservices.client.MockWebServiceServerTestExecutionListener, org.springframework.boot.test.mock.mockito.MockitoTestExecutionListener, org.springframework.boot.test.mock.mockito.ResetMocksTestExecutionListener, org.springframework.test.context.web.ServletTestExecutionListener, org.springframework.test.context.support.DirtiesContextBeforeModesTestExecutionListener, org.springframework.test.context.event.ApplicationEventsTestExecutionListener, org.springframework.test.context.support.DependencyInjectionTestExecutionListener, org.springframework.test.context.support.DirtiesContextTestExecutionListener, org.springframework.test.context.transaction.TransactionalTestExecutionListener, org.springframework.test.context.jdbc.SqlScriptsTestExecutionListener, org.springframework.test.context.event.EventPublishingTestExecutionListener]
2022-07-13 19:53:43.785  INFO 38018 --- [    Test worker] .b.t.c.SpringBootTestContextBootstrapper : Using TestExecutionListeners: [org.springframework.test.context.web.ServletTestExecutionListener@4dbae8f, org.springframework.test.context.support.DirtiesContextBeforeModesTestExecutionListener@2ffa8ce5, org.springframework.test.context.event.ApplicationEventsTestExecutionListener@5f17140d, org.springframework.boot.test.mock.mockito.MockitoTestExecutionListener@30749de8, org.springframework.boot.test.autoconfigure.SpringBootDependencyInjectionTestExecutionListener@6902e2bf, org.springframework.test.context.support.DirtiesContextTestExecutionListener@12e4c6de, org.springframework.test.context.event.EventPublishingTestExecutionListener@75b41ff3, org.springframework.boot.test.autoconfigure.restdocs.RestDocsTestExecutionListener@61bb5770, org.springframework.boot.test.autoconfigure.web.client.MockRestServiceServerResetTestExecutionListener@1f5246e2, org.springframework.boot.test.autoconfigure.web.servlet.MockMvcPrintOnlyOnFailureTestExecutionListener@2b34a1e0, org.springframework.boot.test.autoconfigure.web.servlet.WebDriverTestExecutionListener@7eaa78f2, org.springframework.boot.test.autoconfigure.webservices.client.MockWebServiceServerTestExecutionListener@4591a080, org.springframework.boot.test.mock.mockito.ResetMocksTestExecutionListener@48799b86]
2022-07-13 19:53:43.786  INFO 38018 --- [    Test worker] .b.t.c.SpringBootTestContextBootstrapper : Neither @ContextConfiguration nor @ContextHierarchy found for test class [com.globantx.cardinalevaluator.CucumberSpringConfiguration], using SpringBootContextLoader
2022-07-13 19:53:43.786  INFO 38018 --- [    Test worker] o.s.t.c.support.AbstractContextLoader    : Could not detect default resource locations for test class [com.globantx.cardinalevaluator.CucumberSpringConfiguration]: no resource found for suffixes {-context.xml, Context.groovy}.
2022-07-13 19:53:43.787  INFO 38018 --- [    Test worker] .b.t.c.SpringBootTestContextBootstrapper : Loaded default TestExecutionListener class names from location [META-INF/spring.factories]: [org.springframework.boot.test.autoconfigure.restdocs.RestDocsTestExecutionListener, org.springframework.boot.test.autoconfigure.web.client.MockRestServiceServerResetTestExecutionListener, org.springframework.boot.test.autoconfigure.web.servlet.MockMvcPrintOnlyOnFailureTestExecutionListener, org.springframework.boot.test.autoconfigure.web.servlet.WebDriverTestExecutionListener, org.springframework.boot.test.autoconfigure.webservices.client.MockWebServiceServerTestExecutionListener, org.springframework.boot.test.mock.mockito.MockitoTestExecutionListener, org.springframework.boot.test.mock.mockito.ResetMocksTestExecutionListener, org.springframework.test.context.web.ServletTestExecutionListener, org.springframework.test.context.support.DirtiesContextBeforeModesTestExecutionListener, org.springframework.test.context.event.ApplicationEventsTestExecutionListener, org.springframework.test.context.support.DependencyInjectionTestExecutionListener, org.springframework.test.context.support.DirtiesContextTestExecutionListener, org.springframework.test.context.transaction.TransactionalTestExecutionListener, org.springframework.test.context.jdbc.SqlScriptsTestExecutionListener, org.springframework.test.context.event.EventPublishingTestExecutionListener]
2022-07-13 19:53:43.788  INFO 38018 --- [    Test worker] .b.t.c.SpringBootTestContextBootstrapper : Using TestExecutionListeners: [org.springframework.test.context.web.ServletTestExecutionListener@464c18c8, org.springframework.test.context.support.DirtiesContextBeforeModesTestExecutionListener@6b0c851b, org.springframework.test.context.event.ApplicationEventsTestExecutionListener@2351ad5a, org.springframework.boot.test.mock.mockito.MockitoTestExecutionListener@27f0a71d, org.springframework.boot.test.autoconfigure.SpringBootDependencyInjectionTestExecutionListener@1dc7173, org.springframework.test.context.support.DirtiesContextTestExecutionListener@e77180e, org.springframework.test.context.event.EventPublishingTestExecutionListener@20e25fe7, org.springframework.boot.test.autoconfigure.restdocs.RestDocsTestExecutionListener@288cca9, org.springframework.boot.test.autoconfigure.web.client.MockRestServiceServerResetTestExecutionListener@60bd7262, org.springframework.boot.test.autoconfigure.web.servlet.MockMvcPrintOnlyOnFailureTestExecutionListener@56bca113, org.springframework.boot.test.autoconfigure.web.servlet.WebDriverTestExecutionListener@6413c144, org.springframework.boot.test.autoconfigure.webservices.client.MockWebServiceServerTestExecutionListener@20baa4eb, org.springframework.boot.test.mock.mockito.ResetMocksTestExecutionListener@2b1fecfc]
2022-07-13 19:53:43.790  INFO 38018 --- [    Test worker] .b.t.c.SpringBootTestContextBootstrapper : Neither @ContextConfiguration nor @ContextHierarchy found for test class [com.globantx.cardinalevaluator.CucumberSpringConfiguration], using SpringBootContextLoader
2022-07-13 19:53:43.790  INFO 38018 --- [    Test worker] o.s.t.c.support.AbstractContextLoader    : Could not detect default resource locations for test class [com.globantx.cardinalevaluator.CucumberSpringConfiguration]: no resource found for suffixes {-context.xml, Context.groovy}.
2022-07-13 19:53:43.790  INFO 38018 --- [    Test worker] .b.t.c.SpringBootTestContextBootstrapper : Loaded default TestExecutionListener class names from location [META-INF/spring.factories]: [org.springframework.boot.test.autoconfigure.restdocs.RestDocsTestExecutionListener, org.springframework.boot.test.autoconfigure.web.client.MockRestServiceServerResetTestExecutionListener, org.springframework.boot.test.autoconfigure.web.servlet.MockMvcPrintOnlyOnFailureTestExecutionListener, org.springframework.boot.test.autoconfigure.web.servlet.WebDriverTestExecutionListener, org.springframework.boot.test.autoconfigure.webservices.client.MockWebServiceServerTestExecutionListener, org.springframework.boot.test.mock.mockito.MockitoTestExecutionListener, org.springframework.boot.test.mock.mockito.ResetMocksTestExecutionListener, org.springframework.test.context.web.ServletTestExecutionListener, org.springframework.test.context.support.DirtiesContextBeforeModesTestExecutionListener, org.springframework.test.context.event.ApplicationEventsTestExecutionListener, org.springframework.test.context.support.DependencyInjectionTestExecutionListener, org.springframework.test.context.support.DirtiesContextTestExecutionListener, org.springframework.test.context.transaction.TransactionalTestExecutionListener, org.springframework.test.context.jdbc.SqlScriptsTestExecutionListener, org.springframework.test.context.event.EventPublishingTestExecutionListener]
2022-07-13 19:53:43.791  INFO 38018 --- [    Test worker] .b.t.c.SpringBootTestContextBootstrapper : Using TestExecutionListeners: [org.springframework.test.context.web.ServletTestExecutionListener@189874b5, org.springframework.test.context.support.DirtiesContextBeforeModesTestExecutionListener@627b9f03, org.springframework.test.context.event.ApplicationEventsTestExecutionListener@1713f25b, org.springframework.boot.test.mock.mockito.MockitoTestExecutionListener@433f9449, org.springframework.boot.test.autoconfigure.SpringBootDependencyInjectionTestExecutionListener@18596d47, org.springframework.test.context.support.DirtiesContextTestExecutionListener@26647ac8, org.springframework.test.context.event.EventPublishingTestExecutionListener@2eedd575, org.springframework.boot.test.autoconfigure.restdocs.RestDocsTestExecutionListener@114f913d, org.springframework.boot.test.autoconfigure.web.client.MockRestServiceServerResetTestExecutionListener@422ff506, org.springframework.boot.test.autoconfigure.web.servlet.MockMvcPrintOnlyOnFailureTestExecutionListener@479875b1, org.springframework.boot.test.autoconfigure.web.servlet.WebDriverTestExecutionListener@79e464a, org.springframework.boot.test.autoconfigure.webservices.client.MockWebServiceServerTestExecutionListener@6a35f9fd, org.springframework.boot.test.mock.mockito.ResetMocksTestExecutionListener@578fb678]
2022-07-13 19:53:43.793  INFO 38018 --- [    Test worker] .b.t.c.SpringBootTestContextBootstrapper : Neither @ContextConfiguration nor @ContextHierarchy found for test class [com.globantx.cardinalevaluator.CucumberSpringConfiguration], using SpringBootContextLoader
2022-07-13 19:53:43.793  INFO 38018 --- [    Test worker] o.s.t.c.support.AbstractContextLoader    : Could not detect default resource locations for test class [com.globantx.cardinalevaluator.CucumberSpringConfiguration]: no resource found for suffixes {-context.xml, Context.groovy}.
2022-07-13 19:53:43.793  INFO 38018 --- [    Test worker] .b.t.c.SpringBootTestContextBootstrapper : Loaded default TestExecutionListener class names from location [META-INF/spring.factories]: [org.springframework.boot.test.autoconfigure.restdocs.RestDocsTestExecutionListener, org.springframework.boot.test.autoconfigure.web.client.MockRestServiceServerResetTestExecutionListener, org.springframework.boot.test.autoconfigure.web.servlet.MockMvcPrintOnlyOnFailureTestExecutionListener, org.springframework.boot.test.autoconfigure.web.servlet.WebDriverTestExecutionListener, org.springframework.boot.test.autoconfigure.webservices.client.MockWebServiceServerTestExecutionListener, org.springframework.boot.test.mock.mockito.MockitoTestExecutionListener, org.springframework.boot.test.mock.mockito.ResetMocksTestExecutionListener, org.springframework.test.context.web.ServletTestExecutionListener, org.springframework.test.context.support.DirtiesContextBeforeModesTestExecutionListener, org.springframework.test.context.event.ApplicationEventsTestExecutionListener, org.springframework.test.context.support.DependencyInjectionTestExecutionListener, org.springframework.test.context.support.DirtiesContextTestExecutionListener, org.springframework.test.context.transaction.TransactionalTestExecutionListener, org.springframework.test.context.jdbc.SqlScriptsTestExecutionListener, org.springframework.test.context.event.EventPublishingTestExecutionListener]
2022-07-13 19:53:43.794  INFO 38018 --- [    Test worker] .b.t.c.SpringBootTestContextBootstrapper : Using TestExecutionListeners: [org.springframework.test.context.web.ServletTestExecutionListener@533e74c5, org.springframework.test.context.support.DirtiesContextBeforeModesTestExecutionListener@2667d4fe, org.springframework.test.context.event.ApplicationEventsTestExecutionListener@63583bde, org.springframework.boot.test.mock.mockito.MockitoTestExecutionListener@494e6dbb, org.springframework.boot.test.autoconfigure.SpringBootDependencyInjectionTestExecutionListener@69f6b00b, org.springframework.test.context.support.DirtiesContextTestExecutionListener@712e49ef, org.springframework.test.context.event.EventPublishingTestExecutionListener@538a1adf, org.springframework.boot.test.autoconfigure.restdocs.RestDocsTestExecutionListener@691396a0, org.springframework.boot.test.autoconfigure.web.client.MockRestServiceServerResetTestExecutionListener@35390561, org.springframework.boot.test.autoconfigure.web.servlet.MockMvcPrintOnlyOnFailureTestExecutionListener@36db5318, org.springframework.boot.test.autoconfigure.web.servlet.WebDriverTestExecutionListener@3504fbfe, org.springframework.boot.test.autoconfigure.webservices.client.MockWebServiceServerTestExecutionListener@4057cd68, org.springframework.boot.test.mock.mockito.ResetMocksTestExecutionListener@3db8ca0e]
2022-07-13 19:53:43.796  INFO 38018 --- [    Test worker] .b.t.c.SpringBootTestContextBootstrapper : Neither @ContextConfiguration nor @ContextHierarchy found for test class [com.globantx.cardinalevaluator.CucumberSpringConfiguration], using SpringBootContextLoader
2022-07-13 19:53:43.796  INFO 38018 --- [    Test worker] o.s.t.c.support.AbstractContextLoader    : Could not detect default resource locations for test class [com.globantx.cardinalevaluator.CucumberSpringConfiguration]: no resource found for suffixes {-context.xml, Context.groovy}.
2022-07-13 19:53:43.796  INFO 38018 --- [    Test worker] .b.t.c.SpringBootTestContextBootstrapper : Loaded default TestExecutionListener class names from location [META-INF/spring.factories]: [org.springframework.boot.test.autoconfigure.restdocs.RestDocsTestExecutionListener, org.springframework.boot.test.autoconfigure.web.client.MockRestServiceServerResetTestExecutionListener, org.springframework.boot.test.autoconfigure.web.servlet.MockMvcPrintOnlyOnFailureTestExecutionListener, org.springframework.boot.test.autoconfigure.web.servlet.WebDriverTestExecutionListener, org.springframework.boot.test.autoconfigure.webservices.client.MockWebServiceServerTestExecutionListener, org.springframework.boot.test.mock.mockito.MockitoTestExecutionListener, org.springframework.boot.test.mock.mockito.ResetMocksTestExecutionListener, org.springframework.test.context.web.ServletTestExecutionListener, org.springframework.test.context.support.DirtiesContextBeforeModesTestExecutionListener, org.springframework.test.context.event.ApplicationEventsTestExecutionListener, org.springframework.test.context.support.DependencyInjectionTestExecutionListener, org.springframework.test.context.support.DirtiesContextTestExecutionListener, org.springframework.test.context.transaction.TransactionalTestExecutionListener, org.springframework.test.context.jdbc.SqlScriptsTestExecutionListener, org.springframework.test.context.event.EventPublishingTestExecutionListener]
2022-07-13 19:53:43.796  INFO 38018 --- [    Test worker] .b.t.c.SpringBootTestContextBootstrapper : Using TestExecutionListeners: [org.springframework.test.context.web.ServletTestExecutionListener@51971d32, org.springframework.test.context.support.DirtiesContextBeforeModesTestExecutionListener@435ec7f5, org.springframework.test.context.event.ApplicationEventsTestExecutionListener@3d1c7e7b, org.springframework.boot.test.mock.mockito.MockitoTestExecutionListener@460f2b6c, org.springframework.boot.test.autoconfigure.SpringBootDependencyInjectionTestExecutionListener@2f98c012, org.springframework.test.context.support.DirtiesContextTestExecutionListener@1a4ccb7b, org.springframework.test.context.event.EventPublishingTestExecutionListener@447d91ef, org.springframework.boot.test.autoconfigure.restdocs.RestDocsTestExecutionListener@7b968647, org.springframework.boot.test.autoconfigure.web.client.MockRestServiceServerResetTestExecutionListener@12e75177, org.springframework.boot.test.autoconfigure.web.servlet.MockMvcPrintOnlyOnFailureTestExecutionListener@6e0c5743, org.springframework.boot.test.autoconfigure.web.servlet.WebDriverTestExecutionListener@46565184, org.springframework.boot.test.autoconfigure.webservices.client.MockWebServiceServerTestExecutionListener@9bd43b7, org.springframework.boot.test.mock.mockito.ResetMocksTestExecutionListener@21f9c71e]
2022-07-13 19:53:43.798  INFO 38018 --- [    Test worker] .b.t.c.SpringBootTestContextBootstrapper : Neither @ContextConfiguration nor @ContextHierarchy found for test class [com.globantx.cardinalevaluator.CucumberSpringConfiguration], using SpringBootContextLoader
2022-07-13 19:53:43.799  INFO 38018 --- [    Test worker] o.s.t.c.support.AbstractContextLoader    : Could not detect default resource locations for test class [com.globantx.cardinalevaluator.CucumberSpringConfiguration]: no resource found for suffixes {-context.xml, Context.groovy}.
2022-07-13 19:53:43.799  INFO 38018 --- [    Test worker] .b.t.c.SpringBootTestContextBootstrapper : Loaded default TestExecutionListener class names from location [META-INF/spring.factories]: [org.springframework.boot.test.autoconfigure.restdocs.RestDocsTestExecutionListener, org.springframework.boot.test.autoconfigure.web.client.MockRestServiceServerResetTestExecutionListener, org.springframework.boot.test.autoconfigure.web.servlet.MockMvcPrintOnlyOnFailureTestExecutionListener, org.springframework.boot.test.autoconfigure.web.servlet.WebDriverTestExecutionListener, org.springframework.boot.test.autoconfigure.webservices.client.MockWebServiceServerTestExecutionListener, org.springframework.boot.test.mock.mockito.MockitoTestExecutionListener, org.springframework.boot.test.mock.mockito.ResetMocksTestExecutionListener, org.springframework.test.context.web.ServletTestExecutionListener, org.springframework.test.context.support.DirtiesContextBeforeModesTestExecutionListener, org.springframework.test.context.event.ApplicationEventsTestExecutionListener, org.springframework.test.context.support.DependencyInjectionTestExecutionListener, org.springframework.test.context.support.DirtiesContextTestExecutionListener, org.springframework.test.context.transaction.TransactionalTestExecutionListener, org.springframework.test.context.jdbc.SqlScriptsTestExecutionListener, org.springframework.test.context.event.EventPublishingTestExecutionListener]
2022-07-13 19:53:43.799  INFO 38018 --- [    Test worker] .b.t.c.SpringBootTestContextBootstrapper : Using TestExecutionListeners: [org.springframework.test.context.web.ServletTestExecutionListener@2dc33a2d, org.springframework.test.context.support.DirtiesContextBeforeModesTestExecutionListener@59ed8460, org.springframework.test.context.event.ApplicationEventsTestExecutionListener@3aaed411, org.springframework.boot.test.mock.mockito.MockitoTestExecutionListener@5580356d, org.springframework.boot.test.autoconfigure.SpringBootDependencyInjectionTestExecutionListener@61267fa2, org.springframework.test.context.support.DirtiesContextTestExecutionListener@54dd2962, org.springframework.test.context.event.EventPublishingTestExecutionListener@181f61b4, org.springframework.boot.test.autoconfigure.restdocs.RestDocsTestExecutionListener@4c601487, org.springframework.boot.test.autoconfigure.web.client.MockRestServiceServerResetTestExecutionListener@1e69a9c6, org.springframework.boot.test.autoconfigure.web.servlet.MockMvcPrintOnlyOnFailureTestExecutionListener@23c21550, org.springframework.boot.test.autoconfigure.web.servlet.WebDriverTestExecutionListener@4033d25d, org.springframework.boot.test.autoconfigure.webservices.client.MockWebServiceServerTestExecutionListener@cbb32f0, org.springframework.boot.test.mock.mockito.ResetMocksTestExecutionListener@5f4f8d38]
2022-07-13 19:53:43.801  INFO 38018 --- [    Test worker] .b.t.c.SpringBootTestContextBootstrapper : Neither @ContextConfiguration nor @ContextHierarchy found for test class [com.globantx.cardinalevaluator.CucumberSpringConfiguration], using SpringBootContextLoader
2022-07-13 19:53:43.801  INFO 38018 --- [    Test worker] o.s.t.c.support.AbstractContextLoader    : Could not detect default resource locations for test class [com.globantx.cardinalevaluator.CucumberSpringConfiguration]: no resource found for suffixes {-context.xml, Context.groovy}.
2022-07-13 19:53:43.802  INFO 38018 --- [    Test worker] .b.t.c.SpringBootTestContextBootstrapper : Loaded default TestExecutionListener class names from location [META-INF/spring.factories]: [org.springframework.boot.test.autoconfigure.restdocs.RestDocsTestExecutionListener, org.springframework.boot.test.autoconfigure.web.client.MockRestServiceServerResetTestExecutionListener, org.springframework.boot.test.autoconfigure.web.servlet.MockMvcPrintOnlyOnFailureTestExecutionListener, org.springframework.boot.test.autoconfigure.web.servlet.WebDriverTestExecutionListener, org.springframework.boot.test.autoconfigure.webservices.client.MockWebServiceServerTestExecutionListener, org.springframework.boot.test.mock.mockito.MockitoTestExecutionListener, org.springframework.boot.test.mock.mockito.ResetMocksTestExecutionListener, org.springframework.test.context.web.ServletTestExecutionListener, org.springframework.test.context.support.DirtiesContextBeforeModesTestExecutionListener, org.springframework.test.context.event.ApplicationEventsTestExecutionListener, org.springframework.test.context.support.DependencyInjectionTestExecutionListener, org.springframework.test.context.support.DirtiesContextTestExecutionListener, org.springframework.test.context.transaction.TransactionalTestExecutionListener, org.springframework.test.context.jdbc.SqlScriptsTestExecutionListener, org.springframework.test.context.event.EventPublishingTestExecutionListener]
2022-07-13 19:53:43.802  INFO 38018 --- [    Test worker] .b.t.c.SpringBootTestContextBootstrapper : Using TestExecutionListeners: [org.springframework.test.context.web.ServletTestExecutionListener@6c946b14, org.springframework.test.context.support.DirtiesContextBeforeModesTestExecutionListener@32ebfde1, org.springframework.test.context.event.ApplicationEventsTestExecutionListener@671275fe, org.springframework.boot.test.mock.mockito.MockitoTestExecutionListener@44971269, org.springframework.boot.test.autoconfigure.SpringBootDependencyInjectionTestExecutionListener@b940d24, org.springframework.test.context.support.DirtiesContextTestExecutionListener@667dfd42, org.springframework.test.context.event.EventPublishingTestExecutionListener@1234d9f6, org.springframework.boot.test.autoconfigure.restdocs.RestDocsTestExecutionListener@6e4c8583, org.springframework.boot.test.autoconfigure.web.client.MockRestServiceServerResetTestExecutionListener@451a5843, org.springframework.boot.test.autoconfigure.web.servlet.MockMvcPrintOnlyOnFailureTestExecutionListener@4c843a4f, org.springframework.boot.test.autoconfigure.web.servlet.WebDriverTestExecutionListener@78cbb140, org.springframework.boot.test.autoconfigure.webservices.client.MockWebServiceServerTestExecutionListener@72a14347, org.springframework.boot.test.mock.mockito.ResetMocksTestExecutionListener@656ed510]
2022-07-13 19:53:43.804  INFO 38018 --- [    Test worker] .b.t.c.SpringBootTestContextBootstrapper : Neither @ContextConfiguration nor @ContextHierarchy found for test class [com.globantx.cardinalevaluator.CucumberSpringConfiguration], using SpringBootContextLoader
2022-07-13 19:53:43.804  INFO 38018 --- [    Test worker] o.s.t.c.support.AbstractContextLoader    : Could not detect default resource locations for test class [com.globantx.cardinalevaluator.CucumberSpringConfiguration]: no resource found for suffixes {-context.xml, Context.groovy}.
2022-07-13 19:53:43.805  INFO 38018 --- [    Test worker] .b.t.c.SpringBootTestContextBootstrapper : Loaded default TestExecutionListener class names from location [META-INF/spring.factories]: [org.springframework.boot.test.autoconfigure.restdocs.RestDocsTestExecutionListener, org.springframework.boot.test.autoconfigure.web.client.MockRestServiceServerResetTestExecutionListener, org.springframework.boot.test.autoconfigure.web.servlet.MockMvcPrintOnlyOnFailureTestExecutionListener, org.springframework.boot.test.autoconfigure.web.servlet.WebDriverTestExecutionListener, org.springframework.boot.test.autoconfigure.webservices.client.MockWebServiceServerTestExecutionListener, org.springframework.boot.test.mock.mockito.MockitoTestExecutionListener, org.springframework.boot.test.mock.mockito.ResetMocksTestExecutionListener, org.springframework.test.context.web.ServletTestExecutionListener, org.springframework.test.context.support.DirtiesContextBeforeModesTestExecutionListener, org.springframework.test.context.event.ApplicationEventsTestExecutionListener, org.springframework.test.context.support.DependencyInjectionTestExecutionListener, org.springframework.test.context.support.DirtiesContextTestExecutionListener, org.springframework.test.context.transaction.TransactionalTestExecutionListener, org.springframework.test.context.jdbc.SqlScriptsTestExecutionListener, org.springframework.test.context.event.EventPublishingTestExecutionListener]
2022-07-13 19:53:43.805  INFO 38018 --- [    Test worker] .b.t.c.SpringBootTestContextBootstrapper : Using TestExecutionListeners: [org.springframework.test.context.web.ServletTestExecutionListener@8d5cdb0, org.springframework.test.context.support.DirtiesContextBeforeModesTestExecutionListener@2db12c5b, org.springframework.test.context.event.ApplicationEventsTestExecutionListener@5572f9d1, org.springframework.boot.test.mock.mockito.MockitoTestExecutionListener@46a7703a, org.springframework.boot.test.autoconfigure.SpringBootDependencyInjectionTestExecutionListener@60399d13, org.springframework.test.context.support.DirtiesContextTestExecutionListener@44cea6bb, org.springframework.test.context.event.EventPublishingTestExecutionListener@6307382, org.springframework.boot.test.autoconfigure.restdocs.RestDocsTestExecutionListener@7bebe5de, org.springframework.boot.test.autoconfigure.web.client.MockRestServiceServerResetTestExecutionListener@57163eb5, org.springframework.boot.test.autoconfigure.web.servlet.MockMvcPrintOnlyOnFailureTestExecutionListener@665cb192, org.springframework.boot.test.autoconfigure.web.servlet.WebDriverTestExecutionListener@63f562b8, org.springframework.boot.test.autoconfigure.webservices.client.MockWebServiceServerTestExecutionListener@4714ae0d, org.springframework.boot.test.mock.mockito.ResetMocksTestExecutionListener@2111c3cc]
2022-07-13 19:53:43.808  INFO 38018 --- [    Test worker] .b.t.c.SpringBootTestContextBootstrapper : Neither @ContextConfiguration nor @ContextHierarchy found for test class [com.globantx.cardinalevaluator.CucumberSpringConfiguration], using SpringBootContextLoader
2022-07-13 19:53:43.808  INFO 38018 --- [    Test worker] o.s.t.c.support.AbstractContextLoader    : Could not detect default resource locations for test class [com.globantx.cardinalevaluator.CucumberSpringConfiguration]: no resource found for suffixes {-context.xml, Context.groovy}.
2022-07-13 19:53:43.808  INFO 38018 --- [    Test worker] .b.t.c.SpringBootTestContextBootstrapper : Loaded default TestExecutionListener class names from location [META-INF/spring.factories]: [org.springframework.boot.test.autoconfigure.restdocs.RestDocsTestExecutionListener, org.springframework.boot.test.autoconfigure.web.client.MockRestServiceServerResetTestExecutionListener, org.springframework.boot.test.autoconfigure.web.servlet.MockMvcPrintOnlyOnFailureTestExecutionListener, org.springframework.boot.test.autoconfigure.web.servlet.WebDriverTestExecutionListener, org.springframework.boot.test.autoconfigure.webservices.client.MockWebServiceServerTestExecutionListener, org.springframework.boot.test.mock.mockito.MockitoTestExecutionListener, org.springframework.boot.test.mock.mockito.ResetMocksTestExecutionListener, org.springframework.test.context.web.ServletTestExecutionListener, org.springframework.test.context.support.DirtiesContextBeforeModesTestExecutionListener, org.springframework.test.context.event.ApplicationEventsTestExecutionListener, org.springframework.test.context.support.DependencyInjectionTestExecutionListener, org.springframework.test.context.support.DirtiesContextTestExecutionListener, org.springframework.test.context.transaction.TransactionalTestExecutionListener, org.springframework.test.context.jdbc.SqlScriptsTestExecutionListener, org.springframework.test.context.event.EventPublishingTestExecutionListener]
2022-07-13 19:53:43.809  INFO 38018 --- [    Test worker] .b.t.c.SpringBootTestContextBootstrapper : Using TestExecutionListeners: [org.springframework.test.context.web.ServletTestExecutionListener@22c2365d, org.springframework.test.context.support.DirtiesContextBeforeModesTestExecutionListener@6a6a701f, org.springframework.test.context.event.ApplicationEventsTestExecutionListener@86cdf99, org.springframework.boot.test.mock.mockito.MockitoTestExecutionListener@27cc72fb, org.springframework.boot.test.autoconfigure.SpringBootDependencyInjectionTestExecutionListener@148fc881, org.springframework.test.context.support.DirtiesContextTestExecutionListener@2d5cb887, org.springframework.test.context.event.EventPublishingTestExecutionListener@43a22aa2, org.springframework.boot.test.autoconfigure.restdocs.RestDocsTestExecutionListener@73dc387, org.springframework.boot.test.autoconfigure.web.client.MockRestServiceServerResetTestExecutionListener@6d1cc821, org.springframework.boot.test.autoconfigure.web.servlet.MockMvcPrintOnlyOnFailureTestExecutionListener@25cccd85, org.springframework.boot.test.autoconfigure.web.servlet.WebDriverTestExecutionListener@77e914a4, org.springframework.boot.test.autoconfigure.webservices.client.MockWebServiceServerTestExecutionListener@1e21c025, org.springframework.boot.test.mock.mockito.ResetMocksTestExecutionListener@15774e00]
2022-07-13 19:53:43.811  INFO 38018 --- [    Test worker] .b.t.c.SpringBootTestContextBootstrapper : Neither @ContextConfiguration nor @ContextHierarchy found for test class [com.globantx.cardinalevaluator.CucumberSpringConfiguration], using SpringBootContextLoader
2022-07-13 19:53:43.811  INFO 38018 --- [    Test worker] o.s.t.c.support.AbstractContextLoader    : Could not detect default resource locations for test class [com.globantx.cardinalevaluator.CucumberSpringConfiguration]: no resource found for suffixes {-context.xml, Context.groovy}.
2022-07-13 19:53:43.811  INFO 38018 --- [    Test worker] .b.t.c.SpringBootTestContextBootstrapper : Loaded default TestExecutionListener class names from location [META-INF/spring.factories]: [org.springframework.boot.test.autoconfigure.restdocs.RestDocsTestExecutionListener, org.springframework.boot.test.autoconfigure.web.client.MockRestServiceServerResetTestExecutionListener, org.springframework.boot.test.autoconfigure.web.servlet.MockMvcPrintOnlyOnFailureTestExecutionListener, org.springframework.boot.test.autoconfigure.web.servlet.WebDriverTestExecutionListener, org.springframework.boot.test.autoconfigure.webservices.client.MockWebServiceServerTestExecutionListener, org.springframework.boot.test.mock.mockito.MockitoTestExecutionListener, org.springframework.boot.test.mock.mockito.ResetMocksTestExecutionListener, org.springframework.test.context.web.ServletTestExecutionListener, org.springframework.test.context.support.DirtiesContextBeforeModesTestExecutionListener, org.springframework.test.context.event.ApplicationEventsTestExecutionListener, org.springframework.test.context.support.DependencyInjectionTestExecutionListener, org.springframework.test.context.support.DirtiesContextTestExecutionListener, org.springframework.test.context.transaction.TransactionalTestExecutionListener, org.springframework.test.context.jdbc.SqlScriptsTestExecutionListener, org.springframework.test.context.event.EventPublishingTestExecutionListener]
2022-07-13 19:53:43.812  INFO 38018 --- [    Test worker] .b.t.c.SpringBootTestContextBootstrapper : Using TestExecutionListeners: [org.springframework.test.context.web.ServletTestExecutionListener@561419ce, org.springframework.test.context.support.DirtiesContextBeforeModesTestExecutionListener@69676b9c, org.springframework.test.context.event.ApplicationEventsTestExecutionListener@79d7ae7d, org.springframework.boot.test.mock.mockito.MockitoTestExecutionListener@56fff809, org.springframework.boot.test.autoconfigure.SpringBootDependencyInjectionTestExecutionListener@20d35171, org.springframework.test.context.support.DirtiesContextTestExecutionListener@72bae57c, org.springframework.test.context.event.EventPublishingTestExecutionListener@365a0910, org.springframework.boot.test.autoconfigure.restdocs.RestDocsTestExecutionListener@1f4c8062, org.springframework.boot.test.autoconfigure.web.client.MockRestServiceServerResetTestExecutionListener@25ae0223, org.springframework.boot.test.autoconfigure.web.servlet.MockMvcPrintOnlyOnFailureTestExecutionListener@9a82ef, org.springframework.boot.test.autoconfigure.web.servlet.WebDriverTestExecutionListener@666e1965, org.springframework.boot.test.autoconfigure.webservices.client.MockWebServiceServerTestExecutionListener@1d5ada5a, org.springframework.boot.test.mock.mockito.ResetMocksTestExecutionListener@48306cc8]
2022-07-13 19:53:43.814  INFO 38018 --- [    Test worker] .b.t.c.SpringBootTestContextBootstrapper : Neither @ContextConfiguration nor @ContextHierarchy found for test class [com.globantx.cardinalevaluator.CucumberSpringConfiguration], using SpringBootContextLoader
2022-07-13 19:53:43.815  INFO 38018 --- [    Test worker] o.s.t.c.support.AbstractContextLoader    : Could not detect default resource locations for test class [com.globantx.cardinalevaluator.CucumberSpringConfiguration]: no resource found for suffixes {-context.xml, Context.groovy}.
2022-07-13 19:53:43.815  INFO 38018 --- [    Test worker] .b.t.c.SpringBootTestContextBootstrapper : Loaded default TestExecutionListener class names from location [META-INF/spring.factories]: [org.springframework.boot.test.autoconfigure.restdocs.RestDocsTestExecutionListener, org.springframework.boot.test.autoconfigure.web.client.MockRestServiceServerResetTestExecutionListener, org.springframework.boot.test.autoconfigure.web.servlet.MockMvcPrintOnlyOnFailureTestExecutionListener, org.springframework.boot.test.autoconfigure.web.servlet.WebDriverTestExecutionListener, org.springframework.boot.test.autoconfigure.webservices.client.MockWebServiceServerTestExecutionListener, org.springframework.boot.test.mock.mockito.MockitoTestExecutionListener, org.springframework.boot.test.mock.mockito.ResetMocksTestExecutionListener, org.springframework.test.context.web.ServletTestExecutionListener, org.springframework.test.context.support.DirtiesContextBeforeModesTestExecutionListener, org.springframework.test.context.event.ApplicationEventsTestExecutionListener, org.springframework.test.context.support.DependencyInjectionTestExecutionListener, org.springframework.test.context.support.DirtiesContextTestExecutionListener, org.springframework.test.context.transaction.TransactionalTestExecutionListener, org.springframework.test.context.jdbc.SqlScriptsTestExecutionListener, org.springframework.test.context.event.EventPublishingTestExecutionListener]
2022-07-13 19:53:43.816  INFO 38018 --- [    Test worker] .b.t.c.SpringBootTestContextBootstrapper : Using TestExecutionListeners: [org.springframework.test.context.web.ServletTestExecutionListener@1c6912db, org.springframework.test.context.support.DirtiesContextBeforeModesTestExecutionListener@a5a9502, org.springframework.test.context.event.ApplicationEventsTestExecutionListener@41991619, org.springframework.boot.test.mock.mockito.MockitoTestExecutionListener@a0464ce, org.springframework.boot.test.autoconfigure.SpringBootDependencyInjectionTestExecutionListener@5e2f409f, org.springframework.test.context.support.DirtiesContextTestExecutionListener@33cdd, org.springframework.test.context.event.EventPublishingTestExecutionListener@9a3db1a, org.springframework.boot.test.autoconfigure.restdocs.RestDocsTestExecutionListener@2028ecf4, org.springframework.boot.test.autoconfigure.web.client.MockRestServiceServerResetTestExecutionListener@4276bd6, org.springframework.boot.test.autoconfigure.web.servlet.MockMvcPrintOnlyOnFailureTestExecutionListener@1d5b4a5b, org.springframework.boot.test.autoconfigure.web.servlet.WebDriverTestExecutionListener@a3739e1, org.springframework.boot.test.autoconfigure.webservices.client.MockWebServiceServerTestExecutionListener@6d9f3b1f, org.springframework.boot.test.mock.mockito.ResetMocksTestExecutionListener@525984a1]
2022-07-13 19:53:43.818  INFO 38018 --- [    Test worker] .b.t.c.SpringBootTestContextBootstrapper : Neither @ContextConfiguration nor @ContextHierarchy found for test class [com.globantx.cardinalevaluator.CucumberSpringConfiguration], using SpringBootContextLoader
2022-07-13 19:53:43.818  INFO 38018 --- [    Test worker] o.s.t.c.support.AbstractContextLoader    : Could not detect default resource locations for test class [com.globantx.cardinalevaluator.CucumberSpringConfiguration]: no resource found for suffixes {-context.xml, Context.groovy}.
2022-07-13 19:53:43.819  INFO 38018 --- [    Test worker] .b.t.c.SpringBootTestContextBootstrapper : Loaded default TestExecutionListener class names from location [META-INF/spring.factories]: [org.springframework.boot.test.autoconfigure.restdocs.RestDocsTestExecutionListener, org.springframework.boot.test.autoconfigure.web.client.MockRestServiceServerResetTestExecutionListener, org.springframework.boot.test.autoconfigure.web.servlet.MockMvcPrintOnlyOnFailureTestExecutionListener, org.springframework.boot.test.autoconfigure.web.servlet.WebDriverTestExecutionListener, org.springframework.boot.test.autoconfigure.webservices.client.MockWebServiceServerTestExecutionListener, org.springframework.boot.test.mock.mockito.MockitoTestExecutionListener, org.springframework.boot.test.mock.mockito.ResetMocksTestExecutionListener, org.springframework.test.context.web.ServletTestExecutionListener, org.springframework.test.context.support.DirtiesContextBeforeModesTestExecutionListener, org.springframework.test.context.event.ApplicationEventsTestExecutionListener, org.springframework.test.context.support.DependencyInjectionTestExecutionListener, org.springframework.test.context.support.DirtiesContextTestExecutionListener, org.springframework.test.context.transaction.TransactionalTestExecutionListener, org.springframework.test.context.jdbc.SqlScriptsTestExecutionListener, org.springframework.test.context.event.EventPublishingTestExecutionListener]
2022-07-13 19:53:43.819  INFO 38018 --- [    Test worker] .b.t.c.SpringBootTestContextBootstrapper : Using TestExecutionListeners: [org.springframework.test.context.web.ServletTestExecutionListener@15971523, org.springframework.test.context.support.DirtiesContextBeforeModesTestExecutionListener@26dcce41, org.springframework.test.context.event.ApplicationEventsTestExecutionListener@328f4e46, org.springframework.boot.test.mock.mockito.MockitoTestExecutionListener@2c6db83a, org.springframework.boot.test.autoconfigure.SpringBootDependencyInjectionTestExecutionListener@17e9e99, org.springframework.test.context.support.DirtiesContextTestExecutionListener@4110e631, org.springframework.test.context.event.EventPublishingTestExecutionListener@9a56d2b, org.springframework.boot.test.autoconfigure.restdocs.RestDocsTestExecutionListener@48c8a84d, org.springframework.boot.test.autoconfigure.web.client.MockRestServiceServerResetTestExecutionListener@3d376d9b, org.springframework.boot.test.autoconfigure.web.servlet.MockMvcPrintOnlyOnFailureTestExecutionListener@7bd03562, org.springframework.boot.test.autoconfigure.web.servlet.WebDriverTestExecutionListener@593ec306, org.springframework.boot.test.autoconfigure.webservices.client.MockWebServiceServerTestExecutionListener@543982ac, org.springframework.boot.test.mock.mockito.ResetMocksTestExecutionListener@52647605]
2022-07-13 19:53:43.821  INFO 38018 --- [    Test worker] .b.t.c.SpringBootTestContextBootstrapper : Neither @ContextConfiguration nor @ContextHierarchy found for test class [com.globantx.cardinalevaluator.CucumberSpringConfiguration], using SpringBootContextLoader
2022-07-13 19:53:43.821  INFO 38018 --- [    Test worker] o.s.t.c.support.AbstractContextLoader    : Could not detect default resource locations for test class [com.globantx.cardinalevaluator.CucumberSpringConfiguration]: no resource found for suffixes {-context.xml, Context.groovy}.
2022-07-13 19:53:43.822  INFO 38018 --- [    Test worker] .b.t.c.SpringBootTestContextBootstrapper : Loaded default TestExecutionListener class names from location [META-INF/spring.factories]: [org.springframework.boot.test.autoconfigure.restdocs.RestDocsTestExecutionListener, org.springframework.boot.test.autoconfigure.web.client.MockRestServiceServerResetTestExecutionListener, org.springframework.boot.test.autoconfigure.web.servlet.MockMvcPrintOnlyOnFailureTestExecutionListener, org.springframework.boot.test.autoconfigure.web.servlet.WebDriverTestExecutionListener, org.springframework.boot.test.autoconfigure.webservices.client.MockWebServiceServerTestExecutionListener, org.springframework.boot.test.mock.mockito.MockitoTestExecutionListener, org.springframework.boot.test.mock.mockito.ResetMocksTestExecutionListener, org.springframework.test.context.web.ServletTestExecutionListener, org.springframework.test.context.support.DirtiesContextBeforeModesTestExecutionListener, org.springframework.test.context.event.ApplicationEventsTestExecutionListener, org.springframework.test.context.support.DependencyInjectionTestExecutionListener, org.springframework.test.context.support.DirtiesContextTestExecutionListener, org.springframework.test.context.transaction.TransactionalTestExecutionListener, org.springframework.test.context.jdbc.SqlScriptsTestExecutionListener, org.springframework.test.context.event.EventPublishingTestExecutionListener]
2022-07-13 19:53:43.822  INFO 38018 --- [    Test worker] .b.t.c.SpringBootTestContextBootstrapper : Using TestExecutionListeners: [org.springframework.test.context.web.ServletTestExecutionListener@28e5320e, org.springframework.test.context.support.DirtiesContextBeforeModesTestExecutionListener@76ce2e7, org.springframework.test.context.event.ApplicationEventsTestExecutionListener@1f583c44, org.springframework.boot.test.mock.mockito.MockitoTestExecutionListener@6e7da5f4, org.springframework.boot.test.autoconfigure.SpringBootDependencyInjectionTestExecutionListener@6f099f77, org.springframework.test.context.support.DirtiesContextTestExecutionListener@f9233ab, org.springframework.test.context.event.EventPublishingTestExecutionListener@51768401, org.springframework.boot.test.autoconfigure.restdocs.RestDocsTestExecutionListener@52a7c9de, org.springframework.boot.test.autoconfigure.web.client.MockRestServiceServerResetTestExecutionListener@717616da, org.springframework.boot.test.autoconfigure.web.servlet.MockMvcPrintOnlyOnFailureTestExecutionListener@6f677c34, org.springframework.boot.test.autoconfigure.web.servlet.WebDriverTestExecutionListener@a54ab55, org.springframework.boot.test.autoconfigure.webservices.client.MockWebServiceServerTestExecutionListener@66d17af8, org.springframework.boot.test.mock.mockito.ResetMocksTestExecutionListener@27d0703e]
2022-07-13 19:53:43.824  INFO 38018 --- [    Test worker] .b.t.c.SpringBootTestContextBootstrapper : Neither @ContextConfiguration nor @ContextHierarchy found for test class [com.globantx.cardinalevaluator.CucumberSpringConfiguration], using SpringBootContextLoader
2022-07-13 19:53:43.824  INFO 38018 --- [    Test worker] o.s.t.c.support.AbstractContextLoader    : Could not detect default resource locations for test class [com.globantx.cardinalevaluator.CucumberSpringConfiguration]: no resource found for suffixes {-context.xml, Context.groovy}.
2022-07-13 19:53:43.824  INFO 38018 --- [    Test worker] .b.t.c.SpringBootTestContextBootstrapper : Loaded default TestExecutionListener class names from location [META-INF/spring.factories]: [org.springframework.boot.test.autoconfigure.restdocs.RestDocsTestExecutionListener, org.springframework.boot.test.autoconfigure.web.client.MockRestServiceServerResetTestExecutionListener, org.springframework.boot.test.autoconfigure.web.servlet.MockMvcPrintOnlyOnFailureTestExecutionListener, org.springframework.boot.test.autoconfigure.web.servlet.WebDriverTestExecutionListener, org.springframework.boot.test.autoconfigure.webservices.client.MockWebServiceServerTestExecutionListener, org.springframework.boot.test.mock.mockito.MockitoTestExecutionListener, org.springframework.boot.test.mock.mockito.ResetMocksTestExecutionListener, org.springframework.test.context.web.ServletTestExecutionListener, org.springframework.test.context.support.DirtiesContextBeforeModesTestExecutionListener, org.springframework.test.context.event.ApplicationEventsTestExecutionListener, org.springframework.test.context.support.DependencyInjectionTestExecutionListener, org.springframework.test.context.support.DirtiesContextTestExecutionListener, org.springframework.test.context.transaction.TransactionalTestExecutionListener, org.springframework.test.context.jdbc.SqlScriptsTestExecutionListener, org.springframework.test.context.event.EventPublishingTestExecutionListener]
2022-07-13 19:53:43.825  INFO 38018 --- [    Test worker] .b.t.c.SpringBootTestContextBootstrapper : Using TestExecutionListeners: [org.springframework.test.context.web.ServletTestExecutionListener@73023e2c, org.springframework.test.context.support.DirtiesContextBeforeModesTestExecutionListener@5ca32d1a, org.springframework.test.context.event.ApplicationEventsTestExecutionListener@31489acc, org.springframework.boot.test.mock.mockito.MockitoTestExecutionListener@153d5d5b, org.springframework.boot.test.autoconfigure.SpringBootDependencyInjectionTestExecutionListener@772ce28e, org.springframework.test.context.support.DirtiesContextTestExecutionListener@32a2da8c, org.springframework.test.context.event.EventPublishingTestExecutionListener@47c9b8ee, org.springframework.boot.test.autoconfigure.restdocs.RestDocsTestExecutionListener@3861f2c9, org.springframework.boot.test.autoconfigure.web.client.MockRestServiceServerResetTestExecutionListener@28494fd9, org.springframework.boot.test.autoconfigure.web.servlet.MockMvcPrintOnlyOnFailureTestExecutionListener@c1b96e6, org.springframework.boot.test.autoconfigure.web.servlet.WebDriverTestExecutionListener@69f4143, org.springframework.boot.test.autoconfigure.webservices.client.MockWebServiceServerTestExecutionListener@31df0ce3, org.springframework.boot.test.mock.mockito.ResetMocksTestExecutionListener@530aaa86]
2022-07-13 19:53:43.827  INFO 38018 --- [    Test worker] .b.t.c.SpringBootTestContextBootstrapper : Neither @ContextConfiguration nor @ContextHierarchy found for test class [com.globantx.cardinalevaluator.CucumberSpringConfiguration], using SpringBootContextLoader
2022-07-13 19:53:43.827  INFO 38018 --- [    Test worker] o.s.t.c.support.AbstractContextLoader    : Could not detect default resource locations for test class [com.globantx.cardinalevaluator.CucumberSpringConfiguration]: no resource found for suffixes {-context.xml, Context.groovy}.
2022-07-13 19:53:43.828  INFO 38018 --- [    Test worker] .b.t.c.SpringBootTestContextBootstrapper : Loaded default TestExecutionListener class names from location [META-INF/spring.factories]: [org.springframework.boot.test.autoconfigure.restdocs.RestDocsTestExecutionListener, org.springframework.boot.test.autoconfigure.web.client.MockRestServiceServerResetTestExecutionListener, org.springframework.boot.test.autoconfigure.web.servlet.MockMvcPrintOnlyOnFailureTestExecutionListener, org.springframework.boot.test.autoconfigure.web.servlet.WebDriverTestExecutionListener, org.springframework.boot.test.autoconfigure.webservices.client.MockWebServiceServerTestExecutionListener, org.springframework.boot.test.mock.mockito.MockitoTestExecutionListener, org.springframework.boot.test.mock.mockito.ResetMocksTestExecutionListener, org.springframework.test.context.web.ServletTestExecutionListener, org.springframework.test.context.support.DirtiesContextBeforeModesTestExecutionListener, org.springframework.test.context.event.ApplicationEventsTestExecutionListener, org.springframework.test.context.support.DependencyInjectionTestExecutionListener, org.springframework.test.context.support.DirtiesContextTestExecutionListener, org.springframework.test.context.transaction.TransactionalTestExecutionListener, org.springframework.test.context.jdbc.SqlScriptsTestExecutionListener, org.springframework.test.context.event.EventPublishingTestExecutionListener]
2022-07-13 19:53:43.828  INFO 38018 --- [    Test worker] .b.t.c.SpringBootTestContextBootstrapper : Using TestExecutionListeners: [org.springframework.test.context.web.ServletTestExecutionListener@3f6aaa7, org.springframework.test.context.support.DirtiesContextBeforeModesTestExecutionListener@7f9f66c3, org.springframework.test.context.event.ApplicationEventsTestExecutionListener@366ed5c7, org.springframework.boot.test.mock.mockito.MockitoTestExecutionListener@30360716, org.springframework.boot.test.autoconfigure.SpringBootDependencyInjectionTestExecutionListener@6232025, org.springframework.test.context.support.DirtiesContextTestExecutionListener@28ef75c, org.springframework.test.context.event.EventPublishingTestExecutionListener@428eda27, org.springframework.boot.test.autoconfigure.restdocs.RestDocsTestExecutionListener@42807bd7, org.springframework.boot.test.autoconfigure.web.client.MockRestServiceServerResetTestExecutionListener@5dbd49aa, org.springframework.boot.test.autoconfigure.web.servlet.MockMvcPrintOnlyOnFailureTestExecutionListener@28fc7156, org.springframework.boot.test.autoconfigure.web.servlet.WebDriverTestExecutionListener@1c17d98c, org.springframework.boot.test.autoconfigure.webservices.client.MockWebServiceServerTestExecutionListener@5d88471a, org.springframework.boot.test.mock.mockito.ResetMocksTestExecutionListener@6a4fb518]
2022-07-13 19:53:43.830  INFO 38018 --- [    Test worker] .b.t.c.SpringBootTestContextBootstrapper : Neither @ContextConfiguration nor @ContextHierarchy found for test class [com.globantx.cardinalevaluator.CucumberSpringConfiguration], using SpringBootContextLoader
2022-07-13 19:53:43.830  INFO 38018 --- [    Test worker] o.s.t.c.support.AbstractContextLoader    : Could not detect default resource locations for test class [com.globantx.cardinalevaluator.CucumberSpringConfiguration]: no resource found for suffixes {-context.xml, Context.groovy}.
2022-07-13 19:53:43.831  INFO 38018 --- [    Test worker] .b.t.c.SpringBootTestContextBootstrapper : Loaded default TestExecutionListener class names from location [META-INF/spring.factories]: [org.springframework.boot.test.autoconfigure.restdocs.RestDocsTestExecutionListener, org.springframework.boot.test.autoconfigure.web.client.MockRestServiceServerResetTestExecutionListener, org.springframework.boot.test.autoconfigure.web.servlet.MockMvcPrintOnlyOnFailureTestExecutionListener, org.springframework.boot.test.autoconfigure.web.servlet.WebDriverTestExecutionListener, org.springframework.boot.test.autoconfigure.webservices.client.MockWebServiceServerTestExecutionListener, org.springframework.boot.test.mock.mockito.MockitoTestExecutionListener, org.springframework.boot.test.mock.mockito.ResetMocksTestExecutionListener, org.springframework.test.context.web.ServletTestExecutionListener, org.springframework.test.context.support.DirtiesContextBeforeModesTestExecutionListener, org.springframework.test.context.event.ApplicationEventsTestExecutionListener, org.springframework.test.context.support.DependencyInjectionTestExecutionListener, org.springframework.test.context.support.DirtiesContextTestExecutionListener, org.springframework.test.context.transaction.TransactionalTestExecutionListener, org.springframework.test.context.jdbc.SqlScriptsTestExecutionListener, org.springframework.test.context.event.EventPublishingTestExecutionListener]
2022-07-13 19:53:43.831  INFO 38018 --- [    Test worker] .b.t.c.SpringBootTestContextBootstrapper : Using TestExecutionListeners: [org.springframework.test.context.web.ServletTestExecutionListener@21721fc6, org.springframework.test.context.support.DirtiesContextBeforeModesTestExecutionListener@30b69dd, org.springframework.test.context.event.ApplicationEventsTestExecutionListener@1c244e31, org.springframework.boot.test.mock.mockito.MockitoTestExecutionListener@b54cfd8, org.springframework.boot.test.autoconfigure.SpringBootDependencyInjectionTestExecutionListener@3ae96d5b, org.springframework.test.context.support.DirtiesContextTestExecutionListener@62f4ae5a, org.springframework.test.context.event.EventPublishingTestExecutionListener@5c1f31f3, org.springframework.boot.test.autoconfigure.restdocs.RestDocsTestExecutionListener@71980fa7, org.springframework.boot.test.autoconfigure.web.client.MockRestServiceServerResetTestExecutionListener@6a377a, org.springframework.boot.test.autoconfigure.web.servlet.MockMvcPrintOnlyOnFailureTestExecutionListener@472bcf53, org.springframework.boot.test.autoconfigure.web.servlet.WebDriverTestExecutionListener@629eeeec, org.springframework.boot.test.autoconfigure.webservices.client.MockWebServiceServerTestExecutionListener@53ca202f, org.springframework.boot.test.mock.mockito.ResetMocksTestExecutionListener@24a1ccb]
2022-07-13 19:53:43.833  INFO 38018 --- [    Test worker] .b.t.c.SpringBootTestContextBootstrapper : Neither @ContextConfiguration nor @ContextHierarchy found for test class [com.globantx.cardinalevaluator.CucumberSpringConfiguration], using SpringBootContextLoader
2022-07-13 19:53:43.833  INFO 38018 --- [    Test worker] o.s.t.c.support.AbstractContextLoader    : Could not detect default resource locations for test class [com.globantx.cardinalevaluator.CucumberSpringConfiguration]: no resource found for suffixes {-context.xml, Context.groovy}.
2022-07-13 19:53:43.834  INFO 38018 --- [    Test worker] .b.t.c.SpringBootTestContextBootstrapper : Loaded default TestExecutionListener class names from location [META-INF/spring.factories]: [org.springframework.boot.test.autoconfigure.restdocs.RestDocsTestExecutionListener, org.springframework.boot.test.autoconfigure.web.client.MockRestServiceServerResetTestExecutionListener, org.springframework.boot.test.autoconfigure.web.servlet.MockMvcPrintOnlyOnFailureTestExecutionListener, org.springframework.boot.test.autoconfigure.web.servlet.WebDriverTestExecutionListener, org.springframework.boot.test.autoconfigure.webservices.client.MockWebServiceServerTestExecutionListener, org.springframework.boot.test.mock.mockito.MockitoTestExecutionListener, org.springframework.boot.test.mock.mockito.ResetMocksTestExecutionListener, org.springframework.test.context.web.ServletTestExecutionListener, org.springframework.test.context.support.DirtiesContextBeforeModesTestExecutionListener, org.springframework.test.context.event.ApplicationEventsTestExecutionListener, org.springframework.test.context.support.DependencyInjectionTestExecutionListener, org.springframework.test.context.support.DirtiesContextTestExecutionListener, org.springframework.test.context.transaction.TransactionalTestExecutionListener, org.springframework.test.context.jdbc.SqlScriptsTestExecutionListener, org.springframework.test.context.event.EventPublishingTestExecutionListener]
2022-07-13 19:53:43.834  INFO 38018 --- [    Test worker] .b.t.c.SpringBootTestContextBootstrapper : Using TestExecutionListeners: [org.springframework.test.context.web.ServletTestExecutionListener@1b821a86, org.springframework.test.context.support.DirtiesContextBeforeModesTestExecutionListener@e7e6e94, org.springframework.test.context.event.ApplicationEventsTestExecutionListener@cb7ec2c, org.springframework.boot.test.mock.mockito.MockitoTestExecutionListener@5e491535, org.springframework.boot.test.autoconfigure.SpringBootDependencyInjectionTestExecutionListener@55947250, org.springframework.test.context.support.DirtiesContextTestExecutionListener@28e3bcb8, org.springframework.test.context.event.EventPublishingTestExecutionListener@1b06e304, org.springframework.boot.test.autoconfigure.restdocs.RestDocsTestExecutionListener@d70bdec, org.springframework.boot.test.autoconfigure.web.client.MockRestServiceServerResetTestExecutionListener@7b8058e0, org.springframework.boot.test.autoconfigure.web.servlet.MockMvcPrintOnlyOnFailureTestExecutionListener@4eb32d54, org.springframework.boot.test.autoconfigure.web.servlet.WebDriverTestExecutionListener@6281f945, org.springframework.boot.test.autoconfigure.webservices.client.MockWebServiceServerTestExecutionListener@6a16b724, org.springframework.boot.test.mock.mockito.ResetMocksTestExecutionListener@1328a5de]
2022-07-13 19:53:43.836  INFO 38018 --- [    Test worker] .b.t.c.SpringBootTestContextBootstrapper : Neither @ContextConfiguration nor @ContextHierarchy found for test class [com.globantx.cardinalevaluator.CucumberSpringConfiguration], using SpringBootContextLoader
2022-07-13 19:53:43.836  INFO 38018 --- [    Test worker] o.s.t.c.support.AbstractContextLoader    : Could not detect default resource locations for test class [com.globantx.cardinalevaluator.CucumberSpringConfiguration]: no resource found for suffixes {-context.xml, Context.groovy}.
2022-07-13 19:53:43.837  INFO 38018 --- [    Test worker] .b.t.c.SpringBootTestContextBootstrapper : Loaded default TestExecutionListener class names from location [META-INF/spring.factories]: [org.springframework.boot.test.autoconfigure.restdocs.RestDocsTestExecutionListener, org.springframework.boot.test.autoconfigure.web.client.MockRestServiceServerResetTestExecutionListener, org.springframework.boot.test.autoconfigure.web.servlet.MockMvcPrintOnlyOnFailureTestExecutionListener, org.springframework.boot.test.autoconfigure.web.servlet.WebDriverTestExecutionListener, org.springframework.boot.test.autoconfigure.webservices.client.MockWebServiceServerTestExecutionListener, org.springframework.boot.test.mock.mockito.MockitoTestExecutionListener, org.springframework.boot.test.mock.mockito.ResetMocksTestExecutionListener, org.springframework.test.context.web.ServletTestExecutionListener, org.springframework.test.context.support.DirtiesContextBeforeModesTestExecutionListener, org.springframework.test.context.event.ApplicationEventsTestExecutionListener, org.springframework.test.context.support.DependencyInjectionTestExecutionListener, org.springframework.test.context.support.DirtiesContextTestExecutionListener, org.springframework.test.context.transaction.TransactionalTestExecutionListener, org.springframework.test.context.jdbc.SqlScriptsTestExecutionListener, org.springframework.test.context.event.EventPublishingTestExecutionListener]
2022-07-13 19:53:43.837  INFO 38018 --- [    Test worker] .b.t.c.SpringBootTestContextBootstrapper : Using TestExecutionListeners: [org.springframework.test.context.web.ServletTestExecutionListener@4426f362, org.springframework.test.context.support.DirtiesContextBeforeModesTestExecutionListener@29007172, org.springframework.test.context.event.ApplicationEventsTestExecutionListener@76705ce1, org.springframework.boot.test.mock.mockito.MockitoTestExecutionListener@202001a4, org.springframework.boot.test.autoconfigure.SpringBootDependencyInjectionTestExecutionListener@536e5b21, org.springframework.test.context.support.DirtiesContextTestExecutionListener@794f2bdf, org.springframework.test.context.event.EventPublishingTestExecutionListener@d2ce743, org.springframework.boot.test.autoconfigure.restdocs.RestDocsTestExecutionListener@2d21fa63, org.springframework.boot.test.autoconfigure.web.client.MockRestServiceServerResetTestExecutionListener@c370bb5, org.springframework.boot.test.autoconfigure.web.servlet.MockMvcPrintOnlyOnFailureTestExecutionListener@c26c83f, org.springframework.boot.test.autoconfigure.web.servlet.WebDriverTestExecutionListener@66da2007, org.springframework.boot.test.autoconfigure.webservices.client.MockWebServiceServerTestExecutionListener@448a2c5d, org.springframework.boot.test.mock.mockito.ResetMocksTestExecutionListener@7054edda]
2022-07-13 19:53:43.839  INFO 38018 --- [    Test worker] .b.t.c.SpringBootTestContextBootstrapper : Neither @ContextConfiguration nor @ContextHierarchy found for test class [com.globantx.cardinalevaluator.CucumberSpringConfiguration], using SpringBootContextLoader
2022-07-13 19:53:43.839  INFO 38018 --- [    Test worker] o.s.t.c.support.AbstractContextLoader    : Could not detect default resource locations for test class [com.globantx.cardinalevaluator.CucumberSpringConfiguration]: no resource found for suffixes {-context.xml, Context.groovy}.
2022-07-13 19:53:43.840  INFO 38018 --- [    Test worker] .b.t.c.SpringBootTestContextBootstrapper : Loaded default TestExecutionListener class names from location [META-INF/spring.factories]: [org.springframework.boot.test.autoconfigure.restdocs.RestDocsTestExecutionListener, org.springframework.boot.test.autoconfigure.web.client.MockRestServiceServerResetTestExecutionListener, org.springframework.boot.test.autoconfigure.web.servlet.MockMvcPrintOnlyOnFailureTestExecutionListener, org.springframework.boot.test.autoconfigure.web.servlet.WebDriverTestExecutionListener, org.springframework.boot.test.autoconfigure.webservices.client.MockWebServiceServerTestExecutionListener, org.springframework.boot.test.mock.mockito.MockitoTestExecutionListener, org.springframework.boot.test.mock.mockito.ResetMocksTestExecutionListener, org.springframework.test.context.web.ServletTestExecutionListener, org.springframework.test.context.support.DirtiesContextBeforeModesTestExecutionListener, org.springframework.test.context.event.ApplicationEventsTestExecutionListener, org.springframework.test.context.support.DependencyInjectionTestExecutionListener, org.springframework.test.context.support.DirtiesContextTestExecutionListener, org.springframework.test.context.transaction.TransactionalTestExecutionListener, org.springframework.test.context.jdbc.SqlScriptsTestExecutionListener, org.springframework.test.context.event.EventPublishingTestExecutionListener]
2022-07-13 19:53:43.840  INFO 38018 --- [    Test worker] .b.t.c.SpringBootTestContextBootstrapper : Using TestExecutionListeners: [org.springframework.test.context.web.ServletTestExecutionListener@4a09a4df, org.springframework.test.context.support.DirtiesContextBeforeModesTestExecutionListener@7de47f81, org.springframework.test.context.event.ApplicationEventsTestExecutionListener@68194ca4, org.springframework.boot.test.mock.mockito.MockitoTestExecutionListener@3f745640, org.springframework.boot.test.autoconfigure.SpringBootDependencyInjectionTestExecutionListener@38dc322d, org.springframework.test.context.support.DirtiesContextTestExecutionListener@661a5ac0, org.springframework.test.context.event.EventPublishingTestExecutionListener@444456cb, org.springframework.boot.test.autoconfigure.restdocs.RestDocsTestExecutionListener@599fde55, org.springframework.boot.test.autoconfigure.web.client.MockRestServiceServerResetTestExecutionListener@bd211, org.springframework.boot.test.autoconfigure.web.servlet.MockMvcPrintOnlyOnFailureTestExecutionListener@34f3448a, org.springframework.boot.test.autoconfigure.web.servlet.WebDriverTestExecutionListener@52e7bed1, org.springframework.boot.test.autoconfigure.webservices.client.MockWebServiceServerTestExecutionListener@75adbfae, org.springframework.boot.test.mock.mockito.ResetMocksTestExecutionListener@2b686050]
2022-07-13 19:53:43.842  INFO 38018 --- [    Test worker] .b.t.c.SpringBootTestContextBootstrapper : Neither @ContextConfiguration nor @ContextHierarchy found for test class [com.globantx.cardinalevaluator.CucumberSpringConfiguration], using SpringBootContextLoader
2022-07-13 19:53:43.842  INFO 38018 --- [    Test worker] o.s.t.c.support.AbstractContextLoader    : Could not detect default resource locations for test class [com.globantx.cardinalevaluator.CucumberSpringConfiguration]: no resource found for suffixes {-context.xml, Context.groovy}.
2022-07-13 19:53:43.842  INFO 38018 --- [    Test worker] .b.t.c.SpringBootTestContextBootstrapper : Loaded default TestExecutionListener class names from location [META-INF/spring.factories]: [org.springframework.boot.test.autoconfigure.restdocs.RestDocsTestExecutionListener, org.springframework.boot.test.autoconfigure.web.client.MockRestServiceServerResetTestExecutionListener, org.springframework.boot.test.autoconfigure.web.servlet.MockMvcPrintOnlyOnFailureTestExecutionListener, org.springframework.boot.test.autoconfigure.web.servlet.WebDriverTestExecutionListener, org.springframework.boot.test.autoconfigure.webservices.client.MockWebServiceServerTestExecutionListener, org.springframework.boot.test.mock.mockito.MockitoTestExecutionListener, org.springframework.boot.test.mock.mockito.ResetMocksTestExecutionListener, org.springframework.test.context.web.ServletTestExecutionListener, org.springframework.test.context.support.DirtiesContextBeforeModesTestExecutionListener, org.springframework.test.context.event.ApplicationEventsTestExecutionListener, org.springframework.test.context.support.DependencyInjectionTestExecutionListener, org.springframework.test.context.support.DirtiesContextTestExecutionListener, org.springframework.test.context.transaction.TransactionalTestExecutionListener, org.springframework.test.context.jdbc.SqlScriptsTestExecutionListener, org.springframework.test.context.event.EventPublishingTestExecutionListener]
2022-07-13 19:53:43.843  INFO 38018 --- [    Test worker] .b.t.c.SpringBootTestContextBootstrapper : Using TestExecutionListeners: [org.springframework.test.context.web.ServletTestExecutionListener@511b6a3, org.springframework.test.context.support.DirtiesContextBeforeModesTestExecutionListener@6aef91e6, org.springframework.test.context.event.ApplicationEventsTestExecutionListener@722713da, org.springframework.boot.test.mock.mockito.MockitoTestExecutionListener@1aa5972e, org.springframework.boot.test.autoconfigure.SpringBootDependencyInjectionTestExecutionListener@12898e77, org.springframework.test.context.support.DirtiesContextTestExecutionListener@47f4d61, org.springframework.test.context.event.EventPublishingTestExecutionListener@4e8c27f7, org.springframework.boot.test.autoconfigure.restdocs.RestDocsTestExecutionListener@7826c5ef, org.springframework.boot.test.autoconfigure.web.client.MockRestServiceServerResetTestExecutionListener@268206aa, org.springframework.boot.test.autoconfigure.web.servlet.MockMvcPrintOnlyOnFailureTestExecutionListener@58e8535e, org.springframework.boot.test.autoconfigure.web.servlet.WebDriverTestExecutionListener@77f4742b, org.springframework.boot.test.autoconfigure.webservices.client.MockWebServiceServerTestExecutionListener@39b3de87, org.springframework.boot.test.mock.mockito.ResetMocksTestExecutionListener@f32284d]
2022-07-13 19:53:43.844  INFO 38018 --- [    Test worker] .b.t.c.SpringBootTestContextBootstrapper : Neither @ContextConfiguration nor @ContextHierarchy found for test class [com.globantx.cardinalevaluator.CucumberSpringConfiguration], using SpringBootContextLoader
2022-07-13 19:53:43.845  INFO 38018 --- [    Test worker] o.s.t.c.support.AbstractContextLoader    : Could not detect default resource locations for test class [com.globantx.cardinalevaluator.CucumberSpringConfiguration]: no resource found for suffixes {-context.xml, Context.groovy}.
2022-07-13 19:53:43.845  INFO 38018 --- [    Test worker] .b.t.c.SpringBootTestContextBootstrapper : Loaded default TestExecutionListener class names from location [META-INF/spring.factories]: [org.springframework.boot.test.autoconfigure.restdocs.RestDocsTestExecutionListener, org.springframework.boot.test.autoconfigure.web.client.MockRestServiceServerResetTestExecutionListener, org.springframework.boot.test.autoconfigure.web.servlet.MockMvcPrintOnlyOnFailureTestExecutionListener, org.springframework.boot.test.autoconfigure.web.servlet.WebDriverTestExecutionListener, org.springframework.boot.test.autoconfigure.webservices.client.MockWebServiceServerTestExecutionListener, org.springframework.boot.test.mock.mockito.MockitoTestExecutionListener, org.springframework.boot.test.mock.mockito.ResetMocksTestExecutionListener, org.springframework.test.context.web.ServletTestExecutionListener, org.springframework.test.context.support.DirtiesContextBeforeModesTestExecutionListener, org.springframework.test.context.event.ApplicationEventsTestExecutionListener, org.springframework.test.context.support.DependencyInjectionTestExecutionListener, org.springframework.test.context.support.DirtiesContextTestExecutionListener, org.springframework.test.context.transaction.TransactionalTestExecutionListener, org.springframework.test.context.jdbc.SqlScriptsTestExecutionListener, org.springframework.test.context.event.EventPublishingTestExecutionListener]
2022-07-13 19:53:43.845  INFO 38018 --- [    Test worker] .b.t.c.SpringBootTestContextBootstrapper : Using TestExecutionListeners: [org.springframework.test.context.web.ServletTestExecutionListener@155ae856, org.springframework.test.context.support.DirtiesContextBeforeModesTestExecutionListener@415b83fa, org.springframework.test.context.event.ApplicationEventsTestExecutionListener@663b3ab0, org.springframework.boot.test.mock.mockito.MockitoTestExecutionListener@7855167a, org.springframework.boot.test.autoconfigure.SpringBootDependencyInjectionTestExecutionListener@3a0f497e, org.springframework.test.context.support.DirtiesContextTestExecutionListener@27564996, org.springframework.test.context.event.EventPublishingTestExecutionListener@18870976, org.springframework.boot.test.autoconfigure.restdocs.RestDocsTestExecutionListener@48313ada, org.springframework.boot.test.autoconfigure.web.client.MockRestServiceServerResetTestExecutionListener@8b5de1b, org.springframework.boot.test.autoconfigure.web.servlet.MockMvcPrintOnlyOnFailureTestExecutionListener@1dba3c62, org.springframework.boot.test.autoconfigure.web.servlet.WebDriverTestExecutionListener@3dd64a1a, org.springframework.boot.test.autoconfigure.webservices.client.MockWebServiceServerTestExecutionListener@7c705090, org.springframework.boot.test.mock.mockito.ResetMocksTestExecutionListener@5a930c03]
2022-07-13 19:53:43.847  INFO 38018 --- [    Test worker] .b.t.c.SpringBootTestContextBootstrapper : Neither @ContextConfiguration nor @ContextHierarchy found for test class [com.globantx.cardinalevaluator.CucumberSpringConfiguration], using SpringBootContextLoader
2022-07-13 19:53:43.847  INFO 38018 --- [    Test worker] o.s.t.c.support.AbstractContextLoader    : Could not detect default resource locations for test class [com.globantx.cardinalevaluator.CucumberSpringConfiguration]: no resource found for suffixes {-context.xml, Context.groovy}.
2022-07-13 19:53:43.847  INFO 38018 --- [    Test worker] .b.t.c.SpringBootTestContextBootstrapper : Loaded default TestExecutionListener class names from location [META-INF/spring.factories]: [org.springframework.boot.test.autoconfigure.restdocs.RestDocsTestExecutionListener, org.springframework.boot.test.autoconfigure.web.client.MockRestServiceServerResetTestExecutionListener, org.springframework.boot.test.autoconfigure.web.servlet.MockMvcPrintOnlyOnFailureTestExecutionListener, org.springframework.boot.test.autoconfigure.web.servlet.WebDriverTestExecutionListener, org.springframework.boot.test.autoconfigure.webservices.client.MockWebServiceServerTestExecutionListener, org.springframework.boot.test.mock.mockito.MockitoTestExecutionListener, org.springframework.boot.test.mock.mockito.ResetMocksTestExecutionListener, org.springframework.test.context.web.ServletTestExecutionListener, org.springframework.test.context.support.DirtiesContextBeforeModesTestExecutionListener, org.springframework.test.context.event.ApplicationEventsTestExecutionListener, org.springframework.test.context.support.DependencyInjectionTestExecutionListener, org.springframework.test.context.support.DirtiesContextTestExecutionListener, org.springframework.test.context.transaction.TransactionalTestExecutionListener, org.springframework.test.context.jdbc.SqlScriptsTestExecutionListener, org.springframework.test.context.event.EventPublishingTestExecutionListener]
2022-07-13 19:53:43.848  INFO 38018 --- [    Test worker] .b.t.c.SpringBootTestContextBootstrapper : Using TestExecutionListeners: [org.springframework.test.context.web.ServletTestExecutionListener@1606721f, org.springframework.test.context.support.DirtiesContextBeforeModesTestExecutionListener@198f7c5f, org.springframework.test.context.event.ApplicationEventsTestExecutionListener@67054b2e, org.springframework.boot.test.mock.mockito.MockitoTestExecutionListener@2534b0d9, org.springframework.boot.test.autoconfigure.SpringBootDependencyInjectionTestExecutionListener@7a8ea, org.springframework.test.context.support.DirtiesContextTestExecutionListener@62885131, org.springframework.test.context.event.EventPublishingTestExecutionListener@2f193a75, org.springframework.boot.test.autoconfigure.restdocs.RestDocsTestExecutionListener@2f2be537, org.springframework.boot.test.autoconfigure.web.client.MockRestServiceServerResetTestExecutionListener@12d658c0, org.springframework.boot.test.autoconfigure.web.servlet.MockMvcPrintOnlyOnFailureTestExecutionListener@32f79272, org.springframework.boot.test.autoconfigure.web.servlet.WebDriverTestExecutionListener@545bdccb, org.springframework.boot.test.autoconfigure.webservices.client.MockWebServiceServerTestExecutionListener@2429992a, org.springframework.boot.test.mock.mockito.ResetMocksTestExecutionListener@419c537]
2022-07-13 19:53:43.849  INFO 38018 --- [    Test worker] .b.t.c.SpringBootTestContextBootstrapper : Neither @ContextConfiguration nor @ContextHierarchy found for test class [com.globantx.cardinalevaluator.CucumberSpringConfiguration], using SpringBootContextLoader
2022-07-13 19:53:43.850  INFO 38018 --- [    Test worker] o.s.t.c.support.AbstractContextLoader    : Could not detect default resource locations for test class [com.globantx.cardinalevaluator.CucumberSpringConfiguration]: no resource found for suffixes {-context.xml, Context.groovy}.
2022-07-13 19:53:43.850  INFO 38018 --- [    Test worker] .b.t.c.SpringBootTestContextBootstrapper : Loaded default TestExecutionListener class names from location [META-INF/spring.factories]: [org.springframework.boot.test.autoconfigure.restdocs.RestDocsTestExecutionListener, org.springframework.boot.test.autoconfigure.web.client.MockRestServiceServerResetTestExecutionListener, org.springframework.boot.test.autoconfigure.web.servlet.MockMvcPrintOnlyOnFailureTestExecutionListener, org.springframework.boot.test.autoconfigure.web.servlet.WebDriverTestExecutionListener, org.springframework.boot.test.autoconfigure.webservices.client.MockWebServiceServerTestExecutionListener, org.springframework.boot.test.mock.mockito.MockitoTestExecutionListener, org.springframework.boot.test.mock.mockito.ResetMocksTestExecutionListener, org.springframework.test.context.web.ServletTestExecutionListener, org.springframework.test.context.support.DirtiesContextBeforeModesTestExecutionListener, org.springframework.test.context.event.ApplicationEventsTestExecutionListener, org.springframework.test.context.support.DependencyInjectionTestExecutionListener, org.springframework.test.context.support.DirtiesContextTestExecutionListener, org.springframework.test.context.transaction.TransactionalTestExecutionListener, org.springframework.test.context.jdbc.SqlScriptsTestExecutionListener, org.springframework.test.context.event.EventPublishingTestExecutionListener]
2022-07-13 19:53:43.850  INFO 38018 --- [    Test worker] .b.t.c.SpringBootTestContextBootstrapper : Using TestExecutionListeners: [org.springframework.test.context.web.ServletTestExecutionListener@a73b3c4, org.springframework.test.context.support.DirtiesContextBeforeModesTestExecutionListener@c49bc5, org.springframework.test.context.event.ApplicationEventsTestExecutionListener@68cca23e, org.springframework.boot.test.mock.mockito.MockitoTestExecutionListener@22b6e26d, org.springframework.boot.test.autoconfigure.SpringBootDependencyInjectionTestExecutionListener@354c986c, org.springframework.test.context.support.DirtiesContextTestExecutionListener@11f237b3, org.springframework.test.context.event.EventPublishingTestExecutionListener@1c22aae1, org.springframework.boot.test.autoconfigure.restdocs.RestDocsTestExecutionListener@9129682, org.springframework.boot.test.autoconfigure.web.client.MockRestServiceServerResetTestExecutionListener@58cce034, org.springframework.boot.test.autoconfigure.web.servlet.MockMvcPrintOnlyOnFailureTestExecutionListener@58830b31, org.springframework.boot.test.autoconfigure.web.servlet.WebDriverTestExecutionListener@517fd762, org.springframework.boot.test.autoconfigure.webservices.client.MockWebServiceServerTestExecutionListener@4c44ed49, org.springframework.boot.test.mock.mockito.ResetMocksTestExecutionListener@73b669b5]
2022-07-13 19:53:43.852  INFO 38018 --- [    Test worker] .b.t.c.SpringBootTestContextBootstrapper : Neither @ContextConfiguration nor @ContextHierarchy found for test class [com.globantx.cardinalevaluator.CucumberSpringConfiguration], using SpringBootContextLoader
2022-07-13 19:53:43.852  INFO 38018 --- [    Test worker] o.s.t.c.support.AbstractContextLoader    : Could not detect default resource locations for test class [com.globantx.cardinalevaluator.CucumberSpringConfiguration]: no resource found for suffixes {-context.xml, Context.groovy}.
2022-07-13 19:53:43.853  INFO 38018 --- [    Test worker] .b.t.c.SpringBootTestContextBootstrapper : Loaded default TestExecutionListener class names from location [META-INF/spring.factories]: [org.springframework.boot.test.autoconfigure.restdocs.RestDocsTestExecutionListener, org.springframework.boot.test.autoconfigure.web.client.MockRestServiceServerResetTestExecutionListener, org.springframework.boot.test.autoconfigure.web.servlet.MockMvcPrintOnlyOnFailureTestExecutionListener, org.springframework.boot.test.autoconfigure.web.servlet.WebDriverTestExecutionListener, org.springframework.boot.test.autoconfigure.webservices.client.MockWebServiceServerTestExecutionListener, org.springframework.boot.test.mock.mockito.MockitoTestExecutionListener, org.springframework.boot.test.mock.mockito.ResetMocksTestExecutionListener, org.springframework.test.context.web.ServletTestExecutionListener, org.springframework.test.context.support.DirtiesContextBeforeModesTestExecutionListener, org.springframework.test.context.event.ApplicationEventsTestExecutionListener, org.springframework.test.context.support.DependencyInjectionTestExecutionListener, org.springframework.test.context.support.DirtiesContextTestExecutionListener, org.springframework.test.context.transaction.TransactionalTestExecutionListener, org.springframework.test.context.jdbc.SqlScriptsTestExecutionListener, org.springframework.test.context.event.EventPublishingTestExecutionListener]
2022-07-13 19:53:43.853  INFO 38018 --- [    Test worker] .b.t.c.SpringBootTestContextBootstrapper : Using TestExecutionListeners: [org.springframework.test.context.web.ServletTestExecutionListener@332c3e71, org.springframework.test.context.support.DirtiesContextBeforeModesTestExecutionListener@1cc73bb1, org.springframework.test.context.event.ApplicationEventsTestExecutionListener@7782b3c5, org.springframework.boot.test.mock.mockito.MockitoTestExecutionListener@37b98741, org.springframework.boot.test.autoconfigure.SpringBootDependencyInjectionTestExecutionListener@6534f871, org.springframework.test.context.support.DirtiesContextTestExecutionListener@400b4dd5, org.springframework.test.context.event.EventPublishingTestExecutionListener@2275d28a, org.springframework.boot.test.autoconfigure.restdocs.RestDocsTestExecutionListener@598dca0a, org.springframework.boot.test.autoconfigure.web.client.MockRestServiceServerResetTestExecutionListener@1b38563a, org.springframework.boot.test.autoconfigure.web.servlet.MockMvcPrintOnlyOnFailureTestExecutionListener@1c7c56d, org.springframework.boot.test.autoconfigure.web.servlet.WebDriverTestExecutionListener@d2aa65d, org.springframework.boot.test.autoconfigure.webservices.client.MockWebServiceServerTestExecutionListener@3a40e068, org.springframework.boot.test.mock.mockito.ResetMocksTestExecutionListener@6390f89c]
2022-07-13 19:53:43.856  INFO 38018 --- [    Test worker] .b.t.c.SpringBootTestContextBootstrapper : Neither @ContextConfiguration nor @ContextHierarchy found for test class [com.globantx.cardinalevaluator.CucumberSpringConfiguration], using SpringBootContextLoader
2022-07-13 19:53:43.856  INFO 38018 --- [    Test worker] o.s.t.c.support.AbstractContextLoader    : Could not detect default resource locations for test class [com.globantx.cardinalevaluator.CucumberSpringConfiguration]: no resource found for suffixes {-context.xml, Context.groovy}.
2022-07-13 19:53:43.857  INFO 38018 --- [    Test worker] .b.t.c.SpringBootTestContextBootstrapper : Loaded default TestExecutionListener class names from location [META-INF/spring.factories]: [org.springframework.boot.test.autoconfigure.restdocs.RestDocsTestExecutionListener, org.springframework.boot.test.autoconfigure.web.client.MockRestServiceServerResetTestExecutionListener, org.springframework.boot.test.autoconfigure.web.servlet.MockMvcPrintOnlyOnFailureTestExecutionListener, org.springframework.boot.test.autoconfigure.web.servlet.WebDriverTestExecutionListener, org.springframework.boot.test.autoconfigure.webservices.client.MockWebServiceServerTestExecutionListener, org.springframework.boot.test.mock.mockito.MockitoTestExecutionListener, org.springframework.boot.test.mock.mockito.ResetMocksTestExecutionListener, org.springframework.test.context.web.ServletTestExecutionListener, org.springframework.test.context.support.DirtiesContextBeforeModesTestExecutionListener, org.springframework.test.context.event.ApplicationEventsTestExecutionListener, org.springframework.test.context.support.DependencyInjectionTestExecutionListener, org.springframework.test.context.support.DirtiesContextTestExecutionListener, org.springframework.test.context.transaction.TransactionalTestExecutionListener, org.springframework.test.context.jdbc.SqlScriptsTestExecutionListener, org.springframework.test.context.event.EventPublishingTestExecutionListener]
2022-07-13 19:53:43.857  INFO 38018 --- [    Test worker] .b.t.c.SpringBootTestContextBootstrapper : Using TestExecutionListeners: [org.springframework.test.context.web.ServletTestExecutionListener@5c43a52e, org.springframework.test.context.support.DirtiesContextBeforeModesTestExecutionListener@403e8b5, org.springframework.test.context.event.ApplicationEventsTestExecutionListener@39fd1bfd, org.springframework.boot.test.mock.mockito.MockitoTestExecutionListener@5dcd5046, org.springframework.boot.test.autoconfigure.SpringBootDependencyInjectionTestExecutionListener@1c66e404, org.springframework.test.context.support.DirtiesContextTestExecutionListener@7bbf17d, org.springframework.test.context.event.EventPublishingTestExecutionListener@56482084, org.springframework.boot.test.autoconfigure.restdocs.RestDocsTestExecutionListener@6130156b, org.springframework.boot.test.autoconfigure.web.client.MockRestServiceServerResetTestExecutionListener@4add8b8d, org.springframework.boot.test.autoconfigure.web.servlet.MockMvcPrintOnlyOnFailureTestExecutionListener@1235abb2, org.springframework.boot.test.autoconfigure.web.servlet.WebDriverTestExecutionListener@5eef570, org.springframework.boot.test.autoconfigure.webservices.client.MockWebServiceServerTestExecutionListener@641423eb, org.springframework.boot.test.mock.mockito.ResetMocksTestExecutionListener@42334d07]
2022-07-13 19:53:43.859  INFO 38018 --- [    Test worker] .b.t.c.SpringBootTestContextBootstrapper : Neither @ContextConfiguration nor @ContextHierarchy found for test class [com.globantx.cardinalevaluator.CucumberSpringConfiguration], using SpringBootContextLoader
2022-07-13 19:53:43.859  INFO 38018 --- [    Test worker] o.s.t.c.support.AbstractContextLoader    : Could not detect default resource locations for test class [com.globantx.cardinalevaluator.CucumberSpringConfiguration]: no resource found for suffixes {-context.xml, Context.groovy}.
2022-07-13 19:53:43.860  INFO 38018 --- [    Test worker] .b.t.c.SpringBootTestContextBootstrapper : Loaded default TestExecutionListener class names from location [META-INF/spring.factories]: [org.springframework.boot.test.autoconfigure.restdocs.RestDocsTestExecutionListener, org.springframework.boot.test.autoconfigure.web.client.MockRestServiceServerResetTestExecutionListener, org.springframework.boot.test.autoconfigure.web.servlet.MockMvcPrintOnlyOnFailureTestExecutionListener, org.springframework.boot.test.autoconfigure.web.servlet.WebDriverTestExecutionListener, org.springframework.boot.test.autoconfigure.webservices.client.MockWebServiceServerTestExecutionListener, org.springframework.boot.test.mock.mockito.MockitoTestExecutionListener, org.springframework.boot.test.mock.mockito.ResetMocksTestExecutionListener, org.springframework.test.context.web.ServletTestExecutionListener, org.springframework.test.context.support.DirtiesContextBeforeModesTestExecutionListener, org.springframework.test.context.event.ApplicationEventsTestExecutionListener, org.springframework.test.context.support.DependencyInjectionTestExecutionListener, org.springframework.test.context.support.DirtiesContextTestExecutionListener, org.springframework.test.context.transaction.TransactionalTestExecutionListener, org.springframework.test.context.jdbc.SqlScriptsTestExecutionListener, org.springframework.test.context.event.EventPublishingTestExecutionListener]
2022-07-13 19:53:43.860  INFO 38018 --- [    Test worker] .b.t.c.SpringBootTestContextBootstrapper : Using TestExecutionListeners: [org.springframework.test.context.web.ServletTestExecutionListener@7d6406c8, org.springframework.test.context.support.DirtiesContextBeforeModesTestExecutionListener@f532961, org.springframework.test.context.event.ApplicationEventsTestExecutionListener@4a9d481b, org.springframework.boot.test.mock.mockito.MockitoTestExecutionListener@129e6f3a, org.springframework.boot.test.autoconfigure.SpringBootDependencyInjectionTestExecutionListener@4f1179e7, org.springframework.test.context.support.DirtiesContextTestExecutionListener@591f5945, org.springframework.test.context.event.EventPublishingTestExecutionListener@79620fed, org.springframework.boot.test.autoconfigure.restdocs.RestDocsTestExecutionListener@18645844, org.springframework.boot.test.autoconfigure.web.client.MockRestServiceServerResetTestExecutionListener@5cfed4ee, org.springframework.boot.test.autoconfigure.web.servlet.MockMvcPrintOnlyOnFailureTestExecutionListener@7f086b45, org.springframework.boot.test.autoconfigure.web.servlet.WebDriverTestExecutionListener@167c0e2e, org.springframework.boot.test.autoconfigure.webservices.client.MockWebServiceServerTestExecutionListener@2c60c2dd, org.springframework.boot.test.mock.mockito.ResetMocksTestExecutionListener@6133a1b]
2022-07-13 19:53:43.861  INFO 38018 --- [    Test worker] .b.t.c.SpringBootTestContextBootstrapper : Neither @ContextConfiguration nor @ContextHierarchy found for test class [com.globantx.cardinalevaluator.CucumberSpringConfiguration], using SpringBootContextLoader
2022-07-13 19:53:43.862  INFO 38018 --- [    Test worker] o.s.t.c.support.AbstractContextLoader    : Could not detect default resource locations for test class [com.globantx.cardinalevaluator.CucumberSpringConfiguration]: no resource found for suffixes {-context.xml, Context.groovy}.
2022-07-13 19:53:43.862  INFO 38018 --- [    Test worker] .b.t.c.SpringBootTestContextBootstrapper : Loaded default TestExecutionListener class names from location [META-INF/spring.factories]: [org.springframework.boot.test.autoconfigure.restdocs.RestDocsTestExecutionListener, org.springframework.boot.test.autoconfigure.web.client.MockRestServiceServerResetTestExecutionListener, org.springframework.boot.test.autoconfigure.web.servlet.MockMvcPrintOnlyOnFailureTestExecutionListener, org.springframework.boot.test.autoconfigure.web.servlet.WebDriverTestExecutionListener, org.springframework.boot.test.autoconfigure.webservices.client.MockWebServiceServerTestExecutionListener, org.springframework.boot.test.mock.mockito.MockitoTestExecutionListener, org.springframework.boot.test.mock.mockito.ResetMocksTestExecutionListener, org.springframework.test.context.web.ServletTestExecutionListener, org.springframework.test.context.support.DirtiesContextBeforeModesTestExecutionListener, org.springframework.test.context.event.ApplicationEventsTestExecutionListener, org.springframework.test.context.support.DependencyInjectionTestExecutionListener, org.springframework.test.context.support.DirtiesContextTestExecutionListener, org.springframework.test.context.transaction.TransactionalTestExecutionListener, org.springframework.test.context.jdbc.SqlScriptsTestExecutionListener, org.springframework.test.context.event.EventPublishingTestExecutionListener]
2022-07-13 19:53:43.862  INFO 38018 --- [    Test worker] .b.t.c.SpringBootTestContextBootstrapper : Using TestExecutionListeners: [org.springframework.test.context.web.ServletTestExecutionListener@3afd2bdf, org.springframework.test.context.support.DirtiesContextBeforeModesTestExecutionListener@4c864fd0, org.springframework.test.context.event.ApplicationEventsTestExecutionListener@66da0ab7, org.springframework.boot.test.mock.mockito.MockitoTestExecutionListener@79863795, org.springframework.boot.test.autoconfigure.SpringBootDependencyInjectionTestExecutionListener@2a7648a9, org.springframework.test.context.support.DirtiesContextTestExecutionListener@54707af8, org.springframework.test.context.event.EventPublishingTestExecutionListener@62c95d73, org.springframework.boot.test.autoconfigure.restdocs.RestDocsTestExecutionListener@2abbe420, org.springframework.boot.test.autoconfigure.web.client.MockRestServiceServerResetTestExecutionListener@3210c2de, org.springframework.boot.test.autoconfigure.web.servlet.MockMvcPrintOnlyOnFailureTestExecutionListener@65e0d9de, org.springframework.boot.test.autoconfigure.web.servlet.WebDriverTestExecutionListener@4d6a32d4, org.springframework.boot.test.autoconfigure.webservices.client.MockWebServiceServerTestExecutionListener@388555bd, org.springframework.boot.test.mock.mockito.ResetMocksTestExecutionListener@c377641]
2022-07-13 19:53:43.864  INFO 38018 --- [    Test worker] .b.t.c.SpringBootTestContextBootstrapper : Neither @ContextConfiguration nor @ContextHierarchy found for test class [com.globantx.cardinalevaluator.CucumberSpringConfiguration], using SpringBootContextLoader
2022-07-13 19:53:43.864  INFO 38018 --- [    Test worker] o.s.t.c.support.AbstractContextLoader    : Could not detect default resource locations for test class [com.globantx.cardinalevaluator.CucumberSpringConfiguration]: no resource found for suffixes {-context.xml, Context.groovy}.
2022-07-13 19:53:43.864  INFO 38018 --- [    Test worker] .b.t.c.SpringBootTestContextBootstrapper : Loaded default TestExecutionListener class names from location [META-INF/spring.factories]: [org.springframework.boot.test.autoconfigure.restdocs.RestDocsTestExecutionListener, org.springframework.boot.test.autoconfigure.web.client.MockRestServiceServerResetTestExecutionListener, org.springframework.boot.test.autoconfigure.web.servlet.MockMvcPrintOnlyOnFailureTestExecutionListener, org.springframework.boot.test.autoconfigure.web.servlet.WebDriverTestExecutionListener, org.springframework.boot.test.autoconfigure.webservices.client.MockWebServiceServerTestExecutionListener, org.springframework.boot.test.mock.mockito.MockitoTestExecutionListener, org.springframework.boot.test.mock.mockito.ResetMocksTestExecutionListener, org.springframework.test.context.web.ServletTestExecutionListener, org.springframework.test.context.support.DirtiesContextBeforeModesTestExecutionListener, org.springframework.test.context.event.ApplicationEventsTestExecutionListener, org.springframework.test.context.support.DependencyInjectionTestExecutionListener, org.springframework.test.context.support.DirtiesContextTestExecutionListener, org.springframework.test.context.transaction.TransactionalTestExecutionListener, org.springframework.test.context.jdbc.SqlScriptsTestExecutionListener, org.springframework.test.context.event.EventPublishingTestExecutionListener]
2022-07-13 19:53:43.865  INFO 38018 --- [    Test worker] .b.t.c.SpringBootTestContextBootstrapper : Using TestExecutionListeners: [org.springframework.test.context.web.ServletTestExecutionListener@6f7a7030, org.springframework.test.context.support.DirtiesContextBeforeModesTestExecutionListener@731a1399, org.springframework.test.context.event.ApplicationEventsTestExecutionListener@61a098fa, org.springframework.boot.test.mock.mockito.MockitoTestExecutionListener@56926ff1, org.springframework.boot.test.autoconfigure.SpringBootDependencyInjectionTestExecutionListener@6ad57ee3, org.springframework.test.context.support.DirtiesContextTestExecutionListener@49702efb, org.springframework.test.context.event.EventPublishingTestExecutionListener@2c720867, org.springframework.boot.test.autoconfigure.restdocs.RestDocsTestExecutionListener@69da07ff, org.springframework.boot.test.autoconfigure.web.client.MockRestServiceServerResetTestExecutionListener@28394e41, org.springframework.boot.test.autoconfigure.web.servlet.MockMvcPrintOnlyOnFailureTestExecutionListener@60f6aa4b, org.springframework.boot.test.autoconfigure.web.servlet.WebDriverTestExecutionListener@5c7ba702, org.springframework.boot.test.autoconfigure.webservices.client.MockWebServiceServerTestExecutionListener@6527a68d, org.springframework.boot.test.mock.mockito.ResetMocksTestExecutionListener@70ea72e]
2022-07-13 19:53:43.867  INFO 38018 --- [    Test worker] .b.t.c.SpringBootTestContextBootstrapper : Neither @ContextConfiguration nor @ContextHierarchy found for test class [com.globantx.cardinalevaluator.CucumberSpringConfiguration], using SpringBootContextLoader
2022-07-13 19:53:43.867  INFO 38018 --- [    Test worker] o.s.t.c.support.AbstractContextLoader    : Could not detect default resource locations for test class [com.globantx.cardinalevaluator.CucumberSpringConfiguration]: no resource found for suffixes {-context.xml, Context.groovy}.
2022-07-13 19:53:43.868  INFO 38018 --- [    Test worker] .b.t.c.SpringBootTestContextBootstrapper : Loaded default TestExecutionListener class names from location [META-INF/spring.factories]: [org.springframework.boot.test.autoconfigure.restdocs.RestDocsTestExecutionListener, org.springframework.boot.test.autoconfigure.web.client.MockRestServiceServerResetTestExecutionListener, org.springframework.boot.test.autoconfigure.web.servlet.MockMvcPrintOnlyOnFailureTestExecutionListener, org.springframework.boot.test.autoconfigure.web.servlet.WebDriverTestExecutionListener, org.springframework.boot.test.autoconfigure.webservices.client.MockWebServiceServerTestExecutionListener, org.springframework.boot.test.mock.mockito.MockitoTestExecutionListener, org.springframework.boot.test.mock.mockito.ResetMocksTestExecutionListener, org.springframework.test.context.web.ServletTestExecutionListener, org.springframework.test.context.support.DirtiesContextBeforeModesTestExecutionListener, org.springframework.test.context.event.ApplicationEventsTestExecutionListener, org.springframework.test.context.support.DependencyInjectionTestExecutionListener, org.springframework.test.context.support.DirtiesContextTestExecutionListener, org.springframework.test.context.transaction.TransactionalTestExecutionListener, org.springframework.test.context.jdbc.SqlScriptsTestExecutionListener, org.springframework.test.context.event.EventPublishingTestExecutionListener]
2022-07-13 19:53:43.868  INFO 38018 --- [    Test worker] .b.t.c.SpringBootTestContextBootstrapper : Using TestExecutionListeners: [org.springframework.test.context.web.ServletTestExecutionListener@527ff176, org.springframework.test.context.support.DirtiesContextBeforeModesTestExecutionListener@533d1f8c, org.springframework.test.context.event.ApplicationEventsTestExecutionListener@b76d8a8, org.springframework.boot.test.mock.mockito.MockitoTestExecutionListener@7933293f, org.springframework.boot.test.autoconfigure.SpringBootDependencyInjectionTestExecutionListener@54ea832e, org.springframework.test.context.support.DirtiesContextTestExecutionListener@6f102740, org.springframework.test.context.event.EventPublishingTestExecutionListener@529e1192, org.springframework.boot.test.autoconfigure.restdocs.RestDocsTestExecutionListener@3284a02f, org.springframework.boot.test.autoconfigure.web.client.MockRestServiceServerResetTestExecutionListener@32f7b6a2, org.springframework.boot.test.autoconfigure.web.servlet.MockMvcPrintOnlyOnFailureTestExecutionListener@5cb3bd9b, org.springframework.boot.test.autoconfigure.web.servlet.WebDriverTestExecutionListener@7e83251e, org.springframework.boot.test.autoconfigure.webservices.client.MockWebServiceServerTestExecutionListener@69917739, org.springframework.boot.test.mock.mockito.ResetMocksTestExecutionListener@665c8e0f]
2022-07-13 19:53:43.870  INFO 38018 --- [    Test worker] .b.t.c.SpringBootTestContextBootstrapper : Neither @ContextConfiguration nor @ContextHierarchy found for test class [com.globantx.cardinalevaluator.CucumberSpringConfiguration], using SpringBootContextLoader
2022-07-13 19:53:43.870  INFO 38018 --- [    Test worker] o.s.t.c.support.AbstractContextLoader    : Could not detect default resource locations for test class [com.globantx.cardinalevaluator.CucumberSpringConfiguration]: no resource found for suffixes {-context.xml, Context.groovy}.
2022-07-13 19:53:43.870  INFO 38018 --- [    Test worker] .b.t.c.SpringBootTestContextBootstrapper : Loaded default TestExecutionListener class names from location [META-INF/spring.factories]: [org.springframework.boot.test.autoconfigure.restdocs.RestDocsTestExecutionListener, org.springframework.boot.test.autoconfigure.web.client.MockRestServiceServerResetTestExecutionListener, org.springframework.boot.test.autoconfigure.web.servlet.MockMvcPrintOnlyOnFailureTestExecutionListener, org.springframework.boot.test.autoconfigure.web.servlet.WebDriverTestExecutionListener, org.springframework.boot.test.autoconfigure.webservices.client.MockWebServiceServerTestExecutionListener, org.springframework.boot.test.mock.mockito.MockitoTestExecutionListener, org.springframework.boot.test.mock.mockito.ResetMocksTestExecutionListener, org.springframework.test.context.web.ServletTestExecutionListener, org.springframework.test.context.support.DirtiesContextBeforeModesTestExecutionListener, org.springframework.test.context.event.ApplicationEventsTestExecutionListener, org.springframework.test.context.support.DependencyInjectionTestExecutionListener, org.springframework.test.context.support.DirtiesContextTestExecutionListener, org.springframework.test.context.transaction.TransactionalTestExecutionListener, org.springframework.test.context.jdbc.SqlScriptsTestExecutionListener, org.springframework.test.context.event.EventPublishingTestExecutionListener]
2022-07-13 19:53:43.871  INFO 38018 --- [    Test worker] .b.t.c.SpringBootTestContextBootstrapper : Using TestExecutionListeners: [org.springframework.test.context.web.ServletTestExecutionListener@27c2b83a, org.springframework.test.context.support.DirtiesContextBeforeModesTestExecutionListener@400ed209, org.springframework.test.context.event.ApplicationEventsTestExecutionListener@22445d8e, org.springframework.boot.test.mock.mockito.MockitoTestExecutionListener@20ea933f, org.springframework.boot.test.autoconfigure.SpringBootDependencyInjectionTestExecutionListener@125bfc70, org.springframework.test.context.support.DirtiesContextTestExecutionListener@2473eaa8, org.springframework.test.context.event.EventPublishingTestExecutionListener@245b6b85, org.springframework.boot.test.autoconfigure.restdocs.RestDocsTestExecutionListener@505c675a, org.springframework.boot.test.autoconfigure.web.client.MockRestServiceServerResetTestExecutionListener@1da9b95d, org.springframework.boot.test.autoconfigure.web.servlet.MockMvcPrintOnlyOnFailureTestExecutionListener@263426ea, org.springframework.boot.test.autoconfigure.web.servlet.WebDriverTestExecutionListener@594c66ea, org.springframework.boot.test.autoconfigure.webservices.client.MockWebServiceServerTestExecutionListener@6a19bc2e, org.springframework.boot.test.mock.mockito.ResetMocksTestExecutionListener@3aaa8361]
2022-07-13 19:53:43.872  INFO 38018 --- [    Test worker] .b.t.c.SpringBootTestContextBootstrapper : Neither @ContextConfiguration nor @ContextHierarchy found for test class [com.globantx.cardinalevaluator.CucumberSpringConfiguration], using SpringBootContextLoader
2022-07-13 19:53:43.872  INFO 38018 --- [    Test worker] o.s.t.c.support.AbstractContextLoader    : Could not detect default resource locations for test class [com.globantx.cardinalevaluator.CucumberSpringConfiguration]: no resource found for suffixes {-context.xml, Context.groovy}.
2022-07-13 19:53:43.873  INFO 38018 --- [    Test worker] .b.t.c.SpringBootTestContextBootstrapper : Loaded default TestExecutionListener class names from location [META-INF/spring.factories]: [org.springframework.boot.test.autoconfigure.restdocs.RestDocsTestExecutionListener, org.springframework.boot.test.autoconfigure.web.client.MockRestServiceServerResetTestExecutionListener, org.springframework.boot.test.autoconfigure.web.servlet.MockMvcPrintOnlyOnFailureTestExecutionListener, org.springframework.boot.test.autoconfigure.web.servlet.WebDriverTestExecutionListener, org.springframework.boot.test.autoconfigure.webservices.client.MockWebServiceServerTestExecutionListener, org.springframework.boot.test.mock.mockito.MockitoTestExecutionListener, org.springframework.boot.test.mock.mockito.ResetMocksTestExecutionListener, org.springframework.test.context.web.ServletTestExecutionListener, org.springframework.test.context.support.DirtiesContextBeforeModesTestExecutionListener, org.springframework.test.context.event.ApplicationEventsTestExecutionListener, org.springframework.test.context.support.DependencyInjectionTestExecutionListener, org.springframework.test.context.support.DirtiesContextTestExecutionListener, org.springframework.test.context.transaction.TransactionalTestExecutionListener, org.springframework.test.context.jdbc.SqlScriptsTestExecutionListener, org.springframework.test.context.event.EventPublishingTestExecutionListener]
2022-07-13 19:53:43.873  INFO 38018 --- [    Test worker] .b.t.c.SpringBootTestContextBootstrapper : Using TestExecutionListeners: [org.springframework.test.context.web.ServletTestExecutionListener@3d2ee1a8, org.springframework.test.context.support.DirtiesContextBeforeModesTestExecutionListener@76fabd1, org.springframework.test.context.event.ApplicationEventsTestExecutionListener@20309fde, org.springframework.boot.test.mock.mockito.MockitoTestExecutionListener@4e6fb132, org.springframework.boot.test.autoconfigure.SpringBootDependencyInjectionTestExecutionListener@4063af6, org.springframework.test.context.support.DirtiesContextTestExecutionListener@7e4d2884, org.springframework.test.context.event.EventPublishingTestExecutionListener@5aa786fc, org.springframework.boot.test.autoconfigure.restdocs.RestDocsTestExecutionListener@69724abb, org.springframework.boot.test.autoconfigure.web.client.MockRestServiceServerResetTestExecutionListener@5c961ce9, org.springframework.boot.test.autoconfigure.web.servlet.MockMvcPrintOnlyOnFailureTestExecutionListener@4b8816f7, org.springframework.boot.test.autoconfigure.web.servlet.WebDriverTestExecutionListener@2d7ee91c, org.springframework.boot.test.autoconfigure.webservices.client.MockWebServiceServerTestExecutionListener@56a2599a, org.springframework.boot.test.mock.mockito.ResetMocksTestExecutionListener@3a3f66f3]
2022-07-13 19:53:43.874  INFO 38018 --- [    Test worker] .b.t.c.SpringBootTestContextBootstrapper : Neither @ContextConfiguration nor @ContextHierarchy found for test class [com.globantx.cardinalevaluator.CucumberSpringConfiguration], using SpringBootContextLoader
2022-07-13 19:53:43.875  INFO 38018 --- [    Test worker] o.s.t.c.support.AbstractContextLoader    : Could not detect default resource locations for test class [com.globantx.cardinalevaluator.CucumberSpringConfiguration]: no resource found for suffixes {-context.xml, Context.groovy}.
2022-07-13 19:53:43.875  INFO 38018 --- [    Test worker] .b.t.c.SpringBootTestContextBootstrapper : Loaded default TestExecutionListener class names from location [META-INF/spring.factories]: [org.springframework.boot.test.autoconfigure.restdocs.RestDocsTestExecutionListener, org.springframework.boot.test.autoconfigure.web.client.MockRestServiceServerResetTestExecutionListener, org.springframework.boot.test.autoconfigure.web.servlet.MockMvcPrintOnlyOnFailureTestExecutionListener, org.springframework.boot.test.autoconfigure.web.servlet.WebDriverTestExecutionListener, org.springframework.boot.test.autoconfigure.webservices.client.MockWebServiceServerTestExecutionListener, org.springframework.boot.test.mock.mockito.MockitoTestExecutionListener, org.springframework.boot.test.mock.mockito.ResetMocksTestExecutionListener, org.springframework.test.context.web.ServletTestExecutionListener, org.springframework.test.context.support.DirtiesContextBeforeModesTestExecutionListener, org.springframework.test.context.event.ApplicationEventsTestExecutionListener, org.springframework.test.context.support.DependencyInjectionTestExecutionListener, org.springframework.test.context.support.DirtiesContextTestExecutionListener, org.springframework.test.context.transaction.TransactionalTestExecutionListener, org.springframework.test.context.jdbc.SqlScriptsTestExecutionListener, org.springframework.test.context.event.EventPublishingTestExecutionListener]
2022-07-13 19:53:43.875  INFO 38018 --- [    Test worker] .b.t.c.SpringBootTestContextBootstrapper : Using TestExecutionListeners: [org.springframework.test.context.web.ServletTestExecutionListener@310bf0ed, org.springframework.test.context.support.DirtiesContextBeforeModesTestExecutionListener@6be7c9d9, org.springframework.test.context.event.ApplicationEventsTestExecutionListener@2f4d33b6, org.springframework.boot.test.mock.mockito.MockitoTestExecutionListener@6e84c052, org.springframework.boot.test.autoconfigure.SpringBootDependencyInjectionTestExecutionListener@66c9f7, org.springframework.test.context.support.DirtiesContextTestExecutionListener@551a7123, org.springframework.test.context.event.EventPublishingTestExecutionListener@138c28b5, org.springframework.boot.test.autoconfigure.restdocs.RestDocsTestExecutionListener@5bc2fcc6, org.springframework.boot.test.autoconfigure.web.client.MockRestServiceServerResetTestExecutionListener@6d5dbf38, org.springframework.boot.test.autoconfigure.web.servlet.MockMvcPrintOnlyOnFailureTestExecutionListener@6b4848d9, org.springframework.boot.test.autoconfigure.web.servlet.WebDriverTestExecutionListener@19f31c85, org.springframework.boot.test.autoconfigure.webservices.client.MockWebServiceServerTestExecutionListener@551be7b1, org.springframework.boot.test.mock.mockito.ResetMocksTestExecutionListener@553f3655]
2022-07-13 19:53:43.877  INFO 38018 --- [    Test worker] .b.t.c.SpringBootTestContextBootstrapper : Neither @ContextConfiguration nor @ContextHierarchy found for test class [com.globantx.cardinalevaluator.CucumberSpringConfiguration], using SpringBootContextLoader
2022-07-13 19:53:43.877  INFO 38018 --- [    Test worker] o.s.t.c.support.AbstractContextLoader    : Could not detect default resource locations for test class [com.globantx.cardinalevaluator.CucumberSpringConfiguration]: no resource found for suffixes {-context.xml, Context.groovy}.
2022-07-13 19:53:43.877  INFO 38018 --- [    Test worker] .b.t.c.SpringBootTestContextBootstrapper : Loaded default TestExecutionListener class names from location [META-INF/spring.factories]: [org.springframework.boot.test.autoconfigure.restdocs.RestDocsTestExecutionListener, org.springframework.boot.test.autoconfigure.web.client.MockRestServiceServerResetTestExecutionListener, org.springframework.boot.test.autoconfigure.web.servlet.MockMvcPrintOnlyOnFailureTestExecutionListener, org.springframework.boot.test.autoconfigure.web.servlet.WebDriverTestExecutionListener, org.springframework.boot.test.autoconfigure.webservices.client.MockWebServiceServerTestExecutionListener, org.springframework.boot.test.mock.mockito.MockitoTestExecutionListener, org.springframework.boot.test.mock.mockito.ResetMocksTestExecutionListener, org.springframework.test.context.web.ServletTestExecutionListener, org.springframework.test.context.support.DirtiesContextBeforeModesTestExecutionListener, org.springframework.test.context.event.ApplicationEventsTestExecutionListener, org.springframework.test.context.support.DependencyInjectionTestExecutionListener, org.springframework.test.context.support.DirtiesContextTestExecutionListener, org.springframework.test.context.transaction.TransactionalTestExecutionListener, org.springframework.test.context.jdbc.SqlScriptsTestExecutionListener, org.springframework.test.context.event.EventPublishingTestExecutionListener]
2022-07-13 19:53:43.878  INFO 38018 --- [    Test worker] .b.t.c.SpringBootTestContextBootstrapper : Using TestExecutionListeners: [org.springframework.test.context.web.ServletTestExecutionListener@7c98a2ab, org.springframework.test.context.support.DirtiesContextBeforeModesTestExecutionListener@7d8e8e89, org.springframework.test.context.event.ApplicationEventsTestExecutionListener@7722c8e6, org.springframework.boot.test.mock.mockito.MockitoTestExecutionListener@5b83c5c9, org.springframework.boot.test.autoconfigure.SpringBootDependencyInjectionTestExecutionListener@62b7a9e8, org.springframework.test.context.support.DirtiesContextTestExecutionListener@6b4499f1, org.springframework.test.context.event.EventPublishingTestExecutionListener@ac00987, org.springframework.boot.test.autoconfigure.restdocs.RestDocsTestExecutionListener@4fa8389b, org.springframework.boot.test.autoconfigure.web.client.MockRestServiceServerResetTestExecutionListener@108f206f, org.springframework.boot.test.autoconfigure.web.servlet.MockMvcPrintOnlyOnFailureTestExecutionListener@5f4ba89e, org.springframework.boot.test.autoconfigure.web.servlet.WebDriverTestExecutionListener@554d0ec1, org.springframework.boot.test.autoconfigure.webservices.client.MockWebServiceServerTestExecutionListener@5b2f8813, org.springframework.boot.test.mock.mockito.ResetMocksTestExecutionListener@324a5741]
2022-07-13 19:53:43.879  INFO 38018 --- [    Test worker] .b.t.c.SpringBootTestContextBootstrapper : Neither @ContextConfiguration nor @ContextHierarchy found for test class [com.globantx.cardinalevaluator.CucumberSpringConfiguration], using SpringBootContextLoader
2022-07-13 19:53:43.879  INFO 38018 --- [    Test worker] o.s.t.c.support.AbstractContextLoader    : Could not detect default resource locations for test class [com.globantx.cardinalevaluator.CucumberSpringConfiguration]: no resource found for suffixes {-context.xml, Context.groovy}.
2022-07-13 19:53:43.880  INFO 38018 --- [    Test worker] .b.t.c.SpringBootTestContextBootstrapper : Loaded default TestExecutionListener class names from location [META-INF/spring.factories]: [org.springframework.boot.test.autoconfigure.restdocs.RestDocsTestExecutionListener, org.springframework.boot.test.autoconfigure.web.client.MockRestServiceServerResetTestExecutionListener, org.springframework.boot.test.autoconfigure.web.servlet.MockMvcPrintOnlyOnFailureTestExecutionListener, org.springframework.boot.test.autoconfigure.web.servlet.WebDriverTestExecutionListener, org.springframework.boot.test.autoconfigure.webservices.client.MockWebServiceServerTestExecutionListener, org.springframework.boot.test.mock.mockito.MockitoTestExecutionListener, org.springframework.boot.test.mock.mockito.ResetMocksTestExecutionListener, org.springframework.test.context.web.ServletTestExecutionListener, org.springframework.test.context.support.DirtiesContextBeforeModesTestExecutionListener, org.springframework.test.context.event.ApplicationEventsTestExecutionListener, org.springframework.test.context.support.DependencyInjectionTestExecutionListener, org.springframework.test.context.support.DirtiesContextTestExecutionListener, org.springframework.test.context.transaction.TransactionalTestExecutionListener, org.springframework.test.context.jdbc.SqlScriptsTestExecutionListener, org.springframework.test.context.event.EventPublishingTestExecutionListener]
2022-07-13 19:53:43.880  INFO 38018 --- [    Test worker] .b.t.c.SpringBootTestContextBootstrapper : Using TestExecutionListeners: [org.springframework.test.context.web.ServletTestExecutionListener@30c716ce, org.springframework.test.context.support.DirtiesContextBeforeModesTestExecutionListener@dc12d11, org.springframework.test.context.event.ApplicationEventsTestExecutionListener@2a8953aa, org.springframework.boot.test.mock.mockito.MockitoTestExecutionListener@4a99f9e5, org.springframework.boot.test.autoconfigure.SpringBootDependencyInjectionTestExecutionListener@42e0f71e, org.springframework.test.context.support.DirtiesContextTestExecutionListener@464de3f6, org.springframework.test.context.event.EventPublishingTestExecutionListener@2639ec96, org.springframework.boot.test.autoconfigure.restdocs.RestDocsTestExecutionListener@236a7f65, org.springframework.boot.test.autoconfigure.web.client.MockRestServiceServerResetTestExecutionListener@66f73411, org.springframework.boot.test.autoconfigure.web.servlet.MockMvcPrintOnlyOnFailureTestExecutionListener@4f0c396a, org.springframework.boot.test.autoconfigure.web.servlet.WebDriverTestExecutionListener@26382141, org.springframework.boot.test.autoconfigure.webservices.client.MockWebServiceServerTestExecutionListener@5659f3b4, org.springframework.boot.test.mock.mockito.ResetMocksTestExecutionListener@9d112d2]
2022-07-13 19:53:43.882  INFO 38018 --- [    Test worker] .b.t.c.SpringBootTestContextBootstrapper : Neither @ContextConfiguration nor @ContextHierarchy found for test class [com.globantx.cardinalevaluator.CucumberSpringConfiguration], using SpringBootContextLoader
2022-07-13 19:53:43.882  INFO 38018 --- [    Test worker] o.s.t.c.support.AbstractContextLoader    : Could not detect default resource locations for test class [com.globantx.cardinalevaluator.CucumberSpringConfiguration]: no resource found for suffixes {-context.xml, Context.groovy}.
2022-07-13 19:53:43.883  INFO 38018 --- [    Test worker] .b.t.c.SpringBootTestContextBootstrapper : Loaded default TestExecutionListener class names from location [META-INF/spring.factories]: [org.springframework.boot.test.autoconfigure.restdocs.RestDocsTestExecutionListener, org.springframework.boot.test.autoconfigure.web.client.MockRestServiceServerResetTestExecutionListener, org.springframework.boot.test.autoconfigure.web.servlet.MockMvcPrintOnlyOnFailureTestExecutionListener, org.springframework.boot.test.autoconfigure.web.servlet.WebDriverTestExecutionListener, org.springframework.boot.test.autoconfigure.webservices.client.MockWebServiceServerTestExecutionListener, org.springframework.boot.test.mock.mockito.MockitoTestExecutionListener, org.springframework.boot.test.mock.mockito.ResetMocksTestExecutionListener, org.springframework.test.context.web.ServletTestExecutionListener, org.springframework.test.context.support.DirtiesContextBeforeModesTestExecutionListener, org.springframework.test.context.event.ApplicationEventsTestExecutionListener, org.springframework.test.context.support.DependencyInjectionTestExecutionListener, org.springframework.test.context.support.DirtiesContextTestExecutionListener, org.springframework.test.context.transaction.TransactionalTestExecutionListener, org.springframework.test.context.jdbc.SqlScriptsTestExecutionListener, org.springframework.test.context.event.EventPublishingTestExecutionListener]
2022-07-13 19:53:43.883  INFO 38018 --- [    Test worker] .b.t.c.SpringBootTestContextBootstrapper : Using TestExecutionListeners: [org.springframework.test.context.web.ServletTestExecutionListener@27b8adeb, org.springframework.test.context.support.DirtiesContextBeforeModesTestExecutionListener@40edb274, org.springframework.test.context.event.ApplicationEventsTestExecutionListener@59b02d8e, org.springframework.boot.test.mock.mockito.MockitoTestExecutionListener@58f6f3e8, org.springframework.boot.test.autoconfigure.SpringBootDependencyInjectionTestExecutionListener@3ac3cae8, org.springframework.test.context.support.DirtiesContextTestExecutionListener@1790a1d6, org.springframework.test.context.event.EventPublishingTestExecutionListener@4f1422f7, org.springframework.boot.test.autoconfigure.restdocs.RestDocsTestExecutionListener@2012f14e, org.springframework.boot.test.autoconfigure.web.client.MockRestServiceServerResetTestExecutionListener@4a2eb2e, org.springframework.boot.test.autoconfigure.web.servlet.MockMvcPrintOnlyOnFailureTestExecutionListener@16ae647d, org.springframework.boot.test.autoconfigure.web.servlet.WebDriverTestExecutionListener@7843efc5, org.springframework.boot.test.autoconfigure.webservices.client.MockWebServiceServerTestExecutionListener@4f6cf902, org.springframework.boot.test.mock.mockito.ResetMocksTestExecutionListener@5c84805a]
2022-07-13 19:53:43.885  INFO 38018 --- [    Test worker] .b.t.c.SpringBootTestContextBootstrapper : Neither @ContextConfiguration nor @ContextHierarchy found for test class [com.globantx.cardinalevaluator.CucumberSpringConfiguration], using SpringBootContextLoader
2022-07-13 19:53:43.885  INFO 38018 --- [    Test worker] o.s.t.c.support.AbstractContextLoader    : Could not detect default resource locations for test class [com.globantx.cardinalevaluator.CucumberSpringConfiguration]: no resource found for suffixes {-context.xml, Context.groovy}.
2022-07-13 19:53:43.885  INFO 38018 --- [    Test worker] .b.t.c.SpringBootTestContextBootstrapper : Loaded default TestExecutionListener class names from location [META-INF/spring.factories]: [org.springframework.boot.test.autoconfigure.restdocs.RestDocsTestExecutionListener, org.springframework.boot.test.autoconfigure.web.client.MockRestServiceServerResetTestExecutionListener, org.springframework.boot.test.autoconfigure.web.servlet.MockMvcPrintOnlyOnFailureTestExecutionListener, org.springframework.boot.test.autoconfigure.web.servlet.WebDriverTestExecutionListener, org.springframework.boot.test.autoconfigure.webservices.client.MockWebServiceServerTestExecutionListener, org.springframework.boot.test.mock.mockito.MockitoTestExecutionListener, org.springframework.boot.test.mock.mockito.ResetMocksTestExecutionListener, org.springframework.test.context.web.ServletTestExecutionListener, org.springframework.test.context.support.DirtiesContextBeforeModesTestExecutionListener, org.springframework.test.context.event.ApplicationEventsTestExecutionListener, org.springframework.test.context.support.DependencyInjectionTestExecutionListener, org.springframework.test.context.support.DirtiesContextTestExecutionListener, org.springframework.test.context.transaction.TransactionalTestExecutionListener, org.springframework.test.context.jdbc.SqlScriptsTestExecutionListener, org.springframework.test.context.event.EventPublishingTestExecutionListener]
2022-07-13 19:53:43.886  INFO 38018 --- [    Test worker] .b.t.c.SpringBootTestContextBootstrapper : Using TestExecutionListeners: [org.springframework.test.context.web.ServletTestExecutionListener@39ec9a3b, org.springframework.test.context.support.DirtiesContextBeforeModesTestExecutionListener@5eb66704, org.springframework.test.context.event.ApplicationEventsTestExecutionListener@76ba2139, org.springframework.boot.test.mock.mockito.MockitoTestExecutionListener@ec4e9e4, org.springframework.boot.test.autoconfigure.SpringBootDependencyInjectionTestExecutionListener@53a49745, org.springframework.test.context.support.DirtiesContextTestExecutionListener@3ec75472, org.springframework.test.context.event.EventPublishingTestExecutionListener@1953197a, org.springframework.boot.test.autoconfigure.restdocs.RestDocsTestExecutionListener@30f1487d, org.springframework.boot.test.autoconfigure.web.client.MockRestServiceServerResetTestExecutionListener@4798ff99, org.springframework.boot.test.autoconfigure.web.servlet.MockMvcPrintOnlyOnFailureTestExecutionListener@437847dc, org.springframework.boot.test.autoconfigure.web.servlet.WebDriverTestExecutionListener@42e11e00, org.springframework.boot.test.autoconfigure.webservices.client.MockWebServiceServerTestExecutionListener@78690481, org.springframework.boot.test.mock.mockito.ResetMocksTestExecutionListener@780d5822]
2022-07-13 19:53:43.887  INFO 38018 --- [    Test worker] .b.t.c.SpringBootTestContextBootstrapper : Neither @ContextConfiguration nor @ContextHierarchy found for test class [com.globantx.cardinalevaluator.CucumberSpringConfiguration], using SpringBootContextLoader
2022-07-13 19:53:43.887  INFO 38018 --- [    Test worker] o.s.t.c.support.AbstractContextLoader    : Could not detect default resource locations for test class [com.globantx.cardinalevaluator.CucumberSpringConfiguration]: no resource found for suffixes {-context.xml, Context.groovy}.
2022-07-13 19:53:43.888  INFO 38018 --- [    Test worker] .b.t.c.SpringBootTestContextBootstrapper : Loaded default TestExecutionListener class names from location [META-INF/spring.factories]: [org.springframework.boot.test.autoconfigure.restdocs.RestDocsTestExecutionListener, org.springframework.boot.test.autoconfigure.web.client.MockRestServiceServerResetTestExecutionListener, org.springframework.boot.test.autoconfigure.web.servlet.MockMvcPrintOnlyOnFailureTestExecutionListener, org.springframework.boot.test.autoconfigure.web.servlet.WebDriverTestExecutionListener, org.springframework.boot.test.autoconfigure.webservices.client.MockWebServiceServerTestExecutionListener, org.springframework.boot.test.mock.mockito.MockitoTestExecutionListener, org.springframework.boot.test.mock.mockito.ResetMocksTestExecutionListener, org.springframework.test.context.web.ServletTestExecutionListener, org.springframework.test.context.support.DirtiesContextBeforeModesTestExecutionListener, org.springframework.test.context.event.ApplicationEventsTestExecutionListener, org.springframework.test.context.support.DependencyInjectionTestExecutionListener, org.springframework.test.context.support.DirtiesContextTestExecutionListener, org.springframework.test.context.transaction.TransactionalTestExecutionListener, org.springframework.test.context.jdbc.SqlScriptsTestExecutionListener, org.springframework.test.context.event.EventPublishingTestExecutionListener]
2022-07-13 19:53:43.888  INFO 38018 --- [    Test worker] .b.t.c.SpringBootTestContextBootstrapper : Using TestExecutionListeners: [org.springframework.test.context.web.ServletTestExecutionListener@79cab658, org.springframework.test.context.support.DirtiesContextBeforeModesTestExecutionListener@3391a67f, org.springframework.test.context.event.ApplicationEventsTestExecutionListener@3ecf180, org.springframework.boot.test.mock.mockito.MockitoTestExecutionListener@11326597, org.springframework.boot.test.autoconfigure.SpringBootDependencyInjectionTestExecutionListener@3de6799f, org.springframework.test.context.support.DirtiesContextTestExecutionListener@37a8202, org.springframework.test.context.event.EventPublishingTestExecutionListener@67fe131c, org.springframework.boot.test.autoconfigure.restdocs.RestDocsTestExecutionListener@65e2cca9, org.springframework.boot.test.autoconfigure.web.client.MockRestServiceServerResetTestExecutionListener@6bc67b0b, org.springframework.boot.test.autoconfigure.web.servlet.MockMvcPrintOnlyOnFailureTestExecutionListener@3c7b9ee3, org.springframework.boot.test.autoconfigure.web.servlet.WebDriverTestExecutionListener@2b0a0c83, org.springframework.boot.test.autoconfigure.webservices.client.MockWebServiceServerTestExecutionListener@587e0acf, org.springframework.boot.test.mock.mockito.ResetMocksTestExecutionListener@b82ce8]
2022-07-13 19:53:43.890  INFO 38018 --- [    Test worker] .b.t.c.SpringBootTestContextBootstrapper : Neither @ContextConfiguration nor @ContextHierarchy found for test class [com.globantx.cardinalevaluator.CucumberSpringConfiguration], using SpringBootContextLoader
2022-07-13 19:53:43.890  INFO 38018 --- [    Test worker] o.s.t.c.support.AbstractContextLoader    : Could not detect default resource locations for test class [com.globantx.cardinalevaluator.CucumberSpringConfiguration]: no resource found for suffixes {-context.xml, Context.groovy}.
2022-07-13 19:53:43.890  INFO 38018 --- [    Test worker] .b.t.c.SpringBootTestContextBootstrapper : Loaded default TestExecutionListener class names from location [META-INF/spring.factories]: [org.springframework.boot.test.autoconfigure.restdocs.RestDocsTestExecutionListener, org.springframework.boot.test.autoconfigure.web.client.MockRestServiceServerResetTestExecutionListener, org.springframework.boot.test.autoconfigure.web.servlet.MockMvcPrintOnlyOnFailureTestExecutionListener, org.springframework.boot.test.autoconfigure.web.servlet.WebDriverTestExecutionListener, org.springframework.boot.test.autoconfigure.webservices.client.MockWebServiceServerTestExecutionListener, org.springframework.boot.test.mock.mockito.MockitoTestExecutionListener, org.springframework.boot.test.mock.mockito.ResetMocksTestExecutionListener, org.springframework.test.context.web.ServletTestExecutionListener, org.springframework.test.context.support.DirtiesContextBeforeModesTestExecutionListener, org.springframework.test.context.event.ApplicationEventsTestExecutionListener, org.springframework.test.context.support.DependencyInjectionTestExecutionListener, org.springframework.test.context.support.DirtiesContextTestExecutionListener, org.springframework.test.context.transaction.TransactionalTestExecutionListener, org.springframework.test.context.jdbc.SqlScriptsTestExecutionListener, org.springframework.test.context.event.EventPublishingTestExecutionListener]
2022-07-13 19:53:43.890  INFO 38018 --- [    Test worker] .b.t.c.SpringBootTestContextBootstrapper : Using TestExecutionListeners: [org.springframework.test.context.web.ServletTestExecutionListener@60d4269a, org.springframework.test.context.support.DirtiesContextBeforeModesTestExecutionListener@1bc14017, org.springframework.test.context.event.ApplicationEventsTestExecutionListener@33c109d2, org.springframework.boot.test.mock.mockito.MockitoTestExecutionListener@72dfac2e, org.springframework.boot.test.autoconfigure.SpringBootDependencyInjectionTestExecutionListener@337eb419, org.springframework.test.context.support.DirtiesContextTestExecutionListener@222e8b99, org.springframework.test.context.event.EventPublishingTestExecutionListener@191a8997, org.springframework.boot.test.autoconfigure.restdocs.RestDocsTestExecutionListener@162be846, org.springframework.boot.test.autoconfigure.web.client.MockRestServiceServerResetTestExecutionListener@503358e6, org.springframework.boot.test.autoconfigure.web.servlet.MockMvcPrintOnlyOnFailureTestExecutionListener@697633a, org.springframework.boot.test.autoconfigure.web.servlet.WebDriverTestExecutionListener@4b0c144e, org.springframework.boot.test.autoconfigure.webservices.client.MockWebServiceServerTestExecutionListener@2acacb1, org.springframework.boot.test.mock.mockito.ResetMocksTestExecutionListener@4892206a]
2022-07-13 19:53:43.892  INFO 38018 --- [    Test worker] .b.t.c.SpringBootTestContextBootstrapper : Neither @ContextConfiguration nor @ContextHierarchy found for test class [com.globantx.cardinalevaluator.CucumberSpringConfiguration], using SpringBootContextLoader
2022-07-13 19:53:43.892  INFO 38018 --- [    Test worker] o.s.t.c.support.AbstractContextLoader    : Could not detect default resource locations for test class [com.globantx.cardinalevaluator.CucumberSpringConfiguration]: no resource found for suffixes {-context.xml, Context.groovy}.
2022-07-13 19:53:43.893  INFO 38018 --- [    Test worker] .b.t.c.SpringBootTestContextBootstrapper : Loaded default TestExecutionListener class names from location [META-INF/spring.factories]: [org.springframework.boot.test.autoconfigure.restdocs.RestDocsTestExecutionListener, org.springframework.boot.test.autoconfigure.web.client.MockRestServiceServerResetTestExecutionListener, org.springframework.boot.test.autoconfigure.web.servlet.MockMvcPrintOnlyOnFailureTestExecutionListener, org.springframework.boot.test.autoconfigure.web.servlet.WebDriverTestExecutionListener, org.springframework.boot.test.autoconfigure.webservices.client.MockWebServiceServerTestExecutionListener, org.springframework.boot.test.mock.mockito.MockitoTestExecutionListener, org.springframework.boot.test.mock.mockito.ResetMocksTestExecutionListener, org.springframework.test.context.web.ServletTestExecutionListener, org.springframework.test.context.support.DirtiesContextBeforeModesTestExecutionListener, org.springframework.test.context.event.ApplicationEventsTestExecutionListener, org.springframework.test.context.support.DependencyInjectionTestExecutionListener, org.springframework.test.context.support.DirtiesContextTestExecutionListener, org.springframework.test.context.transaction.TransactionalTestExecutionListener, org.springframework.test.context.jdbc.SqlScriptsTestExecutionListener, org.springframework.test.context.event.EventPublishingTestExecutionListener]
2022-07-13 19:53:43.893  INFO 38018 --- [    Test worker] .b.t.c.SpringBootTestContextBootstrapper : Using TestExecutionListeners: [org.springframework.test.context.web.ServletTestExecutionListener@752114f1, org.springframework.test.context.support.DirtiesContextBeforeModesTestExecutionListener@5ea4d07f, org.springframework.test.context.event.ApplicationEventsTestExecutionListener@398a363e, org.springframework.boot.test.mock.mockito.MockitoTestExecutionListener@60c2c015, org.springframework.boot.test.autoconfigure.SpringBootDependencyInjectionTestExecutionListener@1d39d660, org.springframework.test.context.support.DirtiesContextTestExecutionListener@6566da90, org.springframework.test.context.event.EventPublishingTestExecutionListener@db52bc4, org.springframework.boot.test.autoconfigure.restdocs.RestDocsTestExecutionListener@7b01900f, org.springframework.boot.test.autoconfigure.web.client.MockRestServiceServerResetTestExecutionListener@2858d3d9, org.springframework.boot.test.autoconfigure.web.servlet.MockMvcPrintOnlyOnFailureTestExecutionListener@7bb93e18, org.springframework.boot.test.autoconfigure.web.servlet.WebDriverTestExecutionListener@5f76d1a0, org.springframework.boot.test.autoconfigure.webservices.client.MockWebServiceServerTestExecutionListener@2800b3a9, org.springframework.boot.test.mock.mockito.ResetMocksTestExecutionListener@46287b6b]
2022-07-13 19:53:43.895  INFO 38018 --- [    Test worker] .b.t.c.SpringBootTestContextBootstrapper : Neither @ContextConfiguration nor @ContextHierarchy found for test class [com.globantx.cardinalevaluator.CucumberSpringConfiguration], using SpringBootContextLoader
2022-07-13 19:53:43.895  INFO 38018 --- [    Test worker] o.s.t.c.support.AbstractContextLoader    : Could not detect default resource locations for test class [com.globantx.cardinalevaluator.CucumberSpringConfiguration]: no resource found for suffixes {-context.xml, Context.groovy}.
2022-07-13 19:53:43.896  INFO 38018 --- [    Test worker] .b.t.c.SpringBootTestContextBootstrapper : Loaded default TestExecutionListener class names from location [META-INF/spring.factories]: [org.springframework.boot.test.autoconfigure.restdocs.RestDocsTestExecutionListener, org.springframework.boot.test.autoconfigure.web.client.MockRestServiceServerResetTestExecutionListener, org.springframework.boot.test.autoconfigure.web.servlet.MockMvcPrintOnlyOnFailureTestExecutionListener, org.springframework.boot.test.autoconfigure.web.servlet.WebDriverTestExecutionListener, org.springframework.boot.test.autoconfigure.webservices.client.MockWebServiceServerTestExecutionListener, org.springframework.boot.test.mock.mockito.MockitoTestExecutionListener, org.springframework.boot.test.mock.mockito.ResetMocksTestExecutionListener, org.springframework.test.context.web.ServletTestExecutionListener, org.springframework.test.context.support.DirtiesContextBeforeModesTestExecutionListener, org.springframework.test.context.event.ApplicationEventsTestExecutionListener, org.springframework.test.context.support.DependencyInjectionTestExecutionListener, org.springframework.test.context.support.DirtiesContextTestExecutionListener, org.springframework.test.context.transaction.TransactionalTestExecutionListener, org.springframework.test.context.jdbc.SqlScriptsTestExecutionListener, org.springframework.test.context.event.EventPublishingTestExecutionListener]
2022-07-13 19:53:43.896  INFO 38018 --- [    Test worker] .b.t.c.SpringBootTestContextBootstrapper : Using TestExecutionListeners: [org.springframework.test.context.web.ServletTestExecutionListener@74d3c448, org.springframework.test.context.support.DirtiesContextBeforeModesTestExecutionListener@1dc1f0a3, org.springframework.test.context.event.ApplicationEventsTestExecutionListener@30f19549, org.springframework.boot.test.mock.mockito.MockitoTestExecutionListener@3507531f, org.springframework.boot.test.autoconfigure.SpringBootDependencyInjectionTestExecutionListener@5f9c3073, org.springframework.test.context.support.DirtiesContextTestExecutionListener@4dca87cb, org.springframework.test.context.event.EventPublishingTestExecutionListener@71ad18e6, org.springframework.boot.test.autoconfigure.restdocs.RestDocsTestExecutionListener@7ebd3267, org.springframework.boot.test.autoconfigure.web.client.MockRestServiceServerResetTestExecutionListener@409c8a6b, org.springframework.boot.test.autoconfigure.web.servlet.MockMvcPrintOnlyOnFailureTestExecutionListener@59f1a96c, org.springframework.boot.test.autoconfigure.web.servlet.WebDriverTestExecutionListener@4002f09c, org.springframework.boot.test.autoconfigure.webservices.client.MockWebServiceServerTestExecutionListener@57bbdcf1, org.springframework.boot.test.mock.mockito.ResetMocksTestExecutionListener@73d0dbbf]
2022-07-13 19:53:43.898  INFO 38018 --- [    Test worker] .b.t.c.SpringBootTestContextBootstrapper : Neither @ContextConfiguration nor @ContextHierarchy found for test class [com.globantx.cardinalevaluator.CucumberSpringConfiguration], using SpringBootContextLoader
2022-07-13 19:53:43.898  INFO 38018 --- [    Test worker] o.s.t.c.support.AbstractContextLoader    : Could not detect default resource locations for test class [com.globantx.cardinalevaluator.CucumberSpringConfiguration]: no resource found for suffixes {-context.xml, Context.groovy}.
2022-07-13 19:53:43.899  INFO 38018 --- [    Test worker] .b.t.c.SpringBootTestContextBootstrapper : Loaded default TestExecutionListener class names from location [META-INF/spring.factories]: [org.springframework.boot.test.autoconfigure.restdocs.RestDocsTestExecutionListener, org.springframework.boot.test.autoconfigure.web.client.MockRestServiceServerResetTestExecutionListener, org.springframework.boot.test.autoconfigure.web.servlet.MockMvcPrintOnlyOnFailureTestExecutionListener, org.springframework.boot.test.autoconfigure.web.servlet.WebDriverTestExecutionListener, org.springframework.boot.test.autoconfigure.webservices.client.MockWebServiceServerTestExecutionListener, org.springframework.boot.test.mock.mockito.MockitoTestExecutionListener, org.springframework.boot.test.mock.mockito.ResetMocksTestExecutionListener, org.springframework.test.context.web.ServletTestExecutionListener, org.springframework.test.context.support.DirtiesContextBeforeModesTestExecutionListener, org.springframework.test.context.event.ApplicationEventsTestExecutionListener, org.springframework.test.context.support.DependencyInjectionTestExecutionListener, org.springframework.test.context.support.DirtiesContextTestExecutionListener, org.springframework.test.context.transaction.TransactionalTestExecutionListener, org.springframework.test.context.jdbc.SqlScriptsTestExecutionListener, org.springframework.test.context.event.EventPublishingTestExecutionListener]
2022-07-13 19:53:43.899  INFO 38018 --- [    Test worker] .b.t.c.SpringBootTestContextBootstrapper : Using TestExecutionListeners: [org.springframework.test.context.web.ServletTestExecutionListener@273ea660, org.springframework.test.context.support.DirtiesContextBeforeModesTestExecutionListener@70ef340b, org.springframework.test.context.event.ApplicationEventsTestExecutionListener@79ba32b3, org.springframework.boot.test.mock.mockito.MockitoTestExecutionListener@c421318, org.springframework.boot.test.autoconfigure.SpringBootDependencyInjectionTestExecutionListener@5e9da956, org.springframework.test.context.support.DirtiesContextTestExecutionListener@57db81e2, org.springframework.test.context.event.EventPublishingTestExecutionListener@7f5c0e00, org.springframework.boot.test.autoconfigure.restdocs.RestDocsTestExecutionListener@631a1820, org.springframework.boot.test.autoconfigure.web.client.MockRestServiceServerResetTestExecutionListener@507eda0c, org.springframework.boot.test.autoconfigure.web.servlet.MockMvcPrintOnlyOnFailureTestExecutionListener@5b218570, org.springframework.boot.test.autoconfigure.web.servlet.WebDriverTestExecutionListener@4412ac1a, org.springframework.boot.test.autoconfigure.webservices.client.MockWebServiceServerTestExecutionListener@777a67a0, org.springframework.boot.test.mock.mockito.ResetMocksTestExecutionListener@51f26df9]
2022-07-13 19:53:43.901  INFO 38018 --- [    Test worker] .b.t.c.SpringBootTestContextBootstrapper : Neither @ContextConfiguration nor @ContextHierarchy found for test class [com.globantx.cardinalevaluator.CucumberSpringConfiguration], using SpringBootContextLoader
2022-07-13 19:53:43.901  INFO 38018 --- [    Test worker] o.s.t.c.support.AbstractContextLoader    : Could not detect default resource locations for test class [com.globantx.cardinalevaluator.CucumberSpringConfiguration]: no resource found for suffixes {-context.xml, Context.groovy}.
2022-07-13 19:53:43.902  INFO 38018 --- [    Test worker] .b.t.c.SpringBootTestContextBootstrapper : Loaded default TestExecutionListener class names from location [META-INF/spring.factories]: [org.springframework.boot.test.autoconfigure.restdocs.RestDocsTestExecutionListener, org.springframework.boot.test.autoconfigure.web.client.MockRestServiceServerResetTestExecutionListener, org.springframework.boot.test.autoconfigure.web.servlet.MockMvcPrintOnlyOnFailureTestExecutionListener, org.springframework.boot.test.autoconfigure.web.servlet.WebDriverTestExecutionListener, org.springframework.boot.test.autoconfigure.webservices.client.MockWebServiceServerTestExecutionListener, org.springframework.boot.test.mock.mockito.MockitoTestExecutionListener, org.springframework.boot.test.mock.mockito.ResetMocksTestExecutionListener, org.springframework.test.context.web.ServletTestExecutionListener, org.springframework.test.context.support.DirtiesContextBeforeModesTestExecutionListener, org.springframework.test.context.event.ApplicationEventsTestExecutionListener, org.springframework.test.context.support.DependencyInjectionTestExecutionListener, org.springframework.test.context.support.DirtiesContextTestExecutionListener, org.springframework.test.context.transaction.TransactionalTestExecutionListener, org.springframework.test.context.jdbc.SqlScriptsTestExecutionListener, org.springframework.test.context.event.EventPublishingTestExecutionListener]
2022-07-13 19:53:43.902  INFO 38018 --- [    Test worker] .b.t.c.SpringBootTestContextBootstrapper : Using TestExecutionListeners: [org.springframework.test.context.web.ServletTestExecutionListener@6af78b2, org.springframework.test.context.support.DirtiesContextBeforeModesTestExecutionListener@570c6601, org.springframework.test.context.event.ApplicationEventsTestExecutionListener@736f4c27, org.springframework.boot.test.mock.mockito.MockitoTestExecutionListener@31b07a16, org.springframework.boot.test.autoconfigure.SpringBootDependencyInjectionTestExecutionListener@4c27fe7a, org.springframework.test.context.support.DirtiesContextTestExecutionListener@782fb591, org.springframework.test.context.event.EventPublishingTestExecutionListener@7128d0c7, org.springframework.boot.test.autoconfigure.restdocs.RestDocsTestExecutionListener@43fa643e, org.springframework.boot.test.autoconfigure.web.client.MockRestServiceServerResetTestExecutionListener@30dd9615, org.springframework.boot.test.autoconfigure.web.servlet.MockMvcPrintOnlyOnFailureTestExecutionListener@35db3ea2, org.springframework.boot.test.autoconfigure.web.servlet.WebDriverTestExecutionListener@2c27e36, org.springframework.boot.test.autoconfigure.webservices.client.MockWebServiceServerTestExecutionListener@128921c4, org.springframework.boot.test.mock.mockito.ResetMocksTestExecutionListener@4eb870be]
2022-07-13 19:53:43.904  INFO 38018 --- [    Test worker] .b.t.c.SpringBootTestContextBootstrapper : Neither @ContextConfiguration nor @ContextHierarchy found for test class [com.globantx.cardinalevaluator.CucumberSpringConfiguration], using SpringBootContextLoader
2022-07-13 19:53:43.904  INFO 38018 --- [    Test worker] o.s.t.c.support.AbstractContextLoader    : Could not detect default resource locations for test class [com.globantx.cardinalevaluator.CucumberSpringConfiguration]: no resource found for suffixes {-context.xml, Context.groovy}.
2022-07-13 19:53:43.905  INFO 38018 --- [    Test worker] .b.t.c.SpringBootTestContextBootstrapper : Loaded default TestExecutionListener class names from location [META-INF/spring.factories]: [org.springframework.boot.test.autoconfigure.restdocs.RestDocsTestExecutionListener, org.springframework.boot.test.autoconfigure.web.client.MockRestServiceServerResetTestExecutionListener, org.springframework.boot.test.autoconfigure.web.servlet.MockMvcPrintOnlyOnFailureTestExecutionListener, org.springframework.boot.test.autoconfigure.web.servlet.WebDriverTestExecutionListener, org.springframework.boot.test.autoconfigure.webservices.client.MockWebServiceServerTestExecutionListener, org.springframework.boot.test.mock.mockito.MockitoTestExecutionListener, org.springframework.boot.test.mock.mockito.ResetMocksTestExecutionListener, org.springframework.test.context.web.ServletTestExecutionListener, org.springframework.test.context.support.DirtiesContextBeforeModesTestExecutionListener, org.springframework.test.context.event.ApplicationEventsTestExecutionListener, org.springframework.test.context.support.DependencyInjectionTestExecutionListener, org.springframework.test.context.support.DirtiesContextTestExecutionListener, org.springframework.test.context.transaction.TransactionalTestExecutionListener, org.springframework.test.context.jdbc.SqlScriptsTestExecutionListener, org.springframework.test.context.event.EventPublishingTestExecutionListener]
2022-07-13 19:53:43.905  INFO 38018 --- [    Test worker] .b.t.c.SpringBootTestContextBootstrapper : Using TestExecutionListeners: [org.springframework.test.context.web.ServletTestExecutionListener@227a79e5, org.springframework.test.context.support.DirtiesContextBeforeModesTestExecutionListener@33d89052, org.springframework.test.context.event.ApplicationEventsTestExecutionListener@680410ec, org.springframework.boot.test.mock.mockito.MockitoTestExecutionListener@65b4a0d2, org.springframework.boot.test.autoconfigure.SpringBootDependencyInjectionTestExecutionListener@147058d0, org.springframework.test.context.support.DirtiesContextTestExecutionListener@63dd100c, org.springframework.test.context.event.EventPublishingTestExecutionListener@2b16efeb, org.springframework.boot.test.autoconfigure.restdocs.RestDocsTestExecutionListener@6be4686b, org.springframework.boot.test.autoconfigure.web.client.MockRestServiceServerResetTestExecutionListener@7d440b1f, org.springframework.boot.test.autoconfigure.web.servlet.MockMvcPrintOnlyOnFailureTestExecutionListener@769229cb, org.springframework.boot.test.autoconfigure.web.servlet.WebDriverTestExecutionListener@6a67e945, org.springframework.boot.test.autoconfigure.webservices.client.MockWebServiceServerTestExecutionListener@22887352, org.springframework.boot.test.mock.mockito.ResetMocksTestExecutionListener@7fc998ef]
2022-07-13 19:53:43.907  INFO 38018 --- [    Test worker] .b.t.c.SpringBootTestContextBootstrapper : Neither @ContextConfiguration nor @ContextHierarchy found for test class [com.globantx.cardinalevaluator.CucumberSpringConfiguration], using SpringBootContextLoader
2022-07-13 19:53:43.907  INFO 38018 --- [    Test worker] o.s.t.c.support.AbstractContextLoader    : Could not detect default resource locations for test class [com.globantx.cardinalevaluator.CucumberSpringConfiguration]: no resource found for suffixes {-context.xml, Context.groovy}.
2022-07-13 19:53:43.908  INFO 38018 --- [    Test worker] .b.t.c.SpringBootTestContextBootstrapper : Loaded default TestExecutionListener class names from location [META-INF/spring.factories]: [org.springframework.boot.test.autoconfigure.restdocs.RestDocsTestExecutionListener, org.springframework.boot.test.autoconfigure.web.client.MockRestServiceServerResetTestExecutionListener, org.springframework.boot.test.autoconfigure.web.servlet.MockMvcPrintOnlyOnFailureTestExecutionListener, org.springframework.boot.test.autoconfigure.web.servlet.WebDriverTestExecutionListener, org.springframework.boot.test.autoconfigure.webservices.client.MockWebServiceServerTestExecutionListener, org.springframework.boot.test.mock.mockito.MockitoTestExecutionListener, org.springframework.boot.test.mock.mockito.ResetMocksTestExecutionListener, org.springframework.test.context.web.ServletTestExecutionListener, org.springframework.test.context.support.DirtiesContextBeforeModesTestExecutionListener, org.springframework.test.context.event.ApplicationEventsTestExecutionListener, org.springframework.test.context.support.DependencyInjectionTestExecutionListener, org.springframework.test.context.support.DirtiesContextTestExecutionListener, org.springframework.test.context.transaction.TransactionalTestExecutionListener, org.springframework.test.context.jdbc.SqlScriptsTestExecutionListener, org.springframework.test.context.event.EventPublishingTestExecutionListener]
2022-07-13 19:53:43.908  INFO 38018 --- [    Test worker] .b.t.c.SpringBootTestContextBootstrapper : Using TestExecutionListeners: [org.springframework.test.context.web.ServletTestExecutionListener@18723aac, org.springframework.test.context.support.DirtiesContextBeforeModesTestExecutionListener@4d0ad526, org.springframework.test.context.event.ApplicationEventsTestExecutionListener@2c792d36, org.springframework.boot.test.mock.mockito.MockitoTestExecutionListener@1f44c6b6, org.springframework.boot.test.autoconfigure.SpringBootDependencyInjectionTestExecutionListener@166a38a8, org.springframework.test.context.support.DirtiesContextTestExecutionListener@dd26ca6, org.springframework.test.context.event.EventPublishingTestExecutionListener@6827f0b7, org.springframework.boot.test.autoconfigure.restdocs.RestDocsTestExecutionListener@516ffa73, org.springframework.boot.test.autoconfigure.web.client.MockRestServiceServerResetTestExecutionListener@1607278e, org.springframework.boot.test.autoconfigure.web.servlet.MockMvcPrintOnlyOnFailureTestExecutionListener@8aedeb4, org.springframework.boot.test.autoconfigure.web.servlet.WebDriverTestExecutionListener@5f5b255e, org.springframework.boot.test.autoconfigure.webservices.client.MockWebServiceServerTestExecutionListener@71c9e0a4, org.springframework.boot.test.mock.mockito.ResetMocksTestExecutionListener@5e5d9244]
2022-07-13 19:53:43.910  INFO 38018 --- [    Test worker] .b.t.c.SpringBootTestContextBootstrapper : Neither @ContextConfiguration nor @ContextHierarchy found for test class [com.globantx.cardinalevaluator.CucumberSpringConfiguration], using SpringBootContextLoader
2022-07-13 19:53:43.910  INFO 38018 --- [    Test worker] o.s.t.c.support.AbstractContextLoader    : Could not detect default resource locations for test class [com.globantx.cardinalevaluator.CucumberSpringConfiguration]: no resource found for suffixes {-context.xml, Context.groovy}.
2022-07-13 19:53:43.910  INFO 38018 --- [    Test worker] .b.t.c.SpringBootTestContextBootstrapper : Loaded default TestExecutionListener class names from location [META-INF/spring.factories]: [org.springframework.boot.test.autoconfigure.restdocs.RestDocsTestExecutionListener, org.springframework.boot.test.autoconfigure.web.client.MockRestServiceServerResetTestExecutionListener, org.springframework.boot.test.autoconfigure.web.servlet.MockMvcPrintOnlyOnFailureTestExecutionListener, org.springframework.boot.test.autoconfigure.web.servlet.WebDriverTestExecutionListener, org.springframework.boot.test.autoconfigure.webservices.client.MockWebServiceServerTestExecutionListener, org.springframework.boot.test.mock.mockito.MockitoTestExecutionListener, org.springframework.boot.test.mock.mockito.ResetMocksTestExecutionListener, org.springframework.test.context.web.ServletTestExecutionListener, org.springframework.test.context.support.DirtiesContextBeforeModesTestExecutionListener, org.springframework.test.context.event.ApplicationEventsTestExecutionListener, org.springframework.test.context.support.DependencyInjectionTestExecutionListener, org.springframework.test.context.support.DirtiesContextTestExecutionListener, org.springframework.test.context.transaction.TransactionalTestExecutionListener, org.springframework.test.context.jdbc.SqlScriptsTestExecutionListener, org.springframework.test.context.event.EventPublishingTestExecutionListener]
2022-07-13 19:53:43.911  INFO 38018 --- [    Test worker] .b.t.c.SpringBootTestContextBootstrapper : Using TestExecutionListeners: [org.springframework.test.context.web.ServletTestExecutionListener@20f8bc45, org.springframework.test.context.support.DirtiesContextBeforeModesTestExecutionListener@268f0cd1, org.springframework.test.context.event.ApplicationEventsTestExecutionListener@18fd1464, org.springframework.boot.test.mock.mockito.MockitoTestExecutionListener@2a806a8d, org.springframework.boot.test.autoconfigure.SpringBootDependencyInjectionTestExecutionListener@4ffff10c, org.springframework.test.context.support.DirtiesContextTestExecutionListener@11c885a6, org.springframework.test.context.event.EventPublishingTestExecutionListener@6166edcf, org.springframework.boot.test.autoconfigure.restdocs.RestDocsTestExecutionListener@481b276c, org.springframework.boot.test.autoconfigure.web.client.MockRestServiceServerResetTestExecutionListener@785cc8f2, org.springframework.boot.test.autoconfigure.web.servlet.MockMvcPrintOnlyOnFailureTestExecutionListener@2dec97ea, org.springframework.boot.test.autoconfigure.web.servlet.WebDriverTestExecutionListener@7b320f0d, org.springframework.boot.test.autoconfigure.webservices.client.MockWebServiceServerTestExecutionListener@6a837740, org.springframework.boot.test.mock.mockito.ResetMocksTestExecutionListener@740639ba]
2022-07-13 19:53:43.913  INFO 38018 --- [    Test worker] .b.t.c.SpringBootTestContextBootstrapper : Neither @ContextConfiguration nor @ContextHierarchy found for test class [com.globantx.cardinalevaluator.CucumberSpringConfiguration], using SpringBootContextLoader
2022-07-13 19:53:43.913  INFO 38018 --- [    Test worker] o.s.t.c.support.AbstractContextLoader    : Could not detect default resource locations for test class [com.globantx.cardinalevaluator.CucumberSpringConfiguration]: no resource found for suffixes {-context.xml, Context.groovy}.
2022-07-13 19:53:43.914  INFO 38018 --- [    Test worker] .b.t.c.SpringBootTestContextBootstrapper : Loaded default TestExecutionListener class names from location [META-INF/spring.factories]: [org.springframework.boot.test.autoconfigure.restdocs.RestDocsTestExecutionListener, org.springframework.boot.test.autoconfigure.web.client.MockRestServiceServerResetTestExecutionListener, org.springframework.boot.test.autoconfigure.web.servlet.MockMvcPrintOnlyOnFailureTestExecutionListener, org.springframework.boot.test.autoconfigure.web.servlet.WebDriverTestExecutionListener, org.springframework.boot.test.autoconfigure.webservices.client.MockWebServiceServerTestExecutionListener, org.springframework.boot.test.mock.mockito.MockitoTestExecutionListener, org.springframework.boot.test.mock.mockito.ResetMocksTestExecutionListener, org.springframework.test.context.web.ServletTestExecutionListener, org.springframework.test.context.support.DirtiesContextBeforeModesTestExecutionListener, org.springframework.test.context.event.ApplicationEventsTestExecutionListener, org.springframework.test.context.support.DependencyInjectionTestExecutionListener, org.springframework.test.context.support.DirtiesContextTestExecutionListener, org.springframework.test.context.transaction.TransactionalTestExecutionListener, org.springframework.test.context.jdbc.SqlScriptsTestExecutionListener, org.springframework.test.context.event.EventPublishingTestExecutionListener]
2022-07-13 19:53:43.914  INFO 38018 --- [    Test worker] .b.t.c.SpringBootTestContextBootstrapper : Using TestExecutionListeners: [org.springframework.test.context.web.ServletTestExecutionListener@3d1cb317, org.springframework.test.context.support.DirtiesContextBeforeModesTestExecutionListener@563d89de, org.springframework.test.context.event.ApplicationEventsTestExecutionListener@2775dd2e, org.springframework.boot.test.mock.mockito.MockitoTestExecutionListener@627beb93, org.springframework.boot.test.autoconfigure.SpringBootDependencyInjectionTestExecutionListener@3aa768c0, org.springframework.test.context.support.DirtiesContextTestExecutionListener@ee6533, org.springframework.test.context.event.EventPublishingTestExecutionListener@97b54ad, org.springframework.boot.test.autoconfigure.restdocs.RestDocsTestExecutionListener@34e10162, org.springframework.boot.test.autoconfigure.web.client.MockRestServiceServerResetTestExecutionListener@35019e56, org.springframework.boot.test.autoconfigure.web.servlet.MockMvcPrintOnlyOnFailureTestExecutionListener@46b5b238, org.springframework.boot.test.autoconfigure.web.servlet.WebDriverTestExecutionListener@15b8487f, org.springframework.boot.test.autoconfigure.webservices.client.MockWebServiceServerTestExecutionListener@29eeb1bb, org.springframework.boot.test.mock.mockito.ResetMocksTestExecutionListener@10a479fe]
2022-07-13 19:53:43.916  INFO 38018 --- [    Test worker] .b.t.c.SpringBootTestContextBootstrapper : Neither @ContextConfiguration nor @ContextHierarchy found for test class [com.globantx.cardinalevaluator.CucumberSpringConfiguration], using SpringBootContextLoader
2022-07-13 19:53:43.916  INFO 38018 --- [    Test worker] o.s.t.c.support.AbstractContextLoader    : Could not detect default resource locations for test class [com.globantx.cardinalevaluator.CucumberSpringConfiguration]: no resource found for suffixes {-context.xml, Context.groovy}.
2022-07-13 19:53:43.917  INFO 38018 --- [    Test worker] .b.t.c.SpringBootTestContextBootstrapper : Loaded default TestExecutionListener class names from location [META-INF/spring.factories]: [org.springframework.boot.test.autoconfigure.restdocs.RestDocsTestExecutionListener, org.springframework.boot.test.autoconfigure.web.client.MockRestServiceServerResetTestExecutionListener, org.springframework.boot.test.autoconfigure.web.servlet.MockMvcPrintOnlyOnFailureTestExecutionListener, org.springframework.boot.test.autoconfigure.web.servlet.WebDriverTestExecutionListener, org.springframework.boot.test.autoconfigure.webservices.client.MockWebServiceServerTestExecutionListener, org.springframework.boot.test.mock.mockito.MockitoTestExecutionListener, org.springframework.boot.test.mock.mockito.ResetMocksTestExecutionListener, org.springframework.test.context.web.ServletTestExecutionListener, org.springframework.test.context.support.DirtiesContextBeforeModesTestExecutionListener, org.springframework.test.context.event.ApplicationEventsTestExecutionListener, org.springframework.test.context.support.DependencyInjectionTestExecutionListener, org.springframework.test.context.support.DirtiesContextTestExecutionListener, org.springframework.test.context.transaction.TransactionalTestExecutionListener, org.springframework.test.context.jdbc.SqlScriptsTestExecutionListener, org.springframework.test.context.event.EventPublishingTestExecutionListener]
2022-07-13 19:53:43.917  INFO 38018 --- [    Test worker] .b.t.c.SpringBootTestContextBootstrapper : Using TestExecutionListeners: [org.springframework.test.context.web.ServletTestExecutionListener@7beb2da0, org.springframework.test.context.support.DirtiesContextBeforeModesTestExecutionListener@2cc76912, org.springframework.test.context.event.ApplicationEventsTestExecutionListener@70787658, org.springframework.boot.test.mock.mockito.MockitoTestExecutionListener@43209a20, org.springframework.boot.test.autoconfigure.SpringBootDependencyInjectionTestExecutionListener@618439c9, org.springframework.test.context.support.DirtiesContextTestExecutionListener@769c4312, org.springframework.test.context.event.EventPublishingTestExecutionListener@45e5212f, org.springframework.boot.test.autoconfigure.restdocs.RestDocsTestExecutionListener@2534229, org.springframework.boot.test.autoconfigure.web.client.MockRestServiceServerResetTestExecutionListener@425979db, org.springframework.boot.test.autoconfigure.web.servlet.MockMvcPrintOnlyOnFailureTestExecutionListener@56c92651, org.springframework.boot.test.autoconfigure.web.servlet.WebDriverTestExecutionListener@3a4999fe, org.springframework.boot.test.autoconfigure.webservices.client.MockWebServiceServerTestExecutionListener@2293d694, org.springframework.boot.test.mock.mockito.ResetMocksTestExecutionListener@2b8df4bc]
2022-07-13 19:53:43.919  INFO 38018 --- [    Test worker] .b.t.c.SpringBootTestContextBootstrapper : Neither @ContextConfiguration nor @ContextHierarchy found for test class [com.globantx.cardinalevaluator.CucumberSpringConfiguration], using SpringBootContextLoader
2022-07-13 19:53:43.919  INFO 38018 --- [    Test worker] o.s.t.c.support.AbstractContextLoader    : Could not detect default resource locations for test class [com.globantx.cardinalevaluator.CucumberSpringConfiguration]: no resource found for suffixes {-context.xml, Context.groovy}.
2022-07-13 19:53:43.920  INFO 38018 --- [    Test worker] .b.t.c.SpringBootTestContextBootstrapper : Loaded default TestExecutionListener class names from location [META-INF/spring.factories]: [org.springframework.boot.test.autoconfigure.restdocs.RestDocsTestExecutionListener, org.springframework.boot.test.autoconfigure.web.client.MockRestServiceServerResetTestExecutionListener, org.springframework.boot.test.autoconfigure.web.servlet.MockMvcPrintOnlyOnFailureTestExecutionListener, org.springframework.boot.test.autoconfigure.web.servlet.WebDriverTestExecutionListener, org.springframework.boot.test.autoconfigure.webservices.client.MockWebServiceServerTestExecutionListener, org.springframework.boot.test.mock.mockito.MockitoTestExecutionListener, org.springframework.boot.test.mock.mockito.ResetMocksTestExecutionListener, org.springframework.test.context.web.ServletTestExecutionListener, org.springframework.test.context.support.DirtiesContextBeforeModesTestExecutionListener, org.springframework.test.context.event.ApplicationEventsTestExecutionListener, org.springframework.test.context.support.DependencyInjectionTestExecutionListener, org.springframework.test.context.support.DirtiesContextTestExecutionListener, org.springframework.test.context.transaction.TransactionalTestExecutionListener, org.springframework.test.context.jdbc.SqlScriptsTestExecutionListener, org.springframework.test.context.event.EventPublishingTestExecutionListener]
2022-07-13 19:53:43.920  INFO 38018 --- [    Test worker] .b.t.c.SpringBootTestContextBootstrapper : Using TestExecutionListeners: [org.springframework.test.context.web.ServletTestExecutionListener@3469a432, org.springframework.test.context.support.DirtiesContextBeforeModesTestExecutionListener@42994d28, org.springframework.test.context.event.ApplicationEventsTestExecutionListener@7e821499, org.springframework.boot.test.mock.mockito.MockitoTestExecutionListener@3aee27e1, org.springframework.boot.test.autoconfigure.SpringBootDependencyInjectionTestExecutionListener@43df5cba, org.springframework.test.context.support.DirtiesContextTestExecutionListener@4ba7a9e4, org.springframework.test.context.event.EventPublishingTestExecutionListener@25ef4ad5, org.springframework.boot.test.autoconfigure.restdocs.RestDocsTestExecutionListener@6e75a0a6, org.springframework.boot.test.autoconfigure.web.client.MockRestServiceServerResetTestExecutionListener@57f60b5e, org.springframework.boot.test.autoconfigure.web.servlet.MockMvcPrintOnlyOnFailureTestExecutionListener@21e860cd, org.springframework.boot.test.autoconfigure.web.servlet.WebDriverTestExecutionListener@7e8e2fc7, org.springframework.boot.test.autoconfigure.webservices.client.MockWebServiceServerTestExecutionListener@3dbdc020, org.springframework.boot.test.mock.mockito.ResetMocksTestExecutionListener@5af69032]
2022-07-13 19:53:43.922  INFO 38018 --- [    Test worker] .b.t.c.SpringBootTestContextBootstrapper : Neither @ContextConfiguration nor @ContextHierarchy found for test class [com.globantx.cardinalevaluator.CucumberSpringConfiguration], using SpringBootContextLoader
2022-07-13 19:53:43.922  INFO 38018 --- [    Test worker] o.s.t.c.support.AbstractContextLoader    : Could not detect default resource locations for test class [com.globantx.cardinalevaluator.CucumberSpringConfiguration]: no resource found for suffixes {-context.xml, Context.groovy}.
2022-07-13 19:53:43.922  INFO 38018 --- [    Test worker] .b.t.c.SpringBootTestContextBootstrapper : Loaded default TestExecutionListener class names from location [META-INF/spring.factories]: [org.springframework.boot.test.autoconfigure.restdocs.RestDocsTestExecutionListener, org.springframework.boot.test.autoconfigure.web.client.MockRestServiceServerResetTestExecutionListener, org.springframework.boot.test.autoconfigure.web.servlet.MockMvcPrintOnlyOnFailureTestExecutionListener, org.springframework.boot.test.autoconfigure.web.servlet.WebDriverTestExecutionListener, org.springframework.boot.test.autoconfigure.webservices.client.MockWebServiceServerTestExecutionListener, org.springframework.boot.test.mock.mockito.MockitoTestExecutionListener, org.springframework.boot.test.mock.mockito.ResetMocksTestExecutionListener, org.springframework.test.context.web.ServletTestExecutionListener, org.springframework.test.context.support.DirtiesContextBeforeModesTestExecutionListener, org.springframework.test.context.event.ApplicationEventsTestExecutionListener, org.springframework.test.context.support.DependencyInjectionTestExecutionListener, org.springframework.test.context.support.DirtiesContextTestExecutionListener, org.springframework.test.context.transaction.TransactionalTestExecutionListener, org.springframework.test.context.jdbc.SqlScriptsTestExecutionListener, org.springframework.test.context.event.EventPublishingTestExecutionListener]
2022-07-13 19:53:43.923  INFO 38018 --- [    Test worker] .b.t.c.SpringBootTestContextBootstrapper : Using TestExecutionListeners: [org.springframework.test.context.web.ServletTestExecutionListener@38fa6da9, org.springframework.test.context.support.DirtiesContextBeforeModesTestExecutionListener@37058d66, org.springframework.test.context.event.ApplicationEventsTestExecutionListener@646af766, org.springframework.boot.test.mock.mockito.MockitoTestExecutionListener@a739cd9, org.springframework.boot.test.autoconfigure.SpringBootDependencyInjectionTestExecutionListener@610f3f1b, org.springframework.test.context.support.DirtiesContextTestExecutionListener@7a7ae0e1, org.springframework.test.context.event.EventPublishingTestExecutionListener@4918f90f, org.springframework.boot.test.autoconfigure.restdocs.RestDocsTestExecutionListener@5f9b21a1, org.springframework.boot.test.autoconfigure.web.client.MockRestServiceServerResetTestExecutionListener@47742aae, org.springframework.boot.test.autoconfigure.web.servlet.MockMvcPrintOnlyOnFailureTestExecutionListener@6aa4a749, org.springframework.boot.test.autoconfigure.web.servlet.WebDriverTestExecutionListener@647afb93, org.springframework.boot.test.autoconfigure.webservices.client.MockWebServiceServerTestExecutionListener@62ea4894, org.springframework.boot.test.mock.mockito.ResetMocksTestExecutionListener@4ad3f3d]
2022-07-13 19:53:43.925  INFO 38018 --- [    Test worker] .b.t.c.SpringBootTestContextBootstrapper : Neither @ContextConfiguration nor @ContextHierarchy found for test class [com.globantx.cardinalevaluator.CucumberSpringConfiguration], using SpringBootContextLoader
2022-07-13 19:53:43.925  INFO 38018 --- [    Test worker] o.s.t.c.support.AbstractContextLoader    : Could not detect default resource locations for test class [com.globantx.cardinalevaluator.CucumberSpringConfiguration]: no resource found for suffixes {-context.xml, Context.groovy}.
2022-07-13 19:53:43.925  INFO 38018 --- [    Test worker] .b.t.c.SpringBootTestContextBootstrapper : Loaded default TestExecutionListener class names from location [META-INF/spring.factories]: [org.springframework.boot.test.autoconfigure.restdocs.RestDocsTestExecutionListener, org.springframework.boot.test.autoconfigure.web.client.MockRestServiceServerResetTestExecutionListener, org.springframework.boot.test.autoconfigure.web.servlet.MockMvcPrintOnlyOnFailureTestExecutionListener, org.springframework.boot.test.autoconfigure.web.servlet.WebDriverTestExecutionListener, org.springframework.boot.test.autoconfigure.webservices.client.MockWebServiceServerTestExecutionListener, org.springframework.boot.test.mock.mockito.MockitoTestExecutionListener, org.springframework.boot.test.mock.mockito.ResetMocksTestExecutionListener, org.springframework.test.context.web.ServletTestExecutionListener, org.springframework.test.context.support.DirtiesContextBeforeModesTestExecutionListener, org.springframework.test.context.event.ApplicationEventsTestExecutionListener, org.springframework.test.context.support.DependencyInjectionTestExecutionListener, org.springframework.test.context.support.DirtiesContextTestExecutionListener, org.springframework.test.context.transaction.TransactionalTestExecutionListener, org.springframework.test.context.jdbc.SqlScriptsTestExecutionListener, org.springframework.test.context.event.EventPublishingTestExecutionListener]
2022-07-13 19:53:43.926  INFO 38018 --- [    Test worker] .b.t.c.SpringBootTestContextBootstrapper : Using TestExecutionListeners: [org.springframework.test.context.web.ServletTestExecutionListener@4b7c4e0e, org.springframework.test.context.support.DirtiesContextBeforeModesTestExecutionListener@78698291, org.springframework.test.context.event.ApplicationEventsTestExecutionListener@48f7dbe0, org.springframework.boot.test.mock.mockito.MockitoTestExecutionListener@25ce4114, org.springframework.boot.test.autoconfigure.SpringBootDependencyInjectionTestExecutionListener@c6b679d, org.springframework.test.context.support.DirtiesContextTestExecutionListener@38a2118b, org.springframework.test.context.event.EventPublishingTestExecutionListener@4efcf5a4, org.springframework.boot.test.autoconfigure.restdocs.RestDocsTestExecutionListener@19edcb8e, org.springframework.boot.test.autoconfigure.web.client.MockRestServiceServerResetTestExecutionListener@4eed10a1, org.springframework.boot.test.autoconfigure.web.servlet.MockMvcPrintOnlyOnFailureTestExecutionListener@666b7ebe, org.springframework.boot.test.autoconfigure.web.servlet.WebDriverTestExecutionListener@4f13e602, org.springframework.boot.test.autoconfigure.webservices.client.MockWebServiceServerTestExecutionListener@38d5f5d5, org.springframework.boot.test.mock.mockito.ResetMocksTestExecutionListener@1e9b9276]
2022-07-13 19:53:43.928  INFO 38018 --- [    Test worker] .b.t.c.SpringBootTestContextBootstrapper : Neither @ContextConfiguration nor @ContextHierarchy found for test class [com.globantx.cardinalevaluator.CucumberSpringConfiguration], using SpringBootContextLoader
2022-07-13 19:53:43.928  INFO 38018 --- [    Test worker] o.s.t.c.support.AbstractContextLoader    : Could not detect default resource locations for test class [com.globantx.cardinalevaluator.CucumberSpringConfiguration]: no resource found for suffixes {-context.xml, Context.groovy}.
2022-07-13 19:53:43.928  INFO 38018 --- [    Test worker] .b.t.c.SpringBootTestContextBootstrapper : Loaded default TestExecutionListener class names from location [META-INF/spring.factories]: [org.springframework.boot.test.autoconfigure.restdocs.RestDocsTestExecutionListener, org.springframework.boot.test.autoconfigure.web.client.MockRestServiceServerResetTestExecutionListener, org.springframework.boot.test.autoconfigure.web.servlet.MockMvcPrintOnlyOnFailureTestExecutionListener, org.springframework.boot.test.autoconfigure.web.servlet.WebDriverTestExecutionListener, org.springframework.boot.test.autoconfigure.webservices.client.MockWebServiceServerTestExecutionListener, org.springframework.boot.test.mock.mockito.MockitoTestExecutionListener, org.springframework.boot.test.mock.mockito.ResetMocksTestExecutionListener, org.springframework.test.context.web.ServletTestExecutionListener, org.springframework.test.context.support.DirtiesContextBeforeModesTestExecutionListener, org.springframework.test.context.event.ApplicationEventsTestExecutionListener, org.springframework.test.context.support.DependencyInjectionTestExecutionListener, org.springframework.test.context.support.DirtiesContextTestExecutionListener, org.springframework.test.context.transaction.TransactionalTestExecutionListener, org.springframework.test.context.jdbc.SqlScriptsTestExecutionListener, org.springframework.test.context.event.EventPublishingTestExecutionListener]
2022-07-13 19:53:43.929  INFO 38018 --- [    Test worker] .b.t.c.SpringBootTestContextBootstrapper : Using TestExecutionListeners: [org.springframework.test.context.web.ServletTestExecutionListener@23b89195, org.springframework.test.context.support.DirtiesContextBeforeModesTestExecutionListener@73cb4016, org.springframework.test.context.event.ApplicationEventsTestExecutionListener@64a768e7, org.springframework.boot.test.mock.mockito.MockitoTestExecutionListener@26ed4e27, org.springframework.boot.test.autoconfigure.SpringBootDependencyInjectionTestExecutionListener@413e4756, org.springframework.test.context.support.DirtiesContextTestExecutionListener@68dc6497, org.springframework.test.context.event.EventPublishingTestExecutionListener@3763c93b, org.springframework.boot.test.autoconfigure.restdocs.RestDocsTestExecutionListener@7bb33586, org.springframework.boot.test.autoconfigure.web.client.MockRestServiceServerResetTestExecutionListener@4884d951, org.springframework.boot.test.autoconfigure.web.servlet.MockMvcPrintOnlyOnFailureTestExecutionListener@4377e40a, org.springframework.boot.test.autoconfigure.web.servlet.WebDriverTestExecutionListener@6af4c74e, org.springframework.boot.test.autoconfigure.webservices.client.MockWebServiceServerTestExecutionListener@889d093, org.springframework.boot.test.mock.mockito.ResetMocksTestExecutionListener@6629ce82]
2022-07-13 19:53:43.930  INFO 38018 --- [    Test worker] .b.t.c.SpringBootTestContextBootstrapper : Neither @ContextConfiguration nor @ContextHierarchy found for test class [com.globantx.cardinalevaluator.CucumberSpringConfiguration], using SpringBootContextLoader
2022-07-13 19:53:43.930  INFO 38018 --- [    Test worker] o.s.t.c.support.AbstractContextLoader    : Could not detect default resource locations for test class [com.globantx.cardinalevaluator.CucumberSpringConfiguration]: no resource found for suffixes {-context.xml, Context.groovy}.
2022-07-13 19:53:43.931  INFO 38018 --- [    Test worker] .b.t.c.SpringBootTestContextBootstrapper : Loaded default TestExecutionListener class names from location [META-INF/spring.factories]: [org.springframework.boot.test.autoconfigure.restdocs.RestDocsTestExecutionListener, org.springframework.boot.test.autoconfigure.web.client.MockRestServiceServerResetTestExecutionListener, org.springframework.boot.test.autoconfigure.web.servlet.MockMvcPrintOnlyOnFailureTestExecutionListener, org.springframework.boot.test.autoconfigure.web.servlet.WebDriverTestExecutionListener, org.springframework.boot.test.autoconfigure.webservices.client.MockWebServiceServerTestExecutionListener, org.springframework.boot.test.mock.mockito.MockitoTestExecutionListener, org.springframework.boot.test.mock.mockito.ResetMocksTestExecutionListener, org.springframework.test.context.web.ServletTestExecutionListener, org.springframework.test.context.support.DirtiesContextBeforeModesTestExecutionListener, org.springframework.test.context.event.ApplicationEventsTestExecutionListener, org.springframework.test.context.support.DependencyInjectionTestExecutionListener, org.springframework.test.context.support.DirtiesContextTestExecutionListener, org.springframework.test.context.transaction.TransactionalTestExecutionListener, org.springframework.test.context.jdbc.SqlScriptsTestExecutionListener, org.springframework.test.context.event.EventPublishingTestExecutionListener]
2022-07-13 19:53:43.931  INFO 38018 --- [    Test worker] .b.t.c.SpringBootTestContextBootstrapper : Using TestExecutionListeners: [org.springframework.test.context.web.ServletTestExecutionListener@1a0231f9, org.springframework.test.context.support.DirtiesContextBeforeModesTestExecutionListener@56005b40, org.springframework.test.context.event.ApplicationEventsTestExecutionListener@104b145b, org.springframework.boot.test.mock.mockito.MockitoTestExecutionListener@38be950e, org.springframework.boot.test.autoconfigure.SpringBootDependencyInjectionTestExecutionListener@33b8f619, org.springframework.test.context.support.DirtiesContextTestExecutionListener@67367175, org.springframework.test.context.event.EventPublishingTestExecutionListener@2f975804, org.springframework.boot.test.autoconfigure.restdocs.RestDocsTestExecutionListener@63cdae1d, org.springframework.boot.test.autoconfigure.web.client.MockRestServiceServerResetTestExecutionListener@17319443, org.springframework.boot.test.autoconfigure.web.servlet.MockMvcPrintOnlyOnFailureTestExecutionListener@4358e209, org.springframework.boot.test.autoconfigure.web.servlet.WebDriverTestExecutionListener@569ac51e, org.springframework.boot.test.autoconfigure.webservices.client.MockWebServiceServerTestExecutionListener@58292496, org.springframework.boot.test.mock.mockito.ResetMocksTestExecutionListener@43a1205c]
2022-07-13 19:53:43.933  INFO 38018 --- [    Test worker] .b.t.c.SpringBootTestContextBootstrapper : Neither @ContextConfiguration nor @ContextHierarchy found for test class [com.globantx.cardinalevaluator.CucumberSpringConfiguration], using SpringBootContextLoader
2022-07-13 19:53:43.933  INFO 38018 --- [    Test worker] o.s.t.c.support.AbstractContextLoader    : Could not detect default resource locations for test class [com.globantx.cardinalevaluator.CucumberSpringConfiguration]: no resource found for suffixes {-context.xml, Context.groovy}.
2022-07-13 19:53:43.933  INFO 38018 --- [    Test worker] .b.t.c.SpringBootTestContextBootstrapper : Loaded default TestExecutionListener class names from location [META-INF/spring.factories]: [org.springframework.boot.test.autoconfigure.restdocs.RestDocsTestExecutionListener, org.springframework.boot.test.autoconfigure.web.client.MockRestServiceServerResetTestExecutionListener, org.springframework.boot.test.autoconfigure.web.servlet.MockMvcPrintOnlyOnFailureTestExecutionListener, org.springframework.boot.test.autoconfigure.web.servlet.WebDriverTestExecutionListener, org.springframework.boot.test.autoconfigure.webservices.client.MockWebServiceServerTestExecutionListener, org.springframework.boot.test.mock.mockito.MockitoTestExecutionListener, org.springframework.boot.test.mock.mockito.ResetMocksTestExecutionListener, org.springframework.test.context.web.ServletTestExecutionListener, org.springframework.test.context.support.DirtiesContextBeforeModesTestExecutionListener, org.springframework.test.context.event.ApplicationEventsTestExecutionListener, org.springframework.test.context.support.DependencyInjectionTestExecutionListener, org.springframework.test.context.support.DirtiesContextTestExecutionListener, org.springframework.test.context.transaction.TransactionalTestExecutionListener, org.springframework.test.context.jdbc.SqlScriptsTestExecutionListener, org.springframework.test.context.event.EventPublishingTestExecutionListener]
2022-07-13 19:53:43.934  INFO 38018 --- [    Test worker] .b.t.c.SpringBootTestContextBootstrapper : Using TestExecutionListeners: [org.springframework.test.context.web.ServletTestExecutionListener@476dda8b, org.springframework.test.context.support.DirtiesContextBeforeModesTestExecutionListener@47df554d, org.springframework.test.context.event.ApplicationEventsTestExecutionListener@5643c4b4, org.springframework.boot.test.mock.mockito.MockitoTestExecutionListener@1c2abde0, org.springframework.boot.test.autoconfigure.SpringBootDependencyInjectionTestExecutionListener@35ba856c, org.springframework.test.context.support.DirtiesContextTestExecutionListener@872cbab, org.springframework.test.context.event.EventPublishingTestExecutionListener@40dcd875, org.springframework.boot.test.autoconfigure.restdocs.RestDocsTestExecutionListener@950a833, org.springframework.boot.test.autoconfigure.web.client.MockRestServiceServerResetTestExecutionListener@6820dd90, org.springframework.boot.test.autoconfigure.web.servlet.MockMvcPrintOnlyOnFailureTestExecutionListener@76117cac, org.springframework.boot.test.autoconfigure.web.servlet.WebDriverTestExecutionListener@50a80d6b, org.springframework.boot.test.autoconfigure.webservices.client.MockWebServiceServerTestExecutionListener@5c35267d, org.springframework.boot.test.mock.mockito.ResetMocksTestExecutionListener@3217ac36]
2022-07-13 19:53:43.936  INFO 38018 --- [    Test worker] .b.t.c.SpringBootTestContextBootstrapper : Neither @ContextConfiguration nor @ContextHierarchy found for test class [com.globantx.cardinalevaluator.CucumberSpringConfiguration], using SpringBootContextLoader
2022-07-13 19:53:43.936  INFO 38018 --- [    Test worker] o.s.t.c.support.AbstractContextLoader    : Could not detect default resource locations for test class [com.globantx.cardinalevaluator.CucumberSpringConfiguration]: no resource found for suffixes {-context.xml, Context.groovy}.
2022-07-13 19:53:43.937  INFO 38018 --- [    Test worker] .b.t.c.SpringBootTestContextBootstrapper : Loaded default TestExecutionListener class names from location [META-INF/spring.factories]: [org.springframework.boot.test.autoconfigure.restdocs.RestDocsTestExecutionListener, org.springframework.boot.test.autoconfigure.web.client.MockRestServiceServerResetTestExecutionListener, org.springframework.boot.test.autoconfigure.web.servlet.MockMvcPrintOnlyOnFailureTestExecutionListener, org.springframework.boot.test.autoconfigure.web.servlet.WebDriverTestExecutionListener, org.springframework.boot.test.autoconfigure.webservices.client.MockWebServiceServerTestExecutionListener, org.springframework.boot.test.mock.mockito.MockitoTestExecutionListener, org.springframework.boot.test.mock.mockito.ResetMocksTestExecutionListener, org.springframework.test.context.web.ServletTestExecutionListener, org.springframework.test.context.support.DirtiesContextBeforeModesTestExecutionListener, org.springframework.test.context.event.ApplicationEventsTestExecutionListener, org.springframework.test.context.support.DependencyInjectionTestExecutionListener, org.springframework.test.context.support.DirtiesContextTestExecutionListener, org.springframework.test.context.transaction.TransactionalTestExecutionListener, org.springframework.test.context.jdbc.SqlScriptsTestExecutionListener, org.springframework.test.context.event.EventPublishingTestExecutionListener]
2022-07-13 19:53:43.937  INFO 38018 --- [    Test worker] .b.t.c.SpringBootTestContextBootstrapper : Using TestExecutionListeners: [org.springframework.test.context.web.ServletTestExecutionListener@4f9e42c4, org.springframework.test.context.support.DirtiesContextBeforeModesTestExecutionListener@5f4ddd09, org.springframework.test.context.event.ApplicationEventsTestExecutionListener@2a3e1e53, org.springframework.boot.test.mock.mockito.MockitoTestExecutionListener@25c7713e, org.springframework.boot.test.autoconfigure.SpringBootDependencyInjectionTestExecutionListener@18f28f20, org.springframework.test.context.support.DirtiesContextTestExecutionListener@2966bca2, org.springframework.test.context.event.EventPublishingTestExecutionListener@7370f35b, org.springframework.boot.test.autoconfigure.restdocs.RestDocsTestExecutionListener@6da0228a, org.springframework.boot.test.autoconfigure.web.client.MockRestServiceServerResetTestExecutionListener@61a72b91, org.springframework.boot.test.autoconfigure.web.servlet.MockMvcPrintOnlyOnFailureTestExecutionListener@7d3818ab, org.springframework.boot.test.autoconfigure.web.servlet.WebDriverTestExecutionListener@9a6c67c, org.springframework.boot.test.autoconfigure.webservices.client.MockWebServiceServerTestExecutionListener@657e11b0, org.springframework.boot.test.mock.mockito.ResetMocksTestExecutionListener@3d5d552d]
2022-07-13 19:53:43.939  INFO 38018 --- [    Test worker] .b.t.c.SpringBootTestContextBootstrapper : Neither @ContextConfiguration nor @ContextHierarchy found for test class [com.globantx.cardinalevaluator.CucumberSpringConfiguration], using SpringBootContextLoader
2022-07-13 19:53:43.939  INFO 38018 --- [    Test worker] o.s.t.c.support.AbstractContextLoader    : Could not detect default resource locations for test class [com.globantx.cardinalevaluator.CucumberSpringConfiguration]: no resource found for suffixes {-context.xml, Context.groovy}.
2022-07-13 19:53:43.940  INFO 38018 --- [    Test worker] .b.t.c.SpringBootTestContextBootstrapper : Loaded default TestExecutionListener class names from location [META-INF/spring.factories]: [org.springframework.boot.test.autoconfigure.restdocs.RestDocsTestExecutionListener, org.springframework.boot.test.autoconfigure.web.client.MockRestServiceServerResetTestExecutionListener, org.springframework.boot.test.autoconfigure.web.servlet.MockMvcPrintOnlyOnFailureTestExecutionListener, org.springframework.boot.test.autoconfigure.web.servlet.WebDriverTestExecutionListener, org.springframework.boot.test.autoconfigure.webservices.client.MockWebServiceServerTestExecutionListener, org.springframework.boot.test.mock.mockito.MockitoTestExecutionListener, org.springframework.boot.test.mock.mockito.ResetMocksTestExecutionListener, org.springframework.test.context.web.ServletTestExecutionListener, org.springframework.test.context.support.DirtiesContextBeforeModesTestExecutionListener, org.springframework.test.context.event.ApplicationEventsTestExecutionListener, org.springframework.test.context.support.DependencyInjectionTestExecutionListener, org.springframework.test.context.support.DirtiesContextTestExecutionListener, org.springframework.test.context.transaction.TransactionalTestExecutionListener, org.springframework.test.context.jdbc.SqlScriptsTestExecutionListener, org.springframework.test.context.event.EventPublishingTestExecutionListener]
2022-07-13 19:53:43.940  INFO 38018 --- [    Test worker] .b.t.c.SpringBootTestContextBootstrapper : Using TestExecutionListeners: [org.springframework.test.context.web.ServletTestExecutionListener@9def6d, org.springframework.test.context.support.DirtiesContextBeforeModesTestExecutionListener@3fb75c24, org.springframework.test.context.event.ApplicationEventsTestExecutionListener@2a5129f3, org.springframework.boot.test.mock.mockito.MockitoTestExecutionListener@7d72f5a9, org.springframework.boot.test.autoconfigure.SpringBootDependencyInjectionTestExecutionListener@127b9bed, org.springframework.test.context.support.DirtiesContextTestExecutionListener@1728a3fa, org.springframework.test.context.event.EventPublishingTestExecutionListener@34151e5d, org.springframework.boot.test.autoconfigure.restdocs.RestDocsTestExecutionListener@5e206acb, org.springframework.boot.test.autoconfigure.web.client.MockRestServiceServerResetTestExecutionListener@10ca3611, org.springframework.boot.test.autoconfigure.web.servlet.MockMvcPrintOnlyOnFailureTestExecutionListener@422f7081, org.springframework.boot.test.autoconfigure.web.servlet.WebDriverTestExecutionListener@5ed4796f, org.springframework.boot.test.autoconfigure.webservices.client.MockWebServiceServerTestExecutionListener@3ff264c, org.springframework.boot.test.mock.mockito.ResetMocksTestExecutionListener@42c4f29c]
2022-07-13 19:53:43.943  INFO 38018 --- [    Test worker] .b.t.c.SpringBootTestContextBootstrapper : Neither @ContextConfiguration nor @ContextHierarchy found for test class [com.globantx.cardinalevaluator.CucumberSpringConfiguration], using SpringBootContextLoader
2022-07-13 19:53:43.943  INFO 38018 --- [    Test worker] o.s.t.c.support.AbstractContextLoader    : Could not detect default resource locations for test class [com.globantx.cardinalevaluator.CucumberSpringConfiguration]: no resource found for suffixes {-context.xml, Context.groovy}.
2022-07-13 19:53:43.943  INFO 38018 --- [    Test worker] .b.t.c.SpringBootTestContextBootstrapper : Loaded default TestExecutionListener class names from location [META-INF/spring.factories]: [org.springframework.boot.test.autoconfigure.restdocs.RestDocsTestExecutionListener, org.springframework.boot.test.autoconfigure.web.client.MockRestServiceServerResetTestExecutionListener, org.springframework.boot.test.autoconfigure.web.servlet.MockMvcPrintOnlyOnFailureTestExecutionListener, org.springframework.boot.test.autoconfigure.web.servlet.WebDriverTestExecutionListener, org.springframework.boot.test.autoconfigure.webservices.client.MockWebServiceServerTestExecutionListener, org.springframework.boot.test.mock.mockito.MockitoTestExecutionListener, org.springframework.boot.test.mock.mockito.ResetMocksTestExecutionListener, org.springframework.test.context.web.ServletTestExecutionListener, org.springframework.test.context.support.DirtiesContextBeforeModesTestExecutionListener, org.springframework.test.context.event.ApplicationEventsTestExecutionListener, org.springframework.test.context.support.DependencyInjectionTestExecutionListener, org.springframework.test.context.support.DirtiesContextTestExecutionListener, org.springframework.test.context.transaction.TransactionalTestExecutionListener, org.springframework.test.context.jdbc.SqlScriptsTestExecutionListener, org.springframework.test.context.event.EventPublishingTestExecutionListener]
2022-07-13 19:53:43.944  INFO 38018 --- [    Test worker] .b.t.c.SpringBootTestContextBootstrapper : Using TestExecutionListeners: [org.springframework.test.context.web.ServletTestExecutionListener@7bd6393d, org.springframework.test.context.support.DirtiesContextBeforeModesTestExecutionListener@6b42829, org.springframework.test.context.event.ApplicationEventsTestExecutionListener@7c03a3f5, org.springframework.boot.test.mock.mockito.MockitoTestExecutionListener@19b6eefb, org.springframework.boot.test.autoconfigure.SpringBootDependencyInjectionTestExecutionListener@53633321, org.springframework.test.context.support.DirtiesContextTestExecutionListener@7431ac04, org.springframework.test.context.event.EventPublishingTestExecutionListener@154ca57c, org.springframework.boot.test.autoconfigure.restdocs.RestDocsTestExecutionListener@3ba34018, org.springframework.boot.test.autoconfigure.web.client.MockRestServiceServerResetTestExecutionListener@71139676, org.springframework.boot.test.autoconfigure.web.servlet.MockMvcPrintOnlyOnFailureTestExecutionListener@83b55dc, org.springframework.boot.test.autoconfigure.web.servlet.WebDriverTestExecutionListener@78ac66e2, org.springframework.boot.test.autoconfigure.webservices.client.MockWebServiceServerTestExecutionListener@59ae4a6f, org.springframework.boot.test.mock.mockito.ResetMocksTestExecutionListener@3463d70a]
2022-07-13 19:53:43.946  INFO 38018 --- [    Test worker] .b.t.c.SpringBootTestContextBootstrapper : Neither @ContextConfiguration nor @ContextHierarchy found for test class [com.globantx.cardinalevaluator.CucumberSpringConfiguration], using SpringBootContextLoader
2022-07-13 19:53:43.946  INFO 38018 --- [    Test worker] o.s.t.c.support.AbstractContextLoader    : Could not detect default resource locations for test class [com.globantx.cardinalevaluator.CucumberSpringConfiguration]: no resource found for suffixes {-context.xml, Context.groovy}.
2022-07-13 19:53:43.947  INFO 38018 --- [    Test worker] .b.t.c.SpringBootTestContextBootstrapper : Loaded default TestExecutionListener class names from location [META-INF/spring.factories]: [org.springframework.boot.test.autoconfigure.restdocs.RestDocsTestExecutionListener, org.springframework.boot.test.autoconfigure.web.client.MockRestServiceServerResetTestExecutionListener, org.springframework.boot.test.autoconfigure.web.servlet.MockMvcPrintOnlyOnFailureTestExecutionListener, org.springframework.boot.test.autoconfigure.web.servlet.WebDriverTestExecutionListener, org.springframework.boot.test.autoconfigure.webservices.client.MockWebServiceServerTestExecutionListener, org.springframework.boot.test.mock.mockito.MockitoTestExecutionListener, org.springframework.boot.test.mock.mockito.ResetMocksTestExecutionListener, org.springframework.test.context.web.ServletTestExecutionListener, org.springframework.test.context.support.DirtiesContextBeforeModesTestExecutionListener, org.springframework.test.context.event.ApplicationEventsTestExecutionListener, org.springframework.test.context.support.DependencyInjectionTestExecutionListener, org.springframework.test.context.support.DirtiesContextTestExecutionListener, org.springframework.test.context.transaction.TransactionalTestExecutionListener, org.springframework.test.context.jdbc.SqlScriptsTestExecutionListener, org.springframework.test.context.event.EventPublishingTestExecutionListener]
2022-07-13 19:53:43.947  INFO 38018 --- [    Test worker] .b.t.c.SpringBootTestContextBootstrapper : Using TestExecutionListeners: [org.springframework.test.context.web.ServletTestExecutionListener@66a4e1ef, org.springframework.test.context.support.DirtiesContextBeforeModesTestExecutionListener@7d2410af, org.springframework.test.context.event.ApplicationEventsTestExecutionListener@5672c056, org.springframework.boot.test.mock.mockito.MockitoTestExecutionListener@7c039615, org.springframework.boot.test.autoconfigure.SpringBootDependencyInjectionTestExecutionListener@3d69bbe3, org.springframework.test.context.support.DirtiesContextTestExecutionListener@60157589, org.springframework.test.context.event.EventPublishingTestExecutionListener@20a569ad, org.springframework.boot.test.autoconfigure.restdocs.RestDocsTestExecutionListener@40f6e092, org.springframework.boot.test.autoconfigure.web.client.MockRestServiceServerResetTestExecutionListener@3030edcc, org.springframework.boot.test.autoconfigure.web.servlet.MockMvcPrintOnlyOnFailureTestExecutionListener@7bc27f7e, org.springframework.boot.test.autoconfigure.web.servlet.WebDriverTestExecutionListener@702189aa, org.springframework.boot.test.autoconfigure.webservices.client.MockWebServiceServerTestExecutionListener@7a4154c, org.springframework.boot.test.mock.mockito.ResetMocksTestExecutionListener@30cdd6f9]
2022-07-13 19:53:43.949  INFO 38018 --- [    Test worker] .b.t.c.SpringBootTestContextBootstrapper : Neither @ContextConfiguration nor @ContextHierarchy found for test class [com.globantx.cardinalevaluator.CucumberSpringConfiguration], using SpringBootContextLoader
2022-07-13 19:53:43.949  INFO 38018 --- [    Test worker] o.s.t.c.support.AbstractContextLoader    : Could not detect default resource locations for test class [com.globantx.cardinalevaluator.CucumberSpringConfiguration]: no resource found for suffixes {-context.xml, Context.groovy}.
2022-07-13 19:53:43.950  INFO 38018 --- [    Test worker] .b.t.c.SpringBootTestContextBootstrapper : Loaded default TestExecutionListener class names from location [META-INF/spring.factories]: [org.springframework.boot.test.autoconfigure.restdocs.RestDocsTestExecutionListener, org.springframework.boot.test.autoconfigure.web.client.MockRestServiceServerResetTestExecutionListener, org.springframework.boot.test.autoconfigure.web.servlet.MockMvcPrintOnlyOnFailureTestExecutionListener, org.springframework.boot.test.autoconfigure.web.servlet.WebDriverTestExecutionListener, org.springframework.boot.test.autoconfigure.webservices.client.MockWebServiceServerTestExecutionListener, org.springframework.boot.test.mock.mockito.MockitoTestExecutionListener, org.springframework.boot.test.mock.mockito.ResetMocksTestExecutionListener, org.springframework.test.context.web.ServletTestExecutionListener, org.springframework.test.context.support.DirtiesContextBeforeModesTestExecutionListener, org.springframework.test.context.event.ApplicationEventsTestExecutionListener, org.springframework.test.context.support.DependencyInjectionTestExecutionListener, org.springframework.test.context.support.DirtiesContextTestExecutionListener, org.springframework.test.context.transaction.TransactionalTestExecutionListener, org.springframework.test.context.jdbc.SqlScriptsTestExecutionListener, org.springframework.test.context.event.EventPublishingTestExecutionListener]
2022-07-13 19:53:43.950  INFO 38018 --- [    Test worker] .b.t.c.SpringBootTestContextBootstrapper : Using TestExecutionListeners: [org.springframework.test.context.web.ServletTestExecutionListener@581c7611, org.springframework.test.context.support.DirtiesContextBeforeModesTestExecutionListener@248cc861, org.springframework.test.context.event.ApplicationEventsTestExecutionListener@325a7c9, org.springframework.boot.test.mock.mockito.MockitoTestExecutionListener@5d81c34a, org.springframework.boot.test.autoconfigure.SpringBootDependencyInjectionTestExecutionListener@66968a15, org.springframework.test.context.support.DirtiesContextTestExecutionListener@249b8966, org.springframework.test.context.event.EventPublishingTestExecutionListener@aae69d3, org.springframework.boot.test.autoconfigure.restdocs.RestDocsTestExecutionListener@59e6705f, org.springframework.boot.test.autoconfigure.web.client.MockRestServiceServerResetTestExecutionListener@bf29f54, org.springframework.boot.test.autoconfigure.web.servlet.MockMvcPrintOnlyOnFailureTestExecutionListener@735ae7f5, org.springframework.boot.test.autoconfigure.web.servlet.WebDriverTestExecutionListener@a43e8bc, org.springframework.boot.test.autoconfigure.webservices.client.MockWebServiceServerTestExecutionListener@604d0523, org.springframework.boot.test.mock.mockito.ResetMocksTestExecutionListener@7f5a3e41]
2022-07-13 19:53:43.952  INFO 38018 --- [    Test worker] .b.t.c.SpringBootTestContextBootstrapper : Neither @ContextConfiguration nor @ContextHierarchy found for test class [com.globantx.cardinalevaluator.CucumberSpringConfiguration], using SpringBootContextLoader
2022-07-13 19:53:43.952  INFO 38018 --- [    Test worker] o.s.t.c.support.AbstractContextLoader    : Could not detect default resource locations for test class [com.globantx.cardinalevaluator.CucumberSpringConfiguration]: no resource found for suffixes {-context.xml, Context.groovy}.
2022-07-13 19:53:43.952  INFO 38018 --- [    Test worker] .b.t.c.SpringBootTestContextBootstrapper : Loaded default TestExecutionListener class names from location [META-INF/spring.factories]: [org.springframework.boot.test.autoconfigure.restdocs.RestDocsTestExecutionListener, org.springframework.boot.test.autoconfigure.web.client.MockRestServiceServerResetTestExecutionListener, org.springframework.boot.test.autoconfigure.web.servlet.MockMvcPrintOnlyOnFailureTestExecutionListener, org.springframework.boot.test.autoconfigure.web.servlet.WebDriverTestExecutionListener, org.springframework.boot.test.autoconfigure.webservices.client.MockWebServiceServerTestExecutionListener, org.springframework.boot.test.mock.mockito.MockitoTestExecutionListener, org.springframework.boot.test.mock.mockito.ResetMocksTestExecutionListener, org.springframework.test.context.web.ServletTestExecutionListener, org.springframework.test.context.support.DirtiesContextBeforeModesTestExecutionListener, org.springframework.test.context.event.ApplicationEventsTestExecutionListener, org.springframework.test.context.support.DependencyInjectionTestExecutionListener, org.springframework.test.context.support.DirtiesContextTestExecutionListener, org.springframework.test.context.transaction.TransactionalTestExecutionListener, org.springframework.test.context.jdbc.SqlScriptsTestExecutionListener, org.springframework.test.context.event.EventPublishingTestExecutionListener]
2022-07-13 19:53:43.953  INFO 38018 --- [    Test worker] .b.t.c.SpringBootTestContextBootstrapper : Using TestExecutionListeners: [org.springframework.test.context.web.ServletTestExecutionListener@5b1b1b10, org.springframework.test.context.support.DirtiesContextBeforeModesTestExecutionListener@4e081ec7, org.springframework.test.context.event.ApplicationEventsTestExecutionListener@46646e38, org.springframework.boot.test.mock.mockito.MockitoTestExecutionListener@6862f883, org.springframework.boot.test.autoconfigure.SpringBootDependencyInjectionTestExecutionListener@6b22bd04, org.springframework.test.context.support.DirtiesContextTestExecutionListener@65d26881, org.springframework.test.context.event.EventPublishingTestExecutionListener@a2dfad, org.springframework.boot.test.autoconfigure.restdocs.RestDocsTestExecutionListener@7ffb99da, org.springframework.boot.test.autoconfigure.web.client.MockRestServiceServerResetTestExecutionListener@14fd1bc, org.springframework.boot.test.autoconfigure.web.servlet.MockMvcPrintOnlyOnFailureTestExecutionListener@772f3774, org.springframework.boot.test.autoconfigure.web.servlet.WebDriverTestExecutionListener@6166d18b, org.springframework.boot.test.autoconfigure.webservices.client.MockWebServiceServerTestExecutionListener@4270a134, org.springframework.boot.test.mock.mockito.ResetMocksTestExecutionListener@3d4d5af7]
2022-07-13 19:53:43.954  INFO 38018 --- [    Test worker] .b.t.c.SpringBootTestContextBootstrapper : Neither @ContextConfiguration nor @ContextHierarchy found for test class [com.globantx.cardinalevaluator.CucumberSpringConfiguration], using SpringBootContextLoader
2022-07-13 19:53:43.954  INFO 38018 --- [    Test worker] o.s.t.c.support.AbstractContextLoader    : Could not detect default resource locations for test class [com.globantx.cardinalevaluator.CucumberSpringConfiguration]: no resource found for suffixes {-context.xml, Context.groovy}.
2022-07-13 19:53:43.954  INFO 38018 --- [    Test worker] .b.t.c.SpringBootTestContextBootstrapper : Loaded default TestExecutionListener class names from location [META-INF/spring.factories]: [org.springframework.boot.test.autoconfigure.restdocs.RestDocsTestExecutionListener, org.springframework.boot.test.autoconfigure.web.client.MockRestServiceServerResetTestExecutionListener, org.springframework.boot.test.autoconfigure.web.servlet.MockMvcPrintOnlyOnFailureTestExecutionListener, org.springframework.boot.test.autoconfigure.web.servlet.WebDriverTestExecutionListener, org.springframework.boot.test.autoconfigure.webservices.client.MockWebServiceServerTestExecutionListener, org.springframework.boot.test.mock.mockito.MockitoTestExecutionListener, org.springframework.boot.test.mock.mockito.ResetMocksTestExecutionListener, org.springframework.test.context.web.ServletTestExecutionListener, org.springframework.test.context.support.DirtiesContextBeforeModesTestExecutionListener, org.springframework.test.context.event.ApplicationEventsTestExecutionListener, org.springframework.test.context.support.DependencyInjectionTestExecutionListener, org.springframework.test.context.support.DirtiesContextTestExecutionListener, org.springframework.test.context.transaction.TransactionalTestExecutionListener, org.springframework.test.context.jdbc.SqlScriptsTestExecutionListener, org.springframework.test.context.event.EventPublishingTestExecutionListener]
2022-07-13 19:53:43.955  INFO 38018 --- [    Test worker] .b.t.c.SpringBootTestContextBootstrapper : Using TestExecutionListeners: [org.springframework.test.context.web.ServletTestExecutionListener@33d74ebd, org.springframework.test.context.support.DirtiesContextBeforeModesTestExecutionListener@646a3bc5, org.springframework.test.context.event.ApplicationEventsTestExecutionListener@23d45f7d, org.springframework.boot.test.mock.mockito.MockitoTestExecutionListener@74992312, org.springframework.boot.test.autoconfigure.SpringBootDependencyInjectionTestExecutionListener@7d32399a, org.springframework.test.context.support.DirtiesContextTestExecutionListener@483381ea, org.springframework.test.context.event.EventPublishingTestExecutionListener@499d1026, org.springframework.boot.test.autoconfigure.restdocs.RestDocsTestExecutionListener@74213bb4, org.springframework.boot.test.autoconfigure.web.client.MockRestServiceServerResetTestExecutionListener@18b33243, org.springframework.boot.test.autoconfigure.web.servlet.MockMvcPrintOnlyOnFailureTestExecutionListener@4c5bcc6e, org.springframework.boot.test.autoconfigure.web.servlet.WebDriverTestExecutionListener@6d66f9e3, org.springframework.boot.test.autoconfigure.webservices.client.MockWebServiceServerTestExecutionListener@10679360, org.springframework.boot.test.mock.mockito.ResetMocksTestExecutionListener@11478a05]
2022-07-13 19:53:43.957  INFO 38018 --- [    Test worker] .b.t.c.SpringBootTestContextBootstrapper : Neither @ContextConfiguration nor @ContextHierarchy found for test class [com.globantx.cardinalevaluator.CucumberSpringConfiguration], using SpringBootContextLoader
2022-07-13 19:53:43.957  INFO 38018 --- [    Test worker] o.s.t.c.support.AbstractContextLoader    : Could not detect default resource locations for test class [com.globantx.cardinalevaluator.CucumberSpringConfiguration]: no resource found for suffixes {-context.xml, Context.groovy}.
2022-07-13 19:53:43.958  INFO 38018 --- [    Test worker] .b.t.c.SpringBootTestContextBootstrapper : Loaded default TestExecutionListener class names from location [META-INF/spring.factories]: [org.springframework.boot.test.autoconfigure.restdocs.RestDocsTestExecutionListener, org.springframework.boot.test.autoconfigure.web.client.MockRestServiceServerResetTestExecutionListener, org.springframework.boot.test.autoconfigure.web.servlet.MockMvcPrintOnlyOnFailureTestExecutionListener, org.springframework.boot.test.autoconfigure.web.servlet.WebDriverTestExecutionListener, org.springframework.boot.test.autoconfigure.webservices.client.MockWebServiceServerTestExecutionListener, org.springframework.boot.test.mock.mockito.MockitoTestExecutionListener, org.springframework.boot.test.mock.mockito.ResetMocksTestExecutionListener, org.springframework.test.context.web.ServletTestExecutionListener, org.springframework.test.context.support.DirtiesContextBeforeModesTestExecutionListener, org.springframework.test.context.event.ApplicationEventsTestExecutionListener, org.springframework.test.context.support.DependencyInjectionTestExecutionListener, org.springframework.test.context.support.DirtiesContextTestExecutionListener, org.springframework.test.context.transaction.TransactionalTestExecutionListener, org.springframework.test.context.jdbc.SqlScriptsTestExecutionListener, org.springframework.test.context.event.EventPublishingTestExecutionListener]
2022-07-13 19:53:43.958  INFO 38018 --- [    Test worker] .b.t.c.SpringBootTestContextBootstrapper : Using TestExecutionListeners: [org.springframework.test.context.web.ServletTestExecutionListener@3ed1cff, org.springframework.test.context.support.DirtiesContextBeforeModesTestExecutionListener@591e5480, org.springframework.test.context.event.ApplicationEventsTestExecutionListener@754e3050, org.springframework.boot.test.mock.mockito.MockitoTestExecutionListener@58f49b5e, org.springframework.boot.test.autoconfigure.SpringBootDependencyInjectionTestExecutionListener@33957e5b, org.springframework.test.context.support.DirtiesContextTestExecutionListener@188496fd, org.springframework.test.context.event.EventPublishingTestExecutionListener@1cccf90d, org.springframework.boot.test.autoconfigure.restdocs.RestDocsTestExecutionListener@601ebfa1, org.springframework.boot.test.autoconfigure.web.client.MockRestServiceServerResetTestExecutionListener@78e1625f, org.springframework.boot.test.autoconfigure.web.servlet.MockMvcPrintOnlyOnFailureTestExecutionListener@446e20c0, org.springframework.boot.test.autoconfigure.web.servlet.WebDriverTestExecutionListener@3f11add1, org.springframework.boot.test.autoconfigure.webservices.client.MockWebServiceServerTestExecutionListener@2ae7ee25, org.springframework.boot.test.mock.mockito.ResetMocksTestExecutionListener@596792bc]
2022-07-13 19:53:43.960  INFO 38018 --- [    Test worker] .b.t.c.SpringBootTestContextBootstrapper : Neither @ContextConfiguration nor @ContextHierarchy found for test class [com.globantx.cardinalevaluator.CucumberSpringConfiguration], using SpringBootContextLoader
2022-07-13 19:53:43.960  INFO 38018 --- [    Test worker] o.s.t.c.support.AbstractContextLoader    : Could not detect default resource locations for test class [com.globantx.cardinalevaluator.CucumberSpringConfiguration]: no resource found for suffixes {-context.xml, Context.groovy}.
2022-07-13 19:53:43.960  INFO 38018 --- [    Test worker] .b.t.c.SpringBootTestContextBootstrapper : Loaded default TestExecutionListener class names from location [META-INF/spring.factories]: [org.springframework.boot.test.autoconfigure.restdocs.RestDocsTestExecutionListener, org.springframework.boot.test.autoconfigure.web.client.MockRestServiceServerResetTestExecutionListener, org.springframework.boot.test.autoconfigure.web.servlet.MockMvcPrintOnlyOnFailureTestExecutionListener, org.springframework.boot.test.autoconfigure.web.servlet.WebDriverTestExecutionListener, org.springframework.boot.test.autoconfigure.webservices.client.MockWebServiceServerTestExecutionListener, org.springframework.boot.test.mock.mockito.MockitoTestExecutionListener, org.springframework.boot.test.mock.mockito.ResetMocksTestExecutionListener, org.springframework.test.context.web.ServletTestExecutionListener, org.springframework.test.context.support.DirtiesContextBeforeModesTestExecutionListener, org.springframework.test.context.event.ApplicationEventsTestExecutionListener, org.springframework.test.context.support.DependencyInjectionTestExecutionListener, org.springframework.test.context.support.DirtiesContextTestExecutionListener, org.springframework.test.context.transaction.TransactionalTestExecutionListener, org.springframework.test.context.jdbc.SqlScriptsTestExecutionListener, org.springframework.test.context.event.EventPublishingTestExecutionListener]
2022-07-13 19:53:43.961  INFO 38018 --- [    Test worker] .b.t.c.SpringBootTestContextBootstrapper : Using TestExecutionListeners: [org.springframework.test.context.web.ServletTestExecutionListener@6cbac170, org.springframework.test.context.support.DirtiesContextBeforeModesTestExecutionListener@5ef79613, org.springframework.test.context.event.ApplicationEventsTestExecutionListener@4bf4cd2e, org.springframework.boot.test.mock.mockito.MockitoTestExecutionListener@2ee3549e, org.springframework.boot.test.autoconfigure.SpringBootDependencyInjectionTestExecutionListener@14e8a173, org.springframework.test.context.support.DirtiesContextTestExecutionListener@764dfaf3, org.springframework.test.context.event.EventPublishingTestExecutionListener@1bbdd4a9, org.springframework.boot.test.autoconfigure.restdocs.RestDocsTestExecutionListener@2fce34e4, org.springframework.boot.test.autoconfigure.web.client.MockRestServiceServerResetTestExecutionListener@7efceb57, org.springframework.boot.test.autoconfigure.web.servlet.MockMvcPrintOnlyOnFailureTestExecutionListener@677f0c19, org.springframework.boot.test.autoconfigure.web.servlet.WebDriverTestExecutionListener@129294c3, org.springframework.boot.test.autoconfigure.webservices.client.MockWebServiceServerTestExecutionListener@4ca5eb61, org.springframework.boot.test.mock.mockito.ResetMocksTestExecutionListener@551a17f1]
2022-07-13 19:53:43.962  INFO 38018 --- [    Test worker] .b.t.c.SpringBootTestContextBootstrapper : Neither @ContextConfiguration nor @ContextHierarchy found for test class [com.globantx.cardinalevaluator.CucumberSpringConfiguration], using SpringBootContextLoader
2022-07-13 19:53:43.962  INFO 38018 --- [    Test worker] o.s.t.c.support.AbstractContextLoader    : Could not detect default resource locations for test class [com.globantx.cardinalevaluator.CucumberSpringConfiguration]: no resource found for suffixes {-context.xml, Context.groovy}.
2022-07-13 19:53:43.963  INFO 38018 --- [    Test worker] .b.t.c.SpringBootTestContextBootstrapper : Loaded default TestExecutionListener class names from location [META-INF/spring.factories]: [org.springframework.boot.test.autoconfigure.restdocs.RestDocsTestExecutionListener, org.springframework.boot.test.autoconfigure.web.client.MockRestServiceServerResetTestExecutionListener, org.springframework.boot.test.autoconfigure.web.servlet.MockMvcPrintOnlyOnFailureTestExecutionListener, org.springframework.boot.test.autoconfigure.web.servlet.WebDriverTestExecutionListener, org.springframework.boot.test.autoconfigure.webservices.client.MockWebServiceServerTestExecutionListener, org.springframework.boot.test.mock.mockito.MockitoTestExecutionListener, org.springframework.boot.test.mock.mockito.ResetMocksTestExecutionListener, org.springframework.test.context.web.ServletTestExecutionListener, org.springframework.test.context.support.DirtiesContextBeforeModesTestExecutionListener, org.springframework.test.context.event.ApplicationEventsTestExecutionListener, org.springframework.test.context.support.DependencyInjectionTestExecutionListener, org.springframework.test.context.support.DirtiesContextTestExecutionListener, org.springframework.test.context.transaction.TransactionalTestExecutionListener, org.springframework.test.context.jdbc.SqlScriptsTestExecutionListener, org.springframework.test.context.event.EventPublishingTestExecutionListener]
2022-07-13 19:53:43.963  INFO 38018 --- [    Test worker] .b.t.c.SpringBootTestContextBootstrapper : Using TestExecutionListeners: [org.springframework.test.context.web.ServletTestExecutionListener@4a1ac68f, org.springframework.test.context.support.DirtiesContextBeforeModesTestExecutionListener@4ca87783, org.springframework.test.context.event.ApplicationEventsTestExecutionListener@2f357394, org.springframework.boot.test.mock.mockito.MockitoTestExecutionListener@2a155c1c, org.springframework.boot.test.autoconfigure.SpringBootDependencyInjectionTestExecutionListener@36a7c96f, org.springframework.test.context.support.DirtiesContextTestExecutionListener@393ca457, org.springframework.test.context.event.EventPublishingTestExecutionListener@3d91d937, org.springframework.boot.test.autoconfigure.restdocs.RestDocsTestExecutionListener@3de49725, org.springframework.boot.test.autoconfigure.web.client.MockRestServiceServerResetTestExecutionListener@3580dd47, org.springframework.boot.test.autoconfigure.web.servlet.MockMvcPrintOnlyOnFailureTestExecutionListener@6942d9bc, org.springframework.boot.test.autoconfigure.web.servlet.WebDriverTestExecutionListener@5aa9fdc2, org.springframework.boot.test.autoconfigure.webservices.client.MockWebServiceServerTestExecutionListener@436d140d, org.springframework.boot.test.mock.mockito.ResetMocksTestExecutionListener@703483c2]
2022-07-13 19:53:43.965  INFO 38018 --- [    Test worker] .b.t.c.SpringBootTestContextBootstrapper : Neither @ContextConfiguration nor @ContextHierarchy found for test class [com.globantx.cardinalevaluator.CucumberSpringConfiguration], using SpringBootContextLoader
2022-07-13 19:53:43.965  INFO 38018 --- [    Test worker] o.s.t.c.support.AbstractContextLoader    : Could not detect default resource locations for test class [com.globantx.cardinalevaluator.CucumberSpringConfiguration]: no resource found for suffixes {-context.xml, Context.groovy}.
2022-07-13 19:53:43.965  INFO 38018 --- [    Test worker] .b.t.c.SpringBootTestContextBootstrapper : Loaded default TestExecutionListener class names from location [META-INF/spring.factories]: [org.springframework.boot.test.autoconfigure.restdocs.RestDocsTestExecutionListener, org.springframework.boot.test.autoconfigure.web.client.MockRestServiceServerResetTestExecutionListener, org.springframework.boot.test.autoconfigure.web.servlet.MockMvcPrintOnlyOnFailureTestExecutionListener, org.springframework.boot.test.autoconfigure.web.servlet.WebDriverTestExecutionListener, org.springframework.boot.test.autoconfigure.webservices.client.MockWebServiceServerTestExecutionListener, org.springframework.boot.test.mock.mockito.MockitoTestExecutionListener, org.springframework.boot.test.mock.mockito.ResetMocksTestExecutionListener, org.springframework.test.context.web.ServletTestExecutionListener, org.springframework.test.context.support.DirtiesContextBeforeModesTestExecutionListener, org.springframework.test.context.event.ApplicationEventsTestExecutionListener, org.springframework.test.context.support.DependencyInjectionTestExecutionListener, org.springframework.test.context.support.DirtiesContextTestExecutionListener, org.springframework.test.context.transaction.TransactionalTestExecutionListener, org.springframework.test.context.jdbc.SqlScriptsTestExecutionListener, org.springframework.test.context.event.EventPublishingTestExecutionListener]
2022-07-13 19:53:43.965  INFO 38018 --- [    Test worker] .b.t.c.SpringBootTestContextBootstrapper : Using TestExecutionListeners: [org.springframework.test.context.web.ServletTestExecutionListener@f442b41, org.springframework.test.context.support.DirtiesContextBeforeModesTestExecutionListener@1a168086, org.springframework.test.context.event.ApplicationEventsTestExecutionListener@317032b5, org.springframework.boot.test.mock.mockito.MockitoTestExecutionListener@650e9dca, org.springframework.boot.test.autoconfigure.SpringBootDependencyInjectionTestExecutionListener@4b3ebc09, org.springframework.test.context.support.DirtiesContextTestExecutionListener@65820758, org.springframework.test.context.event.EventPublishingTestExecutionListener@555774c7, org.springframework.boot.test.autoconfigure.restdocs.RestDocsTestExecutionListener@4426536a, org.springframework.boot.test.autoconfigure.web.client.MockRestServiceServerResetTestExecutionListener@7ac66113, org.springframework.boot.test.autoconfigure.web.servlet.MockMvcPrintOnlyOnFailureTestExecutionListener@f0b01d4, org.springframework.boot.test.autoconfigure.web.servlet.WebDriverTestExecutionListener@6114adbe, org.springframework.boot.test.autoconfigure.webservices.client.MockWebServiceServerTestExecutionListener@175f1ff5, org.springframework.boot.test.mock.mockito.ResetMocksTestExecutionListener@5e583af4]
2022-07-13 19:53:43.967  INFO 38018 --- [    Test worker] .b.t.c.SpringBootTestContextBootstrapper : Neither @ContextConfiguration nor @ContextHierarchy found for test class [com.globantx.cardinalevaluator.CucumberSpringConfiguration], using SpringBootContextLoader
2022-07-13 19:53:43.967  INFO 38018 --- [    Test worker] o.s.t.c.support.AbstractContextLoader    : Could not detect default resource locations for test class [com.globantx.cardinalevaluator.CucumberSpringConfiguration]: no resource found for suffixes {-context.xml, Context.groovy}.
2022-07-13 19:53:43.968  INFO 38018 --- [    Test worker] .b.t.c.SpringBootTestContextBootstrapper : Loaded default TestExecutionListener class names from location [META-INF/spring.factories]: [org.springframework.boot.test.autoconfigure.restdocs.RestDocsTestExecutionListener, org.springframework.boot.test.autoconfigure.web.client.MockRestServiceServerResetTestExecutionListener, org.springframework.boot.test.autoconfigure.web.servlet.MockMvcPrintOnlyOnFailureTestExecutionListener, org.springframework.boot.test.autoconfigure.web.servlet.WebDriverTestExecutionListener, org.springframework.boot.test.autoconfigure.webservices.client.MockWebServiceServerTestExecutionListener, org.springframework.boot.test.mock.mockito.MockitoTestExecutionListener, org.springframework.boot.test.mock.mockito.ResetMocksTestExecutionListener, org.springframework.test.context.web.ServletTestExecutionListener, org.springframework.test.context.support.DirtiesContextBeforeModesTestExecutionListener, org.springframework.test.context.event.ApplicationEventsTestExecutionListener, org.springframework.test.context.support.DependencyInjectionTestExecutionListener, org.springframework.test.context.support.DirtiesContextTestExecutionListener, org.springframework.test.context.transaction.TransactionalTestExecutionListener, org.springframework.test.context.jdbc.SqlScriptsTestExecutionListener, org.springframework.test.context.event.EventPublishingTestExecutionListener]
2022-07-13 19:53:43.968  INFO 38018 --- [    Test worker] .b.t.c.SpringBootTestContextBootstrapper : Using TestExecutionListeners: [org.springframework.test.context.web.ServletTestExecutionListener@98a954a, org.springframework.test.context.support.DirtiesContextBeforeModesTestExecutionListener@4d37a098, org.springframework.test.context.event.ApplicationEventsTestExecutionListener@22f8be7c, org.springframework.boot.test.mock.mockito.MockitoTestExecutionListener@3de8af4d, org.springframework.boot.test.autoconfigure.SpringBootDependencyInjectionTestExecutionListener@60155d7f, org.springframework.test.context.support.DirtiesContextTestExecutionListener@10d60285, org.springframework.test.context.event.EventPublishingTestExecutionListener@773a45bd, org.springframework.boot.test.autoconfigure.restdocs.RestDocsTestExecutionListener@f501ed0, org.springframework.boot.test.autoconfigure.web.client.MockRestServiceServerResetTestExecutionListener@456454e0, org.springframework.boot.test.autoconfigure.web.servlet.MockMvcPrintOnlyOnFailureTestExecutionListener@6586b4e3, org.springframework.boot.test.autoconfigure.web.servlet.WebDriverTestExecutionListener@40340243, org.springframework.boot.test.autoconfigure.webservices.client.MockWebServiceServerTestExecutionListener@4f9d220b, org.springframework.boot.test.mock.mockito.ResetMocksTestExecutionListener@2839ac4c]
2022-07-13 19:53:43.969  INFO 38018 --- [    Test worker] .b.t.c.SpringBootTestContextBootstrapper : Neither @ContextConfiguration nor @ContextHierarchy found for test class [com.globantx.cardinalevaluator.CucumberSpringConfiguration], using SpringBootContextLoader
2022-07-13 19:53:43.969  INFO 38018 --- [    Test worker] o.s.t.c.support.AbstractContextLoader    : Could not detect default resource locations for test class [com.globantx.cardinalevaluator.CucumberSpringConfiguration]: no resource found for suffixes {-context.xml, Context.groovy}.
2022-07-13 19:53:43.970  INFO 38018 --- [    Test worker] .b.t.c.SpringBootTestContextBootstrapper : Loaded default TestExecutionListener class names from location [META-INF/spring.factories]: [org.springframework.boot.test.autoconfigure.restdocs.RestDocsTestExecutionListener, org.springframework.boot.test.autoconfigure.web.client.MockRestServiceServerResetTestExecutionListener, org.springframework.boot.test.autoconfigure.web.servlet.MockMvcPrintOnlyOnFailureTestExecutionListener, org.springframework.boot.test.autoconfigure.web.servlet.WebDriverTestExecutionListener, org.springframework.boot.test.autoconfigure.webservices.client.MockWebServiceServerTestExecutionListener, org.springframework.boot.test.mock.mockito.MockitoTestExecutionListener, org.springframework.boot.test.mock.mockito.ResetMocksTestExecutionListener, org.springframework.test.context.web.ServletTestExecutionListener, org.springframework.test.context.support.DirtiesContextBeforeModesTestExecutionListener, org.springframework.test.context.event.ApplicationEventsTestExecutionListener, org.springframework.test.context.support.DependencyInjectionTestExecutionListener, org.springframework.test.context.support.DirtiesContextTestExecutionListener, org.springframework.test.context.transaction.TransactionalTestExecutionListener, org.springframework.test.context.jdbc.SqlScriptsTestExecutionListener, org.springframework.test.context.event.EventPublishingTestExecutionListener]
2022-07-13 19:53:43.970  INFO 38018 --- [    Test worker] .b.t.c.SpringBootTestContextBootstrapper : Using TestExecutionListeners: [org.springframework.test.context.web.ServletTestExecutionListener@78483404, org.springframework.test.context.support.DirtiesContextBeforeModesTestExecutionListener@180e1754, org.springframework.test.context.event.ApplicationEventsTestExecutionListener@3ea5f324, org.springframework.boot.test.mock.mockito.MockitoTestExecutionListener@5b9b7370, org.springframework.boot.test.autoconfigure.SpringBootDependencyInjectionTestExecutionListener@62ca9413, org.springframework.test.context.support.DirtiesContextTestExecutionListener@a969ba9, org.springframework.test.context.event.EventPublishingTestExecutionListener@1b3b650c, org.springframework.boot.test.autoconfigure.restdocs.RestDocsTestExecutionListener@1b3b95e8, org.springframework.boot.test.autoconfigure.web.client.MockRestServiceServerResetTestExecutionListener@2d67f090, org.springframework.boot.test.autoconfigure.web.servlet.MockMvcPrintOnlyOnFailureTestExecutionListener@13126d46, org.springframework.boot.test.autoconfigure.web.servlet.WebDriverTestExecutionListener@53c1792d, org.springframework.boot.test.autoconfigure.webservices.client.MockWebServiceServerTestExecutionListener@14922268, org.springframework.boot.test.mock.mockito.ResetMocksTestExecutionListener@663b31a]
2022-07-13 19:53:43.972  INFO 38018 --- [    Test worker] .b.t.c.SpringBootTestContextBootstrapper : Neither @ContextConfiguration nor @ContextHierarchy found for test class [com.globantx.cardinalevaluator.CucumberSpringConfiguration], using SpringBootContextLoader
2022-07-13 19:53:43.972  INFO 38018 --- [    Test worker] o.s.t.c.support.AbstractContextLoader    : Could not detect default resource locations for test class [com.globantx.cardinalevaluator.CucumberSpringConfiguration]: no resource found for suffixes {-context.xml, Context.groovy}.
2022-07-13 19:53:43.972  INFO 38018 --- [    Test worker] .b.t.c.SpringBootTestContextBootstrapper : Loaded default TestExecutionListener class names from location [META-INF/spring.factories]: [org.springframework.boot.test.autoconfigure.restdocs.RestDocsTestExecutionListener, org.springframework.boot.test.autoconfigure.web.client.MockRestServiceServerResetTestExecutionListener, org.springframework.boot.test.autoconfigure.web.servlet.MockMvcPrintOnlyOnFailureTestExecutionListener, org.springframework.boot.test.autoconfigure.web.servlet.WebDriverTestExecutionListener, org.springframework.boot.test.autoconfigure.webservices.client.MockWebServiceServerTestExecutionListener, org.springframework.boot.test.mock.mockito.MockitoTestExecutionListener, org.springframework.boot.test.mock.mockito.ResetMocksTestExecutionListener, org.springframework.test.context.web.ServletTestExecutionListener, org.springframework.test.context.support.DirtiesContextBeforeModesTestExecutionListener, org.springframework.test.context.event.ApplicationEventsTestExecutionListener, org.springframework.test.context.support.DependencyInjectionTestExecutionListener, org.springframework.test.context.support.DirtiesContextTestExecutionListener, org.springframework.test.context.transaction.TransactionalTestExecutionListener, org.springframework.test.context.jdbc.SqlScriptsTestExecutionListener, org.springframework.test.context.event.EventPublishingTestExecutionListener]
2022-07-13 19:53:43.972  INFO 38018 --- [    Test worker] .b.t.c.SpringBootTestContextBootstrapper : Using TestExecutionListeners: [org.springframework.test.context.web.ServletTestExecutionListener@69b96cd, org.springframework.test.context.support.DirtiesContextBeforeModesTestExecutionListener@5e4b9f22, org.springframework.test.context.event.ApplicationEventsTestExecutionListener@5b4f77e1, org.springframework.boot.test.mock.mockito.MockitoTestExecutionListener@40aff4f1, org.springframework.boot.test.autoconfigure.SpringBootDependencyInjectionTestExecutionListener@1ad83fd7, org.springframework.test.context.support.DirtiesContextTestExecutionListener@18681121, org.springframework.test.context.event.EventPublishingTestExecutionListener@38388db2, org.springframework.boot.test.autoconfigure.restdocs.RestDocsTestExecutionListener@78ffe38, org.springframework.boot.test.autoconfigure.web.client.MockRestServiceServerResetTestExecutionListener@5cf24f99, org.springframework.boot.test.autoconfigure.web.servlet.MockMvcPrintOnlyOnFailureTestExecutionListener@4cbac3f, org.springframework.boot.test.autoconfigure.web.servlet.WebDriverTestExecutionListener@7862e409, org.springframework.boot.test.autoconfigure.webservices.client.MockWebServiceServerTestExecutionListener@e4bb03, org.springframework.boot.test.mock.mockito.ResetMocksTestExecutionListener@4e24b201]
2022-07-13 19:53:43.974  INFO 38018 --- [    Test worker] .b.t.c.SpringBootTestContextBootstrapper : Neither @ContextConfiguration nor @ContextHierarchy found for test class [com.globantx.cardinalevaluator.CucumberSpringConfiguration], using SpringBootContextLoader
2022-07-13 19:53:43.974  INFO 38018 --- [    Test worker] o.s.t.c.support.AbstractContextLoader    : Could not detect default resource locations for test class [com.globantx.cardinalevaluator.CucumberSpringConfiguration]: no resource found for suffixes {-context.xml, Context.groovy}.
2022-07-13 19:53:43.974  INFO 38018 --- [    Test worker] .b.t.c.SpringBootTestContextBootstrapper : Loaded default TestExecutionListener class names from location [META-INF/spring.factories]: [org.springframework.boot.test.autoconfigure.restdocs.RestDocsTestExecutionListener, org.springframework.boot.test.autoconfigure.web.client.MockRestServiceServerResetTestExecutionListener, org.springframework.boot.test.autoconfigure.web.servlet.MockMvcPrintOnlyOnFailureTestExecutionListener, org.springframework.boot.test.autoconfigure.web.servlet.WebDriverTestExecutionListener, org.springframework.boot.test.autoconfigure.webservices.client.MockWebServiceServerTestExecutionListener, org.springframework.boot.test.mock.mockito.MockitoTestExecutionListener, org.springframework.boot.test.mock.mockito.ResetMocksTestExecutionListener, org.springframework.test.context.web.ServletTestExecutionListener, org.springframework.test.context.support.DirtiesContextBeforeModesTestExecutionListener, org.springframework.test.context.event.ApplicationEventsTestExecutionListener, org.springframework.test.context.support.DependencyInjectionTestExecutionListener, org.springframework.test.context.support.DirtiesContextTestExecutionListener, org.springframework.test.context.transaction.TransactionalTestExecutionListener, org.springframework.test.context.jdbc.SqlScriptsTestExecutionListener, org.springframework.test.context.event.EventPublishingTestExecutionListener]
2022-07-13 19:53:43.974  INFO 38018 --- [    Test worker] .b.t.c.SpringBootTestContextBootstrapper : Using TestExecutionListeners: [org.springframework.test.context.web.ServletTestExecutionListener@17d745ae, org.springframework.test.context.support.DirtiesContextBeforeModesTestExecutionListener@787aa9f1, org.springframework.test.context.event.ApplicationEventsTestExecutionListener@5d63295e, org.springframework.boot.test.mock.mockito.MockitoTestExecutionListener@36bc3c49, org.springframework.boot.test.autoconfigure.SpringBootDependencyInjectionTestExecutionListener@1bebe505, org.springframework.test.context.support.DirtiesContextTestExecutionListener@36f3f2a8, org.springframework.test.context.event.EventPublishingTestExecutionListener@721e04f1, org.springframework.boot.test.autoconfigure.restdocs.RestDocsTestExecutionListener@2517308f, org.springframework.boot.test.autoconfigure.web.client.MockRestServiceServerResetTestExecutionListener@61902ae5, org.springframework.boot.test.autoconfigure.web.servlet.MockMvcPrintOnlyOnFailureTestExecutionListener@485fe2cd, org.springframework.boot.test.autoconfigure.web.servlet.WebDriverTestExecutionListener@4a645ebb, org.springframework.boot.test.autoconfigure.webservices.client.MockWebServiceServerTestExecutionListener@56eb8c30, org.springframework.boot.test.mock.mockito.ResetMocksTestExecutionListener@364c430a]
2022-07-13 19:53:43.976  INFO 38018 --- [    Test worker] .b.t.c.SpringBootTestContextBootstrapper : Neither @ContextConfiguration nor @ContextHierarchy found for test class [com.globantx.cardinalevaluator.CucumberSpringConfiguration], using SpringBootContextLoader
2022-07-13 19:53:43.976  INFO 38018 --- [    Test worker] o.s.t.c.support.AbstractContextLoader    : Could not detect default resource locations for test class [com.globantx.cardinalevaluator.CucumberSpringConfiguration]: no resource found for suffixes {-context.xml, Context.groovy}.
2022-07-13 19:53:43.976  INFO 38018 --- [    Test worker] .b.t.c.SpringBootTestContextBootstrapper : Loaded default TestExecutionListener class names from location [META-INF/spring.factories]: [org.springframework.boot.test.autoconfigure.restdocs.RestDocsTestExecutionListener, org.springframework.boot.test.autoconfigure.web.client.MockRestServiceServerResetTestExecutionListener, org.springframework.boot.test.autoconfigure.web.servlet.MockMvcPrintOnlyOnFailureTestExecutionListener, org.springframework.boot.test.autoconfigure.web.servlet.WebDriverTestExecutionListener, org.springframework.boot.test.autoconfigure.webservices.client.MockWebServiceServerTestExecutionListener, org.springframework.boot.test.mock.mockito.MockitoTestExecutionListener, org.springframework.boot.test.mock.mockito.ResetMocksTestExecutionListener, org.springframework.test.context.web.ServletTestExecutionListener, org.springframework.test.context.support.DirtiesContextBeforeModesTestExecutionListener, org.springframework.test.context.event.ApplicationEventsTestExecutionListener, org.springframework.test.context.support.DependencyInjectionTestExecutionListener, org.springframework.test.context.support.DirtiesContextTestExecutionListener, org.springframework.test.context.transaction.TransactionalTestExecutionListener, org.springframework.test.context.jdbc.SqlScriptsTestExecutionListener, org.springframework.test.context.event.EventPublishingTestExecutionListener]
2022-07-13 19:53:43.976  INFO 38018 --- [    Test worker] .b.t.c.SpringBootTestContextBootstrapper : Using TestExecutionListeners: [org.springframework.test.context.web.ServletTestExecutionListener@1b28684, org.springframework.test.context.support.DirtiesContextBeforeModesTestExecutionListener@694b818f, org.springframework.test.context.event.ApplicationEventsTestExecutionListener@63cb1a9a, org.springframework.boot.test.mock.mockito.MockitoTestExecutionListener@37cb41fa, org.springframework.boot.test.autoconfigure.SpringBootDependencyInjectionTestExecutionListener@22587721, org.springframework.test.context.support.DirtiesContextTestExecutionListener@17aadd1c, org.springframework.test.context.event.EventPublishingTestExecutionListener@2c0e0ab9, org.springframework.boot.test.autoconfigure.restdocs.RestDocsTestExecutionListener@41274a53, org.springframework.boot.test.autoconfigure.web.client.MockRestServiceServerResetTestExecutionListener@20a7dc29, org.springframework.boot.test.autoconfigure.web.servlet.MockMvcPrintOnlyOnFailureTestExecutionListener@61a4a71c, org.springframework.boot.test.autoconfigure.web.servlet.WebDriverTestExecutionListener@3d233253, org.springframework.boot.test.autoconfigure.webservices.client.MockWebServiceServerTestExecutionListener@462d8276, org.springframework.boot.test.mock.mockito.ResetMocksTestExecutionListener@5875480e]
2022-07-13 19:53:43.978  INFO 38018 --- [    Test worker] .b.t.c.SpringBootTestContextBootstrapper : Neither @ContextConfiguration nor @ContextHierarchy found for test class [com.globantx.cardinalevaluator.CucumberSpringConfiguration], using SpringBootContextLoader
2022-07-13 19:53:43.978  INFO 38018 --- [    Test worker] o.s.t.c.support.AbstractContextLoader    : Could not detect default resource locations for test class [com.globantx.cardinalevaluator.CucumberSpringConfiguration]: no resource found for suffixes {-context.xml, Context.groovy}.
2022-07-13 19:53:43.978  INFO 38018 --- [    Test worker] .b.t.c.SpringBootTestContextBootstrapper : Loaded default TestExecutionListener class names from location [META-INF/spring.factories]: [org.springframework.boot.test.autoconfigure.restdocs.RestDocsTestExecutionListener, org.springframework.boot.test.autoconfigure.web.client.MockRestServiceServerResetTestExecutionListener, org.springframework.boot.test.autoconfigure.web.servlet.MockMvcPrintOnlyOnFailureTestExecutionListener, org.springframework.boot.test.autoconfigure.web.servlet.WebDriverTestExecutionListener, org.springframework.boot.test.autoconfigure.webservices.client.MockWebServiceServerTestExecutionListener, org.springframework.boot.test.mock.mockito.MockitoTestExecutionListener, org.springframework.boot.test.mock.mockito.ResetMocksTestExecutionListener, org.springframework.test.context.web.ServletTestExecutionListener, org.springframework.test.context.support.DirtiesContextBeforeModesTestExecutionListener, org.springframework.test.context.event.ApplicationEventsTestExecutionListener, org.springframework.test.context.support.DependencyInjectionTestExecutionListener, org.springframework.test.context.support.DirtiesContextTestExecutionListener, org.springframework.test.context.transaction.TransactionalTestExecutionListener, org.springframework.test.context.jdbc.SqlScriptsTestExecutionListener, org.springframework.test.context.event.EventPublishingTestExecutionListener]
2022-07-13 19:53:43.978  INFO 38018 --- [    Test worker] .b.t.c.SpringBootTestContextBootstrapper : Using TestExecutionListeners: [org.springframework.test.context.web.ServletTestExecutionListener@1cad885b, org.springframework.test.context.support.DirtiesContextBeforeModesTestExecutionListener@38b88037, org.springframework.test.context.event.ApplicationEventsTestExecutionListener@122c8b64, org.springframework.boot.test.mock.mockito.MockitoTestExecutionListener@606b9417, org.springframework.boot.test.autoconfigure.SpringBootDependencyInjectionTestExecutionListener@10743711, org.springframework.test.context.support.DirtiesContextTestExecutionListener@6c31b410, org.springframework.test.context.event.EventPublishingTestExecutionListener@1ab07559, org.springframework.boot.test.autoconfigure.restdocs.RestDocsTestExecutionListener@26c79134, org.springframework.boot.test.autoconfigure.web.client.MockRestServiceServerResetTestExecutionListener@17baf642, org.springframework.boot.test.autoconfigure.web.servlet.MockMvcPrintOnlyOnFailureTestExecutionListener@764a5191, org.springframework.boot.test.autoconfigure.web.servlet.WebDriverTestExecutionListener@6fc9f8bc, org.springframework.boot.test.autoconfigure.webservices.client.MockWebServiceServerTestExecutionListener@751d9a40, org.springframework.boot.test.mock.mockito.ResetMocksTestExecutionListener@35d57a47]
2022-07-13 19:53:43.980  INFO 38018 --- [    Test worker] .b.t.c.SpringBootTestContextBootstrapper : Neither @ContextConfiguration nor @ContextHierarchy found for test class [com.globantx.cardinalevaluator.CucumberSpringConfiguration], using SpringBootContextLoader
2022-07-13 19:53:43.980  INFO 38018 --- [    Test worker] o.s.t.c.support.AbstractContextLoader    : Could not detect default resource locations for test class [com.globantx.cardinalevaluator.CucumberSpringConfiguration]: no resource found for suffixes {-context.xml, Context.groovy}.
2022-07-13 19:53:43.980  INFO 38018 --- [    Test worker] .b.t.c.SpringBootTestContextBootstrapper : Loaded default TestExecutionListener class names from location [META-INF/spring.factories]: [org.springframework.boot.test.autoconfigure.restdocs.RestDocsTestExecutionListener, org.springframework.boot.test.autoconfigure.web.client.MockRestServiceServerResetTestExecutionListener, org.springframework.boot.test.autoconfigure.web.servlet.MockMvcPrintOnlyOnFailureTestExecutionListener, org.springframework.boot.test.autoconfigure.web.servlet.WebDriverTestExecutionListener, org.springframework.boot.test.autoconfigure.webservices.client.MockWebServiceServerTestExecutionListener, org.springframework.boot.test.mock.mockito.MockitoTestExecutionListener, org.springframework.boot.test.mock.mockito.ResetMocksTestExecutionListener, org.springframework.test.context.web.ServletTestExecutionListener, org.springframework.test.context.support.DirtiesContextBeforeModesTestExecutionListener, org.springframework.test.context.event.ApplicationEventsTestExecutionListener, org.springframework.test.context.support.DependencyInjectionTestExecutionListener, org.springframework.test.context.support.DirtiesContextTestExecutionListener, org.springframework.test.context.transaction.TransactionalTestExecutionListener, org.springframework.test.context.jdbc.SqlScriptsTestExecutionListener, org.springframework.test.context.event.EventPublishingTestExecutionListener]
2022-07-13 19:53:43.980  INFO 38018 --- [    Test worker] .b.t.c.SpringBootTestContextBootstrapper : Using TestExecutionListeners: [org.springframework.test.context.web.ServletTestExecutionListener@113773b5, org.springframework.test.context.support.DirtiesContextBeforeModesTestExecutionListener@319b7537, org.springframework.test.context.event.ApplicationEventsTestExecutionListener@28cd26de, org.springframework.boot.test.mock.mockito.MockitoTestExecutionListener@36d476c2, org.springframework.boot.test.autoconfigure.SpringBootDependencyInjectionTestExecutionListener@1c541176, org.springframework.test.context.support.DirtiesContextTestExecutionListener@768cfd06, org.springframework.test.context.event.EventPublishingTestExecutionListener@37b6dedf, org.springframework.boot.test.autoconfigure.restdocs.RestDocsTestExecutionListener@22c1cc8d, org.springframework.boot.test.autoconfigure.web.client.MockRestServiceServerResetTestExecutionListener@1e22a602, org.springframework.boot.test.autoconfigure.web.servlet.MockMvcPrintOnlyOnFailureTestExecutionListener@f571c0d, org.springframework.boot.test.autoconfigure.web.servlet.WebDriverTestExecutionListener@e166b1e, org.springframework.boot.test.autoconfigure.webservices.client.MockWebServiceServerTestExecutionListener@221f7bf5, org.springframework.boot.test.mock.mockito.ResetMocksTestExecutionListener@2986db02]
2022-07-13 19:53:43.982  INFO 38018 --- [    Test worker] .b.t.c.SpringBootTestContextBootstrapper : Neither @ContextConfiguration nor @ContextHierarchy found for test class [com.globantx.cardinalevaluator.CucumberSpringConfiguration], using SpringBootContextLoader
2022-07-13 19:53:43.982  INFO 38018 --- [    Test worker] o.s.t.c.support.AbstractContextLoader    : Could not detect default resource locations for test class [com.globantx.cardinalevaluator.CucumberSpringConfiguration]: no resource found for suffixes {-context.xml, Context.groovy}.
2022-07-13 19:53:43.983  INFO 38018 --- [    Test worker] .b.t.c.SpringBootTestContextBootstrapper : Loaded default TestExecutionListener class names from location [META-INF/spring.factories]: [org.springframework.boot.test.autoconfigure.restdocs.RestDocsTestExecutionListener, org.springframework.boot.test.autoconfigure.web.client.MockRestServiceServerResetTestExecutionListener, org.springframework.boot.test.autoconfigure.web.servlet.MockMvcPrintOnlyOnFailureTestExecutionListener, org.springframework.boot.test.autoconfigure.web.servlet.WebDriverTestExecutionListener, org.springframework.boot.test.autoconfigure.webservices.client.MockWebServiceServerTestExecutionListener, org.springframework.boot.test.mock.mockito.MockitoTestExecutionListener, org.springframework.boot.test.mock.mockito.ResetMocksTestExecutionListener, org.springframework.test.context.web.ServletTestExecutionListener, org.springframework.test.context.support.DirtiesContextBeforeModesTestExecutionListener, org.springframework.test.context.event.ApplicationEventsTestExecutionListener, org.springframework.test.context.support.DependencyInjectionTestExecutionListener, org.springframework.test.context.support.DirtiesContextTestExecutionListener, org.springframework.test.context.transaction.TransactionalTestExecutionListener, org.springframework.test.context.jdbc.SqlScriptsTestExecutionListener, org.springframework.test.context.event.EventPublishingTestExecutionListener]
2022-07-13 19:53:43.983  INFO 38018 --- [    Test worker] .b.t.c.SpringBootTestContextBootstrapper : Using TestExecutionListeners: [org.springframework.test.context.web.ServletTestExecutionListener@1e060d4b, org.springframework.test.context.support.DirtiesContextBeforeModesTestExecutionListener@2375cb0e, org.springframework.test.context.event.ApplicationEventsTestExecutionListener@7a6ccc46, org.springframework.boot.test.mock.mockito.MockitoTestExecutionListener@65ad56c2, org.springframework.boot.test.autoconfigure.SpringBootDependencyInjectionTestExecutionListener@4b6f7369, org.springframework.test.context.support.DirtiesContextTestExecutionListener@464fecb1, org.springframework.test.context.event.EventPublishingTestExecutionListener@5a5d16c2, org.springframework.boot.test.autoconfigure.restdocs.RestDocsTestExecutionListener@55c9400d, org.springframework.boot.test.autoconfigure.web.client.MockRestServiceServerResetTestExecutionListener@650d95e6, org.springframework.boot.test.autoconfigure.web.servlet.MockMvcPrintOnlyOnFailureTestExecutionListener@5c1ec792, org.springframework.boot.test.autoconfigure.web.servlet.WebDriverTestExecutionListener@6e4731d5, org.springframework.boot.test.autoconfigure.webservices.client.MockWebServiceServerTestExecutionListener@7111dd38, org.springframework.boot.test.mock.mockito.ResetMocksTestExecutionListener@783ac459]
2022-07-13 19:53:43.984  INFO 38018 --- [    Test worker] .b.t.c.SpringBootTestContextBootstrapper : Neither @ContextConfiguration nor @ContextHierarchy found for test class [com.globantx.cardinalevaluator.CucumberSpringConfiguration], using SpringBootContextLoader
2022-07-13 19:53:43.984  INFO 38018 --- [    Test worker] o.s.t.c.support.AbstractContextLoader    : Could not detect default resource locations for test class [com.globantx.cardinalevaluator.CucumberSpringConfiguration]: no resource found for suffixes {-context.xml, Context.groovy}.
2022-07-13 19:53:43.985  INFO 38018 --- [    Test worker] .b.t.c.SpringBootTestContextBootstrapper : Loaded default TestExecutionListener class names from location [META-INF/spring.factories]: [org.springframework.boot.test.autoconfigure.restdocs.RestDocsTestExecutionListener, org.springframework.boot.test.autoconfigure.web.client.MockRestServiceServerResetTestExecutionListener, org.springframework.boot.test.autoconfigure.web.servlet.MockMvcPrintOnlyOnFailureTestExecutionListener, org.springframework.boot.test.autoconfigure.web.servlet.WebDriverTestExecutionListener, org.springframework.boot.test.autoconfigure.webservices.client.MockWebServiceServerTestExecutionListener, org.springframework.boot.test.mock.mockito.MockitoTestExecutionListener, org.springframework.boot.test.mock.mockito.ResetMocksTestExecutionListener, org.springframework.test.context.web.ServletTestExecutionListener, org.springframework.test.context.support.DirtiesContextBeforeModesTestExecutionListener, org.springframework.test.context.event.ApplicationEventsTestExecutionListener, org.springframework.test.context.support.DependencyInjectionTestExecutionListener, org.springframework.test.context.support.DirtiesContextTestExecutionListener, org.springframework.test.context.transaction.TransactionalTestExecutionListener, org.springframework.test.context.jdbc.SqlScriptsTestExecutionListener, org.springframework.test.context.event.EventPublishingTestExecutionListener]
2022-07-13 19:53:43.985  INFO 38018 --- [    Test worker] .b.t.c.SpringBootTestContextBootstrapper : Using TestExecutionListeners: [org.springframework.test.context.web.ServletTestExecutionListener@5232be9b, org.springframework.test.context.support.DirtiesContextBeforeModesTestExecutionListener@5ace491, org.springframework.test.context.event.ApplicationEventsTestExecutionListener@7a2b0101, org.springframework.boot.test.mock.mockito.MockitoTestExecutionListener@549d1a11, org.springframework.boot.test.autoconfigure.SpringBootDependencyInjectionTestExecutionListener@139ca07f, org.springframework.test.context.support.DirtiesContextTestExecutionListener@717646f1, org.springframework.test.context.event.EventPublishingTestExecutionListener@537762d7, org.springframework.boot.test.autoconfigure.restdocs.RestDocsTestExecutionListener@6f06b73a, org.springframework.boot.test.autoconfigure.web.client.MockRestServiceServerResetTestExecutionListener@196f7dfd, org.springframework.boot.test.autoconfigure.web.servlet.MockMvcPrintOnlyOnFailureTestExecutionListener@5aede1ef, org.springframework.boot.test.autoconfigure.web.servlet.WebDriverTestExecutionListener@326451bf, org.springframework.boot.test.autoconfigure.webservices.client.MockWebServiceServerTestExecutionListener@68819fae, org.springframework.boot.test.mock.mockito.ResetMocksTestExecutionListener@ae397d6]
2022-07-13 19:53:43.987  INFO 38018 --- [    Test worker] .b.t.c.SpringBootTestContextBootstrapper : Neither @ContextConfiguration nor @ContextHierarchy found for test class [com.globantx.cardinalevaluator.CucumberSpringConfiguration], using SpringBootContextLoader
2022-07-13 19:53:43.987  INFO 38018 --- [    Test worker] o.s.t.c.support.AbstractContextLoader    : Could not detect default resource locations for test class [com.globantx.cardinalevaluator.CucumberSpringConfiguration]: no resource found for suffixes {-context.xml, Context.groovy}.
2022-07-13 19:53:43.988  INFO 38018 --- [    Test worker] .b.t.c.SpringBootTestContextBootstrapper : Loaded default TestExecutionListener class names from location [META-INF/spring.factories]: [org.springframework.boot.test.autoconfigure.restdocs.RestDocsTestExecutionListener, org.springframework.boot.test.autoconfigure.web.client.MockRestServiceServerResetTestExecutionListener, org.springframework.boot.test.autoconfigure.web.servlet.MockMvcPrintOnlyOnFailureTestExecutionListener, org.springframework.boot.test.autoconfigure.web.servlet.WebDriverTestExecutionListener, org.springframework.boot.test.autoconfigure.webservices.client.MockWebServiceServerTestExecutionListener, org.springframework.boot.test.mock.mockito.MockitoTestExecutionListener, org.springframework.boot.test.mock.mockito.ResetMocksTestExecutionListener, org.springframework.test.context.web.ServletTestExecutionListener, org.springframework.test.context.support.DirtiesContextBeforeModesTestExecutionListener, org.springframework.test.context.event.ApplicationEventsTestExecutionListener, org.springframework.test.context.support.DependencyInjectionTestExecutionListener, org.springframework.test.context.support.DirtiesContextTestExecutionListener, org.springframework.test.context.transaction.TransactionalTestExecutionListener, org.springframework.test.context.jdbc.SqlScriptsTestExecutionListener, org.springframework.test.context.event.EventPublishingTestExecutionListener]
2022-07-13 19:53:43.988  INFO 38018 --- [    Test worker] .b.t.c.SpringBootTestContextBootstrapper : Using TestExecutionListeners: [org.springframework.test.context.web.ServletTestExecutionListener@3f34edfc, org.springframework.test.context.support.DirtiesContextBeforeModesTestExecutionListener@2f4daa0c, org.springframework.test.context.event.ApplicationEventsTestExecutionListener@4bd52ca4, org.springframework.boot.test.mock.mockito.MockitoTestExecutionListener@5d9e5f2f, org.springframework.boot.test.autoconfigure.SpringBootDependencyInjectionTestExecutionListener@455d026d, org.springframework.test.context.support.DirtiesContextTestExecutionListener@782cd00, org.springframework.test.context.event.EventPublishingTestExecutionListener@65d07158, org.springframework.boot.test.autoconfigure.restdocs.RestDocsTestExecutionListener@4a182dea, org.springframework.boot.test.autoconfigure.web.client.MockRestServiceServerResetTestExecutionListener@677b00ae, org.springframework.boot.test.autoconfigure.web.servlet.MockMvcPrintOnlyOnFailureTestExecutionListener@76802b8c, org.springframework.boot.test.autoconfigure.web.servlet.WebDriverTestExecutionListener@10bcceb5, org.springframework.boot.test.autoconfigure.webservices.client.MockWebServiceServerTestExecutionListener@1b40c635, org.springframework.boot.test.mock.mockito.ResetMocksTestExecutionListener@2481db83]
2022-07-13 19:53:43.990  INFO 38018 --- [    Test worker] .b.t.c.SpringBootTestContextBootstrapper : Neither @ContextConfiguration nor @ContextHierarchy found for test class [com.globantx.cardinalevaluator.CucumberSpringConfiguration], using SpringBootContextLoader
2022-07-13 19:53:43.990  INFO 38018 --- [    Test worker] o.s.t.c.support.AbstractContextLoader    : Could not detect default resource locations for test class [com.globantx.cardinalevaluator.CucumberSpringConfiguration]: no resource found for suffixes {-context.xml, Context.groovy}.
2022-07-13 19:53:43.990  INFO 38018 --- [    Test worker] .b.t.c.SpringBootTestContextBootstrapper : Loaded default TestExecutionListener class names from location [META-INF/spring.factories]: [org.springframework.boot.test.autoconfigure.restdocs.RestDocsTestExecutionListener, org.springframework.boot.test.autoconfigure.web.client.MockRestServiceServerResetTestExecutionListener, org.springframework.boot.test.autoconfigure.web.servlet.MockMvcPrintOnlyOnFailureTestExecutionListener, org.springframework.boot.test.autoconfigure.web.servlet.WebDriverTestExecutionListener, org.springframework.boot.test.autoconfigure.webservices.client.MockWebServiceServerTestExecutionListener, org.springframework.boot.test.mock.mockito.MockitoTestExecutionListener, org.springframework.boot.test.mock.mockito.ResetMocksTestExecutionListener, org.springframework.test.context.web.ServletTestExecutionListener, org.springframework.test.context.support.DirtiesContextBeforeModesTestExecutionListener, org.springframework.test.context.event.ApplicationEventsTestExecutionListener, org.springframework.test.context.support.DependencyInjectionTestExecutionListener, org.springframework.test.context.support.DirtiesContextTestExecutionListener, org.springframework.test.context.transaction.TransactionalTestExecutionListener, org.springframework.test.context.jdbc.SqlScriptsTestExecutionListener, org.springframework.test.context.event.EventPublishingTestExecutionListener]
2022-07-13 19:53:43.991  INFO 38018 --- [    Test worker] .b.t.c.SpringBootTestContextBootstrapper : Using TestExecutionListeners: [org.springframework.test.context.web.ServletTestExecutionListener@532a48d4, org.springframework.test.context.support.DirtiesContextBeforeModesTestExecutionListener@2515ed62, org.springframework.test.context.event.ApplicationEventsTestExecutionListener@38f9e69b, org.springframework.boot.test.mock.mockito.MockitoTestExecutionListener@128e7fc4, org.springframework.boot.test.autoconfigure.SpringBootDependencyInjectionTestExecutionListener@13e3f9a9, org.springframework.test.context.support.DirtiesContextTestExecutionListener@1997784a, org.springframework.test.context.event.EventPublishingTestExecutionListener@6ead88dd, org.springframework.boot.test.autoconfigure.restdocs.RestDocsTestExecutionListener@fbcba93, org.springframework.boot.test.autoconfigure.web.client.MockRestServiceServerResetTestExecutionListener@39e347c, org.springframework.boot.test.autoconfigure.web.servlet.MockMvcPrintOnlyOnFailureTestExecutionListener@2169596d, org.springframework.boot.test.autoconfigure.web.servlet.WebDriverTestExecutionListener@2300d6fd, org.springframework.boot.test.autoconfigure.webservices.client.MockWebServiceServerTestExecutionListener@4902882c, org.springframework.boot.test.mock.mockito.ResetMocksTestExecutionListener@3b4d78a4]
2022-07-13 19:53:43.993  INFO 38018 --- [    Test worker] .b.t.c.SpringBootTestContextBootstrapper : Neither @ContextConfiguration nor @ContextHierarchy found for test class [com.globantx.cardinalevaluator.CucumberSpringConfiguration], using SpringBootContextLoader
2022-07-13 19:53:43.993  INFO 38018 --- [    Test worker] o.s.t.c.support.AbstractContextLoader    : Could not detect default resource locations for test class [com.globantx.cardinalevaluator.CucumberSpringConfiguration]: no resource found for suffixes {-context.xml, Context.groovy}.
2022-07-13 19:53:43.993  INFO 38018 --- [    Test worker] .b.t.c.SpringBootTestContextBootstrapper : Loaded default TestExecutionListener class names from location [META-INF/spring.factories]: [org.springframework.boot.test.autoconfigure.restdocs.RestDocsTestExecutionListener, org.springframework.boot.test.autoconfigure.web.client.MockRestServiceServerResetTestExecutionListener, org.springframework.boot.test.autoconfigure.web.servlet.MockMvcPrintOnlyOnFailureTestExecutionListener, org.springframework.boot.test.autoconfigure.web.servlet.WebDriverTestExecutionListener, org.springframework.boot.test.autoconfigure.webservices.client.MockWebServiceServerTestExecutionListener, org.springframework.boot.test.mock.mockito.MockitoTestExecutionListener, org.springframework.boot.test.mock.mockito.ResetMocksTestExecutionListener, org.springframework.test.context.web.ServletTestExecutionListener, org.springframework.test.context.support.DirtiesContextBeforeModesTestExecutionListener, org.springframework.test.context.event.ApplicationEventsTestExecutionListener, org.springframework.test.context.support.DependencyInjectionTestExecutionListener, org.springframework.test.context.support.DirtiesContextTestExecutionListener, org.springframework.test.context.transaction.TransactionalTestExecutionListener, org.springframework.test.context.jdbc.SqlScriptsTestExecutionListener, org.springframework.test.context.event.EventPublishingTestExecutionListener]
2022-07-13 19:53:43.994  INFO 38018 --- [    Test worker] .b.t.c.SpringBootTestContextBootstrapper : Using TestExecutionListeners: [org.springframework.test.context.web.ServletTestExecutionListener@5084fc91, org.springframework.test.context.support.DirtiesContextBeforeModesTestExecutionListener@75966f42, org.springframework.test.context.event.ApplicationEventsTestExecutionListener@2808ca34, org.springframework.boot.test.mock.mockito.MockitoTestExecutionListener@78500fc9, org.springframework.boot.test.autoconfigure.SpringBootDependencyInjectionTestExecutionListener@fc71426, org.springframework.test.context.support.DirtiesContextTestExecutionListener@49ed96e3, org.springframework.test.context.event.EventPublishingTestExecutionListener@275aac80, org.springframework.boot.test.autoconfigure.restdocs.RestDocsTestExecutionListener@5f8cd1e5, org.springframework.boot.test.autoconfigure.web.client.MockRestServiceServerResetTestExecutionListener@685d9816, org.springframework.boot.test.autoconfigure.web.servlet.MockMvcPrintOnlyOnFailureTestExecutionListener@4d225170, org.springframework.boot.test.autoconfigure.web.servlet.WebDriverTestExecutionListener@3f6edaf8, org.springframework.boot.test.autoconfigure.webservices.client.MockWebServiceServerTestExecutionListener@6543709, org.springframework.boot.test.mock.mockito.ResetMocksTestExecutionListener@2cd92fd]
2022-07-13 19:53:43.996  INFO 38018 --- [    Test worker] .b.t.c.SpringBootTestContextBootstrapper : Neither @ContextConfiguration nor @ContextHierarchy found for test class [com.globantx.cardinalevaluator.CucumberSpringConfiguration], using SpringBootContextLoader
2022-07-13 19:53:43.996  INFO 38018 --- [    Test worker] o.s.t.c.support.AbstractContextLoader    : Could not detect default resource locations for test class [com.globantx.cardinalevaluator.CucumberSpringConfiguration]: no resource found for suffixes {-context.xml, Context.groovy}.
2022-07-13 19:53:43.996  INFO 38018 --- [    Test worker] .b.t.c.SpringBootTestContextBootstrapper : Loaded default TestExecutionListener class names from location [META-INF/spring.factories]: [org.springframework.boot.test.autoconfigure.restdocs.RestDocsTestExecutionListener, org.springframework.boot.test.autoconfigure.web.client.MockRestServiceServerResetTestExecutionListener, org.springframework.boot.test.autoconfigure.web.servlet.MockMvcPrintOnlyOnFailureTestExecutionListener, org.springframework.boot.test.autoconfigure.web.servlet.WebDriverTestExecutionListener, org.springframework.boot.test.autoconfigure.webservices.client.MockWebServiceServerTestExecutionListener, org.springframework.boot.test.mock.mockito.MockitoTestExecutionListener, org.springframework.boot.test.mock.mockito.ResetMocksTestExecutionListener, org.springframework.test.context.web.ServletTestExecutionListener, org.springframework.test.context.support.DirtiesContextBeforeModesTestExecutionListener, org.springframework.test.context.event.ApplicationEventsTestExecutionListener, org.springframework.test.context.support.DependencyInjectionTestExecutionListener, org.springframework.test.context.support.DirtiesContextTestExecutionListener, org.springframework.test.context.transaction.TransactionalTestExecutionListener, org.springframework.test.context.jdbc.SqlScriptsTestExecutionListener, org.springframework.test.context.event.EventPublishingTestExecutionListener]
2022-07-13 19:53:43.996  INFO 38018 --- [    Test worker] .b.t.c.SpringBootTestContextBootstrapper : Using TestExecutionListeners: [org.springframework.test.context.web.ServletTestExecutionListener@5dbbfa05, org.springframework.test.context.support.DirtiesContextBeforeModesTestExecutionListener@14cb5250, org.springframework.test.context.event.ApplicationEventsTestExecutionListener@3300d3bf, org.springframework.boot.test.mock.mockito.MockitoTestExecutionListener@5db4e558, org.springframework.boot.test.autoconfigure.SpringBootDependencyInjectionTestExecutionListener@5f5d5739, org.springframework.test.context.support.DirtiesContextTestExecutionListener@11cac750, org.springframework.test.context.event.EventPublishingTestExecutionListener@24e273fd, org.springframework.boot.test.autoconfigure.restdocs.RestDocsTestExecutionListener@5e86dc1c, org.springframework.boot.test.autoconfigure.web.client.MockRestServiceServerResetTestExecutionListener@6b57ac6a, org.springframework.boot.test.autoconfigure.web.servlet.MockMvcPrintOnlyOnFailureTestExecutionListener@2ce01617, org.springframework.boot.test.autoconfigure.web.servlet.WebDriverTestExecutionListener@1b2af5ed, org.springframework.boot.test.autoconfigure.webservices.client.MockWebServiceServerTestExecutionListener@7324bca8, org.springframework.boot.test.mock.mockito.ResetMocksTestExecutionListener@25c66a5a]
]]></system-out>
  <system-err><![CDATA[]]></system-err>
</testsuite>
