<?xml version="1.0" encoding="UTF-8"?>
<testsuite name="com.globantx.cardinalevaluator.CucumberConfig" tests="155" skipped="0" failures="0" errors="0" timestamp="2022-07-14T00:16:03" hostname="EC-IT00018" time="1.549">
  <properties/>
  <testcase name="El objetivo es que traduzca frases de todo tipo, que tengan numeros escritos en letras adentro, como por ejemplo: &quot;Quisiera transferir ciento cincuenta pesos a Juan Perez que vive en la calle Rivadavia cuarenta y tres&quot;-&gt; &quot;Quisiera transferir 150 pesos a Juan Perez que vive en la calle Rivadavia 43&quot; - Identificar numeros en una frase" classname="com.globantx.cardinalevaluator.CucumberConfig" time="1.103"/>
  <testcase name="El objetivo es que traduzca frases de todo tipo, que tengan numeros escritos en letras adentro, como por ejemplo: &quot;Quisiera transferir ciento cincuenta pesos a Juan Perez que vive en la calle Rivadavia cuarenta y tres&quot;-&gt; &quot;Quisiera transferir 150 pesos a Juan Perez que vive en la calle Rivadavia 43&quot; - Identificar dos un valor a transferir y una calle" classname="com.globantx.cardinalevaluator.CucumberConfig" time="0.006"/>
  <testcase name="El objetivo es que traduzca frases de todo tipo, que tengan numeros escritos en letras adentro, como por ejemplo: &quot;Quisiera transferir ciento cincuenta pesos a Juan Perez que vive en la calle Rivadavia cuarenta y tres&quot;-&gt; &quot;Quisiera transferir 150 pesos a Juan Perez que vive en la calle Rivadavia 43&quot; - Si la frase es un numero cardinal menor a veinte, se escribe directamente su correspondiente valor numerico - Examples - Example #1" classname="com.globantx.cardinalevaluator.CucumberConfig" time="0.005"/>
  <testcase name="El objetivo es que traduzca frases de todo tipo, que tengan numeros escritos en letras adentro, como por ejemplo: &quot;Quisiera transferir ciento cincuenta pesos a Juan Perez que vive en la calle Rivadavia cuarenta y tres&quot;-&gt; &quot;Quisiera transferir 150 pesos a Juan Perez que vive en la calle Rivadavia 43&quot; - Si la frase es un numero cardinal menor a veinte, se escribe directamente su correspondiente valor numerico - Examples - Example #2" classname="com.globantx.cardinalevaluator.CucumberConfig" time="0.017"/>
  <testcase name="El objetivo es que traduzca frases de todo tipo, que tengan numeros escritos en letras adentro, como por ejemplo: &quot;Quisiera transferir ciento cincuenta pesos a Juan Perez que vive en la calle Rivadavia cuarenta y tres&quot;-&gt; &quot;Quisiera transferir 150 pesos a Juan Perez que vive en la calle Rivadavia 43&quot; - Si la frase es un numero cardinal menor a veinte, se escribe directamente su correspondiente valor numerico - Examples - Example #3" classname="com.globantx.cardinalevaluator.CucumberConfig" time="0.004"/>
  <testcase name="El objetivo es que traduzca frases de todo tipo, que tengan numeros escritos en letras adentro, como por ejemplo: &quot;Quisiera transferir ciento cincuenta pesos a Juan Perez que vive en la calle Rivadavia cuarenta y tres&quot;-&gt; &quot;Quisiera transferir 150 pesos a Juan Perez que vive en la calle Rivadavia 43&quot; - Si la frase es un numero cardinal menor a veinte, se escribe directamente su correspondiente valor numerico - Examples - Example #4" classname="com.globantx.cardinalevaluator.CucumberConfig" time="0.003"/>
  <testcase name="El objetivo es que traduzca frases de todo tipo, que tengan numeros escritos en letras adentro, como por ejemplo: &quot;Quisiera transferir ciento cincuenta pesos a Juan Perez que vive en la calle Rivadavia cuarenta y tres&quot;-&gt; &quot;Quisiera transferir 150 pesos a Juan Perez que vive en la calle Rivadavia 43&quot; - Si la frase es un numero cardinal menor a veinte, se escribe directamente su correspondiente valor numerico - Examples - Example #5" classname="com.globantx.cardinalevaluator.CucumberConfig" time="0.007"/>
  <testcase name="El objetivo es que traduzca frases de todo tipo, que tengan numeros escritos en letras adentro, como por ejemplo: &quot;Quisiera transferir ciento cincuenta pesos a Juan Perez que vive en la calle Rivadavia cuarenta y tres&quot;-&gt; &quot;Quisiera transferir 150 pesos a Juan Perez que vive en la calle Rivadavia 43&quot; - Si la frase es un numero cardinal menor a veinte, se escribe directamente su correspondiente valor numerico - Examples - Example #6" classname="com.globantx.cardinalevaluator.CucumberConfig" time="0.005"/>
  <testcase name="El objetivo es que traduzca frases de todo tipo, que tengan numeros escritos en letras adentro, como por ejemplo: &quot;Quisiera transferir ciento cincuenta pesos a Juan Perez que vive en la calle Rivadavia cuarenta y tres&quot;-&gt; &quot;Quisiera transferir 150 pesos a Juan Perez que vive en la calle Rivadavia 43&quot; - Si la frase es un numero cardinal menor a veinte, se escribe directamente su correspondiente valor numerico - Examples - Example #7" classname="com.globantx.cardinalevaluator.CucumberConfig" time="0.005"/>
  <testcase name="El objetivo es que traduzca frases de todo tipo, que tengan numeros escritos en letras adentro, como por ejemplo: &quot;Quisiera transferir ciento cincuenta pesos a Juan Perez que vive en la calle Rivadavia cuarenta y tres&quot;-&gt; &quot;Quisiera transferir 150 pesos a Juan Perez que vive en la calle Rivadavia 43&quot; - Si la frase es un numero cardinal menor a veinte, se escribe directamente su correspondiente valor numerico - Examples - Example #8" classname="com.globantx.cardinalevaluator.CucumberConfig" time="0.003"/>
  <testcase name="El objetivo es que traduzca frases de todo tipo, que tengan numeros escritos en letras adentro, como por ejemplo: &quot;Quisiera transferir ciento cincuenta pesos a Juan Perez que vive en la calle Rivadavia cuarenta y tres&quot;-&gt; &quot;Quisiera transferir 150 pesos a Juan Perez que vive en la calle Rivadavia 43&quot; - Si la frase es un numero cardinal menor a veinte, se escribe directamente su correspondiente valor numerico - Examples - Example #9" classname="com.globantx.cardinalevaluator.CucumberConfig" time="0.004"/>
  <testcase name="El objetivo es que traduzca frases de todo tipo, que tengan numeros escritos en letras adentro, como por ejemplo: &quot;Quisiera transferir ciento cincuenta pesos a Juan Perez que vive en la calle Rivadavia cuarenta y tres&quot;-&gt; &quot;Quisiera transferir 150 pesos a Juan Perez que vive en la calle Rivadavia 43&quot; - Si la frase es un numero cardinal menor a veinte, se escribe directamente su correspondiente valor numerico - Examples - Example #10" classname="com.globantx.cardinalevaluator.CucumberConfig" time="0.004"/>
  <testcase name="El objetivo es que traduzca frases de todo tipo, que tengan numeros escritos en letras adentro, como por ejemplo: &quot;Quisiera transferir ciento cincuenta pesos a Juan Perez que vive en la calle Rivadavia cuarenta y tres&quot;-&gt; &quot;Quisiera transferir 150 pesos a Juan Perez que vive en la calle Rivadavia 43&quot; - Si la frase es un numero cardinal menor a veinte, se escribe directamente su correspondiente valor numerico - Examples - Example #11" classname="com.globantx.cardinalevaluator.CucumberConfig" time="0.005"/>
  <testcase name="El objetivo es que traduzca frases de todo tipo, que tengan numeros escritos en letras adentro, como por ejemplo: &quot;Quisiera transferir ciento cincuenta pesos a Juan Perez que vive en la calle Rivadavia cuarenta y tres&quot;-&gt; &quot;Quisiera transferir 150 pesos a Juan Perez que vive en la calle Rivadavia 43&quot; - Si la frase es un numero cardinal menor a veinte, se escribe directamente su correspondiente valor numerico - Examples - Example #12" classname="com.globantx.cardinalevaluator.CucumberConfig" time="0.003"/>
  <testcase name="El objetivo es que traduzca frases de todo tipo, que tengan numeros escritos en letras adentro, como por ejemplo: &quot;Quisiera transferir ciento cincuenta pesos a Juan Perez que vive en la calle Rivadavia cuarenta y tres&quot;-&gt; &quot;Quisiera transferir 150 pesos a Juan Perez que vive en la calle Rivadavia 43&quot; - Si la frase es un numero cardinal menor a veinte, se escribe directamente su correspondiente valor numerico - Examples - Example #13" classname="com.globantx.cardinalevaluator.CucumberConfig" time="0.003"/>
  <testcase name="El objetivo es que traduzca frases de todo tipo, que tengan numeros escritos en letras adentro, como por ejemplo: &quot;Quisiera transferir ciento cincuenta pesos a Juan Perez que vive en la calle Rivadavia cuarenta y tres&quot;-&gt; &quot;Quisiera transferir 150 pesos a Juan Perez que vive en la calle Rivadavia 43&quot; - Si la frase es un numero cardinal menor a veinte, se escribe directamente su correspondiente valor numerico - Examples - Example #14" classname="com.globantx.cardinalevaluator.CucumberConfig" time="0.006"/>
  <testcase name="El objetivo es que traduzca frases de todo tipo, que tengan numeros escritos en letras adentro, como por ejemplo: &quot;Quisiera transferir ciento cincuenta pesos a Juan Perez que vive en la calle Rivadavia cuarenta y tres&quot;-&gt; &quot;Quisiera transferir 150 pesos a Juan Perez que vive en la calle Rivadavia 43&quot; - Si la frase es un numero cardinal menor a veinte, se escribe directamente su correspondiente valor numerico - Examples - Example #15" classname="com.globantx.cardinalevaluator.CucumberConfig" time="0.003"/>
  <testcase name="El objetivo es que traduzca frases de todo tipo, que tengan numeros escritos en letras adentro, como por ejemplo: &quot;Quisiera transferir ciento cincuenta pesos a Juan Perez que vive en la calle Rivadavia cuarenta y tres&quot;-&gt; &quot;Quisiera transferir 150 pesos a Juan Perez que vive en la calle Rivadavia 43&quot; - Si la frase es un numero cardinal menor a veinte, se escribe directamente su correspondiente valor numerico - Examples - Example #16" classname="com.globantx.cardinalevaluator.CucumberConfig" time="0.004"/>
  <testcase name="El objetivo es que traduzca frases de todo tipo, que tengan numeros escritos en letras adentro, como por ejemplo: &quot;Quisiera transferir ciento cincuenta pesos a Juan Perez que vive en la calle Rivadavia cuarenta y tres&quot;-&gt; &quot;Quisiera transferir 150 pesos a Juan Perez que vive en la calle Rivadavia 43&quot; - Si la frase es un numero cardinal menor a veinte, se escribe directamente su correspondiente valor numerico - Examples - Example #17" classname="com.globantx.cardinalevaluator.CucumberConfig" time="0.004"/>
  <testcase name="El objetivo es que traduzca frases de todo tipo, que tengan numeros escritos en letras adentro, como por ejemplo: &quot;Quisiera transferir ciento cincuenta pesos a Juan Perez que vive en la calle Rivadavia cuarenta y tres&quot;-&gt; &quot;Quisiera transferir 150 pesos a Juan Perez que vive en la calle Rivadavia 43&quot; - Si la frase es un numero cardinal menor a veinte, se escribe directamente su correspondiente valor numerico - Examples - Example #18" classname="com.globantx.cardinalevaluator.CucumberConfig" time="0.004"/>
  <testcase name="El objetivo es que traduzca frases de todo tipo, que tengan numeros escritos en letras adentro, como por ejemplo: &quot;Quisiera transferir ciento cincuenta pesos a Juan Perez que vive en la calle Rivadavia cuarenta y tres&quot;-&gt; &quot;Quisiera transferir 150 pesos a Juan Perez que vive en la calle Rivadavia 43&quot; - Si la frase es un numero cardinal menor a veinte, se escribe directamente su correspondiente valor numerico - Examples - Example #19" classname="com.globantx.cardinalevaluator.CucumberConfig" time="0.003"/>
  <testcase name="El objetivo es que traduzca frases de todo tipo, que tengan numeros escritos en letras adentro, como por ejemplo: &quot;Quisiera transferir ciento cincuenta pesos a Juan Perez que vive en la calle Rivadavia cuarenta y tres&quot;-&gt; &quot;Quisiera transferir 150 pesos a Juan Perez que vive en la calle Rivadavia 43&quot; - Si la frase es un numero cardinal menor a veinte, se escribe directamente su correspondiente valor numerico - Examples - Example #20" classname="com.globantx.cardinalevaluator.CucumberConfig" time="0.002"/>
  <testcase name="El objetivo es que traduzca frases de todo tipo, que tengan numeros escritos en letras adentro, como por ejemplo: &quot;Quisiera transferir ciento cincuenta pesos a Juan Perez que vive en la calle Rivadavia cuarenta y tres&quot;-&gt; &quot;Quisiera transferir 150 pesos a Juan Perez que vive en la calle Rivadavia 43&quot; - Validar escenarios de numeros que sean invalidos - Examples - Example #1" classname="com.globantx.cardinalevaluator.CucumberConfig" time="0.003"/>
  <testcase name="El objetivo es que traduzca frases de todo tipo, que tengan numeros escritos en letras adentro, como por ejemplo: &quot;Quisiera transferir ciento cincuenta pesos a Juan Perez que vive en la calle Rivadavia cuarenta y tres&quot;-&gt; &quot;Quisiera transferir 150 pesos a Juan Perez que vive en la calle Rivadavia 43&quot; - Validar escenarios de numeros que sean invalidos - Examples - Example #2" classname="com.globantx.cardinalevaluator.CucumberConfig" time="0.003"/>
  <testcase name="El objetivo es que traduzca frases de todo tipo, que tengan numeros escritos en letras adentro, como por ejemplo: &quot;Quisiera transferir ciento cincuenta pesos a Juan Perez que vive en la calle Rivadavia cuarenta y tres&quot;-&gt; &quot;Quisiera transferir 150 pesos a Juan Perez que vive en la calle Rivadavia 43&quot; - Validar escenarios de numeros que sean invalidos - Examples - Example #3" classname="com.globantx.cardinalevaluator.CucumberConfig" time="0.003"/>
  <testcase name="El objetivo es que traduzca frases de todo tipo, que tengan numeros escritos en letras adentro, como por ejemplo: &quot;Quisiera transferir ciento cincuenta pesos a Juan Perez que vive en la calle Rivadavia cuarenta y tres&quot;-&gt; &quot;Quisiera transferir 150 pesos a Juan Perez que vive en la calle Rivadavia 43&quot; - Validar escenarios de numeros que sean invalidos - Examples - Example #4" classname="com.globantx.cardinalevaluator.CucumberConfig" time="0.003"/>
  <testcase name="El objetivo es que traduzca frases de todo tipo, que tengan numeros escritos en letras adentro, como por ejemplo: &quot;Quisiera transferir ciento cincuenta pesos a Juan Perez que vive en la calle Rivadavia cuarenta y tres&quot;-&gt; &quot;Quisiera transferir 150 pesos a Juan Perez que vive en la calle Rivadavia 43&quot; - Validar escenarios de numeros que sean invalidos - Examples - Example #5" classname="com.globantx.cardinalevaluator.CucumberConfig" time="0.002"/>
  <testcase name="El objetivo es que traduzca frases de todo tipo, que tengan numeros escritos en letras adentro, como por ejemplo: &quot;Quisiera transferir ciento cincuenta pesos a Juan Perez que vive en la calle Rivadavia cuarenta y tres&quot;-&gt; &quot;Quisiera transferir 150 pesos a Juan Perez que vive en la calle Rivadavia 43&quot; - Validar escenarios de numeros que sean invalidos - Examples - Example #6" classname="com.globantx.cardinalevaluator.CucumberConfig" time="0.002"/>
  <testcase name="El objetivo es que traduzca frases de todo tipo, que tengan numeros escritos en letras adentro, como por ejemplo: &quot;Quisiera transferir ciento cincuenta pesos a Juan Perez que vive en la calle Rivadavia cuarenta y tres&quot;-&gt; &quot;Quisiera transferir 150 pesos a Juan Perez que vive en la calle Rivadavia 43&quot; - Validar escenarios de numeros que sean invalidos - Examples - Example #7" classname="com.globantx.cardinalevaluator.CucumberConfig" time="0.003"/>
  <testcase name="El objetivo es que traduzca frases de todo tipo, que tengan numeros escritos en letras adentro, como por ejemplo: &quot;Quisiera transferir ciento cincuenta pesos a Juan Perez que vive en la calle Rivadavia cuarenta y tres&quot;-&gt; &quot;Quisiera transferir 150 pesos a Juan Perez que vive en la calle Rivadavia 43&quot; - Validar escenarios de numeros que sean invalidos - Examples - Example #8" classname="com.globantx.cardinalevaluator.CucumberConfig" time="0.003"/>
  <testcase name="El objetivo es que traduzca frases de todo tipo, que tengan numeros escritos en letras adentro, como por ejemplo: &quot;Quisiera transferir ciento cincuenta pesos a Juan Perez que vive en la calle Rivadavia cuarenta y tres&quot;-&gt; &quot;Quisiera transferir 150 pesos a Juan Perez que vive en la calle Rivadavia 43&quot; - Validar escenarios de numeros que sean invalidos - Examples - Example #9" classname="com.globantx.cardinalevaluator.CucumberConfig" time="0.003"/>
  <testcase name="El objetivo es que traduzca frases de todo tipo, que tengan numeros escritos en letras adentro, como por ejemplo: &quot;Quisiera transferir ciento cincuenta pesos a Juan Perez que vive en la calle Rivadavia cuarenta y tres&quot;-&gt; &quot;Quisiera transferir 150 pesos a Juan Perez que vive en la calle Rivadavia 43&quot; - Validar escenarios de numeros que sean invalidos - Examples - Example #10" classname="com.globantx.cardinalevaluator.CucumberConfig" time="0.004"/>
  <testcase name="El objetivo es que traduzca frases de todo tipo, que tengan numeros escritos en letras adentro, como por ejemplo: &quot;Quisiera transferir ciento cincuenta pesos a Juan Perez que vive en la calle Rivadavia cuarenta y tres&quot;-&gt; &quot;Quisiera transferir 150 pesos a Juan Perez que vive en la calle Rivadavia 43&quot; - Validar escenarios de numeros que sean invalidos - Examples - Example #11" classname="com.globantx.cardinalevaluator.CucumberConfig" time="0.003"/>
  <testcase name="El objetivo es que traduzca frases de todo tipo, que tengan numeros escritos en letras adentro, como por ejemplo: &quot;Quisiera transferir ciento cincuenta pesos a Juan Perez que vive en la calle Rivadavia cuarenta y tres&quot;-&gt; &quot;Quisiera transferir 150 pesos a Juan Perez que vive en la calle Rivadavia 43&quot; - Validar escenarios de numeros que sean invalidos - Examples - Example #12" classname="com.globantx.cardinalevaluator.CucumberConfig" time="0.003"/>
  <testcase name="El objetivo es que traduzca frases de todo tipo, que tengan numeros escritos en letras adentro, como por ejemplo: &quot;Quisiera transferir ciento cincuenta pesos a Juan Perez que vive en la calle Rivadavia cuarenta y tres&quot;-&gt; &quot;Quisiera transferir 150 pesos a Juan Perez que vive en la calle Rivadavia 43&quot; - Si la frase es un numero cardinal mayor a 20 y menor o igual a 99, se escribe directamente su correspondiente valor numerico o se compone - Examples - Example #1" classname="com.globantx.cardinalevaluator.CucumberConfig" time="0.003"/>
  <testcase name="El objetivo es que traduzca frases de todo tipo, que tengan numeros escritos en letras adentro, como por ejemplo: &quot;Quisiera transferir ciento cincuenta pesos a Juan Perez que vive en la calle Rivadavia cuarenta y tres&quot;-&gt; &quot;Quisiera transferir 150 pesos a Juan Perez que vive en la calle Rivadavia 43&quot; - Si la frase es un numero cardinal mayor a 20 y menor o igual a 99, se escribe directamente su correspondiente valor numerico o se compone - Examples - Example #2" classname="com.globantx.cardinalevaluator.CucumberConfig" time="0.003"/>
  <testcase name="El objetivo es que traduzca frases de todo tipo, que tengan numeros escritos en letras adentro, como por ejemplo: &quot;Quisiera transferir ciento cincuenta pesos a Juan Perez que vive en la calle Rivadavia cuarenta y tres&quot;-&gt; &quot;Quisiera transferir 150 pesos a Juan Perez que vive en la calle Rivadavia 43&quot; - Si la frase es un numero cardinal mayor a 20 y menor o igual a 99, se escribe directamente su correspondiente valor numerico o se compone - Examples - Example #3" classname="com.globantx.cardinalevaluator.CucumberConfig" time="0.003"/>
  <testcase name="El objetivo es que traduzca frases de todo tipo, que tengan numeros escritos en letras adentro, como por ejemplo: &quot;Quisiera transferir ciento cincuenta pesos a Juan Perez que vive en la calle Rivadavia cuarenta y tres&quot;-&gt; &quot;Quisiera transferir 150 pesos a Juan Perez que vive en la calle Rivadavia 43&quot; - Si la frase es un numero cardinal mayor a 20 y menor o igual a 99, se escribe directamente su correspondiente valor numerico o se compone - Examples - Example #4" classname="com.globantx.cardinalevaluator.CucumberConfig" time="0.003"/>
  <testcase name="El objetivo es que traduzca frases de todo tipo, que tengan numeros escritos en letras adentro, como por ejemplo: &quot;Quisiera transferir ciento cincuenta pesos a Juan Perez que vive en la calle Rivadavia cuarenta y tres&quot;-&gt; &quot;Quisiera transferir 150 pesos a Juan Perez que vive en la calle Rivadavia 43&quot; - Si la frase es un numero cardinal mayor a 20 y menor o igual a 99, se escribe directamente su correspondiente valor numerico o se compone - Examples - Example #5" classname="com.globantx.cardinalevaluator.CucumberConfig" time="0.004"/>
  <testcase name="El objetivo es que traduzca frases de todo tipo, que tengan numeros escritos en letras adentro, como por ejemplo: &quot;Quisiera transferir ciento cincuenta pesos a Juan Perez que vive en la calle Rivadavia cuarenta y tres&quot;-&gt; &quot;Quisiera transferir 150 pesos a Juan Perez que vive en la calle Rivadavia 43&quot; - Si la frase es un numero cardinal mayor a 20 y menor o igual a 99, se escribe directamente su correspondiente valor numerico o se compone - Examples - Example #6" classname="com.globantx.cardinalevaluator.CucumberConfig" time="0.002"/>
  <testcase name="El objetivo es que traduzca frases de todo tipo, que tengan numeros escritos en letras adentro, como por ejemplo: &quot;Quisiera transferir ciento cincuenta pesos a Juan Perez que vive en la calle Rivadavia cuarenta y tres&quot;-&gt; &quot;Quisiera transferir 150 pesos a Juan Perez que vive en la calle Rivadavia 43&quot; - Si la frase es un numero cardinal mayor a 20 y menor o igual a 99, se escribe directamente su correspondiente valor numerico o se compone - Examples - Example #7" classname="com.globantx.cardinalevaluator.CucumberConfig" time="0.002"/>
  <testcase name="El objetivo es que traduzca frases de todo tipo, que tengan numeros escritos en letras adentro, como por ejemplo: &quot;Quisiera transferir ciento cincuenta pesos a Juan Perez que vive en la calle Rivadavia cuarenta y tres&quot;-&gt; &quot;Quisiera transferir 150 pesos a Juan Perez que vive en la calle Rivadavia 43&quot; - Si la frase es un numero cardinal mayor a 20 y menor o igual a 99, se escribe directamente su correspondiente valor numerico o se compone - Examples - Example #8" classname="com.globantx.cardinalevaluator.CucumberConfig" time="0.002"/>
  <testcase name="El objetivo es que traduzca frases de todo tipo, que tengan numeros escritos en letras adentro, como por ejemplo: &quot;Quisiera transferir ciento cincuenta pesos a Juan Perez que vive en la calle Rivadavia cuarenta y tres&quot;-&gt; &quot;Quisiera transferir 150 pesos a Juan Perez que vive en la calle Rivadavia 43&quot; - Si la frase es un numero cardinal mayor a 20 y menor o igual a 99, se escribe directamente su correspondiente valor numerico o se compone - Examples - Example #9" classname="com.globantx.cardinalevaluator.CucumberConfig" time="0.002"/>
  <testcase name="El objetivo es que traduzca frases de todo tipo, que tengan numeros escritos en letras adentro, como por ejemplo: &quot;Quisiera transferir ciento cincuenta pesos a Juan Perez que vive en la calle Rivadavia cuarenta y tres&quot;-&gt; &quot;Quisiera transferir 150 pesos a Juan Perez que vive en la calle Rivadavia 43&quot; - Si la frase es un numero cardinal mayor a 20 y menor o igual a 99, se escribe directamente su correspondiente valor numerico o se compone - Examples - Example #10" classname="com.globantx.cardinalevaluator.CucumberConfig" time="0.003"/>
  <testcase name="El objetivo es que traduzca frases de todo tipo, que tengan numeros escritos en letras adentro, como por ejemplo: &quot;Quisiera transferir ciento cincuenta pesos a Juan Perez que vive en la calle Rivadavia cuarenta y tres&quot;-&gt; &quot;Quisiera transferir 150 pesos a Juan Perez que vive en la calle Rivadavia 43&quot; - Si la frase es un numero cardinal mayor a 20 y menor o igual a 99, se escribe directamente su correspondiente valor numerico o se compone - Examples - Example #11" classname="com.globantx.cardinalevaluator.CucumberConfig" time="0.003"/>
  <testcase name="El objetivo es que traduzca frases de todo tipo, que tengan numeros escritos en letras adentro, como por ejemplo: &quot;Quisiera transferir ciento cincuenta pesos a Juan Perez que vive en la calle Rivadavia cuarenta y tres&quot;-&gt; &quot;Quisiera transferir 150 pesos a Juan Perez que vive en la calle Rivadavia 43&quot; - Si la frase es un numero cardinal mayor a 20 y menor o igual a 99, se escribe directamente su correspondiente valor numerico o se compone - Examples - Example #12" classname="com.globantx.cardinalevaluator.CucumberConfig" time="0.003"/>
  <testcase name="El objetivo es que traduzca frases de todo tipo, que tengan numeros escritos en letras adentro, como por ejemplo: &quot;Quisiera transferir ciento cincuenta pesos a Juan Perez que vive en la calle Rivadavia cuarenta y tres&quot;-&gt; &quot;Quisiera transferir 150 pesos a Juan Perez que vive en la calle Rivadavia 43&quot; - Si la frase es un numero cardinal mayor a 20 y menor o igual a 99, se escribe directamente su correspondiente valor numerico o se compone - Examples - Example #13" classname="com.globantx.cardinalevaluator.CucumberConfig" time="0.004"/>
  <testcase name="El objetivo es que traduzca frases de todo tipo, que tengan numeros escritos en letras adentro, como por ejemplo: &quot;Quisiera transferir ciento cincuenta pesos a Juan Perez que vive en la calle Rivadavia cuarenta y tres&quot;-&gt; &quot;Quisiera transferir 150 pesos a Juan Perez que vive en la calle Rivadavia 43&quot; - Si la frase es un numero cardinal mayor a 20 y menor o igual a 99, se escribe directamente su correspondiente valor numerico o se compone - Examples - Example #14" classname="com.globantx.cardinalevaluator.CucumberConfig" time="0.003"/>
  <testcase name="El objetivo es que traduzca frases de todo tipo, que tengan numeros escritos en letras adentro, como por ejemplo: &quot;Quisiera transferir ciento cincuenta pesos a Juan Perez que vive en la calle Rivadavia cuarenta y tres&quot;-&gt; &quot;Quisiera transferir 150 pesos a Juan Perez que vive en la calle Rivadavia 43&quot; - Si la frase es un numero cardinal mayor a 20 y menor o igual a 99, se escribe directamente su correspondiente valor numerico o se compone - Examples - Example #15" classname="com.globantx.cardinalevaluator.CucumberConfig" time="0.005"/>
  <testcase name="El objetivo es que traduzca frases de todo tipo, que tengan numeros escritos en letras adentro, como por ejemplo: &quot;Quisiera transferir ciento cincuenta pesos a Juan Perez que vive en la calle Rivadavia cuarenta y tres&quot;-&gt; &quot;Quisiera transferir 150 pesos a Juan Perez que vive en la calle Rivadavia 43&quot; - Si la frase es un numero cardinal mayor a 20 y menor o igual a 99, se escribe directamente su correspondiente valor numerico o se compone - Examples - Example #16" classname="com.globantx.cardinalevaluator.CucumberConfig" time="0.003"/>
  <testcase name="El objetivo es que traduzca frases de todo tipo, que tengan numeros escritos en letras adentro, como por ejemplo: &quot;Quisiera transferir ciento cincuenta pesos a Juan Perez que vive en la calle Rivadavia cuarenta y tres&quot;-&gt; &quot;Quisiera transferir 150 pesos a Juan Perez que vive en la calle Rivadavia 43&quot; - Si la frase es un numero cardinal mayor a 20 y menor o igual a 99, se escribe directamente su correspondiente valor numerico o se compone - Examples - Example #17" classname="com.globantx.cardinalevaluator.CucumberConfig" time="0.004"/>
  <testcase name="El objetivo es que traduzca frases de todo tipo, que tengan numeros escritos en letras adentro, como por ejemplo: &quot;Quisiera transferir ciento cincuenta pesos a Juan Perez que vive en la calle Rivadavia cuarenta y tres&quot;-&gt; &quot;Quisiera transferir 150 pesos a Juan Perez que vive en la calle Rivadavia 43&quot; - Si la frase es un numero cardinal mayor a 20 y menor o igual a 99, se escribe directamente su correspondiente valor numerico o se compone - Examples - Example #18" classname="com.globantx.cardinalevaluator.CucumberConfig" time="0.003"/>
  <testcase name="El objetivo es que traduzca frases de todo tipo, que tengan numeros escritos en letras adentro, como por ejemplo: &quot;Quisiera transferir ciento cincuenta pesos a Juan Perez que vive en la calle Rivadavia cuarenta y tres&quot;-&gt; &quot;Quisiera transferir 150 pesos a Juan Perez que vive en la calle Rivadavia 43&quot; - Si la frase es un numero cardinal mayor a 20 y menor o igual a 99, se escribe directamente su correspondiente valor numerico o se compone - Examples - Example #19" classname="com.globantx.cardinalevaluator.CucumberConfig" time="0.003"/>
  <testcase name="El objetivo es que traduzca frases de todo tipo, que tengan numeros escritos en letras adentro, como por ejemplo: &quot;Quisiera transferir ciento cincuenta pesos a Juan Perez que vive en la calle Rivadavia cuarenta y tres&quot;-&gt; &quot;Quisiera transferir 150 pesos a Juan Perez que vive en la calle Rivadavia 43&quot; - Si la frase es un numero cardinal mayor a 20 y menor o igual a 99, se escribe directamente su correspondiente valor numerico o se compone - Examples - Example #20" classname="com.globantx.cardinalevaluator.CucumberConfig" time="0.003"/>
  <testcase name="El objetivo es que traduzca frases de todo tipo, que tengan numeros escritos en letras adentro, como por ejemplo: &quot;Quisiera transferir ciento cincuenta pesos a Juan Perez que vive en la calle Rivadavia cuarenta y tres&quot;-&gt; &quot;Quisiera transferir 150 pesos a Juan Perez que vive en la calle Rivadavia 43&quot; - Si la frase es un numero cardinal mayor a 20 y menor o igual a 99, se escribe directamente su correspondiente valor numerico o se compone - Examples - Example #21" classname="com.globantx.cardinalevaluator.CucumberConfig" time="0.006"/>
  <testcase name="El objetivo es que traduzca frases de todo tipo, que tengan numeros escritos en letras adentro, como por ejemplo: &quot;Quisiera transferir ciento cincuenta pesos a Juan Perez que vive en la calle Rivadavia cuarenta y tres&quot;-&gt; &quot;Quisiera transferir 150 pesos a Juan Perez que vive en la calle Rivadavia 43&quot; - Si la frase es un numero cardinal mayor a 20 y menor o igual a 99, se escribe directamente su correspondiente valor numerico o se compone - Examples - Example #22" classname="com.globantx.cardinalevaluator.CucumberConfig" time="0.002"/>
  <testcase name="El objetivo es que traduzca frases de todo tipo, que tengan numeros escritos en letras adentro, como por ejemplo: &quot;Quisiera transferir ciento cincuenta pesos a Juan Perez que vive en la calle Rivadavia cuarenta y tres&quot;-&gt; &quot;Quisiera transferir 150 pesos a Juan Perez que vive en la calle Rivadavia 43&quot; - Si la frase es un numero cardinal mayor a 20 y menor o igual a 99, se escribe directamente su correspondiente valor numerico o se compone - Examples - Example #23" classname="com.globantx.cardinalevaluator.CucumberConfig" time="0.002"/>
  <testcase name="El objetivo es que traduzca frases de todo tipo, que tengan numeros escritos en letras adentro, como por ejemplo: &quot;Quisiera transferir ciento cincuenta pesos a Juan Perez que vive en la calle Rivadavia cuarenta y tres&quot;-&gt; &quot;Quisiera transferir 150 pesos a Juan Perez que vive en la calle Rivadavia 43&quot; - Si la frase es un numero cardinal mayor a 20 y menor o igual a 99, se escribe directamente su correspondiente valor numerico o se compone - Examples - Example #24" classname="com.globantx.cardinalevaluator.CucumberConfig" time="0.003"/>
  <testcase name="El objetivo es que traduzca frases de todo tipo, que tengan numeros escritos en letras adentro, como por ejemplo: &quot;Quisiera transferir ciento cincuenta pesos a Juan Perez que vive en la calle Rivadavia cuarenta y tres&quot;-&gt; &quot;Quisiera transferir 150 pesos a Juan Perez que vive en la calle Rivadavia 43&quot; - Si la frase es un numero cardinal mayor a 20 y menor o igual a 99, se escribe directamente su correspondiente valor numerico o se compone - Examples - Example #25" classname="com.globantx.cardinalevaluator.CucumberConfig" time="0.003"/>
  <testcase name="El objetivo es que traduzca frases de todo tipo, que tengan numeros escritos en letras adentro, como por ejemplo: &quot;Quisiera transferir ciento cincuenta pesos a Juan Perez que vive en la calle Rivadavia cuarenta y tres&quot;-&gt; &quot;Quisiera transferir 150 pesos a Juan Perez que vive en la calle Rivadavia 43&quot; - Si la frase es un numero cardinal mayor a 20 y menor o igual a 99, se escribe directamente su correspondiente valor numerico o se compone - Examples - Example #26" classname="com.globantx.cardinalevaluator.CucumberConfig" time="0.002"/>
  <testcase name="El objetivo es que traduzca frases de todo tipo, que tengan numeros escritos en letras adentro, como por ejemplo: &quot;Quisiera transferir ciento cincuenta pesos a Juan Perez que vive en la calle Rivadavia cuarenta y tres&quot;-&gt; &quot;Quisiera transferir 150 pesos a Juan Perez que vive en la calle Rivadavia 43&quot; - Si la frase es un numero cardinal mayor a 20 y menor o igual a 99, se escribe directamente su correspondiente valor numerico o se compone - Examples - Example #27" classname="com.globantx.cardinalevaluator.CucumberConfig" time="0.003"/>
  <testcase name="El objetivo es que traduzca frases de todo tipo, que tengan numeros escritos en letras adentro, como por ejemplo: &quot;Quisiera transferir ciento cincuenta pesos a Juan Perez que vive en la calle Rivadavia cuarenta y tres&quot;-&gt; &quot;Quisiera transferir 150 pesos a Juan Perez que vive en la calle Rivadavia 43&quot; - Si la frase es un numero cardinal mayor a 20 y menor o igual a 99, se escribe directamente su correspondiente valor numerico o se compone - Examples - Example #28" classname="com.globantx.cardinalevaluator.CucumberConfig" time="0.002"/>
  <testcase name="El objetivo es que traduzca frases de todo tipo, que tengan numeros escritos en letras adentro, como por ejemplo: &quot;Quisiera transferir ciento cincuenta pesos a Juan Perez que vive en la calle Rivadavia cuarenta y tres&quot;-&gt; &quot;Quisiera transferir 150 pesos a Juan Perez que vive en la calle Rivadavia 43&quot; - Si la frase es un numero cardinal mayor a 20 y menor o igual a 99, se escribe directamente su correspondiente valor numerico o se compone - Examples - Example #29" classname="com.globantx.cardinalevaluator.CucumberConfig" time="0.002"/>
  <testcase name="El objetivo es que traduzca frases de todo tipo, que tengan numeros escritos en letras adentro, como por ejemplo: &quot;Quisiera transferir ciento cincuenta pesos a Juan Perez que vive en la calle Rivadavia cuarenta y tres&quot;-&gt; &quot;Quisiera transferir 150 pesos a Juan Perez que vive en la calle Rivadavia 43&quot; - Si la frase es un numero cardinal mayor a 20 y menor o igual a 99, se escribe directamente su correspondiente valor numerico o se compone - Examples - Example #30" classname="com.globantx.cardinalevaluator.CucumberConfig" time="0.003"/>
  <testcase name="El objetivo es que traduzca frases de todo tipo, que tengan numeros escritos en letras adentro, como por ejemplo: &quot;Quisiera transferir ciento cincuenta pesos a Juan Perez que vive en la calle Rivadavia cuarenta y tres&quot;-&gt; &quot;Quisiera transferir 150 pesos a Juan Perez que vive en la calle Rivadavia 43&quot; - Si la frase es un numero cardinal mayor a 20 y menor o igual a 99, se escribe directamente su correspondiente valor numerico o se compone - Examples - Example #31" classname="com.globantx.cardinalevaluator.CucumberConfig" time="0.003"/>
  <testcase name="El objetivo es que traduzca frases de todo tipo, que tengan numeros escritos en letras adentro, como por ejemplo: &quot;Quisiera transferir ciento cincuenta pesos a Juan Perez que vive en la calle Rivadavia cuarenta y tres&quot;-&gt; &quot;Quisiera transferir 150 pesos a Juan Perez que vive en la calle Rivadavia 43&quot; - Si la frase es un numero cardinal mayor a 20 y menor o igual a 99, se escribe directamente su correspondiente valor numerico o se compone - Examples - Example #32" classname="com.globantx.cardinalevaluator.CucumberConfig" time="0.002"/>
  <testcase name="El objetivo es que traduzca frases de todo tipo, que tengan numeros escritos en letras adentro, como por ejemplo: &quot;Quisiera transferir ciento cincuenta pesos a Juan Perez que vive en la calle Rivadavia cuarenta y tres&quot;-&gt; &quot;Quisiera transferir 150 pesos a Juan Perez que vive en la calle Rivadavia 43&quot; - Si la frase es un numero cardinal mayor a 20 y menor o igual a 99, se escribe directamente su correspondiente valor numerico o se compone - Examples - Example #33" classname="com.globantx.cardinalevaluator.CucumberConfig" time="0.002"/>
  <testcase name="El objetivo es que traduzca frases de todo tipo, que tengan numeros escritos en letras adentro, como por ejemplo: &quot;Quisiera transferir ciento cincuenta pesos a Juan Perez que vive en la calle Rivadavia cuarenta y tres&quot;-&gt; &quot;Quisiera transferir 150 pesos a Juan Perez que vive en la calle Rivadavia 43&quot; - Si la frase es un numero cardinal mayor a 20 y menor o igual a 99, se escribe directamente su correspondiente valor numerico o se compone - Examples - Example #34" classname="com.globantx.cardinalevaluator.CucumberConfig" time="0.003"/>
  <testcase name="El objetivo es que traduzca frases de todo tipo, que tengan numeros escritos en letras adentro, como por ejemplo: &quot;Quisiera transferir ciento cincuenta pesos a Juan Perez que vive en la calle Rivadavia cuarenta y tres&quot;-&gt; &quot;Quisiera transferir 150 pesos a Juan Perez que vive en la calle Rivadavia 43&quot; - Si la frase es un numero cardinal mayor a 20 y menor o igual a 99, se escribe directamente su correspondiente valor numerico o se compone - Examples - Example #35" classname="com.globantx.cardinalevaluator.CucumberConfig" time="0.003"/>
  <testcase name="El objetivo es que traduzca frases de todo tipo, que tengan numeros escritos en letras adentro, como por ejemplo: &quot;Quisiera transferir ciento cincuenta pesos a Juan Perez que vive en la calle Rivadavia cuarenta y tres&quot;-&gt; &quot;Quisiera transferir 150 pesos a Juan Perez que vive en la calle Rivadavia 43&quot; - Si la frase es un numero cardinal mayor a 20 y menor o igual a 99, se escribe directamente su correspondiente valor numerico o se compone - Examples - Example #36" classname="com.globantx.cardinalevaluator.CucumberConfig" time="0.002"/>
  <testcase name="El objetivo es que traduzca frases de todo tipo, que tengan numeros escritos en letras adentro, como por ejemplo: &quot;Quisiera transferir ciento cincuenta pesos a Juan Perez que vive en la calle Rivadavia cuarenta y tres&quot;-&gt; &quot;Quisiera transferir 150 pesos a Juan Perez que vive en la calle Rivadavia 43&quot; - Si la frase es un numero cardinal mayor a 20 y menor o igual a 99, se escribe directamente su correspondiente valor numerico o se compone - Examples - Example #37" classname="com.globantx.cardinalevaluator.CucumberConfig" time="0.002"/>
  <testcase name="El objetivo es que traduzca frases de todo tipo, que tengan numeros escritos en letras adentro, como por ejemplo: &quot;Quisiera transferir ciento cincuenta pesos a Juan Perez que vive en la calle Rivadavia cuarenta y tres&quot;-&gt; &quot;Quisiera transferir 150 pesos a Juan Perez que vive en la calle Rivadavia 43&quot; - Si la frase es un numero cardinal mayor a 20 y menor o igual a 99, se escribe directamente su correspondiente valor numerico o se compone - Examples - Example #38" classname="com.globantx.cardinalevaluator.CucumberConfig" time="0.003"/>
  <testcase name="El objetivo es que traduzca frases de todo tipo, que tengan numeros escritos en letras adentro, como por ejemplo: &quot;Quisiera transferir ciento cincuenta pesos a Juan Perez que vive en la calle Rivadavia cuarenta y tres&quot;-&gt; &quot;Quisiera transferir 150 pesos a Juan Perez que vive en la calle Rivadavia 43&quot; - Si la frase es un numero cardinal mayor a 20 y menor o igual a 99, se escribe directamente su correspondiente valor numerico o se compone - Examples - Example #39" classname="com.globantx.cardinalevaluator.CucumberConfig" time="0.002"/>
  <testcase name="El objetivo es que traduzca frases de todo tipo, que tengan numeros escritos en letras adentro, como por ejemplo: &quot;Quisiera transferir ciento cincuenta pesos a Juan Perez que vive en la calle Rivadavia cuarenta y tres&quot;-&gt; &quot;Quisiera transferir 150 pesos a Juan Perez que vive en la calle Rivadavia 43&quot; - Si la frase es un numero cardinal mayor a 20 y menor o igual a 99, se escribe directamente su correspondiente valor numerico o se compone - Examples - Example #40" classname="com.globantx.cardinalevaluator.CucumberConfig" time="0.003"/>
  <testcase name="El objetivo es que traduzca frases de todo tipo, que tengan numeros escritos en letras adentro, como por ejemplo: &quot;Quisiera transferir ciento cincuenta pesos a Juan Perez que vive en la calle Rivadavia cuarenta y tres&quot;-&gt; &quot;Quisiera transferir 150 pesos a Juan Perez que vive en la calle Rivadavia 43&quot; - Si la frase es un numero cardinal mayor a 20 y menor o igual a 99, se escribe directamente su correspondiente valor numerico o se compone - Examples - Example #41" classname="com.globantx.cardinalevaluator.CucumberConfig" time="0.002"/>
  <testcase name="El objetivo es que traduzca frases de todo tipo, que tengan numeros escritos en letras adentro, como por ejemplo: &quot;Quisiera transferir ciento cincuenta pesos a Juan Perez que vive en la calle Rivadavia cuarenta y tres&quot;-&gt; &quot;Quisiera transferir 150 pesos a Juan Perez que vive en la calle Rivadavia 43&quot; - Si la frase es un numero cardinal mayor a 20 y menor o igual a 99, se escribe directamente su correspondiente valor numerico o se compone - Examples - Example #42" classname="com.globantx.cardinalevaluator.CucumberConfig" time="0.002"/>
  <testcase name="El objetivo es que traduzca frases de todo tipo, que tengan numeros escritos en letras adentro, como por ejemplo: &quot;Quisiera transferir ciento cincuenta pesos a Juan Perez que vive en la calle Rivadavia cuarenta y tres&quot;-&gt; &quot;Quisiera transferir 150 pesos a Juan Perez que vive en la calle Rivadavia 43&quot; - Si la frase es un numero cardinal mayor a 20 y menor o igual a 99, se escribe directamente su correspondiente valor numerico o se compone - Examples - Example #43" classname="com.globantx.cardinalevaluator.CucumberConfig" time="0.003"/>
  <testcase name="El objetivo es que traduzca frases de todo tipo, que tengan numeros escritos en letras adentro, como por ejemplo: &quot;Quisiera transferir ciento cincuenta pesos a Juan Perez que vive en la calle Rivadavia cuarenta y tres&quot;-&gt; &quot;Quisiera transferir 150 pesos a Juan Perez que vive en la calle Rivadavia 43&quot; - Si la frase es un numero cardinal mayor a 20 y menor o igual a 99, se escribe directamente su correspondiente valor numerico o se compone - Examples - Example #44" classname="com.globantx.cardinalevaluator.CucumberConfig" time="0.002"/>
  <testcase name="El objetivo es que traduzca frases de todo tipo, que tengan numeros escritos en letras adentro, como por ejemplo: &quot;Quisiera transferir ciento cincuenta pesos a Juan Perez que vive en la calle Rivadavia cuarenta y tres&quot;-&gt; &quot;Quisiera transferir 150 pesos a Juan Perez que vive en la calle Rivadavia 43&quot; - Si la frase es un numero cardinal mayor a 20 y menor o igual a 99, se escribe directamente su correspondiente valor numerico o se compone - Examples - Example #45" classname="com.globantx.cardinalevaluator.CucumberConfig" time="0.001"/>
  <testcase name="El objetivo es que traduzca frases de todo tipo, que tengan numeros escritos en letras adentro, como por ejemplo: &quot;Quisiera transferir ciento cincuenta pesos a Juan Perez que vive en la calle Rivadavia cuarenta y tres&quot;-&gt; &quot;Quisiera transferir 150 pesos a Juan Perez que vive en la calle Rivadavia 43&quot; - Si la frase es un numero cardinal mayor a 20 y menor o igual a 99, se escribe directamente su correspondiente valor numerico o se compone - Examples - Example #46" classname="com.globantx.cardinalevaluator.CucumberConfig" time="0.001"/>
  <testcase name="El objetivo es que traduzca frases de todo tipo, que tengan numeros escritos en letras adentro, como por ejemplo: &quot;Quisiera transferir ciento cincuenta pesos a Juan Perez que vive en la calle Rivadavia cuarenta y tres&quot;-&gt; &quot;Quisiera transferir 150 pesos a Juan Perez que vive en la calle Rivadavia 43&quot; - Si la frase es un numero cardinal mayor a 20 y menor o igual a 99, se escribe directamente su correspondiente valor numerico o se compone - Examples - Example #47" classname="com.globantx.cardinalevaluator.CucumberConfig" time="0.002"/>
  <testcase name="El objetivo es que traduzca frases de todo tipo, que tengan numeros escritos en letras adentro, como por ejemplo: &quot;Quisiera transferir ciento cincuenta pesos a Juan Perez que vive en la calle Rivadavia cuarenta y tres&quot;-&gt; &quot;Quisiera transferir 150 pesos a Juan Perez que vive en la calle Rivadavia 43&quot; - Si la frase es un numero cardinal mayor a 20 y menor o igual a 99, se escribe directamente su correspondiente valor numerico o se compone - Examples - Example #48" classname="com.globantx.cardinalevaluator.CucumberConfig" time="0.003"/>
  <testcase name="El objetivo es que traduzca frases de todo tipo, que tengan numeros escritos en letras adentro, como por ejemplo: &quot;Quisiera transferir ciento cincuenta pesos a Juan Perez que vive en la calle Rivadavia cuarenta y tres&quot;-&gt; &quot;Quisiera transferir 150 pesos a Juan Perez que vive en la calle Rivadavia 43&quot; - Si la frase es un numero cardinal mayor a 20 y menor o igual a 99, se escribe directamente su correspondiente valor numerico o se compone - Examples - Example #49" classname="com.globantx.cardinalevaluator.CucumberConfig" time="0.003"/>
  <testcase name="El objetivo es que traduzca frases de todo tipo, que tengan numeros escritos en letras adentro, como por ejemplo: &quot;Quisiera transferir ciento cincuenta pesos a Juan Perez que vive en la calle Rivadavia cuarenta y tres&quot;-&gt; &quot;Quisiera transferir 150 pesos a Juan Perez que vive en la calle Rivadavia 43&quot; - Si la frase es un numero cardinal mayor a 20 y menor o igual a 99, se escribe directamente su correspondiente valor numerico o se compone - Examples - Example #50" classname="com.globantx.cardinalevaluator.CucumberConfig" time="0.004"/>
  <testcase name="El objetivo es que traduzca frases de todo tipo, que tengan numeros escritos en letras adentro, como por ejemplo: &quot;Quisiera transferir ciento cincuenta pesos a Juan Perez que vive en la calle Rivadavia cuarenta y tres&quot;-&gt; &quot;Quisiera transferir 150 pesos a Juan Perez que vive en la calle Rivadavia 43&quot; - Si la frase es un numero cardinal mayor a 20 y menor o igual a 99, se escribe directamente su correspondiente valor numerico o se compone - Examples - Example #51" classname="com.globantx.cardinalevaluator.CucumberConfig" time="0.002"/>
  <testcase name="El objetivo es que traduzca frases de todo tipo, que tengan numeros escritos en letras adentro, como por ejemplo: &quot;Quisiera transferir ciento cincuenta pesos a Juan Perez que vive en la calle Rivadavia cuarenta y tres&quot;-&gt; &quot;Quisiera transferir 150 pesos a Juan Perez que vive en la calle Rivadavia 43&quot; - Si la frase es un numero cardinal mayor a 20 y menor o igual a 99, se escribe directamente su correspondiente valor numerico o se compone - Examples - Example #52" classname="com.globantx.cardinalevaluator.CucumberConfig" time="0.002"/>
  <testcase name="El objetivo es que traduzca frases de todo tipo, que tengan numeros escritos en letras adentro, como por ejemplo: &quot;Quisiera transferir ciento cincuenta pesos a Juan Perez que vive en la calle Rivadavia cuarenta y tres&quot;-&gt; &quot;Quisiera transferir 150 pesos a Juan Perez que vive en la calle Rivadavia 43&quot; - Si la frase es un numero cardinal mayor a 20 y menor o igual a 99, se escribe directamente su correspondiente valor numerico o se compone - Examples - Example #53" classname="com.globantx.cardinalevaluator.CucumberConfig" time="0.002"/>
  <testcase name="El objetivo es que traduzca frases de todo tipo, que tengan numeros escritos en letras adentro, como por ejemplo: &quot;Quisiera transferir ciento cincuenta pesos a Juan Perez que vive en la calle Rivadavia cuarenta y tres&quot;-&gt; &quot;Quisiera transferir 150 pesos a Juan Perez que vive en la calle Rivadavia 43&quot; - Si la frase es un numero cardinal mayor a 20 y menor o igual a 99, se escribe directamente su correspondiente valor numerico o se compone - Examples - Example #54" classname="com.globantx.cardinalevaluator.CucumberConfig" time="0.004"/>
  <testcase name="El objetivo es que traduzca frases de todo tipo, que tengan numeros escritos en letras adentro, como por ejemplo: &quot;Quisiera transferir ciento cincuenta pesos a Juan Perez que vive en la calle Rivadavia cuarenta y tres&quot;-&gt; &quot;Quisiera transferir 150 pesos a Juan Perez que vive en la calle Rivadavia 43&quot; - Si la frase es un numero cardinal mayor a 20 y menor o igual a 99, se escribe directamente su correspondiente valor numerico o se compone - Examples - Example #55" classname="com.globantx.cardinalevaluator.CucumberConfig" time="0.002"/>
  <testcase name="El objetivo es que traduzca frases de todo tipo, que tengan numeros escritos en letras adentro, como por ejemplo: &quot;Quisiera transferir ciento cincuenta pesos a Juan Perez que vive en la calle Rivadavia cuarenta y tres&quot;-&gt; &quot;Quisiera transferir 150 pesos a Juan Perez que vive en la calle Rivadavia 43&quot; - Si la frase es un numero cardinal mayor a 20 y menor o igual a 99, se escribe directamente su correspondiente valor numerico o se compone - Examples - Example #56" classname="com.globantx.cardinalevaluator.CucumberConfig" time="0.003"/>
  <testcase name="El objetivo es que traduzca frases de todo tipo, que tengan numeros escritos en letras adentro, como por ejemplo: &quot;Quisiera transferir ciento cincuenta pesos a Juan Perez que vive en la calle Rivadavia cuarenta y tres&quot;-&gt; &quot;Quisiera transferir 150 pesos a Juan Perez que vive en la calle Rivadavia 43&quot; - Si la frase es un numero cardinal mayor a 20 y menor o igual a 99, se escribe directamente su correspondiente valor numerico o se compone - Examples - Example #57" classname="com.globantx.cardinalevaluator.CucumberConfig" time="0.003"/>
  <testcase name="El objetivo es que traduzca frases de todo tipo, que tengan numeros escritos en letras adentro, como por ejemplo: &quot;Quisiera transferir ciento cincuenta pesos a Juan Perez que vive en la calle Rivadavia cuarenta y tres&quot;-&gt; &quot;Quisiera transferir 150 pesos a Juan Perez que vive en la calle Rivadavia 43&quot; - Si la frase es un numero cardinal mayor a 20 y menor o igual a 99, se escribe directamente su correspondiente valor numerico o se compone - Examples - Example #58" classname="com.globantx.cardinalevaluator.CucumberConfig" time="0.003"/>
  <testcase name="El objetivo es que traduzca frases de todo tipo, que tengan numeros escritos en letras adentro, como por ejemplo: &quot;Quisiera transferir ciento cincuenta pesos a Juan Perez que vive en la calle Rivadavia cuarenta y tres&quot;-&gt; &quot;Quisiera transferir 150 pesos a Juan Perez que vive en la calle Rivadavia 43&quot; - Si la frase es un numero cardinal mayor a 20 y menor o igual a 99, se escribe directamente su correspondiente valor numerico o se compone - Examples - Example #59" classname="com.globantx.cardinalevaluator.CucumberConfig" time="0.002"/>
  <testcase name="El objetivo es que traduzca frases de todo tipo, que tengan numeros escritos en letras adentro, como por ejemplo: &quot;Quisiera transferir ciento cincuenta pesos a Juan Perez que vive en la calle Rivadavia cuarenta y tres&quot;-&gt; &quot;Quisiera transferir 150 pesos a Juan Perez que vive en la calle Rivadavia 43&quot; - Si la frase es un numero cardinal mayor a 20 y menor o igual a 99, se escribe directamente su correspondiente valor numerico o se compone - Examples - Example #60" classname="com.globantx.cardinalevaluator.CucumberConfig" time="0.002"/>
  <testcase name="El objetivo es que traduzca frases de todo tipo, que tengan numeros escritos en letras adentro, como por ejemplo: &quot;Quisiera transferir ciento cincuenta pesos a Juan Perez que vive en la calle Rivadavia cuarenta y tres&quot;-&gt; &quot;Quisiera transferir 150 pesos a Juan Perez que vive en la calle Rivadavia 43&quot; - Si la frase es un numero cardinal mayor a 20 y menor o igual a 99, se escribe directamente su correspondiente valor numerico o se compone - Examples - Example #61" classname="com.globantx.cardinalevaluator.CucumberConfig" time="0.002"/>
  <testcase name="El objetivo es que traduzca frases de todo tipo, que tengan numeros escritos en letras adentro, como por ejemplo: &quot;Quisiera transferir ciento cincuenta pesos a Juan Perez que vive en la calle Rivadavia cuarenta y tres&quot;-&gt; &quot;Quisiera transferir 150 pesos a Juan Perez que vive en la calle Rivadavia 43&quot; - Si la frase es un numero cardinal mayor a 20 y menor o igual a 99, se escribe directamente su correspondiente valor numerico o se compone - Examples - Example #62" classname="com.globantx.cardinalevaluator.CucumberConfig" time="0.003"/>
  <testcase name="El objetivo es que traduzca frases de todo tipo, que tengan numeros escritos en letras adentro, como por ejemplo: &quot;Quisiera transferir ciento cincuenta pesos a Juan Perez que vive en la calle Rivadavia cuarenta y tres&quot;-&gt; &quot;Quisiera transferir 150 pesos a Juan Perez que vive en la calle Rivadavia 43&quot; - Si la frase es un numero cardinal mayor a 20 y menor o igual a 99, se escribe directamente su correspondiente valor numerico o se compone - Examples - Example #63" classname="com.globantx.cardinalevaluator.CucumberConfig" time="0.002"/>
  <testcase name="El objetivo es que traduzca frases de todo tipo, que tengan numeros escritos en letras adentro, como por ejemplo: &quot;Quisiera transferir ciento cincuenta pesos a Juan Perez que vive en la calle Rivadavia cuarenta y tres&quot;-&gt; &quot;Quisiera transferir 150 pesos a Juan Perez que vive en la calle Rivadavia 43&quot; - Si la frase es un numero cardinal mayor a 20 y menor o igual a 99, se escribe directamente su correspondiente valor numerico o se compone - Examples - Example #64" classname="com.globantx.cardinalevaluator.CucumberConfig" time="0.002"/>
  <testcase name="El objetivo es que traduzca frases de todo tipo, que tengan numeros escritos en letras adentro, como por ejemplo: &quot;Quisiera transferir ciento cincuenta pesos a Juan Perez que vive en la calle Rivadavia cuarenta y tres&quot;-&gt; &quot;Quisiera transferir 150 pesos a Juan Perez que vive en la calle Rivadavia 43&quot; - Si la frase es un numero cardinal mayor a 20 y menor o igual a 99, se escribe directamente su correspondiente valor numerico o se compone - Examples - Example #65" classname="com.globantx.cardinalevaluator.CucumberConfig" time="0.002"/>
  <testcase name="El objetivo es que traduzca frases de todo tipo, que tengan numeros escritos en letras adentro, como por ejemplo: &quot;Quisiera transferir ciento cincuenta pesos a Juan Perez que vive en la calle Rivadavia cuarenta y tres&quot;-&gt; &quot;Quisiera transferir 150 pesos a Juan Perez que vive en la calle Rivadavia 43&quot; - Si la frase es un numero cardinal mayor a 20 y menor o igual a 99, se escribe directamente su correspondiente valor numerico o se compone - Examples - Example #66" classname="com.globantx.cardinalevaluator.CucumberConfig" time="0.002"/>
  <testcase name="El objetivo es que traduzca frases de todo tipo, que tengan numeros escritos en letras adentro, como por ejemplo: &quot;Quisiera transferir ciento cincuenta pesos a Juan Perez que vive en la calle Rivadavia cuarenta y tres&quot;-&gt; &quot;Quisiera transferir 150 pesos a Juan Perez que vive en la calle Rivadavia 43&quot; - Si la frase es un numero cardinal mayor a 20 y menor o igual a 99, se escribe directamente su correspondiente valor numerico o se compone - Examples - Example #67" classname="com.globantx.cardinalevaluator.CucumberConfig" time="0.002"/>
  <testcase name="El objetivo es que traduzca frases de todo tipo, que tengan numeros escritos en letras adentro, como por ejemplo: &quot;Quisiera transferir ciento cincuenta pesos a Juan Perez que vive en la calle Rivadavia cuarenta y tres&quot;-&gt; &quot;Quisiera transferir 150 pesos a Juan Perez que vive en la calle Rivadavia 43&quot; - Si la frase es un numero cardinal mayor a 20 y menor o igual a 99, se escribe directamente su correspondiente valor numerico o se compone - Examples - Example #68" classname="com.globantx.cardinalevaluator.CucumberConfig" time="0.003"/>
  <testcase name="El objetivo es que traduzca frases de todo tipo, que tengan numeros escritos en letras adentro, como por ejemplo: &quot;Quisiera transferir ciento cincuenta pesos a Juan Perez que vive en la calle Rivadavia cuarenta y tres&quot;-&gt; &quot;Quisiera transferir 150 pesos a Juan Perez que vive en la calle Rivadavia 43&quot; - Si la frase es un numero cardinal mayor a 20 y menor o igual a 99, se escribe directamente su correspondiente valor numerico o se compone - Examples - Example #69" classname="com.globantx.cardinalevaluator.CucumberConfig" time="0.002"/>
  <testcase name="El objetivo es que traduzca frases de todo tipo, que tengan numeros escritos en letras adentro, como por ejemplo: &quot;Quisiera transferir ciento cincuenta pesos a Juan Perez que vive en la calle Rivadavia cuarenta y tres&quot;-&gt; &quot;Quisiera transferir 150 pesos a Juan Perez que vive en la calle Rivadavia 43&quot; - Si la frase es un numero cardinal mayor a 20 y menor o igual a 99, se escribe directamente su correspondiente valor numerico o se compone - Examples - Example #70" classname="com.globantx.cardinalevaluator.CucumberConfig" time="0.002"/>
  <testcase name="El objetivo es que traduzca frases de todo tipo, que tengan numeros escritos en letras adentro, como por ejemplo: &quot;Quisiera transferir ciento cincuenta pesos a Juan Perez que vive en la calle Rivadavia cuarenta y tres&quot;-&gt; &quot;Quisiera transferir 150 pesos a Juan Perez que vive en la calle Rivadavia 43&quot; - Si la frase es un numero cardinal mayor a 20 y menor o igual a 99, se escribe directamente su correspondiente valor numerico o se compone - Examples - Example #71" classname="com.globantx.cardinalevaluator.CucumberConfig" time="0.002"/>
  <testcase name="El objetivo es que traduzca frases de todo tipo, que tengan numeros escritos en letras adentro, como por ejemplo: &quot;Quisiera transferir ciento cincuenta pesos a Juan Perez que vive en la calle Rivadavia cuarenta y tres&quot;-&gt; &quot;Quisiera transferir 150 pesos a Juan Perez que vive en la calle Rivadavia 43&quot; - Si la frase es un numero cardinal mayor a 20 y menor o igual a 99, se escribe directamente su correspondiente valor numerico o se compone - Examples - Example #72" classname="com.globantx.cardinalevaluator.CucumberConfig" time="0.002"/>
  <testcase name="El objetivo es que traduzca frases de todo tipo, que tengan numeros escritos en letras adentro, como por ejemplo: &quot;Quisiera transferir ciento cincuenta pesos a Juan Perez que vive en la calle Rivadavia cuarenta y tres&quot;-&gt; &quot;Quisiera transferir 150 pesos a Juan Perez que vive en la calle Rivadavia 43&quot; - Si la frase es un numero cardinal mayor a 20 y menor o igual a 99, se escribe directamente su correspondiente valor numerico o se compone - Examples - Example #73" classname="com.globantx.cardinalevaluator.CucumberConfig" time="0.002"/>
  <testcase name="El objetivo es que traduzca frases de todo tipo, que tengan numeros escritos en letras adentro, como por ejemplo: &quot;Quisiera transferir ciento cincuenta pesos a Juan Perez que vive en la calle Rivadavia cuarenta y tres&quot;-&gt; &quot;Quisiera transferir 150 pesos a Juan Perez que vive en la calle Rivadavia 43&quot; - Si la frase es un numero cardinal mayor a 20 y menor o igual a 99, se escribe directamente su correspondiente valor numerico o se compone - Examples - Example #74" classname="com.globantx.cardinalevaluator.CucumberConfig" time="0.002"/>
  <testcase name="El objetivo es que traduzca frases de todo tipo, que tengan numeros escritos en letras adentro, como por ejemplo: &quot;Quisiera transferir ciento cincuenta pesos a Juan Perez que vive en la calle Rivadavia cuarenta y tres&quot;-&gt; &quot;Quisiera transferir 150 pesos a Juan Perez que vive en la calle Rivadavia 43&quot; - Si la frase es un numero cardinal mayor a 20 y menor o igual a 99, se escribe directamente su correspondiente valor numerico o se compone - Examples - Example #75" classname="com.globantx.cardinalevaluator.CucumberConfig" time="0.004"/>
  <testcase name="El objetivo es que traduzca frases de todo tipo, que tengan numeros escritos en letras adentro, como por ejemplo: &quot;Quisiera transferir ciento cincuenta pesos a Juan Perez que vive en la calle Rivadavia cuarenta y tres&quot;-&gt; &quot;Quisiera transferir 150 pesos a Juan Perez que vive en la calle Rivadavia 43&quot; - Si la frase es un numero cardinal mayor a 20 y menor o igual a 99, se escribe directamente su correspondiente valor numerico o se compone - Examples - Example #76" classname="com.globantx.cardinalevaluator.CucumberConfig" time="0.002"/>
  <testcase name="El objetivo es que traduzca frases de todo tipo, que tengan numeros escritos en letras adentro, como por ejemplo: &quot;Quisiera transferir ciento cincuenta pesos a Juan Perez que vive en la calle Rivadavia cuarenta y tres&quot;-&gt; &quot;Quisiera transferir 150 pesos a Juan Perez que vive en la calle Rivadavia 43&quot; - Si la frase es un numero cardinal mayor a 20 y menor o igual a 99, se escribe directamente su correspondiente valor numerico o se compone - Examples - Example #77" classname="com.globantx.cardinalevaluator.CucumberConfig" time="0.002"/>
  <testcase name="El objetivo es que traduzca frases de todo tipo, que tengan numeros escritos en letras adentro, como por ejemplo: &quot;Quisiera transferir ciento cincuenta pesos a Juan Perez que vive en la calle Rivadavia cuarenta y tres&quot;-&gt; &quot;Quisiera transferir 150 pesos a Juan Perez que vive en la calle Rivadavia 43&quot; - Si la frase es un numero cardinal mayor a 20 y menor o igual a 99, se escribe directamente su correspondiente valor numerico o se compone - Examples - Example #78" classname="com.globantx.cardinalevaluator.CucumberConfig" time="0.002"/>
  <testcase name="El objetivo es que traduzca frases de todo tipo, que tengan numeros escritos en letras adentro, como por ejemplo: &quot;Quisiera transferir ciento cincuenta pesos a Juan Perez que vive en la calle Rivadavia cuarenta y tres&quot;-&gt; &quot;Quisiera transferir 150 pesos a Juan Perez que vive en la calle Rivadavia 43&quot; - Si la frase es un numero cardinal mayor a 20 y menor o igual a 99, se escribe directamente su correspondiente valor numerico o se compone - Examples - Example #79" classname="com.globantx.cardinalevaluator.CucumberConfig" time="0.002"/>
  <testcase name="El objetivo es que traduzca frases de todo tipo, que tengan numeros escritos en letras adentro, como por ejemplo: &quot;Quisiera transferir ciento cincuenta pesos a Juan Perez que vive en la calle Rivadavia cuarenta y tres&quot;-&gt; &quot;Quisiera transferir 150 pesos a Juan Perez que vive en la calle Rivadavia 43&quot; - Si la frase es un numero cardinal mayor a 20 y menor o igual a 99, se escribe directamente su correspondiente valor numerico o se compone - Examples - Example #80" classname="com.globantx.cardinalevaluator.CucumberConfig" time="0.002"/>
  <testcase name="El objetivo es que traduzca frases de todo tipo, que tengan numeros escritos en letras adentro, como por ejemplo: &quot;Quisiera transferir ciento cincuenta pesos a Juan Perez que vive en la calle Rivadavia cuarenta y tres&quot;-&gt; &quot;Quisiera transferir 150 pesos a Juan Perez que vive en la calle Rivadavia 43&quot; - Si la frase es un numero cardinal mayor a 20 y menor o igual a 99, se escribe directamente su correspondiente valor numerico o se compone - Examples - Example #81" classname="com.globantx.cardinalevaluator.CucumberConfig" time="0.002"/>
  <testcase name="El objetivo es que traduzca frases de todo tipo, que tengan numeros escritos en letras adentro, como por ejemplo: &quot;Quisiera transferir ciento cincuenta pesos a Juan Perez que vive en la calle Rivadavia cuarenta y tres&quot;-&gt; &quot;Quisiera transferir 150 pesos a Juan Perez que vive en la calle Rivadavia 43&quot; - Si la frase es un numero cardinal mayor a 20 y menor o igual a 99, se escribe directamente su correspondiente valor numerico o se compone - Examples - Example #82" classname="com.globantx.cardinalevaluator.CucumberConfig" time="0.002"/>
  <testcase name="El objetivo es que traduzca frases de todo tipo, que tengan numeros escritos en letras adentro, como por ejemplo: &quot;Quisiera transferir ciento cincuenta pesos a Juan Perez que vive en la calle Rivadavia cuarenta y tres&quot;-&gt; &quot;Quisiera transferir 150 pesos a Juan Perez que vive en la calle Rivadavia 43&quot; - Si la frase es un numero cardinal mayor a 20 y menor o igual a 99, se escribe directamente su correspondiente valor numerico o se compone - Examples - Example #83" classname="com.globantx.cardinalevaluator.CucumberConfig" time="0.003"/>
  <testcase name="El objetivo es que traduzca frases de todo tipo, que tengan numeros escritos en letras adentro, como por ejemplo: &quot;Quisiera transferir ciento cincuenta pesos a Juan Perez que vive en la calle Rivadavia cuarenta y tres&quot;-&gt; &quot;Quisiera transferir 150 pesos a Juan Perez que vive en la calle Rivadavia 43&quot; - Si la frase es un numero cardinal mayor a 20 y menor o igual a 99, se escribe directamente su correspondiente valor numerico o se compone - Examples - Example #84" classname="com.globantx.cardinalevaluator.CucumberConfig" time="0.002"/>
  <testcase name="El objetivo es que traduzca frases de todo tipo, que tengan numeros escritos en letras adentro, como por ejemplo: &quot;Quisiera transferir ciento cincuenta pesos a Juan Perez que vive en la calle Rivadavia cuarenta y tres&quot;-&gt; &quot;Quisiera transferir 150 pesos a Juan Perez que vive en la calle Rivadavia 43&quot; - Si la frase es un numero cardinal mayor a 20 y menor o igual a 99, se escribe directamente su correspondiente valor numerico o se compone - Examples - Example #85" classname="com.globantx.cardinalevaluator.CucumberConfig" time="0.002"/>
  <testcase name="El objetivo es que traduzca frases de todo tipo, que tengan numeros escritos en letras adentro, como por ejemplo: &quot;Quisiera transferir ciento cincuenta pesos a Juan Perez que vive en la calle Rivadavia cuarenta y tres&quot;-&gt; &quot;Quisiera transferir 150 pesos a Juan Perez que vive en la calle Rivadavia 43&quot; - Si la frase es un numero cardinal mayor a 20 y menor o igual a 99, se escribe directamente su correspondiente valor numerico o se compone - Examples - Example #86" classname="com.globantx.cardinalevaluator.CucumberConfig" time="0.002"/>
  <testcase name="El objetivo es que traduzca frases de todo tipo, que tengan numeros escritos en letras adentro, como por ejemplo: &quot;Quisiera transferir ciento cincuenta pesos a Juan Perez que vive en la calle Rivadavia cuarenta y tres&quot;-&gt; &quot;Quisiera transferir 150 pesos a Juan Perez que vive en la calle Rivadavia 43&quot; - Si la frase es un numero cardinal mayor a 20 y menor o igual a 99, se escribe directamente su correspondiente valor numerico o se compone - Examples - Example #87" classname="com.globantx.cardinalevaluator.CucumberConfig" time="0.002"/>
  <testcase name="El objetivo es que traduzca frases de todo tipo, que tengan numeros escritos en letras adentro, como por ejemplo: &quot;Quisiera transferir ciento cincuenta pesos a Juan Perez que vive en la calle Rivadavia cuarenta y tres&quot;-&gt; &quot;Quisiera transferir 150 pesos a Juan Perez que vive en la calle Rivadavia 43&quot; - Si la frase es un numero cardinal mayor a 20 y menor o igual a 99, se escribe directamente su correspondiente valor numerico o se compone - Examples - Example #88" classname="com.globantx.cardinalevaluator.CucumberConfig" time="0.002"/>
  <testcase name="El objetivo es que traduzca frases de todo tipo, que tengan numeros escritos en letras adentro, como por ejemplo: &quot;Quisiera transferir ciento cincuenta pesos a Juan Perez que vive en la calle Rivadavia cuarenta y tres&quot;-&gt; &quot;Quisiera transferir 150 pesos a Juan Perez que vive en la calle Rivadavia 43&quot; - Si la frase es un numero cardinal mayor a 20 y menor o igual a 99, se escribe directamente su correspondiente valor numerico o se compone - Examples - Example #89" classname="com.globantx.cardinalevaluator.CucumberConfig" time="0.002"/>
  <testcase name="El objetivo es que traduzca frases de todo tipo, que tengan numeros escritos en letras adentro, como por ejemplo: &quot;Quisiera transferir ciento cincuenta pesos a Juan Perez que vive en la calle Rivadavia cuarenta y tres&quot;-&gt; &quot;Quisiera transferir 150 pesos a Juan Perez que vive en la calle Rivadavia 43&quot; - Si la frase es un numero cardinal mayor a 20 y menor o igual a 99, se escribe directamente su correspondiente valor numerico o se compone - Examples - Example #90" classname="com.globantx.cardinalevaluator.CucumberConfig" time="0.002"/>
  <testcase name="El objetivo es que traduzca frases de todo tipo, que tengan numeros escritos en letras adentro, como por ejemplo: &quot;Quisiera transferir ciento cincuenta pesos a Juan Perez que vive en la calle Rivadavia cuarenta y tres&quot;-&gt; &quot;Quisiera transferir 150 pesos a Juan Perez que vive en la calle Rivadavia 43&quot; - Si la frase es un numero cardinal mayor a 20 y menor o igual a 99, se escribe directamente su correspondiente valor numerico o se compone - Examples - Example #91" classname="com.globantx.cardinalevaluator.CucumberConfig" time="0.002"/>
  <testcase name="El objetivo es que traduzca frases de todo tipo, que tengan numeros escritos en letras adentro, como por ejemplo: &quot;Quisiera transferir ciento cincuenta pesos a Juan Perez que vive en la calle Rivadavia cuarenta y tres&quot;-&gt; &quot;Quisiera transferir 150 pesos a Juan Perez que vive en la calle Rivadavia 43&quot; - Si la frase es un numero cardinal mayor a 20 y menor o igual a 99, se escribe directamente su correspondiente valor numerico o se compone - Examples - Example #92" classname="com.globantx.cardinalevaluator.CucumberConfig" time="0.002"/>
  <testcase name="El objetivo es que traduzca frases de todo tipo, que tengan numeros escritos en letras adentro, como por ejemplo: &quot;Quisiera transferir ciento cincuenta pesos a Juan Perez que vive en la calle Rivadavia cuarenta y tres&quot;-&gt; &quot;Quisiera transferir 150 pesos a Juan Perez que vive en la calle Rivadavia 43&quot; - Si la frase es un numero cardinal mayor a 20 y menor o igual a 99, se escribe directamente su correspondiente valor numerico o se compone - Examples - Example #93" classname="com.globantx.cardinalevaluator.CucumberConfig" time="0.002"/>
  <testcase name="El objetivo es que traduzca frases de todo tipo, que tengan numeros escritos en letras adentro, como por ejemplo: &quot;Quisiera transferir ciento cincuenta pesos a Juan Perez que vive en la calle Rivadavia cuarenta y tres&quot;-&gt; &quot;Quisiera transferir 150 pesos a Juan Perez que vive en la calle Rivadavia 43&quot; - Si la frase es un numero cardinal mayor a 20 y menor o igual a 99, se escribe directamente su correspondiente valor numerico o se compone - Examples - Example #94" classname="com.globantx.cardinalevaluator.CucumberConfig" time="0.003"/>
  <testcase name="El objetivo es que traduzca frases de todo tipo, que tengan numeros escritos en letras adentro, como por ejemplo: &quot;Quisiera transferir ciento cincuenta pesos a Juan Perez que vive en la calle Rivadavia cuarenta y tres&quot;-&gt; &quot;Quisiera transferir 150 pesos a Juan Perez que vive en la calle Rivadavia 43&quot; - Si la frase es un numero cardinal mayor a 20 y menor o igual a 99, se escribe directamente su correspondiente valor numerico o se compone - Examples - Example #95" classname="com.globantx.cardinalevaluator.CucumberConfig" time="0.002"/>
  <testcase name="El objetivo es que traduzca frases de todo tipo, que tengan numeros escritos en letras adentro, como por ejemplo: &quot;Quisiera transferir ciento cincuenta pesos a Juan Perez que vive en la calle Rivadavia cuarenta y tres&quot;-&gt; &quot;Quisiera transferir 150 pesos a Juan Perez que vive en la calle Rivadavia 43&quot; - Si la frase es un numero cardinal mayor a 20 y menor o igual a 99, se escribe directamente su correspondiente valor numerico o se compone - Examples - Example #96" classname="com.globantx.cardinalevaluator.CucumberConfig" time="0.002"/>
  <testcase name="El objetivo es que traduzca frases de todo tipo, que tengan numeros escritos en letras adentro, como por ejemplo: &quot;Quisiera transferir ciento cincuenta pesos a Juan Perez que vive en la calle Rivadavia cuarenta y tres&quot;-&gt; &quot;Quisiera transferir 150 pesos a Juan Perez que vive en la calle Rivadavia 43&quot; - Si la frase es un numero cardinal mayor a 20 y menor o igual a 99, se escribe directamente su correspondiente valor numerico o se compone - Examples - Example #97" classname="com.globantx.cardinalevaluator.CucumberConfig" time="0.001"/>
  <testcase name="El objetivo es que traduzca frases de todo tipo, que tengan numeros escritos en letras adentro, como por ejemplo: &quot;Quisiera transferir ciento cincuenta pesos a Juan Perez que vive en la calle Rivadavia cuarenta y tres&quot;-&gt; &quot;Quisiera transferir 150 pesos a Juan Perez que vive en la calle Rivadavia 43&quot; - Si la frase es un numero cardinal mayor a 20 y menor o igual a 99, se escribe directamente su correspondiente valor numerico o se compone - Examples - Example #98" classname="com.globantx.cardinalevaluator.CucumberConfig" time="0.002"/>
  <testcase name="El objetivo es que traduzca frases de todo tipo, que tengan numeros escritos en letras adentro, como por ejemplo: &quot;Quisiera transferir ciento cincuenta pesos a Juan Perez que vive en la calle Rivadavia cuarenta y tres&quot;-&gt; &quot;Quisiera transferir 150 pesos a Juan Perez que vive en la calle Rivadavia 43&quot; - Si la frase es un numero cardinal mayor a 20 y menor o igual a 99, se escribe directamente su correspondiente valor numerico o se compone - Examples - Example #99" classname="com.globantx.cardinalevaluator.CucumberConfig" time="0.002"/>
  <testcase name="El objetivo es que traduzca frases de todo tipo, que tengan numeros escritos en letras adentro, como por ejemplo: &quot;Quisiera transferir ciento cincuenta pesos a Juan Perez que vive en la calle Rivadavia cuarenta y tres&quot;-&gt; &quot;Quisiera transferir 150 pesos a Juan Perez que vive en la calle Rivadavia 43&quot; - Si la frase es un numero cardinal mayor a 20 y menor o igual a 99, se escribe directamente su correspondiente valor numerico o se compone - Examples - Example #100" classname="com.globantx.cardinalevaluator.CucumberConfig" time="0.002"/>
  <testcase name="El objetivo es que traduzca frases de todo tipo, que tengan numeros escritos en letras adentro, como por ejemplo: &quot;Quisiera transferir ciento cincuenta pesos a Juan Perez que vive en la calle Rivadavia cuarenta y tres&quot;-&gt; &quot;Quisiera transferir 150 pesos a Juan Perez que vive en la calle Rivadavia 43&quot; - Si la frase es un numero cardinal mayor a 20 y menor o igual a 99, se escribe directamente su correspondiente valor numerico o se compone - Examples - Example #101" classname="com.globantx.cardinalevaluator.CucumberConfig" time="0.002"/>
  <testcase name="El objetivo es que traduzca frases de todo tipo, que tengan numeros escritos en letras adentro, como por ejemplo: &quot;Quisiera transferir ciento cincuenta pesos a Juan Perez que vive en la calle Rivadavia cuarenta y tres&quot;-&gt; &quot;Quisiera transferir 150 pesos a Juan Perez que vive en la calle Rivadavia 43&quot; - Si la frase es un numero cardinal mayor a 20 y menor o igual a 99, se escribe directamente su correspondiente valor numerico o se compone - Examples - Example #102" classname="com.globantx.cardinalevaluator.CucumberConfig" time="0.002"/>
  <testcase name="El objetivo es que traduzca frases de todo tipo, que tengan numeros escritos en letras adentro, como por ejemplo: &quot;Quisiera transferir ciento cincuenta pesos a Juan Perez que vive en la calle Rivadavia cuarenta y tres&quot;-&gt; &quot;Quisiera transferir 150 pesos a Juan Perez que vive en la calle Rivadavia 43&quot; - Si la frase es un numero cardinal mayor a 20 y menor o igual a 99, se escribe directamente su correspondiente valor numerico o se compone - Examples - Example #103" classname="com.globantx.cardinalevaluator.CucumberConfig" time="0.002"/>
  <testcase name="El objetivo es que traduzca frases de todo tipo, que tengan numeros escritos en letras adentro, como por ejemplo: &quot;Quisiera transferir ciento cincuenta pesos a Juan Perez que vive en la calle Rivadavia cuarenta y tres&quot;-&gt; &quot;Quisiera transferir 150 pesos a Juan Perez que vive en la calle Rivadavia 43&quot; - Si la frase es un numero cardinal mayor a 20 y menor o igual a 99, se escribe directamente su correspondiente valor numerico o se compone - Examples - Example #104" classname="com.globantx.cardinalevaluator.CucumberConfig" time="0.002"/>
  <testcase name="El objetivo es que traduzca frases de todo tipo, que tengan numeros escritos en letras adentro, como por ejemplo: &quot;Quisiera transferir ciento cincuenta pesos a Juan Perez que vive en la calle Rivadavia cuarenta y tres&quot;-&gt; &quot;Quisiera transferir 150 pesos a Juan Perez que vive en la calle Rivadavia 43&quot; - Si la frase es un numero cardinal mayor a 20 y menor o igual a 99, se escribe directamente su correspondiente valor numerico o se compone - Examples - Example #105" classname="com.globantx.cardinalevaluator.CucumberConfig" time="0.002"/>
  <testcase name="El objetivo es que traduzca frases de todo tipo, que tengan numeros escritos en letras adentro, como por ejemplo: &quot;Quisiera transferir ciento cincuenta pesos a Juan Perez que vive en la calle Rivadavia cuarenta y tres&quot;-&gt; &quot;Quisiera transferir 150 pesos a Juan Perez que vive en la calle Rivadavia 43&quot; - Si la frase es un numero cardinal mayor a 20 y menor o igual a 99, se escribe directamente su correspondiente valor numerico o se compone - Examples - Example #106" classname="com.globantx.cardinalevaluator.CucumberConfig" time="0.002"/>
  <testcase name="El objetivo es que traduzca frases de todo tipo, que tengan numeros escritos en letras adentro, como por ejemplo: &quot;Quisiera transferir ciento cincuenta pesos a Juan Perez que vive en la calle Rivadavia cuarenta y tres&quot;-&gt; &quot;Quisiera transferir 150 pesos a Juan Perez que vive en la calle Rivadavia 43&quot; - Si la frase es un numero cardinal mayor a 20 y menor o igual a 99, se escribe directamente su correspondiente valor numerico o se compone - Examples - Example #107" classname="com.globantx.cardinalevaluator.CucumberConfig" time="0.001"/>
  <testcase name="El objetivo es que traduzca frases de todo tipo, que tengan numeros escritos en letras adentro, como por ejemplo: &quot;Quisiera transferir ciento cincuenta pesos a Juan Perez que vive en la calle Rivadavia cuarenta y tres&quot;-&gt; &quot;Quisiera transferir 150 pesos a Juan Perez que vive en la calle Rivadavia 43&quot; - Validar escenarios de numeros que sean validos - Examples - Example #1" classname="com.globantx.cardinalevaluator.CucumberConfig" time="0.001"/>
  <testcase name="El objetivo es que traduzca frases de todo tipo, que tengan numeros escritos en letras adentro, como por ejemplo: &quot;Quisiera transferir ciento cincuenta pesos a Juan Perez que vive en la calle Rivadavia cuarenta y tres&quot;-&gt; &quot;Quisiera transferir 150 pesos a Juan Perez que vive en la calle Rivadavia 43&quot; - Validar escenarios de numeros que sean validos - Examples - Example #2" classname="com.globantx.cardinalevaluator.CucumberConfig" time="0.001"/>
  <testcase name="El objetivo es que traduzca frases de todo tipo, que tengan numeros escritos en letras adentro, como por ejemplo: &quot;Quisiera transferir ciento cincuenta pesos a Juan Perez que vive en la calle Rivadavia cuarenta y tres&quot;-&gt; &quot;Quisiera transferir 150 pesos a Juan Perez que vive en la calle Rivadavia 43&quot; - Validar escenarios de numeros que sean validos - Examples - Example #3" classname="com.globantx.cardinalevaluator.CucumberConfig" time="0.002"/>
  <testcase name="El objetivo es que traduzca frases de todo tipo, que tengan numeros escritos en letras adentro, como por ejemplo: &quot;Quisiera transferir ciento cincuenta pesos a Juan Perez que vive en la calle Rivadavia cuarenta y tres&quot;-&gt; &quot;Quisiera transferir 150 pesos a Juan Perez que vive en la calle Rivadavia 43&quot; - Validar escenarios de numeros que sean validos - Examples - Example #4" classname="com.globantx.cardinalevaluator.CucumberConfig" time="0.002"/>
  <testcase name="El objetivo es que traduzca frases de todo tipo, que tengan numeros escritos en letras adentro, como por ejemplo: &quot;Quisiera transferir ciento cincuenta pesos a Juan Perez que vive en la calle Rivadavia cuarenta y tres&quot;-&gt; &quot;Quisiera transferir 150 pesos a Juan Perez que vive en la calle Rivadavia 43&quot; - Validar escenarios de numeros que sean validos - Examples - Example #5" classname="com.globantx.cardinalevaluator.CucumberConfig" time="0.002"/>
  <testcase name="El objetivo es que traduzca frases de todo tipo, que tengan numeros escritos en letras adentro, como por ejemplo: &quot;Quisiera transferir ciento cincuenta pesos a Juan Perez que vive en la calle Rivadavia cuarenta y tres&quot;-&gt; &quot;Quisiera transferir 150 pesos a Juan Perez que vive en la calle Rivadavia 43&quot; - Validar escenarios de numeros que sean validos - Examples - Example #6" classname="com.globantx.cardinalevaluator.CucumberConfig" time="0.002"/>
  <testcase name="El objetivo es que traduzca frases de todo tipo, que tengan numeros escritos en letras adentro, como por ejemplo: &quot;Quisiera transferir ciento cincuenta pesos a Juan Perez que vive en la calle Rivadavia cuarenta y tres&quot;-&gt; &quot;Quisiera transferir 150 pesos a Juan Perez que vive en la calle Rivadavia 43&quot; - Validar escenarios de numeros que sean validos - Examples - Example #7" classname="com.globantx.cardinalevaluator.CucumberConfig" time="0.002"/>
  <testcase name="El objetivo es que traduzca frases de todo tipo, que tengan numeros escritos en letras adentro, como por ejemplo: &quot;Quisiera transferir ciento cincuenta pesos a Juan Perez que vive en la calle Rivadavia cuarenta y tres&quot;-&gt; &quot;Quisiera transferir 150 pesos a Juan Perez que vive en la calle Rivadavia 43&quot; - Validar escenarios de numeros que sean validos - Examples - Example #8" classname="com.globantx.cardinalevaluator.CucumberConfig" time="0.002"/>
  <testcase name="El objetivo es que traduzca frases de todo tipo, que tengan numeros escritos en letras adentro, como por ejemplo: &quot;Quisiera transferir ciento cincuenta pesos a Juan Perez que vive en la calle Rivadavia cuarenta y tres&quot;-&gt; &quot;Quisiera transferir 150 pesos a Juan Perez que vive en la calle Rivadavia 43&quot; - Validar escenarios de numeros que sean validos - Examples - Example #9" classname="com.globantx.cardinalevaluator.CucumberConfig" time="0.002"/>
  <testcase name="El objetivo es que traduzca frases de todo tipo, que tengan numeros escritos en letras adentro, como por ejemplo: &quot;Quisiera transferir ciento cincuenta pesos a Juan Perez que vive en la calle Rivadavia cuarenta y tres&quot;-&gt; &quot;Quisiera transferir 150 pesos a Juan Perez que vive en la calle Rivadavia 43&quot; - Validar escenarios de numeros que sean validos - Examples - Example #10" classname="com.globantx.cardinalevaluator.CucumberConfig" time="0.002"/>
  <testcase name="El objetivo es que traduzca frases de todo tipo, que tengan numeros escritos en letras adentro, como por ejemplo: &quot;Quisiera transferir ciento cincuenta pesos a Juan Perez que vive en la calle Rivadavia cuarenta y tres&quot;-&gt; &quot;Quisiera transferir 150 pesos a Juan Perez que vive en la calle Rivadavia 43&quot; - Validar escenarios de numeros que sean validos - Examples - Example #11" classname="com.globantx.cardinalevaluator.CucumberConfig" time="0.002"/>
  <testcase name="El objetivo es que traduzca frases de todo tipo, que tengan numeros escritos en letras adentro, como por ejemplo: &quot;Quisiera transferir ciento cincuenta pesos a Juan Perez que vive en la calle Rivadavia cuarenta y tres&quot;-&gt; &quot;Quisiera transferir 150 pesos a Juan Perez que vive en la calle Rivadavia 43&quot; - Validar escenarios de numeros que sean validos - Examples - Example #12" classname="com.globantx.cardinalevaluator.CucumberConfig" time="0.002"/>
  <testcase name="El objetivo es que traduzca frases de todo tipo, que tengan numeros escritos en letras adentro, como por ejemplo: &quot;Quisiera transferir ciento cincuenta pesos a Juan Perez que vive en la calle Rivadavia cuarenta y tres&quot;-&gt; &quot;Quisiera transferir 150 pesos a Juan Perez que vive en la calle Rivadavia 43&quot; - Convertir una frase con numeros en texto con numeros en valores numericos - Examples - Example #1" classname="com.globantx.cardinalevaluator.CucumberConfig" time="0.002"/>
  <testcase name="El objetivo es que traduzca frases de todo tipo, que tengan numeros escritos en letras adentro, como por ejemplo: &quot;Quisiera transferir ciento cincuenta pesos a Juan Perez que vive en la calle Rivadavia cuarenta y tres&quot;-&gt; &quot;Quisiera transferir 150 pesos a Juan Perez que vive en la calle Rivadavia 43&quot; - Convertir una frase con numeros en texto con numeros en valores numericos - Examples - Example #2" classname="com.globantx.cardinalevaluator.CucumberConfig" time="0.002"/>
  <system-out><![CDATA[19:16:03.690 [Test worker] DEBUG org.springframework.test.context.BootstrapUtils - Instantiating CacheAwareContextLoaderDelegate from class [org.springframework.test.context.cache.DefaultCacheAwareContextLoaderDelegate]
19:16:03.695 [Test worker] DEBUG org.springframework.test.context.BootstrapUtils - Instantiating BootstrapContext using constructor [public org.springframework.test.context.support.DefaultBootstrapContext(java.lang.Class,org.springframework.test.context.CacheAwareContextLoaderDelegate)]
19:16:03.708 [Test worker] DEBUG org.springframework.test.context.BootstrapUtils - Instantiating TestContextBootstrapper for test class [com.globantx.cardinalevaluator.CucumberSpringConfiguration] from class [org.springframework.boot.test.context.SpringBootTestContextBootstrapper]
19:16:03.713 [Test worker] INFO org.springframework.boot.test.context.SpringBootTestContextBootstrapper - Neither @ContextConfiguration nor @ContextHierarchy found for test class [com.globantx.cardinalevaluator.CucumberSpringConfiguration], using SpringBootContextLoader
19:16:03.714 [Test worker] DEBUG org.springframework.test.context.support.AbstractContextLoader - Did not detect default resource location for test class [com.globantx.cardinalevaluator.CucumberSpringConfiguration]: class path resource [com/globantx/cardinalevaluator/CucumberSpringConfiguration-context.xml] does not exist
19:16:03.715 [Test worker] DEBUG org.springframework.test.context.support.AbstractContextLoader - Did not detect default resource location for test class [com.globantx.cardinalevaluator.CucumberSpringConfiguration]: class path resource [com/globantx/cardinalevaluator/CucumberSpringConfigurationContext.groovy] does not exist
19:16:03.715 [Test worker] INFO org.springframework.test.context.support.AbstractContextLoader - Could not detect default resource locations for test class [com.globantx.cardinalevaluator.CucumberSpringConfiguration]: no resource found for suffixes {-context.xml, Context.groovy}.
19:16:03.730 [Test worker] DEBUG org.springframework.test.context.support.ActiveProfilesUtils - Could not find an 'annotation declaring class' for annotation type [org.springframework.test.context.ActiveProfiles] and class [com.globantx.cardinalevaluator.CucumberSpringConfiguration]
19:16:03.765 [Test worker] DEBUG org.springframework.boot.test.context.SpringBootTestContextBootstrapper - @TestExecutionListeners is not present for class [com.globantx.cardinalevaluator.CucumberSpringConfiguration]: using defaults.
19:16:03.765 [Test worker] INFO org.springframework.boot.test.context.SpringBootTestContextBootstrapper - Loaded default TestExecutionListener class names from location [META-INF/spring.factories]: [org.springframework.boot.test.autoconfigure.restdocs.RestDocsTestExecutionListener, org.springframework.boot.test.autoconfigure.web.client.MockRestServiceServerResetTestExecutionListener, org.springframework.boot.test.autoconfigure.web.servlet.MockMvcPrintOnlyOnFailureTestExecutionListener, org.springframework.boot.test.autoconfigure.web.servlet.WebDriverTestExecutionListener, org.springframework.boot.test.autoconfigure.webservices.client.MockWebServiceServerTestExecutionListener, org.springframework.boot.test.mock.mockito.MockitoTestExecutionListener, org.springframework.boot.test.mock.mockito.ResetMocksTestExecutionListener, org.springframework.test.context.web.ServletTestExecutionListener, org.springframework.test.context.support.DirtiesContextBeforeModesTestExecutionListener, org.springframework.test.context.event.ApplicationEventsTestExecutionListener, org.springframework.test.context.support.DependencyInjectionTestExecutionListener, org.springframework.test.context.support.DirtiesContextTestExecutionListener, org.springframework.test.context.transaction.TransactionalTestExecutionListener, org.springframework.test.context.jdbc.SqlScriptsTestExecutionListener, org.springframework.test.context.event.EventPublishingTestExecutionListener]
19:16:03.769 [Test worker] DEBUG org.springframework.boot.test.context.SpringBootTestContextBootstrapper - Skipping candidate TestExecutionListener [org.springframework.test.context.transaction.TransactionalTestExecutionListener] due to a missing dependency. Specify custom listener classes or make the default listener classes and their required dependencies available. Offending class: [org/springframework/transaction/interceptor/TransactionAttributeSource]
19:16:03.769 [Test worker] DEBUG org.springframework.boot.test.context.SpringBootTestContextBootstrapper - Skipping candidate TestExecutionListener [org.springframework.test.context.jdbc.SqlScriptsTestExecutionListener] due to a missing dependency. Specify custom listener classes or make the default listener classes and their required dependencies available. Offending class: [org/springframework/transaction/interceptor/TransactionAttribute]
19:16:03.769 [Test worker] INFO org.springframework.boot.test.context.SpringBootTestContextBootstrapper - Using TestExecutionListeners: [org.springframework.test.context.web.ServletTestExecutionListener@703feacd, org.springframework.test.context.support.DirtiesContextBeforeModesTestExecutionListener@7051777c, org.springframework.test.context.event.ApplicationEventsTestExecutionListener@3241713e, org.springframework.boot.test.mock.mockito.MockitoTestExecutionListener@5ecba515, org.springframework.boot.test.autoconfigure.SpringBootDependencyInjectionTestExecutionListener@512d4583, org.springframework.test.context.support.DirtiesContextTestExecutionListener@2abc224d, org.springframework.test.context.event.EventPublishingTestExecutionListener@13cd7ea5, org.springframework.boot.test.autoconfigure.restdocs.RestDocsTestExecutionListener@102d92c4, org.springframework.boot.test.autoconfigure.web.client.MockRestServiceServerResetTestExecutionListener@2b97cc1f, org.springframework.boot.test.autoconfigure.web.servlet.MockMvcPrintOnlyOnFailureTestExecutionListener@60723d6a, org.springframework.boot.test.autoconfigure.web.servlet.WebDriverTestExecutionListener@18324f97, org.springframework.boot.test.autoconfigure.webservices.client.MockWebServiceServerTestExecutionListener@64f555e7, org.springframework.boot.test.mock.mockito.ResetMocksTestExecutionListener@71178a52]

  .   ____          _            __ _ _
 /\\ / ___'_ __ _ _(_)_ __  __ _ \ \ \ \
( ( )\___ | '_ | '_| | '_ \/ _` | \ \ \ \
 \\/  ___)| |_)| | | | | || (_| |  ) ) ) )
  '  |____| .__|_| |_|_| |_\__, | / / / /
 =========|_|==============|___/=/_/_/_/
 :: Spring Boot ::                (v2.6.7)

2022-07-13 19:16:03.900  INFO 36846 --- [    Test worker] c.g.c.CucumberSpringConfiguration        : Starting CucumberSpringConfiguration using Java 17.0.3 on EC-IT00018 with PID 36846 (started by christian.barahona in /Users/christian.barahona/IdeaProjects/globantx-cardinal-evaluator)
2022-07-13 19:16:03.900  INFO 36846 --- [    Test worker] c.g.c.CucumberSpringConfiguration        : No active profile set, falling back to 1 default profile: "default"
2022-07-13 19:16:04.269  INFO 36846 --- [    Test worker] o.s.b.w.embedded.tomcat.TomcatWebServer  : Tomcat initialized with port(s): 0 (http)
2022-07-13 19:16:04.274  INFO 36846 --- [    Test worker] o.apache.catalina.core.StandardService   : Starting service [Tomcat]
2022-07-13 19:16:04.274  INFO 36846 --- [    Test worker] org.apache.catalina.core.StandardEngine  : Starting Servlet engine: [Apache Tomcat/9.0.62]
2022-07-13 19:16:04.344  INFO 36846 --- [    Test worker] o.a.c.c.C.[Tomcat].[localhost].[/]       : Initializing Spring embedded WebApplicationContext
2022-07-13 19:16:04.344  INFO 36846 --- [    Test worker] w.s.c.ServletWebServerApplicationContext : Root WebApplicationContext: initialization completed in 432 ms
2022-07-13 19:16:04.566  INFO 36846 --- [    Test worker] o.s.b.w.embedded.tomcat.TomcatWebServer  : Tomcat started on port(s): 58818 (http) with context path ''
2022-07-13 19:16:04.571  INFO 36846 --- [    Test worker] c.g.c.CucumberSpringConfiguration        : Started CucumberSpringConfiguration in 0.793 seconds (JVM running for 1.53)
2022-07-13 19:16:04.768  INFO 36846 --- [    Test worker] .b.t.c.SpringBootTestContextBootstrapper : Neither @ContextConfiguration nor @ContextHierarchy found for test class [com.globantx.cardinalevaluator.CucumberSpringConfiguration], using SpringBootContextLoader
2022-07-13 19:16:04.768  INFO 36846 --- [    Test worker] o.s.t.c.support.AbstractContextLoader    : Could not detect default resource locations for test class [com.globantx.cardinalevaluator.CucumberSpringConfiguration]: no resource found for suffixes {-context.xml, Context.groovy}.
2022-07-13 19:16:04.769  INFO 36846 --- [    Test worker] .b.t.c.SpringBootTestContextBootstrapper : Loaded default TestExecutionListener class names from location [META-INF/spring.factories]: [org.springframework.boot.test.autoconfigure.restdocs.RestDocsTestExecutionListener, org.springframework.boot.test.autoconfigure.web.client.MockRestServiceServerResetTestExecutionListener, org.springframework.boot.test.autoconfigure.web.servlet.MockMvcPrintOnlyOnFailureTestExecutionListener, org.springframework.boot.test.autoconfigure.web.servlet.WebDriverTestExecutionListener, org.springframework.boot.test.autoconfigure.webservices.client.MockWebServiceServerTestExecutionListener, org.springframework.boot.test.mock.mockito.MockitoTestExecutionListener, org.springframework.boot.test.mock.mockito.ResetMocksTestExecutionListener, org.springframework.test.context.web.ServletTestExecutionListener, org.springframework.test.context.support.DirtiesContextBeforeModesTestExecutionListener, org.springframework.test.context.event.ApplicationEventsTestExecutionListener, org.springframework.test.context.support.DependencyInjectionTestExecutionListener, org.springframework.test.context.support.DirtiesContextTestExecutionListener, org.springframework.test.context.transaction.TransactionalTestExecutionListener, org.springframework.test.context.jdbc.SqlScriptsTestExecutionListener, org.springframework.test.context.event.EventPublishingTestExecutionListener]
2022-07-13 19:16:04.769  INFO 36846 --- [    Test worker] .b.t.c.SpringBootTestContextBootstrapper : Using TestExecutionListeners: [org.springframework.test.context.web.ServletTestExecutionListener@1d444652, org.springframework.test.context.support.DirtiesContextBeforeModesTestExecutionListener@669c2b07, org.springframework.test.context.event.ApplicationEventsTestExecutionListener@1b1ea1d9, org.springframework.boot.test.mock.mockito.MockitoTestExecutionListener@6a902015, org.springframework.boot.test.autoconfigure.SpringBootDependencyInjectionTestExecutionListener@55d99dc3, org.springframework.test.context.support.DirtiesContextTestExecutionListener@521a506c, org.springframework.test.context.event.EventPublishingTestExecutionListener@3c64339f, org.springframework.boot.test.autoconfigure.restdocs.RestDocsTestExecutionListener@579f3c8e, org.springframework.boot.test.autoconfigure.web.client.MockRestServiceServerResetTestExecutionListener@4eb1943b, org.springframework.boot.test.autoconfigure.web.servlet.MockMvcPrintOnlyOnFailureTestExecutionListener@4e2824b1, org.springframework.boot.test.autoconfigure.web.servlet.WebDriverTestExecutionListener@534d0e20, org.springframework.boot.test.autoconfigure.webservices.client.MockWebServiceServerTestExecutionListener@7d18338b, org.springframework.boot.test.mock.mockito.ResetMocksTestExecutionListener@3f4a605f]
2022-07-13 19:16:04.774  INFO 36846 --- [    Test worker] .b.t.c.SpringBootTestContextBootstrapper : Neither @ContextConfiguration nor @ContextHierarchy found for test class [com.globantx.cardinalevaluator.CucumberSpringConfiguration], using SpringBootContextLoader
2022-07-13 19:16:04.775  INFO 36846 --- [    Test worker] o.s.t.c.support.AbstractContextLoader    : Could not detect default resource locations for test class [com.globantx.cardinalevaluator.CucumberSpringConfiguration]: no resource found for suffixes {-context.xml, Context.groovy}.
2022-07-13 19:16:04.775  INFO 36846 --- [    Test worker] .b.t.c.SpringBootTestContextBootstrapper : Loaded default TestExecutionListener class names from location [META-INF/spring.factories]: [org.springframework.boot.test.autoconfigure.restdocs.RestDocsTestExecutionListener, org.springframework.boot.test.autoconfigure.web.client.MockRestServiceServerResetTestExecutionListener, org.springframework.boot.test.autoconfigure.web.servlet.MockMvcPrintOnlyOnFailureTestExecutionListener, org.springframework.boot.test.autoconfigure.web.servlet.WebDriverTestExecutionListener, org.springframework.boot.test.autoconfigure.webservices.client.MockWebServiceServerTestExecutionListener, org.springframework.boot.test.mock.mockito.MockitoTestExecutionListener, org.springframework.boot.test.mock.mockito.ResetMocksTestExecutionListener, org.springframework.test.context.web.ServletTestExecutionListener, org.springframework.test.context.support.DirtiesContextBeforeModesTestExecutionListener, org.springframework.test.context.event.ApplicationEventsTestExecutionListener, org.springframework.test.context.support.DependencyInjectionTestExecutionListener, org.springframework.test.context.support.DirtiesContextTestExecutionListener, org.springframework.test.context.transaction.TransactionalTestExecutionListener, org.springframework.test.context.jdbc.SqlScriptsTestExecutionListener, org.springframework.test.context.event.EventPublishingTestExecutionListener]
2022-07-13 19:16:04.776  INFO 36846 --- [    Test worker] .b.t.c.SpringBootTestContextBootstrapper : Using TestExecutionListeners: [org.springframework.test.context.web.ServletTestExecutionListener@7b8b07ae, org.springframework.test.context.support.DirtiesContextBeforeModesTestExecutionListener@19ec5357, org.springframework.test.context.event.ApplicationEventsTestExecutionListener@351d93bd, org.springframework.boot.test.mock.mockito.MockitoTestExecutionListener@61c5fd78, org.springframework.boot.test.autoconfigure.SpringBootDependencyInjectionTestExecutionListener@42503099, org.springframework.test.context.support.DirtiesContextTestExecutionListener@39dda56f, org.springframework.test.context.event.EventPublishingTestExecutionListener@60844992, org.springframework.boot.test.autoconfigure.restdocs.RestDocsTestExecutionListener@2ee456c7, org.springframework.boot.test.autoconfigure.web.client.MockRestServiceServerResetTestExecutionListener@6df37f7a, org.springframework.boot.test.autoconfigure.web.servlet.MockMvcPrintOnlyOnFailureTestExecutionListener@39514976, org.springframework.boot.test.autoconfigure.web.servlet.WebDriverTestExecutionListener@7bdb4f17, org.springframework.boot.test.autoconfigure.webservices.client.MockWebServiceServerTestExecutionListener@77856cc5, org.springframework.boot.test.mock.mockito.ResetMocksTestExecutionListener@1fbd5e0]
2022-07-13 19:16:04.780  INFO 36846 --- [    Test worker] .b.t.c.SpringBootTestContextBootstrapper : Neither @ContextConfiguration nor @ContextHierarchy found for test class [com.globantx.cardinalevaluator.CucumberSpringConfiguration], using SpringBootContextLoader
2022-07-13 19:16:04.780  INFO 36846 --- [    Test worker] o.s.t.c.support.AbstractContextLoader    : Could not detect default resource locations for test class [com.globantx.cardinalevaluator.CucumberSpringConfiguration]: no resource found for suffixes {-context.xml, Context.groovy}.
2022-07-13 19:16:04.781  INFO 36846 --- [    Test worker] .b.t.c.SpringBootTestContextBootstrapper : Loaded default TestExecutionListener class names from location [META-INF/spring.factories]: [org.springframework.boot.test.autoconfigure.restdocs.RestDocsTestExecutionListener, org.springframework.boot.test.autoconfigure.web.client.MockRestServiceServerResetTestExecutionListener, org.springframework.boot.test.autoconfigure.web.servlet.MockMvcPrintOnlyOnFailureTestExecutionListener, org.springframework.boot.test.autoconfigure.web.servlet.WebDriverTestExecutionListener, org.springframework.boot.test.autoconfigure.webservices.client.MockWebServiceServerTestExecutionListener, org.springframework.boot.test.mock.mockito.MockitoTestExecutionListener, org.springframework.boot.test.mock.mockito.ResetMocksTestExecutionListener, org.springframework.test.context.web.ServletTestExecutionListener, org.springframework.test.context.support.DirtiesContextBeforeModesTestExecutionListener, org.springframework.test.context.event.ApplicationEventsTestExecutionListener, org.springframework.test.context.support.DependencyInjectionTestExecutionListener, org.springframework.test.context.support.DirtiesContextTestExecutionListener, org.springframework.test.context.transaction.TransactionalTestExecutionListener, org.springframework.test.context.jdbc.SqlScriptsTestExecutionListener, org.springframework.test.context.event.EventPublishingTestExecutionListener]
2022-07-13 19:16:04.781  INFO 36846 --- [    Test worker] .b.t.c.SpringBootTestContextBootstrapper : Using TestExecutionListeners: [org.springframework.test.context.web.ServletTestExecutionListener@208e5b23, org.springframework.test.context.support.DirtiesContextBeforeModesTestExecutionListener@2bcb1414, org.springframework.test.context.event.ApplicationEventsTestExecutionListener@aee05f4, org.springframework.boot.test.mock.mockito.MockitoTestExecutionListener@2b4829aa, org.springframework.boot.test.autoconfigure.SpringBootDependencyInjectionTestExecutionListener@794d28a3, org.springframework.test.context.support.DirtiesContextTestExecutionListener@a55e82a, org.springframework.test.context.event.EventPublishingTestExecutionListener@70ee9d31, org.springframework.boot.test.autoconfigure.restdocs.RestDocsTestExecutionListener@1a01ffff, org.springframework.boot.test.autoconfigure.web.client.MockRestServiceServerResetTestExecutionListener@a99c42c, org.springframework.boot.test.autoconfigure.web.servlet.MockMvcPrintOnlyOnFailureTestExecutionListener@2fa879ed, org.springframework.boot.test.autoconfigure.web.servlet.WebDriverTestExecutionListener@2b2b7e3c, org.springframework.boot.test.autoconfigure.webservices.client.MockWebServiceServerTestExecutionListener@3ec082a1, org.springframework.boot.test.mock.mockito.ResetMocksTestExecutionListener@7a3c99f1]
2022-07-13 19:16:04.797  INFO 36846 --- [    Test worker] .b.t.c.SpringBootTestContextBootstrapper : Neither @ContextConfiguration nor @ContextHierarchy found for test class [com.globantx.cardinalevaluator.CucumberSpringConfiguration], using SpringBootContextLoader
2022-07-13 19:16:04.797  INFO 36846 --- [    Test worker] o.s.t.c.support.AbstractContextLoader    : Could not detect default resource locations for test class [com.globantx.cardinalevaluator.CucumberSpringConfiguration]: no resource found for suffixes {-context.xml, Context.groovy}.
2022-07-13 19:16:04.798  INFO 36846 --- [    Test worker] .b.t.c.SpringBootTestContextBootstrapper : Loaded default TestExecutionListener class names from location [META-INF/spring.factories]: [org.springframework.boot.test.autoconfigure.restdocs.RestDocsTestExecutionListener, org.springframework.boot.test.autoconfigure.web.client.MockRestServiceServerResetTestExecutionListener, org.springframework.boot.test.autoconfigure.web.servlet.MockMvcPrintOnlyOnFailureTestExecutionListener, org.springframework.boot.test.autoconfigure.web.servlet.WebDriverTestExecutionListener, org.springframework.boot.test.autoconfigure.webservices.client.MockWebServiceServerTestExecutionListener, org.springframework.boot.test.mock.mockito.MockitoTestExecutionListener, org.springframework.boot.test.mock.mockito.ResetMocksTestExecutionListener, org.springframework.test.context.web.ServletTestExecutionListener, org.springframework.test.context.support.DirtiesContextBeforeModesTestExecutionListener, org.springframework.test.context.event.ApplicationEventsTestExecutionListener, org.springframework.test.context.support.DependencyInjectionTestExecutionListener, org.springframework.test.context.support.DirtiesContextTestExecutionListener, org.springframework.test.context.transaction.TransactionalTestExecutionListener, org.springframework.test.context.jdbc.SqlScriptsTestExecutionListener, org.springframework.test.context.event.EventPublishingTestExecutionListener]
2022-07-13 19:16:04.798  INFO 36846 --- [    Test worker] .b.t.c.SpringBootTestContextBootstrapper : Using TestExecutionListeners: [org.springframework.test.context.web.ServletTestExecutionListener@16b7e04a, org.springframework.test.context.support.DirtiesContextBeforeModesTestExecutionListener@661db63e, org.springframework.test.context.event.ApplicationEventsTestExecutionListener@5cf2f5d6, org.springframework.boot.test.mock.mockito.MockitoTestExecutionListener@429f0ca8, org.springframework.boot.test.autoconfigure.SpringBootDependencyInjectionTestExecutionListener@6b030101, org.springframework.test.context.support.DirtiesContextTestExecutionListener@60a4e619, org.springframework.test.context.event.EventPublishingTestExecutionListener@2bb3f39e, org.springframework.boot.test.autoconfigure.restdocs.RestDocsTestExecutionListener@11f3400c, org.springframework.boot.test.autoconfigure.web.client.MockRestServiceServerResetTestExecutionListener@628b503a, org.springframework.boot.test.autoconfigure.web.servlet.MockMvcPrintOnlyOnFailureTestExecutionListener@2558f65c, org.springframework.boot.test.autoconfigure.web.servlet.WebDriverTestExecutionListener@11c3ce6a, org.springframework.boot.test.autoconfigure.webservices.client.MockWebServiceServerTestExecutionListener@1a3b1f7e, org.springframework.boot.test.mock.mockito.ResetMocksTestExecutionListener@22899683]
2022-07-13 19:16:04.801  INFO 36846 --- [    Test worker] .b.t.c.SpringBootTestContextBootstrapper : Neither @ContextConfiguration nor @ContextHierarchy found for test class [com.globantx.cardinalevaluator.CucumberSpringConfiguration], using SpringBootContextLoader
2022-07-13 19:16:04.802  INFO 36846 --- [    Test worker] o.s.t.c.support.AbstractContextLoader    : Could not detect default resource locations for test class [com.globantx.cardinalevaluator.CucumberSpringConfiguration]: no resource found for suffixes {-context.xml, Context.groovy}.
2022-07-13 19:16:04.802  INFO 36846 --- [    Test worker] .b.t.c.SpringBootTestContextBootstrapper : Loaded default TestExecutionListener class names from location [META-INF/spring.factories]: [org.springframework.boot.test.autoconfigure.restdocs.RestDocsTestExecutionListener, org.springframework.boot.test.autoconfigure.web.client.MockRestServiceServerResetTestExecutionListener, org.springframework.boot.test.autoconfigure.web.servlet.MockMvcPrintOnlyOnFailureTestExecutionListener, org.springframework.boot.test.autoconfigure.web.servlet.WebDriverTestExecutionListener, org.springframework.boot.test.autoconfigure.webservices.client.MockWebServiceServerTestExecutionListener, org.springframework.boot.test.mock.mockito.MockitoTestExecutionListener, org.springframework.boot.test.mock.mockito.ResetMocksTestExecutionListener, org.springframework.test.context.web.ServletTestExecutionListener, org.springframework.test.context.support.DirtiesContextBeforeModesTestExecutionListener, org.springframework.test.context.event.ApplicationEventsTestExecutionListener, org.springframework.test.context.support.DependencyInjectionTestExecutionListener, org.springframework.test.context.support.DirtiesContextTestExecutionListener, org.springframework.test.context.transaction.TransactionalTestExecutionListener, org.springframework.test.context.jdbc.SqlScriptsTestExecutionListener, org.springframework.test.context.event.EventPublishingTestExecutionListener]
2022-07-13 19:16:04.802  INFO 36846 --- [    Test worker] .b.t.c.SpringBootTestContextBootstrapper : Using TestExecutionListeners: [org.springframework.test.context.web.ServletTestExecutionListener@40017e98, org.springframework.test.context.support.DirtiesContextBeforeModesTestExecutionListener@4fbe486c, org.springframework.test.context.event.ApplicationEventsTestExecutionListener@dbc7e0a, org.springframework.boot.test.mock.mockito.MockitoTestExecutionListener@636fccb0, org.springframework.boot.test.autoconfigure.SpringBootDependencyInjectionTestExecutionListener@28519bfb, org.springframework.test.context.support.DirtiesContextTestExecutionListener@15914bb5, org.springframework.test.context.event.EventPublishingTestExecutionListener@7b332b23, org.springframework.boot.test.autoconfigure.restdocs.RestDocsTestExecutionListener@66a472b9, org.springframework.boot.test.autoconfigure.web.client.MockRestServiceServerResetTestExecutionListener@428eb3d5, org.springframework.boot.test.autoconfigure.web.servlet.MockMvcPrintOnlyOnFailureTestExecutionListener@5ddd84d2, org.springframework.boot.test.autoconfigure.web.servlet.WebDriverTestExecutionListener@3fd5d679, org.springframework.boot.test.autoconfigure.webservices.client.MockWebServiceServerTestExecutionListener@7aa15a80, org.springframework.boot.test.mock.mockito.ResetMocksTestExecutionListener@4d065e1a]
2022-07-13 19:16:04.805  INFO 36846 --- [    Test worker] .b.t.c.SpringBootTestContextBootstrapper : Neither @ContextConfiguration nor @ContextHierarchy found for test class [com.globantx.cardinalevaluator.CucumberSpringConfiguration], using SpringBootContextLoader
2022-07-13 19:16:04.805  INFO 36846 --- [    Test worker] o.s.t.c.support.AbstractContextLoader    : Could not detect default resource locations for test class [com.globantx.cardinalevaluator.CucumberSpringConfiguration]: no resource found for suffixes {-context.xml, Context.groovy}.
2022-07-13 19:16:04.808  INFO 36846 --- [    Test worker] .b.t.c.SpringBootTestContextBootstrapper : Loaded default TestExecutionListener class names from location [META-INF/spring.factories]: [org.springframework.boot.test.autoconfigure.restdocs.RestDocsTestExecutionListener, org.springframework.boot.test.autoconfigure.web.client.MockRestServiceServerResetTestExecutionListener, org.springframework.boot.test.autoconfigure.web.servlet.MockMvcPrintOnlyOnFailureTestExecutionListener, org.springframework.boot.test.autoconfigure.web.servlet.WebDriverTestExecutionListener, org.springframework.boot.test.autoconfigure.webservices.client.MockWebServiceServerTestExecutionListener, org.springframework.boot.test.mock.mockito.MockitoTestExecutionListener, org.springframework.boot.test.mock.mockito.ResetMocksTestExecutionListener, org.springframework.test.context.web.ServletTestExecutionListener, org.springframework.test.context.support.DirtiesContextBeforeModesTestExecutionListener, org.springframework.test.context.event.ApplicationEventsTestExecutionListener, org.springframework.test.context.support.DependencyInjectionTestExecutionListener, org.springframework.test.context.support.DirtiesContextTestExecutionListener, org.springframework.test.context.transaction.TransactionalTestExecutionListener, org.springframework.test.context.jdbc.SqlScriptsTestExecutionListener, org.springframework.test.context.event.EventPublishingTestExecutionListener]
2022-07-13 19:16:04.809  INFO 36846 --- [    Test worker] .b.t.c.SpringBootTestContextBootstrapper : Using TestExecutionListeners: [org.springframework.test.context.web.ServletTestExecutionListener@1dbeedff, org.springframework.test.context.support.DirtiesContextBeforeModesTestExecutionListener@62b786dc, org.springframework.test.context.event.ApplicationEventsTestExecutionListener@7ba1cdbe, org.springframework.boot.test.mock.mockito.MockitoTestExecutionListener@48d5ca17, org.springframework.boot.test.autoconfigure.SpringBootDependencyInjectionTestExecutionListener@226e07e7, org.springframework.test.context.support.DirtiesContextTestExecutionListener@7c31e410, org.springframework.test.context.event.EventPublishingTestExecutionListener@9880a15, org.springframework.boot.test.autoconfigure.restdocs.RestDocsTestExecutionListener@6febec41, org.springframework.boot.test.autoconfigure.web.client.MockRestServiceServerResetTestExecutionListener@3de88f64, org.springframework.boot.test.autoconfigure.web.servlet.MockMvcPrintOnlyOnFailureTestExecutionListener@4e8afdad, org.springframework.boot.test.autoconfigure.web.servlet.WebDriverTestExecutionListener@79b8ecb, org.springframework.boot.test.autoconfigure.webservices.client.MockWebServiceServerTestExecutionListener@3722f39d, org.springframework.boot.test.mock.mockito.ResetMocksTestExecutionListener@4ec8d9b2]
2022-07-13 19:16:04.813  INFO 36846 --- [    Test worker] .b.t.c.SpringBootTestContextBootstrapper : Neither @ContextConfiguration nor @ContextHierarchy found for test class [com.globantx.cardinalevaluator.CucumberSpringConfiguration], using SpringBootContextLoader
2022-07-13 19:16:04.813  INFO 36846 --- [    Test worker] o.s.t.c.support.AbstractContextLoader    : Could not detect default resource locations for test class [com.globantx.cardinalevaluator.CucumberSpringConfiguration]: no resource found for suffixes {-context.xml, Context.groovy}.
2022-07-13 19:16:04.814  INFO 36846 --- [    Test worker] .b.t.c.SpringBootTestContextBootstrapper : Loaded default TestExecutionListener class names from location [META-INF/spring.factories]: [org.springframework.boot.test.autoconfigure.restdocs.RestDocsTestExecutionListener, org.springframework.boot.test.autoconfigure.web.client.MockRestServiceServerResetTestExecutionListener, org.springframework.boot.test.autoconfigure.web.servlet.MockMvcPrintOnlyOnFailureTestExecutionListener, org.springframework.boot.test.autoconfigure.web.servlet.WebDriverTestExecutionListener, org.springframework.boot.test.autoconfigure.webservices.client.MockWebServiceServerTestExecutionListener, org.springframework.boot.test.mock.mockito.MockitoTestExecutionListener, org.springframework.boot.test.mock.mockito.ResetMocksTestExecutionListener, org.springframework.test.context.web.ServletTestExecutionListener, org.springframework.test.context.support.DirtiesContextBeforeModesTestExecutionListener, org.springframework.test.context.event.ApplicationEventsTestExecutionListener, org.springframework.test.context.support.DependencyInjectionTestExecutionListener, org.springframework.test.context.support.DirtiesContextTestExecutionListener, org.springframework.test.context.transaction.TransactionalTestExecutionListener, org.springframework.test.context.jdbc.SqlScriptsTestExecutionListener, org.springframework.test.context.event.EventPublishingTestExecutionListener]
2022-07-13 19:16:04.814  INFO 36846 --- [    Test worker] .b.t.c.SpringBootTestContextBootstrapper : Using TestExecutionListeners: [org.springframework.test.context.web.ServletTestExecutionListener@b34c7c9, org.springframework.test.context.support.DirtiesContextBeforeModesTestExecutionListener@5b490d5e, org.springframework.test.context.event.ApplicationEventsTestExecutionListener@1f6c4ae, org.springframework.boot.test.mock.mockito.MockitoTestExecutionListener@26270b77, org.springframework.boot.test.autoconfigure.SpringBootDependencyInjectionTestExecutionListener@b808af5, org.springframework.test.context.support.DirtiesContextTestExecutionListener@18b04526, org.springframework.test.context.event.EventPublishingTestExecutionListener@2fd4312a, org.springframework.boot.test.autoconfigure.restdocs.RestDocsTestExecutionListener@31b6fb14, org.springframework.boot.test.autoconfigure.web.client.MockRestServiceServerResetTestExecutionListener@3eee08f5, org.springframework.boot.test.autoconfigure.web.servlet.MockMvcPrintOnlyOnFailureTestExecutionListener@246df37b, org.springframework.boot.test.autoconfigure.web.servlet.WebDriverTestExecutionListener@2abedbbd, org.springframework.boot.test.autoconfigure.webservices.client.MockWebServiceServerTestExecutionListener@2c56eba5, org.springframework.boot.test.mock.mockito.ResetMocksTestExecutionListener@6231f77a]
2022-07-13 19:16:04.818  INFO 36846 --- [    Test worker] .b.t.c.SpringBootTestContextBootstrapper : Neither @ContextConfiguration nor @ContextHierarchy found for test class [com.globantx.cardinalevaluator.CucumberSpringConfiguration], using SpringBootContextLoader
2022-07-13 19:16:04.818  INFO 36846 --- [    Test worker] o.s.t.c.support.AbstractContextLoader    : Could not detect default resource locations for test class [com.globantx.cardinalevaluator.CucumberSpringConfiguration]: no resource found for suffixes {-context.xml, Context.groovy}.
2022-07-13 19:16:04.819  INFO 36846 --- [    Test worker] .b.t.c.SpringBootTestContextBootstrapper : Loaded default TestExecutionListener class names from location [META-INF/spring.factories]: [org.springframework.boot.test.autoconfigure.restdocs.RestDocsTestExecutionListener, org.springframework.boot.test.autoconfigure.web.client.MockRestServiceServerResetTestExecutionListener, org.springframework.boot.test.autoconfigure.web.servlet.MockMvcPrintOnlyOnFailureTestExecutionListener, org.springframework.boot.test.autoconfigure.web.servlet.WebDriverTestExecutionListener, org.springframework.boot.test.autoconfigure.webservices.client.MockWebServiceServerTestExecutionListener, org.springframework.boot.test.mock.mockito.MockitoTestExecutionListener, org.springframework.boot.test.mock.mockito.ResetMocksTestExecutionListener, org.springframework.test.context.web.ServletTestExecutionListener, org.springframework.test.context.support.DirtiesContextBeforeModesTestExecutionListener, org.springframework.test.context.event.ApplicationEventsTestExecutionListener, org.springframework.test.context.support.DependencyInjectionTestExecutionListener, org.springframework.test.context.support.DirtiesContextTestExecutionListener, org.springframework.test.context.transaction.TransactionalTestExecutionListener, org.springframework.test.context.jdbc.SqlScriptsTestExecutionListener, org.springframework.test.context.event.EventPublishingTestExecutionListener]
2022-07-13 19:16:04.819  INFO 36846 --- [    Test worker] .b.t.c.SpringBootTestContextBootstrapper : Using TestExecutionListeners: [org.springframework.test.context.web.ServletTestExecutionListener@290c266c, org.springframework.test.context.support.DirtiesContextBeforeModesTestExecutionListener@75b363c3, org.springframework.test.context.event.ApplicationEventsTestExecutionListener@6ea3a513, org.springframework.boot.test.mock.mockito.MockitoTestExecutionListener@3c4059a, org.springframework.boot.test.autoconfigure.SpringBootDependencyInjectionTestExecutionListener@4b336cc8, org.springframework.test.context.support.DirtiesContextTestExecutionListener@2570b316, org.springframework.test.context.event.EventPublishingTestExecutionListener@56881196, org.springframework.boot.test.autoconfigure.restdocs.RestDocsTestExecutionListener@75c33608, org.springframework.boot.test.autoconfigure.web.client.MockRestServiceServerResetTestExecutionListener@25464154, org.springframework.boot.test.autoconfigure.web.servlet.MockMvcPrintOnlyOnFailureTestExecutionListener@58ebee9, org.springframework.boot.test.autoconfigure.web.servlet.WebDriverTestExecutionListener@131c0b6f, org.springframework.boot.test.autoconfigure.webservices.client.MockWebServiceServerTestExecutionListener@7f030c72, org.springframework.boot.test.mock.mockito.ResetMocksTestExecutionListener@68d8ae27]
2022-07-13 19:16:04.823  INFO 36846 --- [    Test worker] .b.t.c.SpringBootTestContextBootstrapper : Neither @ContextConfiguration nor @ContextHierarchy found for test class [com.globantx.cardinalevaluator.CucumberSpringConfiguration], using SpringBootContextLoader
2022-07-13 19:16:04.823  INFO 36846 --- [    Test worker] o.s.t.c.support.AbstractContextLoader    : Could not detect default resource locations for test class [com.globantx.cardinalevaluator.CucumberSpringConfiguration]: no resource found for suffixes {-context.xml, Context.groovy}.
2022-07-13 19:16:04.824  INFO 36846 --- [    Test worker] .b.t.c.SpringBootTestContextBootstrapper : Loaded default TestExecutionListener class names from location [META-INF/spring.factories]: [org.springframework.boot.test.autoconfigure.restdocs.RestDocsTestExecutionListener, org.springframework.boot.test.autoconfigure.web.client.MockRestServiceServerResetTestExecutionListener, org.springframework.boot.test.autoconfigure.web.servlet.MockMvcPrintOnlyOnFailureTestExecutionListener, org.springframework.boot.test.autoconfigure.web.servlet.WebDriverTestExecutionListener, org.springframework.boot.test.autoconfigure.webservices.client.MockWebServiceServerTestExecutionListener, org.springframework.boot.test.mock.mockito.MockitoTestExecutionListener, org.springframework.boot.test.mock.mockito.ResetMocksTestExecutionListener, org.springframework.test.context.web.ServletTestExecutionListener, org.springframework.test.context.support.DirtiesContextBeforeModesTestExecutionListener, org.springframework.test.context.event.ApplicationEventsTestExecutionListener, org.springframework.test.context.support.DependencyInjectionTestExecutionListener, org.springframework.test.context.support.DirtiesContextTestExecutionListener, org.springframework.test.context.transaction.TransactionalTestExecutionListener, org.springframework.test.context.jdbc.SqlScriptsTestExecutionListener, org.springframework.test.context.event.EventPublishingTestExecutionListener]
2022-07-13 19:16:04.824  INFO 36846 --- [    Test worker] .b.t.c.SpringBootTestContextBootstrapper : Using TestExecutionListeners: [org.springframework.test.context.web.ServletTestExecutionListener@304744a1, org.springframework.test.context.support.DirtiesContextBeforeModesTestExecutionListener@73385d3f, org.springframework.test.context.event.ApplicationEventsTestExecutionListener@6814262d, org.springframework.boot.test.mock.mockito.MockitoTestExecutionListener@7fc1fd31, org.springframework.boot.test.autoconfigure.SpringBootDependencyInjectionTestExecutionListener@75a9cc24, org.springframework.test.context.support.DirtiesContextTestExecutionListener@4449a60b, org.springframework.test.context.event.EventPublishingTestExecutionListener@da5d5e1, org.springframework.boot.test.autoconfigure.restdocs.RestDocsTestExecutionListener@7d7d8911, org.springframework.boot.test.autoconfigure.web.client.MockRestServiceServerResetTestExecutionListener@460eb276, org.springframework.boot.test.autoconfigure.web.servlet.MockMvcPrintOnlyOnFailureTestExecutionListener@4ffe3d42, org.springframework.boot.test.autoconfigure.web.servlet.WebDriverTestExecutionListener@6cd7f381, org.springframework.boot.test.autoconfigure.webservices.client.MockWebServiceServerTestExecutionListener@7df3da0b, org.springframework.boot.test.mock.mockito.ResetMocksTestExecutionListener@4e5d5ac1]
2022-07-13 19:16:04.827  INFO 36846 --- [    Test worker] .b.t.c.SpringBootTestContextBootstrapper : Neither @ContextConfiguration nor @ContextHierarchy found for test class [com.globantx.cardinalevaluator.CucumberSpringConfiguration], using SpringBootContextLoader
2022-07-13 19:16:04.828  INFO 36846 --- [    Test worker] o.s.t.c.support.AbstractContextLoader    : Could not detect default resource locations for test class [com.globantx.cardinalevaluator.CucumberSpringConfiguration]: no resource found for suffixes {-context.xml, Context.groovy}.
2022-07-13 19:16:04.828  INFO 36846 --- [    Test worker] .b.t.c.SpringBootTestContextBootstrapper : Loaded default TestExecutionListener class names from location [META-INF/spring.factories]: [org.springframework.boot.test.autoconfigure.restdocs.RestDocsTestExecutionListener, org.springframework.boot.test.autoconfigure.web.client.MockRestServiceServerResetTestExecutionListener, org.springframework.boot.test.autoconfigure.web.servlet.MockMvcPrintOnlyOnFailureTestExecutionListener, org.springframework.boot.test.autoconfigure.web.servlet.WebDriverTestExecutionListener, org.springframework.boot.test.autoconfigure.webservices.client.MockWebServiceServerTestExecutionListener, org.springframework.boot.test.mock.mockito.MockitoTestExecutionListener, org.springframework.boot.test.mock.mockito.ResetMocksTestExecutionListener, org.springframework.test.context.web.ServletTestExecutionListener, org.springframework.test.context.support.DirtiesContextBeforeModesTestExecutionListener, org.springframework.test.context.event.ApplicationEventsTestExecutionListener, org.springframework.test.context.support.DependencyInjectionTestExecutionListener, org.springframework.test.context.support.DirtiesContextTestExecutionListener, org.springframework.test.context.transaction.TransactionalTestExecutionListener, org.springframework.test.context.jdbc.SqlScriptsTestExecutionListener, org.springframework.test.context.event.EventPublishingTestExecutionListener]
2022-07-13 19:16:04.829  INFO 36846 --- [    Test worker] .b.t.c.SpringBootTestContextBootstrapper : Using TestExecutionListeners: [org.springframework.test.context.web.ServletTestExecutionListener@402f61f5, org.springframework.test.context.support.DirtiesContextBeforeModesTestExecutionListener@6480a063, org.springframework.test.context.event.ApplicationEventsTestExecutionListener@2f6f4ac4, org.springframework.boot.test.mock.mockito.MockitoTestExecutionListener@727dcc64, org.springframework.boot.test.autoconfigure.SpringBootDependencyInjectionTestExecutionListener@49e62b17, org.springframework.test.context.support.DirtiesContextTestExecutionListener@288409f0, org.springframework.test.context.event.EventPublishingTestExecutionListener@7d685f4e, org.springframework.boot.test.autoconfigure.restdocs.RestDocsTestExecutionListener@61eab26b, org.springframework.boot.test.autoconfigure.web.client.MockRestServiceServerResetTestExecutionListener@19ac93d2, org.springframework.boot.test.autoconfigure.web.servlet.MockMvcPrintOnlyOnFailureTestExecutionListener@116fc29e, org.springframework.boot.test.autoconfigure.web.servlet.WebDriverTestExecutionListener@2e426dd2, org.springframework.boot.test.autoconfigure.webservices.client.MockWebServiceServerTestExecutionListener@1a0ffb9b, org.springframework.boot.test.mock.mockito.ResetMocksTestExecutionListener@67c0c90b]
2022-07-13 19:16:04.832  INFO 36846 --- [    Test worker] .b.t.c.SpringBootTestContextBootstrapper : Neither @ContextConfiguration nor @ContextHierarchy found for test class [com.globantx.cardinalevaluator.CucumberSpringConfiguration], using SpringBootContextLoader
2022-07-13 19:16:04.832  INFO 36846 --- [    Test worker] o.s.t.c.support.AbstractContextLoader    : Could not detect default resource locations for test class [com.globantx.cardinalevaluator.CucumberSpringConfiguration]: no resource found for suffixes {-context.xml, Context.groovy}.
2022-07-13 19:16:04.833  INFO 36846 --- [    Test worker] .b.t.c.SpringBootTestContextBootstrapper : Loaded default TestExecutionListener class names from location [META-INF/spring.factories]: [org.springframework.boot.test.autoconfigure.restdocs.RestDocsTestExecutionListener, org.springframework.boot.test.autoconfigure.web.client.MockRestServiceServerResetTestExecutionListener, org.springframework.boot.test.autoconfigure.web.servlet.MockMvcPrintOnlyOnFailureTestExecutionListener, org.springframework.boot.test.autoconfigure.web.servlet.WebDriverTestExecutionListener, org.springframework.boot.test.autoconfigure.webservices.client.MockWebServiceServerTestExecutionListener, org.springframework.boot.test.mock.mockito.MockitoTestExecutionListener, org.springframework.boot.test.mock.mockito.ResetMocksTestExecutionListener, org.springframework.test.context.web.ServletTestExecutionListener, org.springframework.test.context.support.DirtiesContextBeforeModesTestExecutionListener, org.springframework.test.context.event.ApplicationEventsTestExecutionListener, org.springframework.test.context.support.DependencyInjectionTestExecutionListener, org.springframework.test.context.support.DirtiesContextTestExecutionListener, org.springframework.test.context.transaction.TransactionalTestExecutionListener, org.springframework.test.context.jdbc.SqlScriptsTestExecutionListener, org.springframework.test.context.event.EventPublishingTestExecutionListener]
2022-07-13 19:16:04.834  INFO 36846 --- [    Test worker] .b.t.c.SpringBootTestContextBootstrapper : Using TestExecutionListeners: [org.springframework.test.context.web.ServletTestExecutionListener@8549c5f, org.springframework.test.context.support.DirtiesContextBeforeModesTestExecutionListener@35454c7a, org.springframework.test.context.event.ApplicationEventsTestExecutionListener@50f3ba6a, org.springframework.boot.test.mock.mockito.MockitoTestExecutionListener@319aa9ee, org.springframework.boot.test.autoconfigure.SpringBootDependencyInjectionTestExecutionListener@1d806de6, org.springframework.test.context.support.DirtiesContextTestExecutionListener@2b9d4b0, org.springframework.test.context.event.EventPublishingTestExecutionListener@4f541e67, org.springframework.boot.test.autoconfigure.restdocs.RestDocsTestExecutionListener@2be50bba, org.springframework.boot.test.autoconfigure.web.client.MockRestServiceServerResetTestExecutionListener@3514ac7d, org.springframework.boot.test.autoconfigure.web.servlet.MockMvcPrintOnlyOnFailureTestExecutionListener@79c4f23b, org.springframework.boot.test.autoconfigure.web.servlet.WebDriverTestExecutionListener@160c7c42, org.springframework.boot.test.autoconfigure.webservices.client.MockWebServiceServerTestExecutionListener@15371de2, org.springframework.boot.test.mock.mockito.ResetMocksTestExecutionListener@5503c7d]
2022-07-13 19:16:04.837  INFO 36846 --- [    Test worker] .b.t.c.SpringBootTestContextBootstrapper : Neither @ContextConfiguration nor @ContextHierarchy found for test class [com.globantx.cardinalevaluator.CucumberSpringConfiguration], using SpringBootContextLoader
2022-07-13 19:16:04.837  INFO 36846 --- [    Test worker] o.s.t.c.support.AbstractContextLoader    : Could not detect default resource locations for test class [com.globantx.cardinalevaluator.CucumberSpringConfiguration]: no resource found for suffixes {-context.xml, Context.groovy}.
2022-07-13 19:16:04.838  INFO 36846 --- [    Test worker] .b.t.c.SpringBootTestContextBootstrapper : Loaded default TestExecutionListener class names from location [META-INF/spring.factories]: [org.springframework.boot.test.autoconfigure.restdocs.RestDocsTestExecutionListener, org.springframework.boot.test.autoconfigure.web.client.MockRestServiceServerResetTestExecutionListener, org.springframework.boot.test.autoconfigure.web.servlet.MockMvcPrintOnlyOnFailureTestExecutionListener, org.springframework.boot.test.autoconfigure.web.servlet.WebDriverTestExecutionListener, org.springframework.boot.test.autoconfigure.webservices.client.MockWebServiceServerTestExecutionListener, org.springframework.boot.test.mock.mockito.MockitoTestExecutionListener, org.springframework.boot.test.mock.mockito.ResetMocksTestExecutionListener, org.springframework.test.context.web.ServletTestExecutionListener, org.springframework.test.context.support.DirtiesContextBeforeModesTestExecutionListener, org.springframework.test.context.event.ApplicationEventsTestExecutionListener, org.springframework.test.context.support.DependencyInjectionTestExecutionListener, org.springframework.test.context.support.DirtiesContextTestExecutionListener, org.springframework.test.context.transaction.TransactionalTestExecutionListener, org.springframework.test.context.jdbc.SqlScriptsTestExecutionListener, org.springframework.test.context.event.EventPublishingTestExecutionListener]
2022-07-13 19:16:04.838  INFO 36846 --- [    Test worker] .b.t.c.SpringBootTestContextBootstrapper : Using TestExecutionListeners: [org.springframework.test.context.web.ServletTestExecutionListener@5b5b53c6, org.springframework.test.context.support.DirtiesContextBeforeModesTestExecutionListener@2ec0ca83, org.springframework.test.context.event.ApplicationEventsTestExecutionListener@3350ab4, org.springframework.boot.test.mock.mockito.MockitoTestExecutionListener@7827d7b, org.springframework.boot.test.autoconfigure.SpringBootDependencyInjectionTestExecutionListener@646cb2e, org.springframework.test.context.support.DirtiesContextTestExecutionListener@2e7a9db7, org.springframework.test.context.event.EventPublishingTestExecutionListener@5315266, org.springframework.boot.test.autoconfigure.restdocs.RestDocsTestExecutionListener@11cc9e1e, org.springframework.boot.test.autoconfigure.web.client.MockRestServiceServerResetTestExecutionListener@216328b2, org.springframework.boot.test.autoconfigure.web.servlet.MockMvcPrintOnlyOnFailureTestExecutionListener@5b0e9e0c, org.springframework.boot.test.autoconfigure.web.servlet.WebDriverTestExecutionListener@54234569, org.springframework.boot.test.autoconfigure.webservices.client.MockWebServiceServerTestExecutionListener@21ea1d9d, org.springframework.boot.test.mock.mockito.ResetMocksTestExecutionListener@19f497aa]
2022-07-13 19:16:04.841  INFO 36846 --- [    Test worker] .b.t.c.SpringBootTestContextBootstrapper : Neither @ContextConfiguration nor @ContextHierarchy found for test class [com.globantx.cardinalevaluator.CucumberSpringConfiguration], using SpringBootContextLoader
2022-07-13 19:16:04.842  INFO 36846 --- [    Test worker] o.s.t.c.support.AbstractContextLoader    : Could not detect default resource locations for test class [com.globantx.cardinalevaluator.CucumberSpringConfiguration]: no resource found for suffixes {-context.xml, Context.groovy}.
2022-07-13 19:16:04.842  INFO 36846 --- [    Test worker] .b.t.c.SpringBootTestContextBootstrapper : Loaded default TestExecutionListener class names from location [META-INF/spring.factories]: [org.springframework.boot.test.autoconfigure.restdocs.RestDocsTestExecutionListener, org.springframework.boot.test.autoconfigure.web.client.MockRestServiceServerResetTestExecutionListener, org.springframework.boot.test.autoconfigure.web.servlet.MockMvcPrintOnlyOnFailureTestExecutionListener, org.springframework.boot.test.autoconfigure.web.servlet.WebDriverTestExecutionListener, org.springframework.boot.test.autoconfigure.webservices.client.MockWebServiceServerTestExecutionListener, org.springframework.boot.test.mock.mockito.MockitoTestExecutionListener, org.springframework.boot.test.mock.mockito.ResetMocksTestExecutionListener, org.springframework.test.context.web.ServletTestExecutionListener, org.springframework.test.context.support.DirtiesContextBeforeModesTestExecutionListener, org.springframework.test.context.event.ApplicationEventsTestExecutionListener, org.springframework.test.context.support.DependencyInjectionTestExecutionListener, org.springframework.test.context.support.DirtiesContextTestExecutionListener, org.springframework.test.context.transaction.TransactionalTestExecutionListener, org.springframework.test.context.jdbc.SqlScriptsTestExecutionListener, org.springframework.test.context.event.EventPublishingTestExecutionListener]
2022-07-13 19:16:04.843  INFO 36846 --- [    Test worker] .b.t.c.SpringBootTestContextBootstrapper : Using TestExecutionListeners: [org.springframework.test.context.web.ServletTestExecutionListener@9147ba2, org.springframework.test.context.support.DirtiesContextBeforeModesTestExecutionListener@3460e4ed, org.springframework.test.context.event.ApplicationEventsTestExecutionListener@2efcc0b3, org.springframework.boot.test.mock.mockito.MockitoTestExecutionListener@4a453f8d, org.springframework.boot.test.autoconfigure.SpringBootDependencyInjectionTestExecutionListener@60a6840c, org.springframework.test.context.support.DirtiesContextTestExecutionListener@53525379, org.springframework.test.context.event.EventPublishingTestExecutionListener@1be3f8f8, org.springframework.boot.test.autoconfigure.restdocs.RestDocsTestExecutionListener@78b9155e, org.springframework.boot.test.autoconfigure.web.client.MockRestServiceServerResetTestExecutionListener@2ceb68a1, org.springframework.boot.test.autoconfigure.web.servlet.MockMvcPrintOnlyOnFailureTestExecutionListener@6de33fde, org.springframework.boot.test.autoconfigure.web.servlet.WebDriverTestExecutionListener@69c33ea2, org.springframework.boot.test.autoconfigure.webservices.client.MockWebServiceServerTestExecutionListener@59e0d521, org.springframework.boot.test.mock.mockito.ResetMocksTestExecutionListener@2e3900dc]
2022-07-13 19:16:04.845  INFO 36846 --- [    Test worker] .b.t.c.SpringBootTestContextBootstrapper : Neither @ContextConfiguration nor @ContextHierarchy found for test class [com.globantx.cardinalevaluator.CucumberSpringConfiguration], using SpringBootContextLoader
2022-07-13 19:16:04.845  INFO 36846 --- [    Test worker] o.s.t.c.support.AbstractContextLoader    : Could not detect default resource locations for test class [com.globantx.cardinalevaluator.CucumberSpringConfiguration]: no resource found for suffixes {-context.xml, Context.groovy}.
2022-07-13 19:16:04.846  INFO 36846 --- [    Test worker] .b.t.c.SpringBootTestContextBootstrapper : Loaded default TestExecutionListener class names from location [META-INF/spring.factories]: [org.springframework.boot.test.autoconfigure.restdocs.RestDocsTestExecutionListener, org.springframework.boot.test.autoconfigure.web.client.MockRestServiceServerResetTestExecutionListener, org.springframework.boot.test.autoconfigure.web.servlet.MockMvcPrintOnlyOnFailureTestExecutionListener, org.springframework.boot.test.autoconfigure.web.servlet.WebDriverTestExecutionListener, org.springframework.boot.test.autoconfigure.webservices.client.MockWebServiceServerTestExecutionListener, org.springframework.boot.test.mock.mockito.MockitoTestExecutionListener, org.springframework.boot.test.mock.mockito.ResetMocksTestExecutionListener, org.springframework.test.context.web.ServletTestExecutionListener, org.springframework.test.context.support.DirtiesContextBeforeModesTestExecutionListener, org.springframework.test.context.event.ApplicationEventsTestExecutionListener, org.springframework.test.context.support.DependencyInjectionTestExecutionListener, org.springframework.test.context.support.DirtiesContextTestExecutionListener, org.springframework.test.context.transaction.TransactionalTestExecutionListener, org.springframework.test.context.jdbc.SqlScriptsTestExecutionListener, org.springframework.test.context.event.EventPublishingTestExecutionListener]
2022-07-13 19:16:04.846  INFO 36846 --- [    Test worker] .b.t.c.SpringBootTestContextBootstrapper : Using TestExecutionListeners: [org.springframework.test.context.web.ServletTestExecutionListener@5ad0c70a, org.springframework.test.context.support.DirtiesContextBeforeModesTestExecutionListener@2a16d4dc, org.springframework.test.context.event.ApplicationEventsTestExecutionListener@75805562, org.springframework.boot.test.mock.mockito.MockitoTestExecutionListener@13d984ee, org.springframework.boot.test.autoconfigure.SpringBootDependencyInjectionTestExecutionListener@4fedf908, org.springframework.test.context.support.DirtiesContextTestExecutionListener@5341641d, org.springframework.test.context.event.EventPublishingTestExecutionListener@241d1052, org.springframework.boot.test.autoconfigure.restdocs.RestDocsTestExecutionListener@7b3c0ecb, org.springframework.boot.test.autoconfigure.web.client.MockRestServiceServerResetTestExecutionListener@5bb99d1d, org.springframework.boot.test.autoconfigure.web.servlet.MockMvcPrintOnlyOnFailureTestExecutionListener@3006bfb, org.springframework.boot.test.autoconfigure.web.servlet.WebDriverTestExecutionListener@4fd37449, org.springframework.boot.test.autoconfigure.webservices.client.MockWebServiceServerTestExecutionListener@5402612e, org.springframework.boot.test.mock.mockito.ResetMocksTestExecutionListener@43445fc6]
2022-07-13 19:16:04.849  INFO 36846 --- [    Test worker] .b.t.c.SpringBootTestContextBootstrapper : Neither @ContextConfiguration nor @ContextHierarchy found for test class [com.globantx.cardinalevaluator.CucumberSpringConfiguration], using SpringBootContextLoader
2022-07-13 19:16:04.849  INFO 36846 --- [    Test worker] o.s.t.c.support.AbstractContextLoader    : Could not detect default resource locations for test class [com.globantx.cardinalevaluator.CucumberSpringConfiguration]: no resource found for suffixes {-context.xml, Context.groovy}.
2022-07-13 19:16:04.850  INFO 36846 --- [    Test worker] .b.t.c.SpringBootTestContextBootstrapper : Loaded default TestExecutionListener class names from location [META-INF/spring.factories]: [org.springframework.boot.test.autoconfigure.restdocs.RestDocsTestExecutionListener, org.springframework.boot.test.autoconfigure.web.client.MockRestServiceServerResetTestExecutionListener, org.springframework.boot.test.autoconfigure.web.servlet.MockMvcPrintOnlyOnFailureTestExecutionListener, org.springframework.boot.test.autoconfigure.web.servlet.WebDriverTestExecutionListener, org.springframework.boot.test.autoconfigure.webservices.client.MockWebServiceServerTestExecutionListener, org.springframework.boot.test.mock.mockito.MockitoTestExecutionListener, org.springframework.boot.test.mock.mockito.ResetMocksTestExecutionListener, org.springframework.test.context.web.ServletTestExecutionListener, org.springframework.test.context.support.DirtiesContextBeforeModesTestExecutionListener, org.springframework.test.context.event.ApplicationEventsTestExecutionListener, org.springframework.test.context.support.DependencyInjectionTestExecutionListener, org.springframework.test.context.support.DirtiesContextTestExecutionListener, org.springframework.test.context.transaction.TransactionalTestExecutionListener, org.springframework.test.context.jdbc.SqlScriptsTestExecutionListener, org.springframework.test.context.event.EventPublishingTestExecutionListener]
2022-07-13 19:16:04.852  INFO 36846 --- [    Test worker] .b.t.c.SpringBootTestContextBootstrapper : Using TestExecutionListeners: [org.springframework.test.context.web.ServletTestExecutionListener@1827fc4e, org.springframework.test.context.support.DirtiesContextBeforeModesTestExecutionListener@4c41a177, org.springframework.test.context.event.ApplicationEventsTestExecutionListener@2faf6e4a, org.springframework.boot.test.mock.mockito.MockitoTestExecutionListener@43ab0659, org.springframework.boot.test.autoconfigure.SpringBootDependencyInjectionTestExecutionListener@644947ee, org.springframework.test.context.support.DirtiesContextTestExecutionListener@25421809, org.springframework.test.context.event.EventPublishingTestExecutionListener@714bffd5, org.springframework.boot.test.autoconfigure.restdocs.RestDocsTestExecutionListener@6ac9b66b, org.springframework.boot.test.autoconfigure.web.client.MockRestServiceServerResetTestExecutionListener@4491eaeb, org.springframework.boot.test.autoconfigure.web.servlet.MockMvcPrintOnlyOnFailureTestExecutionListener@71262020, org.springframework.boot.test.autoconfigure.web.servlet.WebDriverTestExecutionListener@5f3ddc86, org.springframework.boot.test.autoconfigure.webservices.client.MockWebServiceServerTestExecutionListener@78e043e4, org.springframework.boot.test.mock.mockito.ResetMocksTestExecutionListener@336d28a1]
2022-07-13 19:16:04.855  INFO 36846 --- [    Test worker] .b.t.c.SpringBootTestContextBootstrapper : Neither @ContextConfiguration nor @ContextHierarchy found for test class [com.globantx.cardinalevaluator.CucumberSpringConfiguration], using SpringBootContextLoader
2022-07-13 19:16:04.855  INFO 36846 --- [    Test worker] o.s.t.c.support.AbstractContextLoader    : Could not detect default resource locations for test class [com.globantx.cardinalevaluator.CucumberSpringConfiguration]: no resource found for suffixes {-context.xml, Context.groovy}.
2022-07-13 19:16:04.856  INFO 36846 --- [    Test worker] .b.t.c.SpringBootTestContextBootstrapper : Loaded default TestExecutionListener class names from location [META-INF/spring.factories]: [org.springframework.boot.test.autoconfigure.restdocs.RestDocsTestExecutionListener, org.springframework.boot.test.autoconfigure.web.client.MockRestServiceServerResetTestExecutionListener, org.springframework.boot.test.autoconfigure.web.servlet.MockMvcPrintOnlyOnFailureTestExecutionListener, org.springframework.boot.test.autoconfigure.web.servlet.WebDriverTestExecutionListener, org.springframework.boot.test.autoconfigure.webservices.client.MockWebServiceServerTestExecutionListener, org.springframework.boot.test.mock.mockito.MockitoTestExecutionListener, org.springframework.boot.test.mock.mockito.ResetMocksTestExecutionListener, org.springframework.test.context.web.ServletTestExecutionListener, org.springframework.test.context.support.DirtiesContextBeforeModesTestExecutionListener, org.springframework.test.context.event.ApplicationEventsTestExecutionListener, org.springframework.test.context.support.DependencyInjectionTestExecutionListener, org.springframework.test.context.support.DirtiesContextTestExecutionListener, org.springframework.test.context.transaction.TransactionalTestExecutionListener, org.springframework.test.context.jdbc.SqlScriptsTestExecutionListener, org.springframework.test.context.event.EventPublishingTestExecutionListener]
2022-07-13 19:16:04.856  INFO 36846 --- [    Test worker] .b.t.c.SpringBootTestContextBootstrapper : Using TestExecutionListeners: [org.springframework.test.context.web.ServletTestExecutionListener@1d622556, org.springframework.test.context.support.DirtiesContextBeforeModesTestExecutionListener@4b9f7edc, org.springframework.test.context.event.ApplicationEventsTestExecutionListener@70ee1963, org.springframework.boot.test.mock.mockito.MockitoTestExecutionListener@2e0652ab, org.springframework.boot.test.autoconfigure.SpringBootDependencyInjectionTestExecutionListener@22c29aa8, org.springframework.test.context.support.DirtiesContextTestExecutionListener@129b69b2, org.springframework.test.context.event.EventPublishingTestExecutionListener@12be4f83, org.springframework.boot.test.autoconfigure.restdocs.RestDocsTestExecutionListener@eb1d475, org.springframework.boot.test.autoconfigure.web.client.MockRestServiceServerResetTestExecutionListener@389008d1, org.springframework.boot.test.autoconfigure.web.servlet.MockMvcPrintOnlyOnFailureTestExecutionListener@718f3088, org.springframework.boot.test.autoconfigure.web.servlet.WebDriverTestExecutionListener@11adab6d, org.springframework.boot.test.autoconfigure.webservices.client.MockWebServiceServerTestExecutionListener@11bfd751, org.springframework.boot.test.mock.mockito.ResetMocksTestExecutionListener@29519337]
2022-07-13 19:16:04.858  INFO 36846 --- [    Test worker] .b.t.c.SpringBootTestContextBootstrapper : Neither @ContextConfiguration nor @ContextHierarchy found for test class [com.globantx.cardinalevaluator.CucumberSpringConfiguration], using SpringBootContextLoader
2022-07-13 19:16:04.858  INFO 36846 --- [    Test worker] o.s.t.c.support.AbstractContextLoader    : Could not detect default resource locations for test class [com.globantx.cardinalevaluator.CucumberSpringConfiguration]: no resource found for suffixes {-context.xml, Context.groovy}.
2022-07-13 19:16:04.859  INFO 36846 --- [    Test worker] .b.t.c.SpringBootTestContextBootstrapper : Loaded default TestExecutionListener class names from location [META-INF/spring.factories]: [org.springframework.boot.test.autoconfigure.restdocs.RestDocsTestExecutionListener, org.springframework.boot.test.autoconfigure.web.client.MockRestServiceServerResetTestExecutionListener, org.springframework.boot.test.autoconfigure.web.servlet.MockMvcPrintOnlyOnFailureTestExecutionListener, org.springframework.boot.test.autoconfigure.web.servlet.WebDriverTestExecutionListener, org.springframework.boot.test.autoconfigure.webservices.client.MockWebServiceServerTestExecutionListener, org.springframework.boot.test.mock.mockito.MockitoTestExecutionListener, org.springframework.boot.test.mock.mockito.ResetMocksTestExecutionListener, org.springframework.test.context.web.ServletTestExecutionListener, org.springframework.test.context.support.DirtiesContextBeforeModesTestExecutionListener, org.springframework.test.context.event.ApplicationEventsTestExecutionListener, org.springframework.test.context.support.DependencyInjectionTestExecutionListener, org.springframework.test.context.support.DirtiesContextTestExecutionListener, org.springframework.test.context.transaction.TransactionalTestExecutionListener, org.springframework.test.context.jdbc.SqlScriptsTestExecutionListener, org.springframework.test.context.event.EventPublishingTestExecutionListener]
2022-07-13 19:16:04.859  INFO 36846 --- [    Test worker] .b.t.c.SpringBootTestContextBootstrapper : Using TestExecutionListeners: [org.springframework.test.context.web.ServletTestExecutionListener@2152fde5, org.springframework.test.context.support.DirtiesContextBeforeModesTestExecutionListener@5d58dc61, org.springframework.test.context.event.ApplicationEventsTestExecutionListener@32328dc4, org.springframework.boot.test.mock.mockito.MockitoTestExecutionListener@17df689e, org.springframework.boot.test.autoconfigure.SpringBootDependencyInjectionTestExecutionListener@21540255, org.springframework.test.context.support.DirtiesContextTestExecutionListener@3a7469ca, org.springframework.test.context.event.EventPublishingTestExecutionListener@1c8e8fed, org.springframework.boot.test.autoconfigure.restdocs.RestDocsTestExecutionListener@70f98f7a, org.springframework.boot.test.autoconfigure.web.client.MockRestServiceServerResetTestExecutionListener@713e7d9a, org.springframework.boot.test.autoconfigure.web.servlet.MockMvcPrintOnlyOnFailureTestExecutionListener@681d704e, org.springframework.boot.test.autoconfigure.web.servlet.WebDriverTestExecutionListener@846b47, org.springframework.boot.test.autoconfigure.webservices.client.MockWebServiceServerTestExecutionListener@3c3ab672, org.springframework.boot.test.mock.mockito.ResetMocksTestExecutionListener@3e6acec2]
2022-07-13 19:16:04.862  INFO 36846 --- [    Test worker] .b.t.c.SpringBootTestContextBootstrapper : Neither @ContextConfiguration nor @ContextHierarchy found for test class [com.globantx.cardinalevaluator.CucumberSpringConfiguration], using SpringBootContextLoader
2022-07-13 19:16:04.862  INFO 36846 --- [    Test worker] o.s.t.c.support.AbstractContextLoader    : Could not detect default resource locations for test class [com.globantx.cardinalevaluator.CucumberSpringConfiguration]: no resource found for suffixes {-context.xml, Context.groovy}.
2022-07-13 19:16:04.863  INFO 36846 --- [    Test worker] .b.t.c.SpringBootTestContextBootstrapper : Loaded default TestExecutionListener class names from location [META-INF/spring.factories]: [org.springframework.boot.test.autoconfigure.restdocs.RestDocsTestExecutionListener, org.springframework.boot.test.autoconfigure.web.client.MockRestServiceServerResetTestExecutionListener, org.springframework.boot.test.autoconfigure.web.servlet.MockMvcPrintOnlyOnFailureTestExecutionListener, org.springframework.boot.test.autoconfigure.web.servlet.WebDriverTestExecutionListener, org.springframework.boot.test.autoconfigure.webservices.client.MockWebServiceServerTestExecutionListener, org.springframework.boot.test.mock.mockito.MockitoTestExecutionListener, org.springframework.boot.test.mock.mockito.ResetMocksTestExecutionListener, org.springframework.test.context.web.ServletTestExecutionListener, org.springframework.test.context.support.DirtiesContextBeforeModesTestExecutionListener, org.springframework.test.context.event.ApplicationEventsTestExecutionListener, org.springframework.test.context.support.DependencyInjectionTestExecutionListener, org.springframework.test.context.support.DirtiesContextTestExecutionListener, org.springframework.test.context.transaction.TransactionalTestExecutionListener, org.springframework.test.context.jdbc.SqlScriptsTestExecutionListener, org.springframework.test.context.event.EventPublishingTestExecutionListener]
2022-07-13 19:16:04.863  INFO 36846 --- [    Test worker] .b.t.c.SpringBootTestContextBootstrapper : Using TestExecutionListeners: [org.springframework.test.context.web.ServletTestExecutionListener@7c3c3d67, org.springframework.test.context.support.DirtiesContextBeforeModesTestExecutionListener@1e258d3b, org.springframework.test.context.event.ApplicationEventsTestExecutionListener@2b6fcca1, org.springframework.boot.test.mock.mockito.MockitoTestExecutionListener@39f93225, org.springframework.boot.test.autoconfigure.SpringBootDependencyInjectionTestExecutionListener@24b3f778, org.springframework.test.context.support.DirtiesContextTestExecutionListener@164dea80, org.springframework.test.context.event.EventPublishingTestExecutionListener@4392362c, org.springframework.boot.test.autoconfigure.restdocs.RestDocsTestExecutionListener@338a4c61, org.springframework.boot.test.autoconfigure.web.client.MockRestServiceServerResetTestExecutionListener@839755f, org.springframework.boot.test.autoconfigure.web.servlet.MockMvcPrintOnlyOnFailureTestExecutionListener@71d99732, org.springframework.boot.test.autoconfigure.web.servlet.WebDriverTestExecutionListener@2328ec73, org.springframework.boot.test.autoconfigure.webservices.client.MockWebServiceServerTestExecutionListener@42a05533, org.springframework.boot.test.mock.mockito.ResetMocksTestExecutionListener@17053b5]
2022-07-13 19:16:04.867  INFO 36846 --- [    Test worker] .b.t.c.SpringBootTestContextBootstrapper : Neither @ContextConfiguration nor @ContextHierarchy found for test class [com.globantx.cardinalevaluator.CucumberSpringConfiguration], using SpringBootContextLoader
2022-07-13 19:16:04.867  INFO 36846 --- [    Test worker] o.s.t.c.support.AbstractContextLoader    : Could not detect default resource locations for test class [com.globantx.cardinalevaluator.CucumberSpringConfiguration]: no resource found for suffixes {-context.xml, Context.groovy}.
2022-07-13 19:16:04.867  INFO 36846 --- [    Test worker] .b.t.c.SpringBootTestContextBootstrapper : Loaded default TestExecutionListener class names from location [META-INF/spring.factories]: [org.springframework.boot.test.autoconfigure.restdocs.RestDocsTestExecutionListener, org.springframework.boot.test.autoconfigure.web.client.MockRestServiceServerResetTestExecutionListener, org.springframework.boot.test.autoconfigure.web.servlet.MockMvcPrintOnlyOnFailureTestExecutionListener, org.springframework.boot.test.autoconfigure.web.servlet.WebDriverTestExecutionListener, org.springframework.boot.test.autoconfigure.webservices.client.MockWebServiceServerTestExecutionListener, org.springframework.boot.test.mock.mockito.MockitoTestExecutionListener, org.springframework.boot.test.mock.mockito.ResetMocksTestExecutionListener, org.springframework.test.context.web.ServletTestExecutionListener, org.springframework.test.context.support.DirtiesContextBeforeModesTestExecutionListener, org.springframework.test.context.event.ApplicationEventsTestExecutionListener, org.springframework.test.context.support.DependencyInjectionTestExecutionListener, org.springframework.test.context.support.DirtiesContextTestExecutionListener, org.springframework.test.context.transaction.TransactionalTestExecutionListener, org.springframework.test.context.jdbc.SqlScriptsTestExecutionListener, org.springframework.test.context.event.EventPublishingTestExecutionListener]
2022-07-13 19:16:04.868  INFO 36846 --- [    Test worker] .b.t.c.SpringBootTestContextBootstrapper : Using TestExecutionListeners: [org.springframework.test.context.web.ServletTestExecutionListener@3cad24ae, org.springframework.test.context.support.DirtiesContextBeforeModesTestExecutionListener@58021c3c, org.springframework.test.context.event.ApplicationEventsTestExecutionListener@18cbc3c2, org.springframework.boot.test.mock.mockito.MockitoTestExecutionListener@1b25d695, org.springframework.boot.test.autoconfigure.SpringBootDependencyInjectionTestExecutionListener@4ef8090b, org.springframework.test.context.support.DirtiesContextTestExecutionListener@6d31f14, org.springframework.test.context.event.EventPublishingTestExecutionListener@404009df, org.springframework.boot.test.autoconfigure.restdocs.RestDocsTestExecutionListener@75e4fe3c, org.springframework.boot.test.autoconfigure.web.client.MockRestServiceServerResetTestExecutionListener@7bda01da, org.springframework.boot.test.autoconfigure.web.servlet.MockMvcPrintOnlyOnFailureTestExecutionListener@65ef9a0a, org.springframework.boot.test.autoconfigure.web.servlet.WebDriverTestExecutionListener@25216999, org.springframework.boot.test.autoconfigure.webservices.client.MockWebServiceServerTestExecutionListener@77e6761f, org.springframework.boot.test.mock.mockito.ResetMocksTestExecutionListener@5c997de8]
2022-07-13 19:16:04.870  INFO 36846 --- [    Test worker] .b.t.c.SpringBootTestContextBootstrapper : Neither @ContextConfiguration nor @ContextHierarchy found for test class [com.globantx.cardinalevaluator.CucumberSpringConfiguration], using SpringBootContextLoader
2022-07-13 19:16:04.870  INFO 36846 --- [    Test worker] o.s.t.c.support.AbstractContextLoader    : Could not detect default resource locations for test class [com.globantx.cardinalevaluator.CucumberSpringConfiguration]: no resource found for suffixes {-context.xml, Context.groovy}.
2022-07-13 19:16:04.871  INFO 36846 --- [    Test worker] .b.t.c.SpringBootTestContextBootstrapper : Loaded default TestExecutionListener class names from location [META-INF/spring.factories]: [org.springframework.boot.test.autoconfigure.restdocs.RestDocsTestExecutionListener, org.springframework.boot.test.autoconfigure.web.client.MockRestServiceServerResetTestExecutionListener, org.springframework.boot.test.autoconfigure.web.servlet.MockMvcPrintOnlyOnFailureTestExecutionListener, org.springframework.boot.test.autoconfigure.web.servlet.WebDriverTestExecutionListener, org.springframework.boot.test.autoconfigure.webservices.client.MockWebServiceServerTestExecutionListener, org.springframework.boot.test.mock.mockito.MockitoTestExecutionListener, org.springframework.boot.test.mock.mockito.ResetMocksTestExecutionListener, org.springframework.test.context.web.ServletTestExecutionListener, org.springframework.test.context.support.DirtiesContextBeforeModesTestExecutionListener, org.springframework.test.context.event.ApplicationEventsTestExecutionListener, org.springframework.test.context.support.DependencyInjectionTestExecutionListener, org.springframework.test.context.support.DirtiesContextTestExecutionListener, org.springframework.test.context.transaction.TransactionalTestExecutionListener, org.springframework.test.context.jdbc.SqlScriptsTestExecutionListener, org.springframework.test.context.event.EventPublishingTestExecutionListener]
2022-07-13 19:16:04.871  INFO 36846 --- [    Test worker] .b.t.c.SpringBootTestContextBootstrapper : Using TestExecutionListeners: [org.springframework.test.context.web.ServletTestExecutionListener@45bf93bb, org.springframework.test.context.support.DirtiesContextBeforeModesTestExecutionListener@6b7c4734, org.springframework.test.context.event.ApplicationEventsTestExecutionListener@2f6e92ca, org.springframework.boot.test.mock.mockito.MockitoTestExecutionListener@380fdcf2, org.springframework.boot.test.autoconfigure.SpringBootDependencyInjectionTestExecutionListener@114b203, org.springframework.test.context.support.DirtiesContextTestExecutionListener@8d810f2, org.springframework.test.context.event.EventPublishingTestExecutionListener@537b3be1, org.springframework.boot.test.autoconfigure.restdocs.RestDocsTestExecutionListener@15d58530, org.springframework.boot.test.autoconfigure.web.client.MockRestServiceServerResetTestExecutionListener@31f5b923, org.springframework.boot.test.autoconfigure.web.servlet.MockMvcPrintOnlyOnFailureTestExecutionListener@79e2606f, org.springframework.boot.test.autoconfigure.web.servlet.WebDriverTestExecutionListener@734cf881, org.springframework.boot.test.autoconfigure.webservices.client.MockWebServiceServerTestExecutionListener@4a890fdd, org.springframework.boot.test.mock.mockito.ResetMocksTestExecutionListener@56299b0e]
2022-07-13 19:16:04.873  INFO 36846 --- [    Test worker] .b.t.c.SpringBootTestContextBootstrapper : Neither @ContextConfiguration nor @ContextHierarchy found for test class [com.globantx.cardinalevaluator.CucumberSpringConfiguration], using SpringBootContextLoader
2022-07-13 19:16:04.873  INFO 36846 --- [    Test worker] o.s.t.c.support.AbstractContextLoader    : Could not detect default resource locations for test class [com.globantx.cardinalevaluator.CucumberSpringConfiguration]: no resource found for suffixes {-context.xml, Context.groovy}.
2022-07-13 19:16:04.874  INFO 36846 --- [    Test worker] .b.t.c.SpringBootTestContextBootstrapper : Loaded default TestExecutionListener class names from location [META-INF/spring.factories]: [org.springframework.boot.test.autoconfigure.restdocs.RestDocsTestExecutionListener, org.springframework.boot.test.autoconfigure.web.client.MockRestServiceServerResetTestExecutionListener, org.springframework.boot.test.autoconfigure.web.servlet.MockMvcPrintOnlyOnFailureTestExecutionListener, org.springframework.boot.test.autoconfigure.web.servlet.WebDriverTestExecutionListener, org.springframework.boot.test.autoconfigure.webservices.client.MockWebServiceServerTestExecutionListener, org.springframework.boot.test.mock.mockito.MockitoTestExecutionListener, org.springframework.boot.test.mock.mockito.ResetMocksTestExecutionListener, org.springframework.test.context.web.ServletTestExecutionListener, org.springframework.test.context.support.DirtiesContextBeforeModesTestExecutionListener, org.springframework.test.context.event.ApplicationEventsTestExecutionListener, org.springframework.test.context.support.DependencyInjectionTestExecutionListener, org.springframework.test.context.support.DirtiesContextTestExecutionListener, org.springframework.test.context.transaction.TransactionalTestExecutionListener, org.springframework.test.context.jdbc.SqlScriptsTestExecutionListener, org.springframework.test.context.event.EventPublishingTestExecutionListener]
2022-07-13 19:16:04.874  INFO 36846 --- [    Test worker] .b.t.c.SpringBootTestContextBootstrapper : Using TestExecutionListeners: [org.springframework.test.context.web.ServletTestExecutionListener@3ca278bc, org.springframework.test.context.support.DirtiesContextBeforeModesTestExecutionListener@283e1759, org.springframework.test.context.event.ApplicationEventsTestExecutionListener@2acb1264, org.springframework.boot.test.mock.mockito.MockitoTestExecutionListener@30a01dd8, org.springframework.boot.test.autoconfigure.SpringBootDependencyInjectionTestExecutionListener@1f68e4e8, org.springframework.test.context.support.DirtiesContextTestExecutionListener@47b4ac83, org.springframework.test.context.event.EventPublishingTestExecutionListener@351ede23, org.springframework.boot.test.autoconfigure.restdocs.RestDocsTestExecutionListener@5604b85, org.springframework.boot.test.autoconfigure.web.client.MockRestServiceServerResetTestExecutionListener@5df7a065, org.springframework.boot.test.autoconfigure.web.servlet.MockMvcPrintOnlyOnFailureTestExecutionListener@3f45dfec, org.springframework.boot.test.autoconfigure.web.servlet.WebDriverTestExecutionListener@7c69e1e1, org.springframework.boot.test.autoconfigure.webservices.client.MockWebServiceServerTestExecutionListener@7b52b18a, org.springframework.boot.test.mock.mockito.ResetMocksTestExecutionListener@1bc6c20d]
2022-07-13 19:16:04.876  INFO 36846 --- [    Test worker] .b.t.c.SpringBootTestContextBootstrapper : Neither @ContextConfiguration nor @ContextHierarchy found for test class [com.globantx.cardinalevaluator.CucumberSpringConfiguration], using SpringBootContextLoader
2022-07-13 19:16:04.876  INFO 36846 --- [    Test worker] o.s.t.c.support.AbstractContextLoader    : Could not detect default resource locations for test class [com.globantx.cardinalevaluator.CucumberSpringConfiguration]: no resource found for suffixes {-context.xml, Context.groovy}.
2022-07-13 19:16:04.877  INFO 36846 --- [    Test worker] .b.t.c.SpringBootTestContextBootstrapper : Loaded default TestExecutionListener class names from location [META-INF/spring.factories]: [org.springframework.boot.test.autoconfigure.restdocs.RestDocsTestExecutionListener, org.springframework.boot.test.autoconfigure.web.client.MockRestServiceServerResetTestExecutionListener, org.springframework.boot.test.autoconfigure.web.servlet.MockMvcPrintOnlyOnFailureTestExecutionListener, org.springframework.boot.test.autoconfigure.web.servlet.WebDriverTestExecutionListener, org.springframework.boot.test.autoconfigure.webservices.client.MockWebServiceServerTestExecutionListener, org.springframework.boot.test.mock.mockito.MockitoTestExecutionListener, org.springframework.boot.test.mock.mockito.ResetMocksTestExecutionListener, org.springframework.test.context.web.ServletTestExecutionListener, org.springframework.test.context.support.DirtiesContextBeforeModesTestExecutionListener, org.springframework.test.context.event.ApplicationEventsTestExecutionListener, org.springframework.test.context.support.DependencyInjectionTestExecutionListener, org.springframework.test.context.support.DirtiesContextTestExecutionListener, org.springframework.test.context.transaction.TransactionalTestExecutionListener, org.springframework.test.context.jdbc.SqlScriptsTestExecutionListener, org.springframework.test.context.event.EventPublishingTestExecutionListener]
2022-07-13 19:16:04.877  INFO 36846 --- [    Test worker] .b.t.c.SpringBootTestContextBootstrapper : Using TestExecutionListeners: [org.springframework.test.context.web.ServletTestExecutionListener@aedc426, org.springframework.test.context.support.DirtiesContextBeforeModesTestExecutionListener@39b85a73, org.springframework.test.context.event.ApplicationEventsTestExecutionListener@5788722f, org.springframework.boot.test.mock.mockito.MockitoTestExecutionListener@7a730479, org.springframework.boot.test.autoconfigure.SpringBootDependencyInjectionTestExecutionListener@1e5b33e5, org.springframework.test.context.support.DirtiesContextTestExecutionListener@654b899f, org.springframework.test.context.event.EventPublishingTestExecutionListener@71468613, org.springframework.boot.test.autoconfigure.restdocs.RestDocsTestExecutionListener@13f4048e, org.springframework.boot.test.autoconfigure.web.client.MockRestServiceServerResetTestExecutionListener@5477d90e, org.springframework.boot.test.autoconfigure.web.servlet.MockMvcPrintOnlyOnFailureTestExecutionListener@6dc9a56e, org.springframework.boot.test.autoconfigure.web.servlet.WebDriverTestExecutionListener@287ad0da, org.springframework.boot.test.autoconfigure.webservices.client.MockWebServiceServerTestExecutionListener@1b19712f, org.springframework.boot.test.mock.mockito.ResetMocksTestExecutionListener@714c74eb]
2022-07-13 19:16:04.880  INFO 36846 --- [    Test worker] .b.t.c.SpringBootTestContextBootstrapper : Neither @ContextConfiguration nor @ContextHierarchy found for test class [com.globantx.cardinalevaluator.CucumberSpringConfiguration], using SpringBootContextLoader
2022-07-13 19:16:04.880  INFO 36846 --- [    Test worker] o.s.t.c.support.AbstractContextLoader    : Could not detect default resource locations for test class [com.globantx.cardinalevaluator.CucumberSpringConfiguration]: no resource found for suffixes {-context.xml, Context.groovy}.
2022-07-13 19:16:04.880  INFO 36846 --- [    Test worker] .b.t.c.SpringBootTestContextBootstrapper : Loaded default TestExecutionListener class names from location [META-INF/spring.factories]: [org.springframework.boot.test.autoconfigure.restdocs.RestDocsTestExecutionListener, org.springframework.boot.test.autoconfigure.web.client.MockRestServiceServerResetTestExecutionListener, org.springframework.boot.test.autoconfigure.web.servlet.MockMvcPrintOnlyOnFailureTestExecutionListener, org.springframework.boot.test.autoconfigure.web.servlet.WebDriverTestExecutionListener, org.springframework.boot.test.autoconfigure.webservices.client.MockWebServiceServerTestExecutionListener, org.springframework.boot.test.mock.mockito.MockitoTestExecutionListener, org.springframework.boot.test.mock.mockito.ResetMocksTestExecutionListener, org.springframework.test.context.web.ServletTestExecutionListener, org.springframework.test.context.support.DirtiesContextBeforeModesTestExecutionListener, org.springframework.test.context.event.ApplicationEventsTestExecutionListener, org.springframework.test.context.support.DependencyInjectionTestExecutionListener, org.springframework.test.context.support.DirtiesContextTestExecutionListener, org.springframework.test.context.transaction.TransactionalTestExecutionListener, org.springframework.test.context.jdbc.SqlScriptsTestExecutionListener, org.springframework.test.context.event.EventPublishingTestExecutionListener]
2022-07-13 19:16:04.881  INFO 36846 --- [    Test worker] .b.t.c.SpringBootTestContextBootstrapper : Using TestExecutionListeners: [org.springframework.test.context.web.ServletTestExecutionListener@588d630d, org.springframework.test.context.support.DirtiesContextBeforeModesTestExecutionListener@eb91027, org.springframework.test.context.event.ApplicationEventsTestExecutionListener@459d2ee6, org.springframework.boot.test.mock.mockito.MockitoTestExecutionListener@5342eec5, org.springframework.boot.test.autoconfigure.SpringBootDependencyInjectionTestExecutionListener@60e47aab, org.springframework.test.context.support.DirtiesContextTestExecutionListener@261a66b8, org.springframework.test.context.event.EventPublishingTestExecutionListener@adc8683, org.springframework.boot.test.autoconfigure.restdocs.RestDocsTestExecutionListener@4eac65db, org.springframework.boot.test.autoconfigure.web.client.MockRestServiceServerResetTestExecutionListener@dde6f87, org.springframework.boot.test.autoconfigure.web.servlet.MockMvcPrintOnlyOnFailureTestExecutionListener@7884f722, org.springframework.boot.test.autoconfigure.web.servlet.WebDriverTestExecutionListener@16029e2f, org.springframework.boot.test.autoconfigure.webservices.client.MockWebServiceServerTestExecutionListener@3b2db389, org.springframework.boot.test.mock.mockito.ResetMocksTestExecutionListener@45f1413c]
2022-07-13 19:16:04.882  INFO 36846 --- [    Test worker] .b.t.c.SpringBootTestContextBootstrapper : Neither @ContextConfiguration nor @ContextHierarchy found for test class [com.globantx.cardinalevaluator.CucumberSpringConfiguration], using SpringBootContextLoader
2022-07-13 19:16:04.883  INFO 36846 --- [    Test worker] o.s.t.c.support.AbstractContextLoader    : Could not detect default resource locations for test class [com.globantx.cardinalevaluator.CucumberSpringConfiguration]: no resource found for suffixes {-context.xml, Context.groovy}.
2022-07-13 19:16:04.883  INFO 36846 --- [    Test worker] .b.t.c.SpringBootTestContextBootstrapper : Loaded default TestExecutionListener class names from location [META-INF/spring.factories]: [org.springframework.boot.test.autoconfigure.restdocs.RestDocsTestExecutionListener, org.springframework.boot.test.autoconfigure.web.client.MockRestServiceServerResetTestExecutionListener, org.springframework.boot.test.autoconfigure.web.servlet.MockMvcPrintOnlyOnFailureTestExecutionListener, org.springframework.boot.test.autoconfigure.web.servlet.WebDriverTestExecutionListener, org.springframework.boot.test.autoconfigure.webservices.client.MockWebServiceServerTestExecutionListener, org.springframework.boot.test.mock.mockito.MockitoTestExecutionListener, org.springframework.boot.test.mock.mockito.ResetMocksTestExecutionListener, org.springframework.test.context.web.ServletTestExecutionListener, org.springframework.test.context.support.DirtiesContextBeforeModesTestExecutionListener, org.springframework.test.context.event.ApplicationEventsTestExecutionListener, org.springframework.test.context.support.DependencyInjectionTestExecutionListener, org.springframework.test.context.support.DirtiesContextTestExecutionListener, org.springframework.test.context.transaction.TransactionalTestExecutionListener, org.springframework.test.context.jdbc.SqlScriptsTestExecutionListener, org.springframework.test.context.event.EventPublishingTestExecutionListener]
2022-07-13 19:16:04.883  INFO 36846 --- [    Test worker] .b.t.c.SpringBootTestContextBootstrapper : Using TestExecutionListeners: [org.springframework.test.context.web.ServletTestExecutionListener@1a139347, org.springframework.test.context.support.DirtiesContextBeforeModesTestExecutionListener@186295cc, org.springframework.test.context.event.ApplicationEventsTestExecutionListener@4e85dcb2, org.springframework.boot.test.mock.mockito.MockitoTestExecutionListener@1b28cff, org.springframework.boot.test.autoconfigure.SpringBootDependencyInjectionTestExecutionListener@73dbe25, org.springframework.test.context.support.DirtiesContextTestExecutionListener@bfd97fb, org.springframework.test.context.event.EventPublishingTestExecutionListener@6bfdaa7a, org.springframework.boot.test.autoconfigure.restdocs.RestDocsTestExecutionListener@7e3d168e, org.springframework.boot.test.autoconfigure.web.client.MockRestServiceServerResetTestExecutionListener@149b53fa, org.springframework.boot.test.autoconfigure.web.servlet.MockMvcPrintOnlyOnFailureTestExecutionListener@73be4cdd, org.springframework.boot.test.autoconfigure.web.servlet.WebDriverTestExecutionListener@751686aa, org.springframework.boot.test.autoconfigure.webservices.client.MockWebServiceServerTestExecutionListener@638977e0, org.springframework.boot.test.mock.mockito.ResetMocksTestExecutionListener@2dc3ece8]
2022-07-13 19:16:04.885  INFO 36846 --- [    Test worker] .b.t.c.SpringBootTestContextBootstrapper : Neither @ContextConfiguration nor @ContextHierarchy found for test class [com.globantx.cardinalevaluator.CucumberSpringConfiguration], using SpringBootContextLoader
2022-07-13 19:16:04.885  INFO 36846 --- [    Test worker] o.s.t.c.support.AbstractContextLoader    : Could not detect default resource locations for test class [com.globantx.cardinalevaluator.CucumberSpringConfiguration]: no resource found for suffixes {-context.xml, Context.groovy}.
2022-07-13 19:16:04.886  INFO 36846 --- [    Test worker] .b.t.c.SpringBootTestContextBootstrapper : Loaded default TestExecutionListener class names from location [META-INF/spring.factories]: [org.springframework.boot.test.autoconfigure.restdocs.RestDocsTestExecutionListener, org.springframework.boot.test.autoconfigure.web.client.MockRestServiceServerResetTestExecutionListener, org.springframework.boot.test.autoconfigure.web.servlet.MockMvcPrintOnlyOnFailureTestExecutionListener, org.springframework.boot.test.autoconfigure.web.servlet.WebDriverTestExecutionListener, org.springframework.boot.test.autoconfigure.webservices.client.MockWebServiceServerTestExecutionListener, org.springframework.boot.test.mock.mockito.MockitoTestExecutionListener, org.springframework.boot.test.mock.mockito.ResetMocksTestExecutionListener, org.springframework.test.context.web.ServletTestExecutionListener, org.springframework.test.context.support.DirtiesContextBeforeModesTestExecutionListener, org.springframework.test.context.event.ApplicationEventsTestExecutionListener, org.springframework.test.context.support.DependencyInjectionTestExecutionListener, org.springframework.test.context.support.DirtiesContextTestExecutionListener, org.springframework.test.context.transaction.TransactionalTestExecutionListener, org.springframework.test.context.jdbc.SqlScriptsTestExecutionListener, org.springframework.test.context.event.EventPublishingTestExecutionListener]
2022-07-13 19:16:04.886  INFO 36846 --- [    Test worker] .b.t.c.SpringBootTestContextBootstrapper : Using TestExecutionListeners: [org.springframework.test.context.web.ServletTestExecutionListener@2c1a8529, org.springframework.test.context.support.DirtiesContextBeforeModesTestExecutionListener@6d7865d6, org.springframework.test.context.event.ApplicationEventsTestExecutionListener@45e639ee, org.springframework.boot.test.mock.mockito.MockitoTestExecutionListener@77f03916, org.springframework.boot.test.autoconfigure.SpringBootDependencyInjectionTestExecutionListener@fbbd90c, org.springframework.test.context.support.DirtiesContextTestExecutionListener@21c34bf8, org.springframework.test.context.event.EventPublishingTestExecutionListener@559e3f67, org.springframework.boot.test.autoconfigure.restdocs.RestDocsTestExecutionListener@23d0944b, org.springframework.boot.test.autoconfigure.web.client.MockRestServiceServerResetTestExecutionListener@72f24a84, org.springframework.boot.test.autoconfigure.web.servlet.MockMvcPrintOnlyOnFailureTestExecutionListener@49d543a9, org.springframework.boot.test.autoconfigure.web.servlet.WebDriverTestExecutionListener@6d9428f3, org.springframework.boot.test.autoconfigure.webservices.client.MockWebServiceServerTestExecutionListener@4ac19bc6, org.springframework.boot.test.mock.mockito.ResetMocksTestExecutionListener@2a075e70]
2022-07-13 19:16:04.888  INFO 36846 --- [    Test worker] .b.t.c.SpringBootTestContextBootstrapper : Neither @ContextConfiguration nor @ContextHierarchy found for test class [com.globantx.cardinalevaluator.CucumberSpringConfiguration], using SpringBootContextLoader
2022-07-13 19:16:04.888  INFO 36846 --- [    Test worker] o.s.t.c.support.AbstractContextLoader    : Could not detect default resource locations for test class [com.globantx.cardinalevaluator.CucumberSpringConfiguration]: no resource found for suffixes {-context.xml, Context.groovy}.
2022-07-13 19:16:04.889  INFO 36846 --- [    Test worker] .b.t.c.SpringBootTestContextBootstrapper : Loaded default TestExecutionListener class names from location [META-INF/spring.factories]: [org.springframework.boot.test.autoconfigure.restdocs.RestDocsTestExecutionListener, org.springframework.boot.test.autoconfigure.web.client.MockRestServiceServerResetTestExecutionListener, org.springframework.boot.test.autoconfigure.web.servlet.MockMvcPrintOnlyOnFailureTestExecutionListener, org.springframework.boot.test.autoconfigure.web.servlet.WebDriverTestExecutionListener, org.springframework.boot.test.autoconfigure.webservices.client.MockWebServiceServerTestExecutionListener, org.springframework.boot.test.mock.mockito.MockitoTestExecutionListener, org.springframework.boot.test.mock.mockito.ResetMocksTestExecutionListener, org.springframework.test.context.web.ServletTestExecutionListener, org.springframework.test.context.support.DirtiesContextBeforeModesTestExecutionListener, org.springframework.test.context.event.ApplicationEventsTestExecutionListener, org.springframework.test.context.support.DependencyInjectionTestExecutionListener, org.springframework.test.context.support.DirtiesContextTestExecutionListener, org.springframework.test.context.transaction.TransactionalTestExecutionListener, org.springframework.test.context.jdbc.SqlScriptsTestExecutionListener, org.springframework.test.context.event.EventPublishingTestExecutionListener]
2022-07-13 19:16:04.889  INFO 36846 --- [    Test worker] .b.t.c.SpringBootTestContextBootstrapper : Using TestExecutionListeners: [org.springframework.test.context.web.ServletTestExecutionListener@492c9892, org.springframework.test.context.support.DirtiesContextBeforeModesTestExecutionListener@533e2f4, org.springframework.test.context.event.ApplicationEventsTestExecutionListener@436a563f, org.springframework.boot.test.mock.mockito.MockitoTestExecutionListener@538e74fc, org.springframework.boot.test.autoconfigure.SpringBootDependencyInjectionTestExecutionListener@7ecb9e17, org.springframework.test.context.support.DirtiesContextTestExecutionListener@6475e778, org.springframework.test.context.event.EventPublishingTestExecutionListener@75bf9e67, org.springframework.boot.test.autoconfigure.restdocs.RestDocsTestExecutionListener@55b62db8, org.springframework.boot.test.autoconfigure.web.client.MockRestServiceServerResetTestExecutionListener@772f3a3f, org.springframework.boot.test.autoconfigure.web.servlet.MockMvcPrintOnlyOnFailureTestExecutionListener@3caa4d85, org.springframework.boot.test.autoconfigure.web.servlet.WebDriverTestExecutionListener@356fa0d1, org.springframework.boot.test.autoconfigure.webservices.client.MockWebServiceServerTestExecutionListener@51508029, org.springframework.boot.test.mock.mockito.ResetMocksTestExecutionListener@5f20b6fe]
2022-07-13 19:16:04.891  INFO 36846 --- [    Test worker] .b.t.c.SpringBootTestContextBootstrapper : Neither @ContextConfiguration nor @ContextHierarchy found for test class [com.globantx.cardinalevaluator.CucumberSpringConfiguration], using SpringBootContextLoader
2022-07-13 19:16:04.891  INFO 36846 --- [    Test worker] o.s.t.c.support.AbstractContextLoader    : Could not detect default resource locations for test class [com.globantx.cardinalevaluator.CucumberSpringConfiguration]: no resource found for suffixes {-context.xml, Context.groovy}.
2022-07-13 19:16:04.892  INFO 36846 --- [    Test worker] .b.t.c.SpringBootTestContextBootstrapper : Loaded default TestExecutionListener class names from location [META-INF/spring.factories]: [org.springframework.boot.test.autoconfigure.restdocs.RestDocsTestExecutionListener, org.springframework.boot.test.autoconfigure.web.client.MockRestServiceServerResetTestExecutionListener, org.springframework.boot.test.autoconfigure.web.servlet.MockMvcPrintOnlyOnFailureTestExecutionListener, org.springframework.boot.test.autoconfigure.web.servlet.WebDriverTestExecutionListener, org.springframework.boot.test.autoconfigure.webservices.client.MockWebServiceServerTestExecutionListener, org.springframework.boot.test.mock.mockito.MockitoTestExecutionListener, org.springframework.boot.test.mock.mockito.ResetMocksTestExecutionListener, org.springframework.test.context.web.ServletTestExecutionListener, org.springframework.test.context.support.DirtiesContextBeforeModesTestExecutionListener, org.springframework.test.context.event.ApplicationEventsTestExecutionListener, org.springframework.test.context.support.DependencyInjectionTestExecutionListener, org.springframework.test.context.support.DirtiesContextTestExecutionListener, org.springframework.test.context.transaction.TransactionalTestExecutionListener, org.springframework.test.context.jdbc.SqlScriptsTestExecutionListener, org.springframework.test.context.event.EventPublishingTestExecutionListener]
2022-07-13 19:16:04.892  INFO 36846 --- [    Test worker] .b.t.c.SpringBootTestContextBootstrapper : Using TestExecutionListeners: [org.springframework.test.context.web.ServletTestExecutionListener@31880efa, org.springframework.test.context.support.DirtiesContextBeforeModesTestExecutionListener@79295932, org.springframework.test.context.event.ApplicationEventsTestExecutionListener@2cadcff6, org.springframework.boot.test.mock.mockito.MockitoTestExecutionListener@76e00bdb, org.springframework.boot.test.autoconfigure.SpringBootDependencyInjectionTestExecutionListener@7ee2423, org.springframework.test.context.support.DirtiesContextTestExecutionListener@343d1d25, org.springframework.test.context.event.EventPublishingTestExecutionListener@762da62b, org.springframework.boot.test.autoconfigure.restdocs.RestDocsTestExecutionListener@e5c5e6, org.springframework.boot.test.autoconfigure.web.client.MockRestServiceServerResetTestExecutionListener@76dc36e5, org.springframework.boot.test.autoconfigure.web.servlet.MockMvcPrintOnlyOnFailureTestExecutionListener@2a54c92e, org.springframework.boot.test.autoconfigure.web.servlet.WebDriverTestExecutionListener@31533eb1, org.springframework.boot.test.autoconfigure.webservices.client.MockWebServiceServerTestExecutionListener@1fb71788, org.springframework.boot.test.mock.mockito.ResetMocksTestExecutionListener@8cb7185]
2022-07-13 19:16:04.893  INFO 36846 --- [    Test worker] .b.t.c.SpringBootTestContextBootstrapper : Neither @ContextConfiguration nor @ContextHierarchy found for test class [com.globantx.cardinalevaluator.CucumberSpringConfiguration], using SpringBootContextLoader
2022-07-13 19:16:04.894  INFO 36846 --- [    Test worker] o.s.t.c.support.AbstractContextLoader    : Could not detect default resource locations for test class [com.globantx.cardinalevaluator.CucumberSpringConfiguration]: no resource found for suffixes {-context.xml, Context.groovy}.
2022-07-13 19:16:04.894  INFO 36846 --- [    Test worker] .b.t.c.SpringBootTestContextBootstrapper : Loaded default TestExecutionListener class names from location [META-INF/spring.factories]: [org.springframework.boot.test.autoconfigure.restdocs.RestDocsTestExecutionListener, org.springframework.boot.test.autoconfigure.web.client.MockRestServiceServerResetTestExecutionListener, org.springframework.boot.test.autoconfigure.web.servlet.MockMvcPrintOnlyOnFailureTestExecutionListener, org.springframework.boot.test.autoconfigure.web.servlet.WebDriverTestExecutionListener, org.springframework.boot.test.autoconfigure.webservices.client.MockWebServiceServerTestExecutionListener, org.springframework.boot.test.mock.mockito.MockitoTestExecutionListener, org.springframework.boot.test.mock.mockito.ResetMocksTestExecutionListener, org.springframework.test.context.web.ServletTestExecutionListener, org.springframework.test.context.support.DirtiesContextBeforeModesTestExecutionListener, org.springframework.test.context.event.ApplicationEventsTestExecutionListener, org.springframework.test.context.support.DependencyInjectionTestExecutionListener, org.springframework.test.context.support.DirtiesContextTestExecutionListener, org.springframework.test.context.transaction.TransactionalTestExecutionListener, org.springframework.test.context.jdbc.SqlScriptsTestExecutionListener, org.springframework.test.context.event.EventPublishingTestExecutionListener]
2022-07-13 19:16:04.894  INFO 36846 --- [    Test worker] .b.t.c.SpringBootTestContextBootstrapper : Using TestExecutionListeners: [org.springframework.test.context.web.ServletTestExecutionListener@4dac40b, org.springframework.test.context.support.DirtiesContextBeforeModesTestExecutionListener@2c54c497, org.springframework.test.context.event.ApplicationEventsTestExecutionListener@b788dc2, org.springframework.boot.test.mock.mockito.MockitoTestExecutionListener@58ec8271, org.springframework.boot.test.autoconfigure.SpringBootDependencyInjectionTestExecutionListener@a44effb, org.springframework.test.context.support.DirtiesContextTestExecutionListener@3ee258, org.springframework.test.context.event.EventPublishingTestExecutionListener@4f676900, org.springframework.boot.test.autoconfigure.restdocs.RestDocsTestExecutionListener@73a49597, org.springframework.boot.test.autoconfigure.web.client.MockRestServiceServerResetTestExecutionListener@5eb2972f, org.springframework.boot.test.autoconfigure.web.servlet.MockMvcPrintOnlyOnFailureTestExecutionListener@29699283, org.springframework.boot.test.autoconfigure.web.servlet.WebDriverTestExecutionListener@5d32c1c7, org.springframework.boot.test.autoconfigure.webservices.client.MockWebServiceServerTestExecutionListener@a6dffdb, org.springframework.boot.test.mock.mockito.ResetMocksTestExecutionListener@40ac0a56]
2022-07-13 19:16:04.897  INFO 36846 --- [    Test worker] .b.t.c.SpringBootTestContextBootstrapper : Neither @ContextConfiguration nor @ContextHierarchy found for test class [com.globantx.cardinalevaluator.CucumberSpringConfiguration], using SpringBootContextLoader
2022-07-13 19:16:04.897  INFO 36846 --- [    Test worker] o.s.t.c.support.AbstractContextLoader    : Could not detect default resource locations for test class [com.globantx.cardinalevaluator.CucumberSpringConfiguration]: no resource found for suffixes {-context.xml, Context.groovy}.
2022-07-13 19:16:04.897  INFO 36846 --- [    Test worker] .b.t.c.SpringBootTestContextBootstrapper : Loaded default TestExecutionListener class names from location [META-INF/spring.factories]: [org.springframework.boot.test.autoconfigure.restdocs.RestDocsTestExecutionListener, org.springframework.boot.test.autoconfigure.web.client.MockRestServiceServerResetTestExecutionListener, org.springframework.boot.test.autoconfigure.web.servlet.MockMvcPrintOnlyOnFailureTestExecutionListener, org.springframework.boot.test.autoconfigure.web.servlet.WebDriverTestExecutionListener, org.springframework.boot.test.autoconfigure.webservices.client.MockWebServiceServerTestExecutionListener, org.springframework.boot.test.mock.mockito.MockitoTestExecutionListener, org.springframework.boot.test.mock.mockito.ResetMocksTestExecutionListener, org.springframework.test.context.web.ServletTestExecutionListener, org.springframework.test.context.support.DirtiesContextBeforeModesTestExecutionListener, org.springframework.test.context.event.ApplicationEventsTestExecutionListener, org.springframework.test.context.support.DependencyInjectionTestExecutionListener, org.springframework.test.context.support.DirtiesContextTestExecutionListener, org.springframework.test.context.transaction.TransactionalTestExecutionListener, org.springframework.test.context.jdbc.SqlScriptsTestExecutionListener, org.springframework.test.context.event.EventPublishingTestExecutionListener]
2022-07-13 19:16:04.898  INFO 36846 --- [    Test worker] .b.t.c.SpringBootTestContextBootstrapper : Using TestExecutionListeners: [org.springframework.test.context.web.ServletTestExecutionListener@25b4754a, org.springframework.test.context.support.DirtiesContextBeforeModesTestExecutionListener@6ec3a4c2, org.springframework.test.context.event.ApplicationEventsTestExecutionListener@bb50de6, org.springframework.boot.test.mock.mockito.MockitoTestExecutionListener@2b6b487c, org.springframework.boot.test.autoconfigure.SpringBootDependencyInjectionTestExecutionListener@2d73767e, org.springframework.test.context.support.DirtiesContextTestExecutionListener@5e6522a6, org.springframework.test.context.event.EventPublishingTestExecutionListener@7d1cdeb1, org.springframework.boot.test.autoconfigure.restdocs.RestDocsTestExecutionListener@c4551c6, org.springframework.boot.test.autoconfigure.web.client.MockRestServiceServerResetTestExecutionListener@3a3316b6, org.springframework.boot.test.autoconfigure.web.servlet.MockMvcPrintOnlyOnFailureTestExecutionListener@4db46344, org.springframework.boot.test.autoconfigure.web.servlet.WebDriverTestExecutionListener@56c6d515, org.springframework.boot.test.autoconfigure.webservices.client.MockWebServiceServerTestExecutionListener@702b656a, org.springframework.boot.test.mock.mockito.ResetMocksTestExecutionListener@528f5b7f]
2022-07-13 19:16:04.900  INFO 36846 --- [    Test worker] .b.t.c.SpringBootTestContextBootstrapper : Neither @ContextConfiguration nor @ContextHierarchy found for test class [com.globantx.cardinalevaluator.CucumberSpringConfiguration], using SpringBootContextLoader
2022-07-13 19:16:04.900  INFO 36846 --- [    Test worker] o.s.t.c.support.AbstractContextLoader    : Could not detect default resource locations for test class [com.globantx.cardinalevaluator.CucumberSpringConfiguration]: no resource found for suffixes {-context.xml, Context.groovy}.
2022-07-13 19:16:04.900  INFO 36846 --- [    Test worker] .b.t.c.SpringBootTestContextBootstrapper : Loaded default TestExecutionListener class names from location [META-INF/spring.factories]: [org.springframework.boot.test.autoconfigure.restdocs.RestDocsTestExecutionListener, org.springframework.boot.test.autoconfigure.web.client.MockRestServiceServerResetTestExecutionListener, org.springframework.boot.test.autoconfigure.web.servlet.MockMvcPrintOnlyOnFailureTestExecutionListener, org.springframework.boot.test.autoconfigure.web.servlet.WebDriverTestExecutionListener, org.springframework.boot.test.autoconfigure.webservices.client.MockWebServiceServerTestExecutionListener, org.springframework.boot.test.mock.mockito.MockitoTestExecutionListener, org.springframework.boot.test.mock.mockito.ResetMocksTestExecutionListener, org.springframework.test.context.web.ServletTestExecutionListener, org.springframework.test.context.support.DirtiesContextBeforeModesTestExecutionListener, org.springframework.test.context.event.ApplicationEventsTestExecutionListener, org.springframework.test.context.support.DependencyInjectionTestExecutionListener, org.springframework.test.context.support.DirtiesContextTestExecutionListener, org.springframework.test.context.transaction.TransactionalTestExecutionListener, org.springframework.test.context.jdbc.SqlScriptsTestExecutionListener, org.springframework.test.context.event.EventPublishingTestExecutionListener]
2022-07-13 19:16:04.901  INFO 36846 --- [    Test worker] .b.t.c.SpringBootTestContextBootstrapper : Using TestExecutionListeners: [org.springframework.test.context.web.ServletTestExecutionListener@3ccfac29, org.springframework.test.context.support.DirtiesContextBeforeModesTestExecutionListener@5c41b8d8, org.springframework.test.context.event.ApplicationEventsTestExecutionListener@77ea960f, org.springframework.boot.test.mock.mockito.MockitoTestExecutionListener@5f166f2e, org.springframework.boot.test.autoconfigure.SpringBootDependencyInjectionTestExecutionListener@1ef93e01, org.springframework.test.context.support.DirtiesContextTestExecutionListener@4fafd27e, org.springframework.test.context.event.EventPublishingTestExecutionListener@6cd66f6a, org.springframework.boot.test.autoconfigure.restdocs.RestDocsTestExecutionListener@d512c1, org.springframework.boot.test.autoconfigure.web.client.MockRestServiceServerResetTestExecutionListener@578b2dec, org.springframework.boot.test.autoconfigure.web.servlet.MockMvcPrintOnlyOnFailureTestExecutionListener@66863941, org.springframework.boot.test.autoconfigure.web.servlet.WebDriverTestExecutionListener@39f4a7c4, org.springframework.boot.test.autoconfigure.webservices.client.MockWebServiceServerTestExecutionListener@111fe921, org.springframework.boot.test.mock.mockito.ResetMocksTestExecutionListener@1ff542a3]
2022-07-13 19:16:04.903  INFO 36846 --- [    Test worker] .b.t.c.SpringBootTestContextBootstrapper : Neither @ContextConfiguration nor @ContextHierarchy found for test class [com.globantx.cardinalevaluator.CucumberSpringConfiguration], using SpringBootContextLoader
2022-07-13 19:16:04.903  INFO 36846 --- [    Test worker] o.s.t.c.support.AbstractContextLoader    : Could not detect default resource locations for test class [com.globantx.cardinalevaluator.CucumberSpringConfiguration]: no resource found for suffixes {-context.xml, Context.groovy}.
2022-07-13 19:16:04.903  INFO 36846 --- [    Test worker] .b.t.c.SpringBootTestContextBootstrapper : Loaded default TestExecutionListener class names from location [META-INF/spring.factories]: [org.springframework.boot.test.autoconfigure.restdocs.RestDocsTestExecutionListener, org.springframework.boot.test.autoconfigure.web.client.MockRestServiceServerResetTestExecutionListener, org.springframework.boot.test.autoconfigure.web.servlet.MockMvcPrintOnlyOnFailureTestExecutionListener, org.springframework.boot.test.autoconfigure.web.servlet.WebDriverTestExecutionListener, org.springframework.boot.test.autoconfigure.webservices.client.MockWebServiceServerTestExecutionListener, org.springframework.boot.test.mock.mockito.MockitoTestExecutionListener, org.springframework.boot.test.mock.mockito.ResetMocksTestExecutionListener, org.springframework.test.context.web.ServletTestExecutionListener, org.springframework.test.context.support.DirtiesContextBeforeModesTestExecutionListener, org.springframework.test.context.event.ApplicationEventsTestExecutionListener, org.springframework.test.context.support.DependencyInjectionTestExecutionListener, org.springframework.test.context.support.DirtiesContextTestExecutionListener, org.springframework.test.context.transaction.TransactionalTestExecutionListener, org.springframework.test.context.jdbc.SqlScriptsTestExecutionListener, org.springframework.test.context.event.EventPublishingTestExecutionListener]
2022-07-13 19:16:04.904  INFO 36846 --- [    Test worker] .b.t.c.SpringBootTestContextBootstrapper : Using TestExecutionListeners: [org.springframework.test.context.web.ServletTestExecutionListener@48ee3c2d, org.springframework.test.context.support.DirtiesContextBeforeModesTestExecutionListener@54387873, org.springframework.test.context.event.ApplicationEventsTestExecutionListener@3a80c534, org.springframework.boot.test.mock.mockito.MockitoTestExecutionListener@fd5689d, org.springframework.boot.test.autoconfigure.SpringBootDependencyInjectionTestExecutionListener@36e3321e, org.springframework.test.context.support.DirtiesContextTestExecutionListener@218f2f51, org.springframework.test.context.event.EventPublishingTestExecutionListener@1d9af731, org.springframework.boot.test.autoconfigure.restdocs.RestDocsTestExecutionListener@39afe59f, org.springframework.boot.test.autoconfigure.web.client.MockRestServiceServerResetTestExecutionListener@16f34376, org.springframework.boot.test.autoconfigure.web.servlet.MockMvcPrintOnlyOnFailureTestExecutionListener@4ede035e, org.springframework.boot.test.autoconfigure.web.servlet.WebDriverTestExecutionListener@43756cb, org.springframework.boot.test.autoconfigure.webservices.client.MockWebServiceServerTestExecutionListener@4272d8cf, org.springframework.boot.test.mock.mockito.ResetMocksTestExecutionListener@4e96cb04]
2022-07-13 19:16:04.906  INFO 36846 --- [    Test worker] .b.t.c.SpringBootTestContextBootstrapper : Neither @ContextConfiguration nor @ContextHierarchy found for test class [com.globantx.cardinalevaluator.CucumberSpringConfiguration], using SpringBootContextLoader
2022-07-13 19:16:04.907  INFO 36846 --- [    Test worker] o.s.t.c.support.AbstractContextLoader    : Could not detect default resource locations for test class [com.globantx.cardinalevaluator.CucumberSpringConfiguration]: no resource found for suffixes {-context.xml, Context.groovy}.
2022-07-13 19:16:04.907  INFO 36846 --- [    Test worker] .b.t.c.SpringBootTestContextBootstrapper : Loaded default TestExecutionListener class names from location [META-INF/spring.factories]: [org.springframework.boot.test.autoconfigure.restdocs.RestDocsTestExecutionListener, org.springframework.boot.test.autoconfigure.web.client.MockRestServiceServerResetTestExecutionListener, org.springframework.boot.test.autoconfigure.web.servlet.MockMvcPrintOnlyOnFailureTestExecutionListener, org.springframework.boot.test.autoconfigure.web.servlet.WebDriverTestExecutionListener, org.springframework.boot.test.autoconfigure.webservices.client.MockWebServiceServerTestExecutionListener, org.springframework.boot.test.mock.mockito.MockitoTestExecutionListener, org.springframework.boot.test.mock.mockito.ResetMocksTestExecutionListener, org.springframework.test.context.web.ServletTestExecutionListener, org.springframework.test.context.support.DirtiesContextBeforeModesTestExecutionListener, org.springframework.test.context.event.ApplicationEventsTestExecutionListener, org.springframework.test.context.support.DependencyInjectionTestExecutionListener, org.springframework.test.context.support.DirtiesContextTestExecutionListener, org.springframework.test.context.transaction.TransactionalTestExecutionListener, org.springframework.test.context.jdbc.SqlScriptsTestExecutionListener, org.springframework.test.context.event.EventPublishingTestExecutionListener]
2022-07-13 19:16:04.907  INFO 36846 --- [    Test worker] .b.t.c.SpringBootTestContextBootstrapper : Using TestExecutionListeners: [org.springframework.test.context.web.ServletTestExecutionListener@70ecf57b, org.springframework.test.context.support.DirtiesContextBeforeModesTestExecutionListener@4e5364a3, org.springframework.test.context.event.ApplicationEventsTestExecutionListener@1a336906, org.springframework.boot.test.mock.mockito.MockitoTestExecutionListener@62054faf, org.springframework.boot.test.autoconfigure.SpringBootDependencyInjectionTestExecutionListener@75d539b9, org.springframework.test.context.support.DirtiesContextTestExecutionListener@20f63ddc, org.springframework.test.context.event.EventPublishingTestExecutionListener@210c1b9d, org.springframework.boot.test.autoconfigure.restdocs.RestDocsTestExecutionListener@69bc4024, org.springframework.boot.test.autoconfigure.web.client.MockRestServiceServerResetTestExecutionListener@3578a45b, org.springframework.boot.test.autoconfigure.web.servlet.MockMvcPrintOnlyOnFailureTestExecutionListener@24f177f5, org.springframework.boot.test.autoconfigure.web.servlet.WebDriverTestExecutionListener@65e05005, org.springframework.boot.test.autoconfigure.webservices.client.MockWebServiceServerTestExecutionListener@6ed691fd, org.springframework.boot.test.mock.mockito.ResetMocksTestExecutionListener@1efcba00]
2022-07-13 19:16:04.909  INFO 36846 --- [    Test worker] .b.t.c.SpringBootTestContextBootstrapper : Neither @ContextConfiguration nor @ContextHierarchy found for test class [com.globantx.cardinalevaluator.CucumberSpringConfiguration], using SpringBootContextLoader
2022-07-13 19:16:04.909  INFO 36846 --- [    Test worker] o.s.t.c.support.AbstractContextLoader    : Could not detect default resource locations for test class [com.globantx.cardinalevaluator.CucumberSpringConfiguration]: no resource found for suffixes {-context.xml, Context.groovy}.
2022-07-13 19:16:04.910  INFO 36846 --- [    Test worker] .b.t.c.SpringBootTestContextBootstrapper : Loaded default TestExecutionListener class names from location [META-INF/spring.factories]: [org.springframework.boot.test.autoconfigure.restdocs.RestDocsTestExecutionListener, org.springframework.boot.test.autoconfigure.web.client.MockRestServiceServerResetTestExecutionListener, org.springframework.boot.test.autoconfigure.web.servlet.MockMvcPrintOnlyOnFailureTestExecutionListener, org.springframework.boot.test.autoconfigure.web.servlet.WebDriverTestExecutionListener, org.springframework.boot.test.autoconfigure.webservices.client.MockWebServiceServerTestExecutionListener, org.springframework.boot.test.mock.mockito.MockitoTestExecutionListener, org.springframework.boot.test.mock.mockito.ResetMocksTestExecutionListener, org.springframework.test.context.web.ServletTestExecutionListener, org.springframework.test.context.support.DirtiesContextBeforeModesTestExecutionListener, org.springframework.test.context.event.ApplicationEventsTestExecutionListener, org.springframework.test.context.support.DependencyInjectionTestExecutionListener, org.springframework.test.context.support.DirtiesContextTestExecutionListener, org.springframework.test.context.transaction.TransactionalTestExecutionListener, org.springframework.test.context.jdbc.SqlScriptsTestExecutionListener, org.springframework.test.context.event.EventPublishingTestExecutionListener]
2022-07-13 19:16:04.910  INFO 36846 --- [    Test worker] .b.t.c.SpringBootTestContextBootstrapper : Using TestExecutionListeners: [org.springframework.test.context.web.ServletTestExecutionListener@311d28f5, org.springframework.test.context.support.DirtiesContextBeforeModesTestExecutionListener@569a26ab, org.springframework.test.context.event.ApplicationEventsTestExecutionListener@c190cfc, org.springframework.boot.test.mock.mockito.MockitoTestExecutionListener@77ce8bc5, org.springframework.boot.test.autoconfigure.SpringBootDependencyInjectionTestExecutionListener@2fcc5f49, org.springframework.test.context.support.DirtiesContextTestExecutionListener@28e48b65, org.springframework.test.context.event.EventPublishingTestExecutionListener@6cde0c69, org.springframework.boot.test.autoconfigure.restdocs.RestDocsTestExecutionListener@6f4d2294, org.springframework.boot.test.autoconfigure.web.client.MockRestServiceServerResetTestExecutionListener@22361e23, org.springframework.boot.test.autoconfigure.web.servlet.MockMvcPrintOnlyOnFailureTestExecutionListener@2e0516a3, org.springframework.boot.test.autoconfigure.web.servlet.WebDriverTestExecutionListener@32a4ea4e, org.springframework.boot.test.autoconfigure.webservices.client.MockWebServiceServerTestExecutionListener@347b370c, org.springframework.boot.test.mock.mockito.ResetMocksTestExecutionListener@26aee0a6]
2022-07-13 19:16:04.913  INFO 36846 --- [    Test worker] .b.t.c.SpringBootTestContextBootstrapper : Neither @ContextConfiguration nor @ContextHierarchy found for test class [com.globantx.cardinalevaluator.CucumberSpringConfiguration], using SpringBootContextLoader
2022-07-13 19:16:04.913  INFO 36846 --- [    Test worker] o.s.t.c.support.AbstractContextLoader    : Could not detect default resource locations for test class [com.globantx.cardinalevaluator.CucumberSpringConfiguration]: no resource found for suffixes {-context.xml, Context.groovy}.
2022-07-13 19:16:04.913  INFO 36846 --- [    Test worker] .b.t.c.SpringBootTestContextBootstrapper : Loaded default TestExecutionListener class names from location [META-INF/spring.factories]: [org.springframework.boot.test.autoconfigure.restdocs.RestDocsTestExecutionListener, org.springframework.boot.test.autoconfigure.web.client.MockRestServiceServerResetTestExecutionListener, org.springframework.boot.test.autoconfigure.web.servlet.MockMvcPrintOnlyOnFailureTestExecutionListener, org.springframework.boot.test.autoconfigure.web.servlet.WebDriverTestExecutionListener, org.springframework.boot.test.autoconfigure.webservices.client.MockWebServiceServerTestExecutionListener, org.springframework.boot.test.mock.mockito.MockitoTestExecutionListener, org.springframework.boot.test.mock.mockito.ResetMocksTestExecutionListener, org.springframework.test.context.web.ServletTestExecutionListener, org.springframework.test.context.support.DirtiesContextBeforeModesTestExecutionListener, org.springframework.test.context.event.ApplicationEventsTestExecutionListener, org.springframework.test.context.support.DependencyInjectionTestExecutionListener, org.springframework.test.context.support.DirtiesContextTestExecutionListener, org.springframework.test.context.transaction.TransactionalTestExecutionListener, org.springframework.test.context.jdbc.SqlScriptsTestExecutionListener, org.springframework.test.context.event.EventPublishingTestExecutionListener]
2022-07-13 19:16:04.914  INFO 36846 --- [    Test worker] .b.t.c.SpringBootTestContextBootstrapper : Using TestExecutionListeners: [org.springframework.test.context.web.ServletTestExecutionListener@20184ade, org.springframework.test.context.support.DirtiesContextBeforeModesTestExecutionListener@35fb3209, org.springframework.test.context.event.ApplicationEventsTestExecutionListener@5855b0ed, org.springframework.boot.test.mock.mockito.MockitoTestExecutionListener@92fd091, org.springframework.boot.test.autoconfigure.SpringBootDependencyInjectionTestExecutionListener@6b0325d0, org.springframework.test.context.support.DirtiesContextTestExecutionListener@70439c3, org.springframework.test.context.event.EventPublishingTestExecutionListener@72a33316, org.springframework.boot.test.autoconfigure.restdocs.RestDocsTestExecutionListener@57fce8b, org.springframework.boot.test.autoconfigure.web.client.MockRestServiceServerResetTestExecutionListener@77204651, org.springframework.boot.test.autoconfigure.web.servlet.MockMvcPrintOnlyOnFailureTestExecutionListener@51cca357, org.springframework.boot.test.autoconfigure.web.servlet.WebDriverTestExecutionListener@3a9c11fb, org.springframework.boot.test.autoconfigure.webservices.client.MockWebServiceServerTestExecutionListener@416c8bb5, org.springframework.boot.test.mock.mockito.ResetMocksTestExecutionListener@340b4f07]
2022-07-13 19:16:04.915  INFO 36846 --- [    Test worker] .b.t.c.SpringBootTestContextBootstrapper : Neither @ContextConfiguration nor @ContextHierarchy found for test class [com.globantx.cardinalevaluator.CucumberSpringConfiguration], using SpringBootContextLoader
2022-07-13 19:16:04.916  INFO 36846 --- [    Test worker] o.s.t.c.support.AbstractContextLoader    : Could not detect default resource locations for test class [com.globantx.cardinalevaluator.CucumberSpringConfiguration]: no resource found for suffixes {-context.xml, Context.groovy}.
2022-07-13 19:16:04.916  INFO 36846 --- [    Test worker] .b.t.c.SpringBootTestContextBootstrapper : Loaded default TestExecutionListener class names from location [META-INF/spring.factories]: [org.springframework.boot.test.autoconfigure.restdocs.RestDocsTestExecutionListener, org.springframework.boot.test.autoconfigure.web.client.MockRestServiceServerResetTestExecutionListener, org.springframework.boot.test.autoconfigure.web.servlet.MockMvcPrintOnlyOnFailureTestExecutionListener, org.springframework.boot.test.autoconfigure.web.servlet.WebDriverTestExecutionListener, org.springframework.boot.test.autoconfigure.webservices.client.MockWebServiceServerTestExecutionListener, org.springframework.boot.test.mock.mockito.MockitoTestExecutionListener, org.springframework.boot.test.mock.mockito.ResetMocksTestExecutionListener, org.springframework.test.context.web.ServletTestExecutionListener, org.springframework.test.context.support.DirtiesContextBeforeModesTestExecutionListener, org.springframework.test.context.event.ApplicationEventsTestExecutionListener, org.springframework.test.context.support.DependencyInjectionTestExecutionListener, org.springframework.test.context.support.DirtiesContextTestExecutionListener, org.springframework.test.context.transaction.TransactionalTestExecutionListener, org.springframework.test.context.jdbc.SqlScriptsTestExecutionListener, org.springframework.test.context.event.EventPublishingTestExecutionListener]
2022-07-13 19:16:04.916  INFO 36846 --- [    Test worker] .b.t.c.SpringBootTestContextBootstrapper : Using TestExecutionListeners: [org.springframework.test.context.web.ServletTestExecutionListener@e994ca, org.springframework.test.context.support.DirtiesContextBeforeModesTestExecutionListener@5a205ee5, org.springframework.test.context.event.ApplicationEventsTestExecutionListener@7fb44737, org.springframework.boot.test.mock.mockito.MockitoTestExecutionListener@11295cb1, org.springframework.boot.test.autoconfigure.SpringBootDependencyInjectionTestExecutionListener@5daad59a, org.springframework.test.context.support.DirtiesContextTestExecutionListener@5256fbc, org.springframework.test.context.event.EventPublishingTestExecutionListener@58f50dd0, org.springframework.boot.test.autoconfigure.restdocs.RestDocsTestExecutionListener@3620eab, org.springframework.boot.test.autoconfigure.web.client.MockRestServiceServerResetTestExecutionListener@8ef1d58, org.springframework.boot.test.autoconfigure.web.servlet.MockMvcPrintOnlyOnFailureTestExecutionListener@2619cb76, org.springframework.boot.test.autoconfigure.web.servlet.WebDriverTestExecutionListener@56f2c9e8, org.springframework.boot.test.autoconfigure.webservices.client.MockWebServiceServerTestExecutionListener@457692cb, org.springframework.boot.test.mock.mockito.ResetMocksTestExecutionListener@350342e0]
2022-07-13 19:16:04.919  INFO 36846 --- [    Test worker] .b.t.c.SpringBootTestContextBootstrapper : Neither @ContextConfiguration nor @ContextHierarchy found for test class [com.globantx.cardinalevaluator.CucumberSpringConfiguration], using SpringBootContextLoader
2022-07-13 19:16:04.919  INFO 36846 --- [    Test worker] o.s.t.c.support.AbstractContextLoader    : Could not detect default resource locations for test class [com.globantx.cardinalevaluator.CucumberSpringConfiguration]: no resource found for suffixes {-context.xml, Context.groovy}.
2022-07-13 19:16:04.919  INFO 36846 --- [    Test worker] .b.t.c.SpringBootTestContextBootstrapper : Loaded default TestExecutionListener class names from location [META-INF/spring.factories]: [org.springframework.boot.test.autoconfigure.restdocs.RestDocsTestExecutionListener, org.springframework.boot.test.autoconfigure.web.client.MockRestServiceServerResetTestExecutionListener, org.springframework.boot.test.autoconfigure.web.servlet.MockMvcPrintOnlyOnFailureTestExecutionListener, org.springframework.boot.test.autoconfigure.web.servlet.WebDriverTestExecutionListener, org.springframework.boot.test.autoconfigure.webservices.client.MockWebServiceServerTestExecutionListener, org.springframework.boot.test.mock.mockito.MockitoTestExecutionListener, org.springframework.boot.test.mock.mockito.ResetMocksTestExecutionListener, org.springframework.test.context.web.ServletTestExecutionListener, org.springframework.test.context.support.DirtiesContextBeforeModesTestExecutionListener, org.springframework.test.context.event.ApplicationEventsTestExecutionListener, org.springframework.test.context.support.DependencyInjectionTestExecutionListener, org.springframework.test.context.support.DirtiesContextTestExecutionListener, org.springframework.test.context.transaction.TransactionalTestExecutionListener, org.springframework.test.context.jdbc.SqlScriptsTestExecutionListener, org.springframework.test.context.event.EventPublishingTestExecutionListener]
2022-07-13 19:16:04.919  INFO 36846 --- [    Test worker] .b.t.c.SpringBootTestContextBootstrapper : Using TestExecutionListeners: [org.springframework.test.context.web.ServletTestExecutionListener@5d297d4d, org.springframework.test.context.support.DirtiesContextBeforeModesTestExecutionListener@1dd44289, org.springframework.test.context.event.ApplicationEventsTestExecutionListener@6cc56b32, org.springframework.boot.test.mock.mockito.MockitoTestExecutionListener@43fe2008, org.springframework.boot.test.autoconfigure.SpringBootDependencyInjectionTestExecutionListener@552bee2f, org.springframework.test.context.support.DirtiesContextTestExecutionListener@6a543e09, org.springframework.test.context.event.EventPublishingTestExecutionListener@2d0f548a, org.springframework.boot.test.autoconfigure.restdocs.RestDocsTestExecutionListener@1fc3df43, org.springframework.boot.test.autoconfigure.web.client.MockRestServiceServerResetTestExecutionListener@15130002, org.springframework.boot.test.autoconfigure.web.servlet.MockMvcPrintOnlyOnFailureTestExecutionListener@5e7cd0df, org.springframework.boot.test.autoconfigure.web.servlet.WebDriverTestExecutionListener@900649e, org.springframework.boot.test.autoconfigure.webservices.client.MockWebServiceServerTestExecutionListener@8b89b3a, org.springframework.boot.test.mock.mockito.ResetMocksTestExecutionListener@526893f]
2022-07-13 19:16:04.921  INFO 36846 --- [    Test worker] .b.t.c.SpringBootTestContextBootstrapper : Neither @ContextConfiguration nor @ContextHierarchy found for test class [com.globantx.cardinalevaluator.CucumberSpringConfiguration], using SpringBootContextLoader
2022-07-13 19:16:04.921  INFO 36846 --- [    Test worker] o.s.t.c.support.AbstractContextLoader    : Could not detect default resource locations for test class [com.globantx.cardinalevaluator.CucumberSpringConfiguration]: no resource found for suffixes {-context.xml, Context.groovy}.
2022-07-13 19:16:04.922  INFO 36846 --- [    Test worker] .b.t.c.SpringBootTestContextBootstrapper : Loaded default TestExecutionListener class names from location [META-INF/spring.factories]: [org.springframework.boot.test.autoconfigure.restdocs.RestDocsTestExecutionListener, org.springframework.boot.test.autoconfigure.web.client.MockRestServiceServerResetTestExecutionListener, org.springframework.boot.test.autoconfigure.web.servlet.MockMvcPrintOnlyOnFailureTestExecutionListener, org.springframework.boot.test.autoconfigure.web.servlet.WebDriverTestExecutionListener, org.springframework.boot.test.autoconfigure.webservices.client.MockWebServiceServerTestExecutionListener, org.springframework.boot.test.mock.mockito.MockitoTestExecutionListener, org.springframework.boot.test.mock.mockito.ResetMocksTestExecutionListener, org.springframework.test.context.web.ServletTestExecutionListener, org.springframework.test.context.support.DirtiesContextBeforeModesTestExecutionListener, org.springframework.test.context.event.ApplicationEventsTestExecutionListener, org.springframework.test.context.support.DependencyInjectionTestExecutionListener, org.springframework.test.context.support.DirtiesContextTestExecutionListener, org.springframework.test.context.transaction.TransactionalTestExecutionListener, org.springframework.test.context.jdbc.SqlScriptsTestExecutionListener, org.springframework.test.context.event.EventPublishingTestExecutionListener]
2022-07-13 19:16:04.922  INFO 36846 --- [    Test worker] .b.t.c.SpringBootTestContextBootstrapper : Using TestExecutionListeners: [org.springframework.test.context.web.ServletTestExecutionListener@3de45b6c, org.springframework.test.context.support.DirtiesContextBeforeModesTestExecutionListener@37caecda, org.springframework.test.context.event.ApplicationEventsTestExecutionListener@7be7c052, org.springframework.boot.test.mock.mockito.MockitoTestExecutionListener@4ab9d160, org.springframework.boot.test.autoconfigure.SpringBootDependencyInjectionTestExecutionListener@5599dc60, org.springframework.test.context.support.DirtiesContextTestExecutionListener@35554635, org.springframework.test.context.event.EventPublishingTestExecutionListener@70f5f59d, org.springframework.boot.test.autoconfigure.restdocs.RestDocsTestExecutionListener@74431832, org.springframework.boot.test.autoconfigure.web.client.MockRestServiceServerResetTestExecutionListener@6fa2a006, org.springframework.boot.test.autoconfigure.web.servlet.MockMvcPrintOnlyOnFailureTestExecutionListener@70592729, org.springframework.boot.test.autoconfigure.web.servlet.WebDriverTestExecutionListener@2fdf7da2, org.springframework.boot.test.autoconfigure.webservices.client.MockWebServiceServerTestExecutionListener@43b172e3, org.springframework.boot.test.mock.mockito.ResetMocksTestExecutionListener@39695803]
2022-07-13 19:16:04.924  INFO 36846 --- [    Test worker] .b.t.c.SpringBootTestContextBootstrapper : Neither @ContextConfiguration nor @ContextHierarchy found for test class [com.globantx.cardinalevaluator.CucumberSpringConfiguration], using SpringBootContextLoader
2022-07-13 19:16:04.925  INFO 36846 --- [    Test worker] o.s.t.c.support.AbstractContextLoader    : Could not detect default resource locations for test class [com.globantx.cardinalevaluator.CucumberSpringConfiguration]: no resource found for suffixes {-context.xml, Context.groovy}.
2022-07-13 19:16:04.926  INFO 36846 --- [    Test worker] .b.t.c.SpringBootTestContextBootstrapper : Loaded default TestExecutionListener class names from location [META-INF/spring.factories]: [org.springframework.boot.test.autoconfigure.restdocs.RestDocsTestExecutionListener, org.springframework.boot.test.autoconfigure.web.client.MockRestServiceServerResetTestExecutionListener, org.springframework.boot.test.autoconfigure.web.servlet.MockMvcPrintOnlyOnFailureTestExecutionListener, org.springframework.boot.test.autoconfigure.web.servlet.WebDriverTestExecutionListener, org.springframework.boot.test.autoconfigure.webservices.client.MockWebServiceServerTestExecutionListener, org.springframework.boot.test.mock.mockito.MockitoTestExecutionListener, org.springframework.boot.test.mock.mockito.ResetMocksTestExecutionListener, org.springframework.test.context.web.ServletTestExecutionListener, org.springframework.test.context.support.DirtiesContextBeforeModesTestExecutionListener, org.springframework.test.context.event.ApplicationEventsTestExecutionListener, org.springframework.test.context.support.DependencyInjectionTestExecutionListener, org.springframework.test.context.support.DirtiesContextTestExecutionListener, org.springframework.test.context.transaction.TransactionalTestExecutionListener, org.springframework.test.context.jdbc.SqlScriptsTestExecutionListener, org.springframework.test.context.event.EventPublishingTestExecutionListener]
2022-07-13 19:16:04.926  INFO 36846 --- [    Test worker] .b.t.c.SpringBootTestContextBootstrapper : Using TestExecutionListeners: [org.springframework.test.context.web.ServletTestExecutionListener@304068, org.springframework.test.context.support.DirtiesContextBeforeModesTestExecutionListener@54d60fa1, org.springframework.test.context.event.ApplicationEventsTestExecutionListener@1cb849b2, org.springframework.boot.test.mock.mockito.MockitoTestExecutionListener@6fe2a366, org.springframework.boot.test.autoconfigure.SpringBootDependencyInjectionTestExecutionListener@6dd38df2, org.springframework.test.context.support.DirtiesContextTestExecutionListener@99c3cee, org.springframework.test.context.event.EventPublishingTestExecutionListener@57b711b6, org.springframework.boot.test.autoconfigure.restdocs.RestDocsTestExecutionListener@2db461b5, org.springframework.boot.test.autoconfigure.web.client.MockRestServiceServerResetTestExecutionListener@5c79c5ec, org.springframework.boot.test.autoconfigure.web.servlet.MockMvcPrintOnlyOnFailureTestExecutionListener@34eaf9c1, org.springframework.boot.test.autoconfigure.web.servlet.WebDriverTestExecutionListener@5bbf744b, org.springframework.boot.test.autoconfigure.webservices.client.MockWebServiceServerTestExecutionListener@55881f40, org.springframework.boot.test.mock.mockito.ResetMocksTestExecutionListener@474ce6b8]
2022-07-13 19:16:04.928  INFO 36846 --- [    Test worker] .b.t.c.SpringBootTestContextBootstrapper : Neither @ContextConfiguration nor @ContextHierarchy found for test class [com.globantx.cardinalevaluator.CucumberSpringConfiguration], using SpringBootContextLoader
2022-07-13 19:16:04.928  INFO 36846 --- [    Test worker] o.s.t.c.support.AbstractContextLoader    : Could not detect default resource locations for test class [com.globantx.cardinalevaluator.CucumberSpringConfiguration]: no resource found for suffixes {-context.xml, Context.groovy}.
2022-07-13 19:16:04.929  INFO 36846 --- [    Test worker] .b.t.c.SpringBootTestContextBootstrapper : Loaded default TestExecutionListener class names from location [META-INF/spring.factories]: [org.springframework.boot.test.autoconfigure.restdocs.RestDocsTestExecutionListener, org.springframework.boot.test.autoconfigure.web.client.MockRestServiceServerResetTestExecutionListener, org.springframework.boot.test.autoconfigure.web.servlet.MockMvcPrintOnlyOnFailureTestExecutionListener, org.springframework.boot.test.autoconfigure.web.servlet.WebDriverTestExecutionListener, org.springframework.boot.test.autoconfigure.webservices.client.MockWebServiceServerTestExecutionListener, org.springframework.boot.test.mock.mockito.MockitoTestExecutionListener, org.springframework.boot.test.mock.mockito.ResetMocksTestExecutionListener, org.springframework.test.context.web.ServletTestExecutionListener, org.springframework.test.context.support.DirtiesContextBeforeModesTestExecutionListener, org.springframework.test.context.event.ApplicationEventsTestExecutionListener, org.springframework.test.context.support.DependencyInjectionTestExecutionListener, org.springframework.test.context.support.DirtiesContextTestExecutionListener, org.springframework.test.context.transaction.TransactionalTestExecutionListener, org.springframework.test.context.jdbc.SqlScriptsTestExecutionListener, org.springframework.test.context.event.EventPublishingTestExecutionListener]
2022-07-13 19:16:04.929  INFO 36846 --- [    Test worker] .b.t.c.SpringBootTestContextBootstrapper : Using TestExecutionListeners: [org.springframework.test.context.web.ServletTestExecutionListener@248b2b61, org.springframework.test.context.support.DirtiesContextBeforeModesTestExecutionListener@4b61e97, org.springframework.test.context.event.ApplicationEventsTestExecutionListener@11d1735e, org.springframework.boot.test.mock.mockito.MockitoTestExecutionListener@31082efa, org.springframework.boot.test.autoconfigure.SpringBootDependencyInjectionTestExecutionListener@4ca5cb99, org.springframework.test.context.support.DirtiesContextTestExecutionListener@7853363c, org.springframework.test.context.event.EventPublishingTestExecutionListener@6282f1eb, org.springframework.boot.test.autoconfigure.restdocs.RestDocsTestExecutionListener@120d6cbf, org.springframework.boot.test.autoconfigure.web.client.MockRestServiceServerResetTestExecutionListener@70169464, org.springframework.boot.test.autoconfigure.web.servlet.MockMvcPrintOnlyOnFailureTestExecutionListener@1115be8c, org.springframework.boot.test.autoconfigure.web.servlet.WebDriverTestExecutionListener@64ed18ec, org.springframework.boot.test.autoconfigure.webservices.client.MockWebServiceServerTestExecutionListener@1dfcf85a, org.springframework.boot.test.mock.mockito.ResetMocksTestExecutionListener@590dea35]
2022-07-13 19:16:04.931  INFO 36846 --- [    Test worker] .b.t.c.SpringBootTestContextBootstrapper : Neither @ContextConfiguration nor @ContextHierarchy found for test class [com.globantx.cardinalevaluator.CucumberSpringConfiguration], using SpringBootContextLoader
2022-07-13 19:16:04.931  INFO 36846 --- [    Test worker] o.s.t.c.support.AbstractContextLoader    : Could not detect default resource locations for test class [com.globantx.cardinalevaluator.CucumberSpringConfiguration]: no resource found for suffixes {-context.xml, Context.groovy}.
2022-07-13 19:16:04.931  INFO 36846 --- [    Test worker] .b.t.c.SpringBootTestContextBootstrapper : Loaded default TestExecutionListener class names from location [META-INF/spring.factories]: [org.springframework.boot.test.autoconfigure.restdocs.RestDocsTestExecutionListener, org.springframework.boot.test.autoconfigure.web.client.MockRestServiceServerResetTestExecutionListener, org.springframework.boot.test.autoconfigure.web.servlet.MockMvcPrintOnlyOnFailureTestExecutionListener, org.springframework.boot.test.autoconfigure.web.servlet.WebDriverTestExecutionListener, org.springframework.boot.test.autoconfigure.webservices.client.MockWebServiceServerTestExecutionListener, org.springframework.boot.test.mock.mockito.MockitoTestExecutionListener, org.springframework.boot.test.mock.mockito.ResetMocksTestExecutionListener, org.springframework.test.context.web.ServletTestExecutionListener, org.springframework.test.context.support.DirtiesContextBeforeModesTestExecutionListener, org.springframework.test.context.event.ApplicationEventsTestExecutionListener, org.springframework.test.context.support.DependencyInjectionTestExecutionListener, org.springframework.test.context.support.DirtiesContextTestExecutionListener, org.springframework.test.context.transaction.TransactionalTestExecutionListener, org.springframework.test.context.jdbc.SqlScriptsTestExecutionListener, org.springframework.test.context.event.EventPublishingTestExecutionListener]
2022-07-13 19:16:04.932  INFO 36846 --- [    Test worker] .b.t.c.SpringBootTestContextBootstrapper : Using TestExecutionListeners: [org.springframework.test.context.web.ServletTestExecutionListener@6550ce46, org.springframework.test.context.support.DirtiesContextBeforeModesTestExecutionListener@69f69078, org.springframework.test.context.event.ApplicationEventsTestExecutionListener@13b29b34, org.springframework.boot.test.mock.mockito.MockitoTestExecutionListener@25589735, org.springframework.boot.test.autoconfigure.SpringBootDependencyInjectionTestExecutionListener@46994f26, org.springframework.test.context.support.DirtiesContextTestExecutionListener@1bb172dd, org.springframework.test.context.event.EventPublishingTestExecutionListener@1cdd31a4, org.springframework.boot.test.autoconfigure.restdocs.RestDocsTestExecutionListener@7dddfc35, org.springframework.boot.test.autoconfigure.web.client.MockRestServiceServerResetTestExecutionListener@71316cd7, org.springframework.boot.test.autoconfigure.web.servlet.MockMvcPrintOnlyOnFailureTestExecutionListener@6106dfb6, org.springframework.boot.test.autoconfigure.web.servlet.WebDriverTestExecutionListener@14239223, org.springframework.boot.test.autoconfigure.webservices.client.MockWebServiceServerTestExecutionListener@68df8c6, org.springframework.boot.test.mock.mockito.ResetMocksTestExecutionListener@7c206b14]
2022-07-13 19:16:04.933  INFO 36846 --- [    Test worker] .b.t.c.SpringBootTestContextBootstrapper : Neither @ContextConfiguration nor @ContextHierarchy found for test class [com.globantx.cardinalevaluator.CucumberSpringConfiguration], using SpringBootContextLoader
2022-07-13 19:16:04.934  INFO 36846 --- [    Test worker] o.s.t.c.support.AbstractContextLoader    : Could not detect default resource locations for test class [com.globantx.cardinalevaluator.CucumberSpringConfiguration]: no resource found for suffixes {-context.xml, Context.groovy}.
2022-07-13 19:16:04.934  INFO 36846 --- [    Test worker] .b.t.c.SpringBootTestContextBootstrapper : Loaded default TestExecutionListener class names from location [META-INF/spring.factories]: [org.springframework.boot.test.autoconfigure.restdocs.RestDocsTestExecutionListener, org.springframework.boot.test.autoconfigure.web.client.MockRestServiceServerResetTestExecutionListener, org.springframework.boot.test.autoconfigure.web.servlet.MockMvcPrintOnlyOnFailureTestExecutionListener, org.springframework.boot.test.autoconfigure.web.servlet.WebDriverTestExecutionListener, org.springframework.boot.test.autoconfigure.webservices.client.MockWebServiceServerTestExecutionListener, org.springframework.boot.test.mock.mockito.MockitoTestExecutionListener, org.springframework.boot.test.mock.mockito.ResetMocksTestExecutionListener, org.springframework.test.context.web.ServletTestExecutionListener, org.springframework.test.context.support.DirtiesContextBeforeModesTestExecutionListener, org.springframework.test.context.event.ApplicationEventsTestExecutionListener, org.springframework.test.context.support.DependencyInjectionTestExecutionListener, org.springframework.test.context.support.DirtiesContextTestExecutionListener, org.springframework.test.context.transaction.TransactionalTestExecutionListener, org.springframework.test.context.jdbc.SqlScriptsTestExecutionListener, org.springframework.test.context.event.EventPublishingTestExecutionListener]
2022-07-13 19:16:04.934  INFO 36846 --- [    Test worker] .b.t.c.SpringBootTestContextBootstrapper : Using TestExecutionListeners: [org.springframework.test.context.web.ServletTestExecutionListener@2b8cf049, org.springframework.test.context.support.DirtiesContextBeforeModesTestExecutionListener@2336cd91, org.springframework.test.context.event.ApplicationEventsTestExecutionListener@4a944af9, org.springframework.boot.test.mock.mockito.MockitoTestExecutionListener@3593e074, org.springframework.boot.test.autoconfigure.SpringBootDependencyInjectionTestExecutionListener@79d14037, org.springframework.test.context.support.DirtiesContextTestExecutionListener@6c1e40d9, org.springframework.test.context.event.EventPublishingTestExecutionListener@4b50c21, org.springframework.boot.test.autoconfigure.restdocs.RestDocsTestExecutionListener@2e0fdc83, org.springframework.boot.test.autoconfigure.web.client.MockRestServiceServerResetTestExecutionListener@5dacf18d, org.springframework.boot.test.autoconfigure.web.servlet.MockMvcPrintOnlyOnFailureTestExecutionListener@432a6a69, org.springframework.boot.test.autoconfigure.web.servlet.WebDriverTestExecutionListener@6f52a229, org.springframework.boot.test.autoconfigure.webservices.client.MockWebServiceServerTestExecutionListener@3fe98084, org.springframework.boot.test.mock.mockito.ResetMocksTestExecutionListener@5f33e6d]
2022-07-13 19:16:04.936  INFO 36846 --- [    Test worker] .b.t.c.SpringBootTestContextBootstrapper : Neither @ContextConfiguration nor @ContextHierarchy found for test class [com.globantx.cardinalevaluator.CucumberSpringConfiguration], using SpringBootContextLoader
2022-07-13 19:16:04.936  INFO 36846 --- [    Test worker] o.s.t.c.support.AbstractContextLoader    : Could not detect default resource locations for test class [com.globantx.cardinalevaluator.CucumberSpringConfiguration]: no resource found for suffixes {-context.xml, Context.groovy}.
2022-07-13 19:16:04.937  INFO 36846 --- [    Test worker] .b.t.c.SpringBootTestContextBootstrapper : Loaded default TestExecutionListener class names from location [META-INF/spring.factories]: [org.springframework.boot.test.autoconfigure.restdocs.RestDocsTestExecutionListener, org.springframework.boot.test.autoconfigure.web.client.MockRestServiceServerResetTestExecutionListener, org.springframework.boot.test.autoconfigure.web.servlet.MockMvcPrintOnlyOnFailureTestExecutionListener, org.springframework.boot.test.autoconfigure.web.servlet.WebDriverTestExecutionListener, org.springframework.boot.test.autoconfigure.webservices.client.MockWebServiceServerTestExecutionListener, org.springframework.boot.test.mock.mockito.MockitoTestExecutionListener, org.springframework.boot.test.mock.mockito.ResetMocksTestExecutionListener, org.springframework.test.context.web.ServletTestExecutionListener, org.springframework.test.context.support.DirtiesContextBeforeModesTestExecutionListener, org.springframework.test.context.event.ApplicationEventsTestExecutionListener, org.springframework.test.context.support.DependencyInjectionTestExecutionListener, org.springframework.test.context.support.DirtiesContextTestExecutionListener, org.springframework.test.context.transaction.TransactionalTestExecutionListener, org.springframework.test.context.jdbc.SqlScriptsTestExecutionListener, org.springframework.test.context.event.EventPublishingTestExecutionListener]
2022-07-13 19:16:04.937  INFO 36846 --- [    Test worker] .b.t.c.SpringBootTestContextBootstrapper : Using TestExecutionListeners: [org.springframework.test.context.web.ServletTestExecutionListener@151a6598, org.springframework.test.context.support.DirtiesContextBeforeModesTestExecutionListener@6fa3def8, org.springframework.test.context.event.ApplicationEventsTestExecutionListener@1c3d9e28, org.springframework.boot.test.mock.mockito.MockitoTestExecutionListener@a1cb94, org.springframework.boot.test.autoconfigure.SpringBootDependencyInjectionTestExecutionListener@46d148bd, org.springframework.test.context.support.DirtiesContextTestExecutionListener@37f41a81, org.springframework.test.context.event.EventPublishingTestExecutionListener@47c81e89, org.springframework.boot.test.autoconfigure.restdocs.RestDocsTestExecutionListener@49bb808f, org.springframework.boot.test.autoconfigure.web.client.MockRestServiceServerResetTestExecutionListener@563ada5, org.springframework.boot.test.autoconfigure.web.servlet.MockMvcPrintOnlyOnFailureTestExecutionListener@12548f9a, org.springframework.boot.test.autoconfigure.web.servlet.WebDriverTestExecutionListener@156ff70f, org.springframework.boot.test.autoconfigure.webservices.client.MockWebServiceServerTestExecutionListener@c5a2d5, org.springframework.boot.test.mock.mockito.ResetMocksTestExecutionListener@185339ed]
2022-07-13 19:16:04.939  INFO 36846 --- [    Test worker] .b.t.c.SpringBootTestContextBootstrapper : Neither @ContextConfiguration nor @ContextHierarchy found for test class [com.globantx.cardinalevaluator.CucumberSpringConfiguration], using SpringBootContextLoader
2022-07-13 19:16:04.939  INFO 36846 --- [    Test worker] o.s.t.c.support.AbstractContextLoader    : Could not detect default resource locations for test class [com.globantx.cardinalevaluator.CucumberSpringConfiguration]: no resource found for suffixes {-context.xml, Context.groovy}.
2022-07-13 19:16:04.939  INFO 36846 --- [    Test worker] .b.t.c.SpringBootTestContextBootstrapper : Loaded default TestExecutionListener class names from location [META-INF/spring.factories]: [org.springframework.boot.test.autoconfigure.restdocs.RestDocsTestExecutionListener, org.springframework.boot.test.autoconfigure.web.client.MockRestServiceServerResetTestExecutionListener, org.springframework.boot.test.autoconfigure.web.servlet.MockMvcPrintOnlyOnFailureTestExecutionListener, org.springframework.boot.test.autoconfigure.web.servlet.WebDriverTestExecutionListener, org.springframework.boot.test.autoconfigure.webservices.client.MockWebServiceServerTestExecutionListener, org.springframework.boot.test.mock.mockito.MockitoTestExecutionListener, org.springframework.boot.test.mock.mockito.ResetMocksTestExecutionListener, org.springframework.test.context.web.ServletTestExecutionListener, org.springframework.test.context.support.DirtiesContextBeforeModesTestExecutionListener, org.springframework.test.context.event.ApplicationEventsTestExecutionListener, org.springframework.test.context.support.DependencyInjectionTestExecutionListener, org.springframework.test.context.support.DirtiesContextTestExecutionListener, org.springframework.test.context.transaction.TransactionalTestExecutionListener, org.springframework.test.context.jdbc.SqlScriptsTestExecutionListener, org.springframework.test.context.event.EventPublishingTestExecutionListener]
2022-07-13 19:16:04.939  INFO 36846 --- [    Test worker] .b.t.c.SpringBootTestContextBootstrapper : Using TestExecutionListeners: [org.springframework.test.context.web.ServletTestExecutionListener@2e4d4d22, org.springframework.test.context.support.DirtiesContextBeforeModesTestExecutionListener@4470106b, org.springframework.test.context.event.ApplicationEventsTestExecutionListener@690ed13a, org.springframework.boot.test.mock.mockito.MockitoTestExecutionListener@681311a7, org.springframework.boot.test.autoconfigure.SpringBootDependencyInjectionTestExecutionListener@2c7375da, org.springframework.test.context.support.DirtiesContextTestExecutionListener@68c4db77, org.springframework.test.context.event.EventPublishingTestExecutionListener@775c4054, org.springframework.boot.test.autoconfigure.restdocs.RestDocsTestExecutionListener@7b2e931, org.springframework.boot.test.autoconfigure.web.client.MockRestServiceServerResetTestExecutionListener@305881b8, org.springframework.boot.test.autoconfigure.web.servlet.MockMvcPrintOnlyOnFailureTestExecutionListener@7e89eba7, org.springframework.boot.test.autoconfigure.web.servlet.WebDriverTestExecutionListener@6bc25ac2, org.springframework.boot.test.autoconfigure.webservices.client.MockWebServiceServerTestExecutionListener@7b29cdea, org.springframework.boot.test.mock.mockito.ResetMocksTestExecutionListener@f08d676]
2022-07-13 19:16:04.941  INFO 36846 --- [    Test worker] .b.t.c.SpringBootTestContextBootstrapper : Neither @ContextConfiguration nor @ContextHierarchy found for test class [com.globantx.cardinalevaluator.CucumberSpringConfiguration], using SpringBootContextLoader
2022-07-13 19:16:04.941  INFO 36846 --- [    Test worker] o.s.t.c.support.AbstractContextLoader    : Could not detect default resource locations for test class [com.globantx.cardinalevaluator.CucumberSpringConfiguration]: no resource found for suffixes {-context.xml, Context.groovy}.
2022-07-13 19:16:04.942  INFO 36846 --- [    Test worker] .b.t.c.SpringBootTestContextBootstrapper : Loaded default TestExecutionListener class names from location [META-INF/spring.factories]: [org.springframework.boot.test.autoconfigure.restdocs.RestDocsTestExecutionListener, org.springframework.boot.test.autoconfigure.web.client.MockRestServiceServerResetTestExecutionListener, org.springframework.boot.test.autoconfigure.web.servlet.MockMvcPrintOnlyOnFailureTestExecutionListener, org.springframework.boot.test.autoconfigure.web.servlet.WebDriverTestExecutionListener, org.springframework.boot.test.autoconfigure.webservices.client.MockWebServiceServerTestExecutionListener, org.springframework.boot.test.mock.mockito.MockitoTestExecutionListener, org.springframework.boot.test.mock.mockito.ResetMocksTestExecutionListener, org.springframework.test.context.web.ServletTestExecutionListener, org.springframework.test.context.support.DirtiesContextBeforeModesTestExecutionListener, org.springframework.test.context.event.ApplicationEventsTestExecutionListener, org.springframework.test.context.support.DependencyInjectionTestExecutionListener, org.springframework.test.context.support.DirtiesContextTestExecutionListener, org.springframework.test.context.transaction.TransactionalTestExecutionListener, org.springframework.test.context.jdbc.SqlScriptsTestExecutionListener, org.springframework.test.context.event.EventPublishingTestExecutionListener]
2022-07-13 19:16:04.942  INFO 36846 --- [    Test worker] .b.t.c.SpringBootTestContextBootstrapper : Using TestExecutionListeners: [org.springframework.test.context.web.ServletTestExecutionListener@3eedd0e3, org.springframework.test.context.support.DirtiesContextBeforeModesTestExecutionListener@478089b6, org.springframework.test.context.event.ApplicationEventsTestExecutionListener@72f35a31, org.springframework.boot.test.mock.mockito.MockitoTestExecutionListener@3b01897f, org.springframework.boot.test.autoconfigure.SpringBootDependencyInjectionTestExecutionListener@6b3b2c34, org.springframework.test.context.support.DirtiesContextTestExecutionListener@28b5d5dc, org.springframework.test.context.event.EventPublishingTestExecutionListener@407f2029, org.springframework.boot.test.autoconfigure.restdocs.RestDocsTestExecutionListener@77020328, org.springframework.boot.test.autoconfigure.web.client.MockRestServiceServerResetTestExecutionListener@45eacb70, org.springframework.boot.test.autoconfigure.web.servlet.MockMvcPrintOnlyOnFailureTestExecutionListener@4377ed24, org.springframework.boot.test.autoconfigure.web.servlet.WebDriverTestExecutionListener@7a30e30b, org.springframework.boot.test.autoconfigure.webservices.client.MockWebServiceServerTestExecutionListener@1dcca426, org.springframework.boot.test.mock.mockito.ResetMocksTestExecutionListener@e6e5da4]
2022-07-13 19:16:04.944  INFO 36846 --- [    Test worker] .b.t.c.SpringBootTestContextBootstrapper : Neither @ContextConfiguration nor @ContextHierarchy found for test class [com.globantx.cardinalevaluator.CucumberSpringConfiguration], using SpringBootContextLoader
2022-07-13 19:16:04.944  INFO 36846 --- [    Test worker] o.s.t.c.support.AbstractContextLoader    : Could not detect default resource locations for test class [com.globantx.cardinalevaluator.CucumberSpringConfiguration]: no resource found for suffixes {-context.xml, Context.groovy}.
2022-07-13 19:16:04.945  INFO 36846 --- [    Test worker] .b.t.c.SpringBootTestContextBootstrapper : Loaded default TestExecutionListener class names from location [META-INF/spring.factories]: [org.springframework.boot.test.autoconfigure.restdocs.RestDocsTestExecutionListener, org.springframework.boot.test.autoconfigure.web.client.MockRestServiceServerResetTestExecutionListener, org.springframework.boot.test.autoconfigure.web.servlet.MockMvcPrintOnlyOnFailureTestExecutionListener, org.springframework.boot.test.autoconfigure.web.servlet.WebDriverTestExecutionListener, org.springframework.boot.test.autoconfigure.webservices.client.MockWebServiceServerTestExecutionListener, org.springframework.boot.test.mock.mockito.MockitoTestExecutionListener, org.springframework.boot.test.mock.mockito.ResetMocksTestExecutionListener, org.springframework.test.context.web.ServletTestExecutionListener, org.springframework.test.context.support.DirtiesContextBeforeModesTestExecutionListener, org.springframework.test.context.event.ApplicationEventsTestExecutionListener, org.springframework.test.context.support.DependencyInjectionTestExecutionListener, org.springframework.test.context.support.DirtiesContextTestExecutionListener, org.springframework.test.context.transaction.TransactionalTestExecutionListener, org.springframework.test.context.jdbc.SqlScriptsTestExecutionListener, org.springframework.test.context.event.EventPublishingTestExecutionListener]
2022-07-13 19:16:04.945  INFO 36846 --- [    Test worker] .b.t.c.SpringBootTestContextBootstrapper : Using TestExecutionListeners: [org.springframework.test.context.web.ServletTestExecutionListener@720c8f80, org.springframework.test.context.support.DirtiesContextBeforeModesTestExecutionListener@f591271, org.springframework.test.context.event.ApplicationEventsTestExecutionListener@77cc6a28, org.springframework.boot.test.mock.mockito.MockitoTestExecutionListener@b339a08, org.springframework.boot.test.autoconfigure.SpringBootDependencyInjectionTestExecutionListener@1d556461, org.springframework.test.context.support.DirtiesContextTestExecutionListener@5a583720, org.springframework.test.context.event.EventPublishingTestExecutionListener@4ed19b69, org.springframework.boot.test.autoconfigure.restdocs.RestDocsTestExecutionListener@59a5bb61, org.springframework.boot.test.autoconfigure.web.client.MockRestServiceServerResetTestExecutionListener@6f65aa58, org.springframework.boot.test.autoconfigure.web.servlet.MockMvcPrintOnlyOnFailureTestExecutionListener@749f61a3, org.springframework.boot.test.autoconfigure.web.servlet.WebDriverTestExecutionListener@36d7a68a, org.springframework.boot.test.autoconfigure.webservices.client.MockWebServiceServerTestExecutionListener@42dd7d82, org.springframework.boot.test.mock.mockito.ResetMocksTestExecutionListener@2838eb]
2022-07-13 19:16:04.947  INFO 36846 --- [    Test worker] .b.t.c.SpringBootTestContextBootstrapper : Neither @ContextConfiguration nor @ContextHierarchy found for test class [com.globantx.cardinalevaluator.CucumberSpringConfiguration], using SpringBootContextLoader
2022-07-13 19:16:04.947  INFO 36846 --- [    Test worker] o.s.t.c.support.AbstractContextLoader    : Could not detect default resource locations for test class [com.globantx.cardinalevaluator.CucumberSpringConfiguration]: no resource found for suffixes {-context.xml, Context.groovy}.
2022-07-13 19:16:04.948  INFO 36846 --- [    Test worker] .b.t.c.SpringBootTestContextBootstrapper : Loaded default TestExecutionListener class names from location [META-INF/spring.factories]: [org.springframework.boot.test.autoconfigure.restdocs.RestDocsTestExecutionListener, org.springframework.boot.test.autoconfigure.web.client.MockRestServiceServerResetTestExecutionListener, org.springframework.boot.test.autoconfigure.web.servlet.MockMvcPrintOnlyOnFailureTestExecutionListener, org.springframework.boot.test.autoconfigure.web.servlet.WebDriverTestExecutionListener, org.springframework.boot.test.autoconfigure.webservices.client.MockWebServiceServerTestExecutionListener, org.springframework.boot.test.mock.mockito.MockitoTestExecutionListener, org.springframework.boot.test.mock.mockito.ResetMocksTestExecutionListener, org.springframework.test.context.web.ServletTestExecutionListener, org.springframework.test.context.support.DirtiesContextBeforeModesTestExecutionListener, org.springframework.test.context.event.ApplicationEventsTestExecutionListener, org.springframework.test.context.support.DependencyInjectionTestExecutionListener, org.springframework.test.context.support.DirtiesContextTestExecutionListener, org.springframework.test.context.transaction.TransactionalTestExecutionListener, org.springframework.test.context.jdbc.SqlScriptsTestExecutionListener, org.springframework.test.context.event.EventPublishingTestExecutionListener]
2022-07-13 19:16:04.949  INFO 36846 --- [    Test worker] .b.t.c.SpringBootTestContextBootstrapper : Using TestExecutionListeners: [org.springframework.test.context.web.ServletTestExecutionListener@fb5d334, org.springframework.test.context.support.DirtiesContextBeforeModesTestExecutionListener@45dc7be, org.springframework.test.context.event.ApplicationEventsTestExecutionListener@2d459bda, org.springframework.boot.test.mock.mockito.MockitoTestExecutionListener@6ceb11f9, org.springframework.boot.test.autoconfigure.SpringBootDependencyInjectionTestExecutionListener@4d664323, org.springframework.test.context.support.DirtiesContextTestExecutionListener@27ec0d06, org.springframework.test.context.event.EventPublishingTestExecutionListener@2676d96a, org.springframework.boot.test.autoconfigure.restdocs.RestDocsTestExecutionListener@12266084, org.springframework.boot.test.autoconfigure.web.client.MockRestServiceServerResetTestExecutionListener@6da646b8, org.springframework.boot.test.autoconfigure.web.servlet.MockMvcPrintOnlyOnFailureTestExecutionListener@2a65e237, org.springframework.boot.test.autoconfigure.web.servlet.WebDriverTestExecutionListener@3a48c398, org.springframework.boot.test.autoconfigure.webservices.client.MockWebServiceServerTestExecutionListener@1b4ba615, org.springframework.boot.test.mock.mockito.ResetMocksTestExecutionListener@4407b042]
2022-07-13 19:16:04.951  INFO 36846 --- [    Test worker] .b.t.c.SpringBootTestContextBootstrapper : Neither @ContextConfiguration nor @ContextHierarchy found for test class [com.globantx.cardinalevaluator.CucumberSpringConfiguration], using SpringBootContextLoader
2022-07-13 19:16:04.951  INFO 36846 --- [    Test worker] o.s.t.c.support.AbstractContextLoader    : Could not detect default resource locations for test class [com.globantx.cardinalevaluator.CucumberSpringConfiguration]: no resource found for suffixes {-context.xml, Context.groovy}.
2022-07-13 19:16:04.952  INFO 36846 --- [    Test worker] .b.t.c.SpringBootTestContextBootstrapper : Loaded default TestExecutionListener class names from location [META-INF/spring.factories]: [org.springframework.boot.test.autoconfigure.restdocs.RestDocsTestExecutionListener, org.springframework.boot.test.autoconfigure.web.client.MockRestServiceServerResetTestExecutionListener, org.springframework.boot.test.autoconfigure.web.servlet.MockMvcPrintOnlyOnFailureTestExecutionListener, org.springframework.boot.test.autoconfigure.web.servlet.WebDriverTestExecutionListener, org.springframework.boot.test.autoconfigure.webservices.client.MockWebServiceServerTestExecutionListener, org.springframework.boot.test.mock.mockito.MockitoTestExecutionListener, org.springframework.boot.test.mock.mockito.ResetMocksTestExecutionListener, org.springframework.test.context.web.ServletTestExecutionListener, org.springframework.test.context.support.DirtiesContextBeforeModesTestExecutionListener, org.springframework.test.context.event.ApplicationEventsTestExecutionListener, org.springframework.test.context.support.DependencyInjectionTestExecutionListener, org.springframework.test.context.support.DirtiesContextTestExecutionListener, org.springframework.test.context.transaction.TransactionalTestExecutionListener, org.springframework.test.context.jdbc.SqlScriptsTestExecutionListener, org.springframework.test.context.event.EventPublishingTestExecutionListener]
2022-07-13 19:16:04.952  INFO 36846 --- [    Test worker] .b.t.c.SpringBootTestContextBootstrapper : Using TestExecutionListeners: [org.springframework.test.context.web.ServletTestExecutionListener@41f686af, org.springframework.test.context.support.DirtiesContextBeforeModesTestExecutionListener@3dded90a, org.springframework.test.context.event.ApplicationEventsTestExecutionListener@7be3abaa, org.springframework.boot.test.mock.mockito.MockitoTestExecutionListener@29f8134, org.springframework.boot.test.autoconfigure.SpringBootDependencyInjectionTestExecutionListener@77a9ac36, org.springframework.test.context.support.DirtiesContextTestExecutionListener@3c743d40, org.springframework.test.context.event.EventPublishingTestExecutionListener@5aac6f9f, org.springframework.boot.test.autoconfigure.restdocs.RestDocsTestExecutionListener@2444c3df, org.springframework.boot.test.autoconfigure.web.client.MockRestServiceServerResetTestExecutionListener@1eb6037d, org.springframework.boot.test.autoconfigure.web.servlet.MockMvcPrintOnlyOnFailureTestExecutionListener@335b3d6, org.springframework.boot.test.autoconfigure.web.servlet.WebDriverTestExecutionListener@3a5ce4b8, org.springframework.boot.test.autoconfigure.webservices.client.MockWebServiceServerTestExecutionListener@38848217, org.springframework.boot.test.mock.mockito.ResetMocksTestExecutionListener@1607d391]
2022-07-13 19:16:04.954  INFO 36846 --- [    Test worker] .b.t.c.SpringBootTestContextBootstrapper : Neither @ContextConfiguration nor @ContextHierarchy found for test class [com.globantx.cardinalevaluator.CucumberSpringConfiguration], using SpringBootContextLoader
2022-07-13 19:16:04.954  INFO 36846 --- [    Test worker] o.s.t.c.support.AbstractContextLoader    : Could not detect default resource locations for test class [com.globantx.cardinalevaluator.CucumberSpringConfiguration]: no resource found for suffixes {-context.xml, Context.groovy}.
2022-07-13 19:16:04.956  INFO 36846 --- [    Test worker] .b.t.c.SpringBootTestContextBootstrapper : Loaded default TestExecutionListener class names from location [META-INF/spring.factories]: [org.springframework.boot.test.autoconfigure.restdocs.RestDocsTestExecutionListener, org.springframework.boot.test.autoconfigure.web.client.MockRestServiceServerResetTestExecutionListener, org.springframework.boot.test.autoconfigure.web.servlet.MockMvcPrintOnlyOnFailureTestExecutionListener, org.springframework.boot.test.autoconfigure.web.servlet.WebDriverTestExecutionListener, org.springframework.boot.test.autoconfigure.webservices.client.MockWebServiceServerTestExecutionListener, org.springframework.boot.test.mock.mockito.MockitoTestExecutionListener, org.springframework.boot.test.mock.mockito.ResetMocksTestExecutionListener, org.springframework.test.context.web.ServletTestExecutionListener, org.springframework.test.context.support.DirtiesContextBeforeModesTestExecutionListener, org.springframework.test.context.event.ApplicationEventsTestExecutionListener, org.springframework.test.context.support.DependencyInjectionTestExecutionListener, org.springframework.test.context.support.DirtiesContextTestExecutionListener, org.springframework.test.context.transaction.TransactionalTestExecutionListener, org.springframework.test.context.jdbc.SqlScriptsTestExecutionListener, org.springframework.test.context.event.EventPublishingTestExecutionListener]
2022-07-13 19:16:04.956  INFO 36846 --- [    Test worker] .b.t.c.SpringBootTestContextBootstrapper : Using TestExecutionListeners: [org.springframework.test.context.web.ServletTestExecutionListener@38826984, org.springframework.test.context.support.DirtiesContextBeforeModesTestExecutionListener@65262308, org.springframework.test.context.event.ApplicationEventsTestExecutionListener@792e8181, org.springframework.boot.test.mock.mockito.MockitoTestExecutionListener@511d5e6e, org.springframework.boot.test.autoconfigure.SpringBootDependencyInjectionTestExecutionListener@7a78d380, org.springframework.test.context.support.DirtiesContextTestExecutionListener@2e1291a4, org.springframework.test.context.event.EventPublishingTestExecutionListener@23bd2f6e, org.springframework.boot.test.autoconfigure.restdocs.RestDocsTestExecutionListener@18e8eb59, org.springframework.boot.test.autoconfigure.web.client.MockRestServiceServerResetTestExecutionListener@2430cf17, org.springframework.boot.test.autoconfigure.web.servlet.MockMvcPrintOnlyOnFailureTestExecutionListener@1e95f584, org.springframework.boot.test.autoconfigure.web.servlet.WebDriverTestExecutionListener@54997f67, org.springframework.boot.test.autoconfigure.webservices.client.MockWebServiceServerTestExecutionListener@bf4e48e, org.springframework.boot.test.mock.mockito.ResetMocksTestExecutionListener@299eca90]
2022-07-13 19:16:04.959  INFO 36846 --- [    Test worker] .b.t.c.SpringBootTestContextBootstrapper : Neither @ContextConfiguration nor @ContextHierarchy found for test class [com.globantx.cardinalevaluator.CucumberSpringConfiguration], using SpringBootContextLoader
2022-07-13 19:16:04.959  INFO 36846 --- [    Test worker] o.s.t.c.support.AbstractContextLoader    : Could not detect default resource locations for test class [com.globantx.cardinalevaluator.CucumberSpringConfiguration]: no resource found for suffixes {-context.xml, Context.groovy}.
2022-07-13 19:16:04.960  INFO 36846 --- [    Test worker] .b.t.c.SpringBootTestContextBootstrapper : Loaded default TestExecutionListener class names from location [META-INF/spring.factories]: [org.springframework.boot.test.autoconfigure.restdocs.RestDocsTestExecutionListener, org.springframework.boot.test.autoconfigure.web.client.MockRestServiceServerResetTestExecutionListener, org.springframework.boot.test.autoconfigure.web.servlet.MockMvcPrintOnlyOnFailureTestExecutionListener, org.springframework.boot.test.autoconfigure.web.servlet.WebDriverTestExecutionListener, org.springframework.boot.test.autoconfigure.webservices.client.MockWebServiceServerTestExecutionListener, org.springframework.boot.test.mock.mockito.MockitoTestExecutionListener, org.springframework.boot.test.mock.mockito.ResetMocksTestExecutionListener, org.springframework.test.context.web.ServletTestExecutionListener, org.springframework.test.context.support.DirtiesContextBeforeModesTestExecutionListener, org.springframework.test.context.event.ApplicationEventsTestExecutionListener, org.springframework.test.context.support.DependencyInjectionTestExecutionListener, org.springframework.test.context.support.DirtiesContextTestExecutionListener, org.springframework.test.context.transaction.TransactionalTestExecutionListener, org.springframework.test.context.jdbc.SqlScriptsTestExecutionListener, org.springframework.test.context.event.EventPublishingTestExecutionListener]
2022-07-13 19:16:04.960  INFO 36846 --- [    Test worker] .b.t.c.SpringBootTestContextBootstrapper : Using TestExecutionListeners: [org.springframework.test.context.web.ServletTestExecutionListener@189633f2, org.springframework.test.context.support.DirtiesContextBeforeModesTestExecutionListener@76b05c0, org.springframework.test.context.event.ApplicationEventsTestExecutionListener@2b974137, org.springframework.boot.test.mock.mockito.MockitoTestExecutionListener@7402c49f, org.springframework.boot.test.autoconfigure.SpringBootDependencyInjectionTestExecutionListener@5d22604e, org.springframework.test.context.support.DirtiesContextTestExecutionListener@2382b2f, org.springframework.test.context.event.EventPublishingTestExecutionListener@13374ca6, org.springframework.boot.test.autoconfigure.restdocs.RestDocsTestExecutionListener@71734463, org.springframework.boot.test.autoconfigure.web.client.MockRestServiceServerResetTestExecutionListener@3f1d6a13, org.springframework.boot.test.autoconfigure.web.servlet.MockMvcPrintOnlyOnFailureTestExecutionListener@7cbf4f8c, org.springframework.boot.test.autoconfigure.web.servlet.WebDriverTestExecutionListener@55c46ec1, org.springframework.boot.test.autoconfigure.webservices.client.MockWebServiceServerTestExecutionListener@3eff6846, org.springframework.boot.test.mock.mockito.ResetMocksTestExecutionListener@6ae6d078]
2022-07-13 19:16:04.963  INFO 36846 --- [    Test worker] .b.t.c.SpringBootTestContextBootstrapper : Neither @ContextConfiguration nor @ContextHierarchy found for test class [com.globantx.cardinalevaluator.CucumberSpringConfiguration], using SpringBootContextLoader
2022-07-13 19:16:04.963  INFO 36846 --- [    Test worker] o.s.t.c.support.AbstractContextLoader    : Could not detect default resource locations for test class [com.globantx.cardinalevaluator.CucumberSpringConfiguration]: no resource found for suffixes {-context.xml, Context.groovy}.
2022-07-13 19:16:04.964  INFO 36846 --- [    Test worker] .b.t.c.SpringBootTestContextBootstrapper : Loaded default TestExecutionListener class names from location [META-INF/spring.factories]: [org.springframework.boot.test.autoconfigure.restdocs.RestDocsTestExecutionListener, org.springframework.boot.test.autoconfigure.web.client.MockRestServiceServerResetTestExecutionListener, org.springframework.boot.test.autoconfigure.web.servlet.MockMvcPrintOnlyOnFailureTestExecutionListener, org.springframework.boot.test.autoconfigure.web.servlet.WebDriverTestExecutionListener, org.springframework.boot.test.autoconfigure.webservices.client.MockWebServiceServerTestExecutionListener, org.springframework.boot.test.mock.mockito.MockitoTestExecutionListener, org.springframework.boot.test.mock.mockito.ResetMocksTestExecutionListener, org.springframework.test.context.web.ServletTestExecutionListener, org.springframework.test.context.support.DirtiesContextBeforeModesTestExecutionListener, org.springframework.test.context.event.ApplicationEventsTestExecutionListener, org.springframework.test.context.support.DependencyInjectionTestExecutionListener, org.springframework.test.context.support.DirtiesContextTestExecutionListener, org.springframework.test.context.transaction.TransactionalTestExecutionListener, org.springframework.test.context.jdbc.SqlScriptsTestExecutionListener, org.springframework.test.context.event.EventPublishingTestExecutionListener]
2022-07-13 19:16:04.964  INFO 36846 --- [    Test worker] .b.t.c.SpringBootTestContextBootstrapper : Using TestExecutionListeners: [org.springframework.test.context.web.ServletTestExecutionListener@6ca33187, org.springframework.test.context.support.DirtiesContextBeforeModesTestExecutionListener@1a67f8b4, org.springframework.test.context.event.ApplicationEventsTestExecutionListener@5f1f0ee6, org.springframework.boot.test.mock.mockito.MockitoTestExecutionListener@326706d, org.springframework.boot.test.autoconfigure.SpringBootDependencyInjectionTestExecutionListener@76fc5687, org.springframework.test.context.support.DirtiesContextTestExecutionListener@53fbb2b4, org.springframework.test.context.event.EventPublishingTestExecutionListener@7434ee13, org.springframework.boot.test.autoconfigure.restdocs.RestDocsTestExecutionListener@44a14de0, org.springframework.boot.test.autoconfigure.web.client.MockRestServiceServerResetTestExecutionListener@50fd739d, org.springframework.boot.test.autoconfigure.web.servlet.MockMvcPrintOnlyOnFailureTestExecutionListener@5e1d1524, org.springframework.boot.test.autoconfigure.web.servlet.WebDriverTestExecutionListener@d0a2c82, org.springframework.boot.test.autoconfigure.webservices.client.MockWebServiceServerTestExecutionListener@430aae8e, org.springframework.boot.test.mock.mockito.ResetMocksTestExecutionListener@78504ce9]
2022-07-13 19:16:04.967  INFO 36846 --- [    Test worker] .b.t.c.SpringBootTestContextBootstrapper : Neither @ContextConfiguration nor @ContextHierarchy found for test class [com.globantx.cardinalevaluator.CucumberSpringConfiguration], using SpringBootContextLoader
2022-07-13 19:16:04.967  INFO 36846 --- [    Test worker] o.s.t.c.support.AbstractContextLoader    : Could not detect default resource locations for test class [com.globantx.cardinalevaluator.CucumberSpringConfiguration]: no resource found for suffixes {-context.xml, Context.groovy}.
2022-07-13 19:16:04.968  INFO 36846 --- [    Test worker] .b.t.c.SpringBootTestContextBootstrapper : Loaded default TestExecutionListener class names from location [META-INF/spring.factories]: [org.springframework.boot.test.autoconfigure.restdocs.RestDocsTestExecutionListener, org.springframework.boot.test.autoconfigure.web.client.MockRestServiceServerResetTestExecutionListener, org.springframework.boot.test.autoconfigure.web.servlet.MockMvcPrintOnlyOnFailureTestExecutionListener, org.springframework.boot.test.autoconfigure.web.servlet.WebDriverTestExecutionListener, org.springframework.boot.test.autoconfigure.webservices.client.MockWebServiceServerTestExecutionListener, org.springframework.boot.test.mock.mockito.MockitoTestExecutionListener, org.springframework.boot.test.mock.mockito.ResetMocksTestExecutionListener, org.springframework.test.context.web.ServletTestExecutionListener, org.springframework.test.context.support.DirtiesContextBeforeModesTestExecutionListener, org.springframework.test.context.event.ApplicationEventsTestExecutionListener, org.springframework.test.context.support.DependencyInjectionTestExecutionListener, org.springframework.test.context.support.DirtiesContextTestExecutionListener, org.springframework.test.context.transaction.TransactionalTestExecutionListener, org.springframework.test.context.jdbc.SqlScriptsTestExecutionListener, org.springframework.test.context.event.EventPublishingTestExecutionListener]
2022-07-13 19:16:04.968  INFO 36846 --- [    Test worker] .b.t.c.SpringBootTestContextBootstrapper : Using TestExecutionListeners: [org.springframework.test.context.web.ServletTestExecutionListener@4e52d2f2, org.springframework.test.context.support.DirtiesContextBeforeModesTestExecutionListener@12608986, org.springframework.test.context.event.ApplicationEventsTestExecutionListener@4882b9a, org.springframework.boot.test.mock.mockito.MockitoTestExecutionListener@7ec508e6, org.springframework.boot.test.autoconfigure.SpringBootDependencyInjectionTestExecutionListener@26d8908e, org.springframework.test.context.support.DirtiesContextTestExecutionListener@30e2016a, org.springframework.test.context.event.EventPublishingTestExecutionListener@75f32817, org.springframework.boot.test.autoconfigure.restdocs.RestDocsTestExecutionListener@23a78c77, org.springframework.boot.test.autoconfigure.web.client.MockRestServiceServerResetTestExecutionListener@4119346d, org.springframework.boot.test.autoconfigure.web.servlet.MockMvcPrintOnlyOnFailureTestExecutionListener@61d09475, org.springframework.boot.test.autoconfigure.web.servlet.WebDriverTestExecutionListener@d0fabc8, org.springframework.boot.test.autoconfigure.webservices.client.MockWebServiceServerTestExecutionListener@12d44a2a, org.springframework.boot.test.mock.mockito.ResetMocksTestExecutionListener@1a66be41]
2022-07-13 19:16:04.970  INFO 36846 --- [    Test worker] .b.t.c.SpringBootTestContextBootstrapper : Neither @ContextConfiguration nor @ContextHierarchy found for test class [com.globantx.cardinalevaluator.CucumberSpringConfiguration], using SpringBootContextLoader
2022-07-13 19:16:04.970  INFO 36846 --- [    Test worker] o.s.t.c.support.AbstractContextLoader    : Could not detect default resource locations for test class [com.globantx.cardinalevaluator.CucumberSpringConfiguration]: no resource found for suffixes {-context.xml, Context.groovy}.
2022-07-13 19:16:04.971  INFO 36846 --- [    Test worker] .b.t.c.SpringBootTestContextBootstrapper : Loaded default TestExecutionListener class names from location [META-INF/spring.factories]: [org.springframework.boot.test.autoconfigure.restdocs.RestDocsTestExecutionListener, org.springframework.boot.test.autoconfigure.web.client.MockRestServiceServerResetTestExecutionListener, org.springframework.boot.test.autoconfigure.web.servlet.MockMvcPrintOnlyOnFailureTestExecutionListener, org.springframework.boot.test.autoconfigure.web.servlet.WebDriverTestExecutionListener, org.springframework.boot.test.autoconfigure.webservices.client.MockWebServiceServerTestExecutionListener, org.springframework.boot.test.mock.mockito.MockitoTestExecutionListener, org.springframework.boot.test.mock.mockito.ResetMocksTestExecutionListener, org.springframework.test.context.web.ServletTestExecutionListener, org.springframework.test.context.support.DirtiesContextBeforeModesTestExecutionListener, org.springframework.test.context.event.ApplicationEventsTestExecutionListener, org.springframework.test.context.support.DependencyInjectionTestExecutionListener, org.springframework.test.context.support.DirtiesContextTestExecutionListener, org.springframework.test.context.transaction.TransactionalTestExecutionListener, org.springframework.test.context.jdbc.SqlScriptsTestExecutionListener, org.springframework.test.context.event.EventPublishingTestExecutionListener]
2022-07-13 19:16:04.971  INFO 36846 --- [    Test worker] .b.t.c.SpringBootTestContextBootstrapper : Using TestExecutionListeners: [org.springframework.test.context.web.ServletTestExecutionListener@7f70e244, org.springframework.test.context.support.DirtiesContextBeforeModesTestExecutionListener@fd14789, org.springframework.test.context.event.ApplicationEventsTestExecutionListener@3f64d943, org.springframework.boot.test.mock.mockito.MockitoTestExecutionListener@105ffc58, org.springframework.boot.test.autoconfigure.SpringBootDependencyInjectionTestExecutionListener@68454ed5, org.springframework.test.context.support.DirtiesContextTestExecutionListener@6d2db15b, org.springframework.test.context.event.EventPublishingTestExecutionListener@749ad37c, org.springframework.boot.test.autoconfigure.restdocs.RestDocsTestExecutionListener@1b485c8b, org.springframework.boot.test.autoconfigure.web.client.MockRestServiceServerResetTestExecutionListener@59b98ad1, org.springframework.boot.test.autoconfigure.web.servlet.MockMvcPrintOnlyOnFailureTestExecutionListener@591e5fd4, org.springframework.boot.test.autoconfigure.web.servlet.WebDriverTestExecutionListener@7bbd76b8, org.springframework.boot.test.autoconfigure.webservices.client.MockWebServiceServerTestExecutionListener@2248d140, org.springframework.boot.test.mock.mockito.ResetMocksTestExecutionListener@37b238da]
2022-07-13 19:16:04.973  INFO 36846 --- [    Test worker] .b.t.c.SpringBootTestContextBootstrapper : Neither @ContextConfiguration nor @ContextHierarchy found for test class [com.globantx.cardinalevaluator.CucumberSpringConfiguration], using SpringBootContextLoader
2022-07-13 19:16:04.974  INFO 36846 --- [    Test worker] o.s.t.c.support.AbstractContextLoader    : Could not detect default resource locations for test class [com.globantx.cardinalevaluator.CucumberSpringConfiguration]: no resource found for suffixes {-context.xml, Context.groovy}.
2022-07-13 19:16:04.974  INFO 36846 --- [    Test worker] .b.t.c.SpringBootTestContextBootstrapper : Loaded default TestExecutionListener class names from location [META-INF/spring.factories]: [org.springframework.boot.test.autoconfigure.restdocs.RestDocsTestExecutionListener, org.springframework.boot.test.autoconfigure.web.client.MockRestServiceServerResetTestExecutionListener, org.springframework.boot.test.autoconfigure.web.servlet.MockMvcPrintOnlyOnFailureTestExecutionListener, org.springframework.boot.test.autoconfigure.web.servlet.WebDriverTestExecutionListener, org.springframework.boot.test.autoconfigure.webservices.client.MockWebServiceServerTestExecutionListener, org.springframework.boot.test.mock.mockito.MockitoTestExecutionListener, org.springframework.boot.test.mock.mockito.ResetMocksTestExecutionListener, org.springframework.test.context.web.ServletTestExecutionListener, org.springframework.test.context.support.DirtiesContextBeforeModesTestExecutionListener, org.springframework.test.context.event.ApplicationEventsTestExecutionListener, org.springframework.test.context.support.DependencyInjectionTestExecutionListener, org.springframework.test.context.support.DirtiesContextTestExecutionListener, org.springframework.test.context.transaction.TransactionalTestExecutionListener, org.springframework.test.context.jdbc.SqlScriptsTestExecutionListener, org.springframework.test.context.event.EventPublishingTestExecutionListener]
2022-07-13 19:16:04.974  INFO 36846 --- [    Test worker] .b.t.c.SpringBootTestContextBootstrapper : Using TestExecutionListeners: [org.springframework.test.context.web.ServletTestExecutionListener@1c792107, org.springframework.test.context.support.DirtiesContextBeforeModesTestExecutionListener@ce19c86, org.springframework.test.context.event.ApplicationEventsTestExecutionListener@68479e8b, org.springframework.boot.test.mock.mockito.MockitoTestExecutionListener@4e951fb1, org.springframework.boot.test.autoconfigure.SpringBootDependencyInjectionTestExecutionListener@1b317e7d, org.springframework.test.context.support.DirtiesContextTestExecutionListener@1bb4c431, org.springframework.test.context.event.EventPublishingTestExecutionListener@4fd3b20a, org.springframework.boot.test.autoconfigure.restdocs.RestDocsTestExecutionListener@295d54d6, org.springframework.boot.test.autoconfigure.web.client.MockRestServiceServerResetTestExecutionListener@398f0516, org.springframework.boot.test.autoconfigure.web.servlet.MockMvcPrintOnlyOnFailureTestExecutionListener@4a7db5a, org.springframework.boot.test.autoconfigure.web.servlet.WebDriverTestExecutionListener@56b66a26, org.springframework.boot.test.autoconfigure.webservices.client.MockWebServiceServerTestExecutionListener@158e6fc2, org.springframework.boot.test.mock.mockito.ResetMocksTestExecutionListener@54687fd0]
2022-07-13 19:16:04.979  INFO 36846 --- [    Test worker] .b.t.c.SpringBootTestContextBootstrapper : Neither @ContextConfiguration nor @ContextHierarchy found for test class [com.globantx.cardinalevaluator.CucumberSpringConfiguration], using SpringBootContextLoader
2022-07-13 19:16:04.979  INFO 36846 --- [    Test worker] o.s.t.c.support.AbstractContextLoader    : Could not detect default resource locations for test class [com.globantx.cardinalevaluator.CucumberSpringConfiguration]: no resource found for suffixes {-context.xml, Context.groovy}.
2022-07-13 19:16:04.979  INFO 36846 --- [    Test worker] .b.t.c.SpringBootTestContextBootstrapper : Loaded default TestExecutionListener class names from location [META-INF/spring.factories]: [org.springframework.boot.test.autoconfigure.restdocs.RestDocsTestExecutionListener, org.springframework.boot.test.autoconfigure.web.client.MockRestServiceServerResetTestExecutionListener, org.springframework.boot.test.autoconfigure.web.servlet.MockMvcPrintOnlyOnFailureTestExecutionListener, org.springframework.boot.test.autoconfigure.web.servlet.WebDriverTestExecutionListener, org.springframework.boot.test.autoconfigure.webservices.client.MockWebServiceServerTestExecutionListener, org.springframework.boot.test.mock.mockito.MockitoTestExecutionListener, org.springframework.boot.test.mock.mockito.ResetMocksTestExecutionListener, org.springframework.test.context.web.ServletTestExecutionListener, org.springframework.test.context.support.DirtiesContextBeforeModesTestExecutionListener, org.springframework.test.context.event.ApplicationEventsTestExecutionListener, org.springframework.test.context.support.DependencyInjectionTestExecutionListener, org.springframework.test.context.support.DirtiesContextTestExecutionListener, org.springframework.test.context.transaction.TransactionalTestExecutionListener, org.springframework.test.context.jdbc.SqlScriptsTestExecutionListener, org.springframework.test.context.event.EventPublishingTestExecutionListener]
2022-07-13 19:16:04.980  INFO 36846 --- [    Test worker] .b.t.c.SpringBootTestContextBootstrapper : Using TestExecutionListeners: [org.springframework.test.context.web.ServletTestExecutionListener@6eaf030c, org.springframework.test.context.support.DirtiesContextBeforeModesTestExecutionListener@b2da3a5, org.springframework.test.context.event.ApplicationEventsTestExecutionListener@6dbb3d7d, org.springframework.boot.test.mock.mockito.MockitoTestExecutionListener@7a3a49e5, org.springframework.boot.test.autoconfigure.SpringBootDependencyInjectionTestExecutionListener@6c1b82cd, org.springframework.test.context.support.DirtiesContextTestExecutionListener@acd3460, org.springframework.test.context.event.EventPublishingTestExecutionListener@3ea9a091, org.springframework.boot.test.autoconfigure.restdocs.RestDocsTestExecutionListener@16f4a3c0, org.springframework.boot.test.autoconfigure.web.client.MockRestServiceServerResetTestExecutionListener@26495639, org.springframework.boot.test.autoconfigure.web.servlet.MockMvcPrintOnlyOnFailureTestExecutionListener@45c408a4, org.springframework.boot.test.autoconfigure.web.servlet.WebDriverTestExecutionListener@369a95a5, org.springframework.boot.test.autoconfigure.webservices.client.MockWebServiceServerTestExecutionListener@543da15, org.springframework.boot.test.mock.mockito.ResetMocksTestExecutionListener@69d7bc1a]
2022-07-13 19:16:04.982  INFO 36846 --- [    Test worker] .b.t.c.SpringBootTestContextBootstrapper : Neither @ContextConfiguration nor @ContextHierarchy found for test class [com.globantx.cardinalevaluator.CucumberSpringConfiguration], using SpringBootContextLoader
2022-07-13 19:16:04.982  INFO 36846 --- [    Test worker] o.s.t.c.support.AbstractContextLoader    : Could not detect default resource locations for test class [com.globantx.cardinalevaluator.CucumberSpringConfiguration]: no resource found for suffixes {-context.xml, Context.groovy}.
2022-07-13 19:16:04.983  INFO 36846 --- [    Test worker] .b.t.c.SpringBootTestContextBootstrapper : Loaded default TestExecutionListener class names from location [META-INF/spring.factories]: [org.springframework.boot.test.autoconfigure.restdocs.RestDocsTestExecutionListener, org.springframework.boot.test.autoconfigure.web.client.MockRestServiceServerResetTestExecutionListener, org.springframework.boot.test.autoconfigure.web.servlet.MockMvcPrintOnlyOnFailureTestExecutionListener, org.springframework.boot.test.autoconfigure.web.servlet.WebDriverTestExecutionListener, org.springframework.boot.test.autoconfigure.webservices.client.MockWebServiceServerTestExecutionListener, org.springframework.boot.test.mock.mockito.MockitoTestExecutionListener, org.springframework.boot.test.mock.mockito.ResetMocksTestExecutionListener, org.springframework.test.context.web.ServletTestExecutionListener, org.springframework.test.context.support.DirtiesContextBeforeModesTestExecutionListener, org.springframework.test.context.event.ApplicationEventsTestExecutionListener, org.springframework.test.context.support.DependencyInjectionTestExecutionListener, org.springframework.test.context.support.DirtiesContextTestExecutionListener, org.springframework.test.context.transaction.TransactionalTestExecutionListener, org.springframework.test.context.jdbc.SqlScriptsTestExecutionListener, org.springframework.test.context.event.EventPublishingTestExecutionListener]
2022-07-13 19:16:04.983  INFO 36846 --- [    Test worker] .b.t.c.SpringBootTestContextBootstrapper : Using TestExecutionListeners: [org.springframework.test.context.web.ServletTestExecutionListener@cb318ac, org.springframework.test.context.support.DirtiesContextBeforeModesTestExecutionListener@6e668322, org.springframework.test.context.event.ApplicationEventsTestExecutionListener@75ee6f89, org.springframework.boot.test.mock.mockito.MockitoTestExecutionListener@210d3a42, org.springframework.boot.test.autoconfigure.SpringBootDependencyInjectionTestExecutionListener@356f20b7, org.springframework.test.context.support.DirtiesContextTestExecutionListener@6f4adaab, org.springframework.test.context.event.EventPublishingTestExecutionListener@69de72ec, org.springframework.boot.test.autoconfigure.restdocs.RestDocsTestExecutionListener@21c99abf, org.springframework.boot.test.autoconfigure.web.client.MockRestServiceServerResetTestExecutionListener@6d6f6ca9, org.springframework.boot.test.autoconfigure.web.servlet.MockMvcPrintOnlyOnFailureTestExecutionListener@54496c2d, org.springframework.boot.test.autoconfigure.web.servlet.WebDriverTestExecutionListener@4e1a3d5a, org.springframework.boot.test.autoconfigure.webservices.client.MockWebServiceServerTestExecutionListener@236b4a44, org.springframework.boot.test.mock.mockito.ResetMocksTestExecutionListener@35f760a4]
2022-07-13 19:16:04.984  INFO 36846 --- [    Test worker] .b.t.c.SpringBootTestContextBootstrapper : Neither @ContextConfiguration nor @ContextHierarchy found for test class [com.globantx.cardinalevaluator.CucumberSpringConfiguration], using SpringBootContextLoader
2022-07-13 19:16:04.984  INFO 36846 --- [    Test worker] o.s.t.c.support.AbstractContextLoader    : Could not detect default resource locations for test class [com.globantx.cardinalevaluator.CucumberSpringConfiguration]: no resource found for suffixes {-context.xml, Context.groovy}.
2022-07-13 19:16:04.985  INFO 36846 --- [    Test worker] .b.t.c.SpringBootTestContextBootstrapper : Loaded default TestExecutionListener class names from location [META-INF/spring.factories]: [org.springframework.boot.test.autoconfigure.restdocs.RestDocsTestExecutionListener, org.springframework.boot.test.autoconfigure.web.client.MockRestServiceServerResetTestExecutionListener, org.springframework.boot.test.autoconfigure.web.servlet.MockMvcPrintOnlyOnFailureTestExecutionListener, org.springframework.boot.test.autoconfigure.web.servlet.WebDriverTestExecutionListener, org.springframework.boot.test.autoconfigure.webservices.client.MockWebServiceServerTestExecutionListener, org.springframework.boot.test.mock.mockito.MockitoTestExecutionListener, org.springframework.boot.test.mock.mockito.ResetMocksTestExecutionListener, org.springframework.test.context.web.ServletTestExecutionListener, org.springframework.test.context.support.DirtiesContextBeforeModesTestExecutionListener, org.springframework.test.context.event.ApplicationEventsTestExecutionListener, org.springframework.test.context.support.DependencyInjectionTestExecutionListener, org.springframework.test.context.support.DirtiesContextTestExecutionListener, org.springframework.test.context.transaction.TransactionalTestExecutionListener, org.springframework.test.context.jdbc.SqlScriptsTestExecutionListener, org.springframework.test.context.event.EventPublishingTestExecutionListener]
2022-07-13 19:16:04.985  INFO 36846 --- [    Test worker] .b.t.c.SpringBootTestContextBootstrapper : Using TestExecutionListeners: [org.springframework.test.context.web.ServletTestExecutionListener@2ac05a33, org.springframework.test.context.support.DirtiesContextBeforeModesTestExecutionListener@35af52dc, org.springframework.test.context.event.ApplicationEventsTestExecutionListener@4cef0747, org.springframework.boot.test.mock.mockito.MockitoTestExecutionListener@4213bc3e, org.springframework.boot.test.autoconfigure.SpringBootDependencyInjectionTestExecutionListener@6aaa678d, org.springframework.test.context.support.DirtiesContextTestExecutionListener@25dcf1b6, org.springframework.test.context.event.EventPublishingTestExecutionListener@113d0f75, org.springframework.boot.test.autoconfigure.restdocs.RestDocsTestExecutionListener@4e10a320, org.springframework.boot.test.autoconfigure.web.client.MockRestServiceServerResetTestExecutionListener@773f3360, org.springframework.boot.test.autoconfigure.web.servlet.MockMvcPrintOnlyOnFailureTestExecutionListener@352c3d70, org.springframework.boot.test.autoconfigure.web.servlet.WebDriverTestExecutionListener@4c13ca07, org.springframework.boot.test.autoconfigure.webservices.client.MockWebServiceServerTestExecutionListener@7d17906, org.springframework.boot.test.mock.mockito.ResetMocksTestExecutionListener@97beeaf]
2022-07-13 19:16:04.987  INFO 36846 --- [    Test worker] .b.t.c.SpringBootTestContextBootstrapper : Neither @ContextConfiguration nor @ContextHierarchy found for test class [com.globantx.cardinalevaluator.CucumberSpringConfiguration], using SpringBootContextLoader
2022-07-13 19:16:04.987  INFO 36846 --- [    Test worker] o.s.t.c.support.AbstractContextLoader    : Could not detect default resource locations for test class [com.globantx.cardinalevaluator.CucumberSpringConfiguration]: no resource found for suffixes {-context.xml, Context.groovy}.
2022-07-13 19:16:04.987  INFO 36846 --- [    Test worker] .b.t.c.SpringBootTestContextBootstrapper : Loaded default TestExecutionListener class names from location [META-INF/spring.factories]: [org.springframework.boot.test.autoconfigure.restdocs.RestDocsTestExecutionListener, org.springframework.boot.test.autoconfigure.web.client.MockRestServiceServerResetTestExecutionListener, org.springframework.boot.test.autoconfigure.web.servlet.MockMvcPrintOnlyOnFailureTestExecutionListener, org.springframework.boot.test.autoconfigure.web.servlet.WebDriverTestExecutionListener, org.springframework.boot.test.autoconfigure.webservices.client.MockWebServiceServerTestExecutionListener, org.springframework.boot.test.mock.mockito.MockitoTestExecutionListener, org.springframework.boot.test.mock.mockito.ResetMocksTestExecutionListener, org.springframework.test.context.web.ServletTestExecutionListener, org.springframework.test.context.support.DirtiesContextBeforeModesTestExecutionListener, org.springframework.test.context.event.ApplicationEventsTestExecutionListener, org.springframework.test.context.support.DependencyInjectionTestExecutionListener, org.springframework.test.context.support.DirtiesContextTestExecutionListener, org.springframework.test.context.transaction.TransactionalTestExecutionListener, org.springframework.test.context.jdbc.SqlScriptsTestExecutionListener, org.springframework.test.context.event.EventPublishingTestExecutionListener]
2022-07-13 19:16:04.988  INFO 36846 --- [    Test worker] .b.t.c.SpringBootTestContextBootstrapper : Using TestExecutionListeners: [org.springframework.test.context.web.ServletTestExecutionListener@5d68954d, org.springframework.test.context.support.DirtiesContextBeforeModesTestExecutionListener@f793f15, org.springframework.test.context.event.ApplicationEventsTestExecutionListener@3ec7eb5, org.springframework.boot.test.mock.mockito.MockitoTestExecutionListener@5534e6f1, org.springframework.boot.test.autoconfigure.SpringBootDependencyInjectionTestExecutionListener@4c6fc3e7, org.springframework.test.context.support.DirtiesContextTestExecutionListener@aa8dce8, org.springframework.test.context.event.EventPublishingTestExecutionListener@6ad112de, org.springframework.boot.test.autoconfigure.restdocs.RestDocsTestExecutionListener@18a0721b, org.springframework.boot.test.autoconfigure.web.client.MockRestServiceServerResetTestExecutionListener@2ae2fa13, org.springframework.boot.test.autoconfigure.web.servlet.MockMvcPrintOnlyOnFailureTestExecutionListener@66e12c3b, org.springframework.boot.test.autoconfigure.web.servlet.WebDriverTestExecutionListener@44485db, org.springframework.boot.test.autoconfigure.webservices.client.MockWebServiceServerTestExecutionListener@1f6f0fe2, org.springframework.boot.test.mock.mockito.ResetMocksTestExecutionListener@22604c7e]
2022-07-13 19:16:04.990  INFO 36846 --- [    Test worker] .b.t.c.SpringBootTestContextBootstrapper : Neither @ContextConfiguration nor @ContextHierarchy found for test class [com.globantx.cardinalevaluator.CucumberSpringConfiguration], using SpringBootContextLoader
2022-07-13 19:16:04.990  INFO 36846 --- [    Test worker] o.s.t.c.support.AbstractContextLoader    : Could not detect default resource locations for test class [com.globantx.cardinalevaluator.CucumberSpringConfiguration]: no resource found for suffixes {-context.xml, Context.groovy}.
2022-07-13 19:16:04.990  INFO 36846 --- [    Test worker] .b.t.c.SpringBootTestContextBootstrapper : Loaded default TestExecutionListener class names from location [META-INF/spring.factories]: [org.springframework.boot.test.autoconfigure.restdocs.RestDocsTestExecutionListener, org.springframework.boot.test.autoconfigure.web.client.MockRestServiceServerResetTestExecutionListener, org.springframework.boot.test.autoconfigure.web.servlet.MockMvcPrintOnlyOnFailureTestExecutionListener, org.springframework.boot.test.autoconfigure.web.servlet.WebDriverTestExecutionListener, org.springframework.boot.test.autoconfigure.webservices.client.MockWebServiceServerTestExecutionListener, org.springframework.boot.test.mock.mockito.MockitoTestExecutionListener, org.springframework.boot.test.mock.mockito.ResetMocksTestExecutionListener, org.springframework.test.context.web.ServletTestExecutionListener, org.springframework.test.context.support.DirtiesContextBeforeModesTestExecutionListener, org.springframework.test.context.event.ApplicationEventsTestExecutionListener, org.springframework.test.context.support.DependencyInjectionTestExecutionListener, org.springframework.test.context.support.DirtiesContextTestExecutionListener, org.springframework.test.context.transaction.TransactionalTestExecutionListener, org.springframework.test.context.jdbc.SqlScriptsTestExecutionListener, org.springframework.test.context.event.EventPublishingTestExecutionListener]
2022-07-13 19:16:04.991  INFO 36846 --- [    Test worker] .b.t.c.SpringBootTestContextBootstrapper : Using TestExecutionListeners: [org.springframework.test.context.web.ServletTestExecutionListener@4d8f2cfd, org.springframework.test.context.support.DirtiesContextBeforeModesTestExecutionListener@6d4502ca, org.springframework.test.context.event.ApplicationEventsTestExecutionListener@ab2009f, org.springframework.boot.test.mock.mockito.MockitoTestExecutionListener@2a11ae0b, org.springframework.boot.test.autoconfigure.SpringBootDependencyInjectionTestExecutionListener@1e4d8770, org.springframework.test.context.support.DirtiesContextTestExecutionListener@5b5b9521, org.springframework.test.context.event.EventPublishingTestExecutionListener@41f7c02d, org.springframework.boot.test.autoconfigure.restdocs.RestDocsTestExecutionListener@66314fee, org.springframework.boot.test.autoconfigure.web.client.MockRestServiceServerResetTestExecutionListener@14b5325f, org.springframework.boot.test.autoconfigure.web.servlet.MockMvcPrintOnlyOnFailureTestExecutionListener@13404f75, org.springframework.boot.test.autoconfigure.web.servlet.WebDriverTestExecutionListener@6cc90398, org.springframework.boot.test.autoconfigure.webservices.client.MockWebServiceServerTestExecutionListener@6b6fd0, org.springframework.boot.test.mock.mockito.ResetMocksTestExecutionListener@3d718248]
2022-07-13 19:16:04.993  INFO 36846 --- [    Test worker] .b.t.c.SpringBootTestContextBootstrapper : Neither @ContextConfiguration nor @ContextHierarchy found for test class [com.globantx.cardinalevaluator.CucumberSpringConfiguration], using SpringBootContextLoader
2022-07-13 19:16:04.993  INFO 36846 --- [    Test worker] o.s.t.c.support.AbstractContextLoader    : Could not detect default resource locations for test class [com.globantx.cardinalevaluator.CucumberSpringConfiguration]: no resource found for suffixes {-context.xml, Context.groovy}.
2022-07-13 19:16:04.993  INFO 36846 --- [    Test worker] .b.t.c.SpringBootTestContextBootstrapper : Loaded default TestExecutionListener class names from location [META-INF/spring.factories]: [org.springframework.boot.test.autoconfigure.restdocs.RestDocsTestExecutionListener, org.springframework.boot.test.autoconfigure.web.client.MockRestServiceServerResetTestExecutionListener, org.springframework.boot.test.autoconfigure.web.servlet.MockMvcPrintOnlyOnFailureTestExecutionListener, org.springframework.boot.test.autoconfigure.web.servlet.WebDriverTestExecutionListener, org.springframework.boot.test.autoconfigure.webservices.client.MockWebServiceServerTestExecutionListener, org.springframework.boot.test.mock.mockito.MockitoTestExecutionListener, org.springframework.boot.test.mock.mockito.ResetMocksTestExecutionListener, org.springframework.test.context.web.ServletTestExecutionListener, org.springframework.test.context.support.DirtiesContextBeforeModesTestExecutionListener, org.springframework.test.context.event.ApplicationEventsTestExecutionListener, org.springframework.test.context.support.DependencyInjectionTestExecutionListener, org.springframework.test.context.support.DirtiesContextTestExecutionListener, org.springframework.test.context.transaction.TransactionalTestExecutionListener, org.springframework.test.context.jdbc.SqlScriptsTestExecutionListener, org.springframework.test.context.event.EventPublishingTestExecutionListener]
2022-07-13 19:16:04.994  INFO 36846 --- [    Test worker] .b.t.c.SpringBootTestContextBootstrapper : Using TestExecutionListeners: [org.springframework.test.context.web.ServletTestExecutionListener@2cdb5974, org.springframework.test.context.support.DirtiesContextBeforeModesTestExecutionListener@8aa5ab4, org.springframework.test.context.event.ApplicationEventsTestExecutionListener@53e4a19e, org.springframework.boot.test.mock.mockito.MockitoTestExecutionListener@62360a68, org.springframework.boot.test.autoconfigure.SpringBootDependencyInjectionTestExecutionListener@1450ffa3, org.springframework.test.context.support.DirtiesContextTestExecutionListener@4e756867, org.springframework.test.context.event.EventPublishingTestExecutionListener@38ebc866, org.springframework.boot.test.autoconfigure.restdocs.RestDocsTestExecutionListener@6adcf059, org.springframework.boot.test.autoconfigure.web.client.MockRestServiceServerResetTestExecutionListener@7962a746, org.springframework.boot.test.autoconfigure.web.servlet.MockMvcPrintOnlyOnFailureTestExecutionListener@1c31de5d, org.springframework.boot.test.autoconfigure.web.servlet.WebDriverTestExecutionListener@7a7f9d45, org.springframework.boot.test.autoconfigure.webservices.client.MockWebServiceServerTestExecutionListener@772cf46b, org.springframework.boot.test.mock.mockito.ResetMocksTestExecutionListener@1b98355f]
2022-07-13 19:16:04.995  INFO 36846 --- [    Test worker] .b.t.c.SpringBootTestContextBootstrapper : Neither @ContextConfiguration nor @ContextHierarchy found for test class [com.globantx.cardinalevaluator.CucumberSpringConfiguration], using SpringBootContextLoader
2022-07-13 19:16:04.995  INFO 36846 --- [    Test worker] o.s.t.c.support.AbstractContextLoader    : Could not detect default resource locations for test class [com.globantx.cardinalevaluator.CucumberSpringConfiguration]: no resource found for suffixes {-context.xml, Context.groovy}.
2022-07-13 19:16:04.996  INFO 36846 --- [    Test worker] .b.t.c.SpringBootTestContextBootstrapper : Loaded default TestExecutionListener class names from location [META-INF/spring.factories]: [org.springframework.boot.test.autoconfigure.restdocs.RestDocsTestExecutionListener, org.springframework.boot.test.autoconfigure.web.client.MockRestServiceServerResetTestExecutionListener, org.springframework.boot.test.autoconfigure.web.servlet.MockMvcPrintOnlyOnFailureTestExecutionListener, org.springframework.boot.test.autoconfigure.web.servlet.WebDriverTestExecutionListener, org.springframework.boot.test.autoconfigure.webservices.client.MockWebServiceServerTestExecutionListener, org.springframework.boot.test.mock.mockito.MockitoTestExecutionListener, org.springframework.boot.test.mock.mockito.ResetMocksTestExecutionListener, org.springframework.test.context.web.ServletTestExecutionListener, org.springframework.test.context.support.DirtiesContextBeforeModesTestExecutionListener, org.springframework.test.context.event.ApplicationEventsTestExecutionListener, org.springframework.test.context.support.DependencyInjectionTestExecutionListener, org.springframework.test.context.support.DirtiesContextTestExecutionListener, org.springframework.test.context.transaction.TransactionalTestExecutionListener, org.springframework.test.context.jdbc.SqlScriptsTestExecutionListener, org.springframework.test.context.event.EventPublishingTestExecutionListener]
2022-07-13 19:16:04.996  INFO 36846 --- [    Test worker] .b.t.c.SpringBootTestContextBootstrapper : Using TestExecutionListeners: [org.springframework.test.context.web.ServletTestExecutionListener@949d347, org.springframework.test.context.support.DirtiesContextBeforeModesTestExecutionListener@f5ae29e, org.springframework.test.context.event.ApplicationEventsTestExecutionListener@1fc5c0b2, org.springframework.boot.test.mock.mockito.MockitoTestExecutionListener@45ad3cd8, org.springframework.boot.test.autoconfigure.SpringBootDependencyInjectionTestExecutionListener@2b90cc1, org.springframework.test.context.support.DirtiesContextTestExecutionListener@5a2f401a, org.springframework.test.context.event.EventPublishingTestExecutionListener@6bdedbbd, org.springframework.boot.test.autoconfigure.restdocs.RestDocsTestExecutionListener@47b961e2, org.springframework.boot.test.autoconfigure.web.client.MockRestServiceServerResetTestExecutionListener@d2cb2d0, org.springframework.boot.test.autoconfigure.web.servlet.MockMvcPrintOnlyOnFailureTestExecutionListener@2d230cff, org.springframework.boot.test.autoconfigure.web.servlet.WebDriverTestExecutionListener@30bd39d5, org.springframework.boot.test.autoconfigure.webservices.client.MockWebServiceServerTestExecutionListener@3c87e851, org.springframework.boot.test.mock.mockito.ResetMocksTestExecutionListener@54556723]
2022-07-13 19:16:04.998  INFO 36846 --- [    Test worker] .b.t.c.SpringBootTestContextBootstrapper : Neither @ContextConfiguration nor @ContextHierarchy found for test class [com.globantx.cardinalevaluator.CucumberSpringConfiguration], using SpringBootContextLoader
2022-07-13 19:16:04.998  INFO 36846 --- [    Test worker] o.s.t.c.support.AbstractContextLoader    : Could not detect default resource locations for test class [com.globantx.cardinalevaluator.CucumberSpringConfiguration]: no resource found for suffixes {-context.xml, Context.groovy}.
2022-07-13 19:16:04.999  INFO 36846 --- [    Test worker] .b.t.c.SpringBootTestContextBootstrapper : Loaded default TestExecutionListener class names from location [META-INF/spring.factories]: [org.springframework.boot.test.autoconfigure.restdocs.RestDocsTestExecutionListener, org.springframework.boot.test.autoconfigure.web.client.MockRestServiceServerResetTestExecutionListener, org.springframework.boot.test.autoconfigure.web.servlet.MockMvcPrintOnlyOnFailureTestExecutionListener, org.springframework.boot.test.autoconfigure.web.servlet.WebDriverTestExecutionListener, org.springframework.boot.test.autoconfigure.webservices.client.MockWebServiceServerTestExecutionListener, org.springframework.boot.test.mock.mockito.MockitoTestExecutionListener, org.springframework.boot.test.mock.mockito.ResetMocksTestExecutionListener, org.springframework.test.context.web.ServletTestExecutionListener, org.springframework.test.context.support.DirtiesContextBeforeModesTestExecutionListener, org.springframework.test.context.event.ApplicationEventsTestExecutionListener, org.springframework.test.context.support.DependencyInjectionTestExecutionListener, org.springframework.test.context.support.DirtiesContextTestExecutionListener, org.springframework.test.context.transaction.TransactionalTestExecutionListener, org.springframework.test.context.jdbc.SqlScriptsTestExecutionListener, org.springframework.test.context.event.EventPublishingTestExecutionListener]
2022-07-13 19:16:04.999  INFO 36846 --- [    Test worker] .b.t.c.SpringBootTestContextBootstrapper : Using TestExecutionListeners: [org.springframework.test.context.web.ServletTestExecutionListener@6124dda2, org.springframework.test.context.support.DirtiesContextBeforeModesTestExecutionListener@380e33c2, org.springframework.test.context.event.ApplicationEventsTestExecutionListener@3bc891f2, org.springframework.boot.test.mock.mockito.MockitoTestExecutionListener@445b85d7, org.springframework.boot.test.autoconfigure.SpringBootDependencyInjectionTestExecutionListener@3d59933, org.springframework.test.context.support.DirtiesContextTestExecutionListener@4a0c3aa8, org.springframework.test.context.event.EventPublishingTestExecutionListener@3534651a, org.springframework.boot.test.autoconfigure.restdocs.RestDocsTestExecutionListener@2d593b56, org.springframework.boot.test.autoconfigure.web.client.MockRestServiceServerResetTestExecutionListener@26a33cf, org.springframework.boot.test.autoconfigure.web.servlet.MockMvcPrintOnlyOnFailureTestExecutionListener@29188050, org.springframework.boot.test.autoconfigure.web.servlet.WebDriverTestExecutionListener@3f122cdc, org.springframework.boot.test.autoconfigure.webservices.client.MockWebServiceServerTestExecutionListener@5bf523e3, org.springframework.boot.test.mock.mockito.ResetMocksTestExecutionListener@8d29719]
2022-07-13 19:16:05.001  INFO 36846 --- [    Test worker] .b.t.c.SpringBootTestContextBootstrapper : Neither @ContextConfiguration nor @ContextHierarchy found for test class [com.globantx.cardinalevaluator.CucumberSpringConfiguration], using SpringBootContextLoader
2022-07-13 19:16:05.001  INFO 36846 --- [    Test worker] o.s.t.c.support.AbstractContextLoader    : Could not detect default resource locations for test class [com.globantx.cardinalevaluator.CucumberSpringConfiguration]: no resource found for suffixes {-context.xml, Context.groovy}.
2022-07-13 19:16:05.001  INFO 36846 --- [    Test worker] .b.t.c.SpringBootTestContextBootstrapper : Loaded default TestExecutionListener class names from location [META-INF/spring.factories]: [org.springframework.boot.test.autoconfigure.restdocs.RestDocsTestExecutionListener, org.springframework.boot.test.autoconfigure.web.client.MockRestServiceServerResetTestExecutionListener, org.springframework.boot.test.autoconfigure.web.servlet.MockMvcPrintOnlyOnFailureTestExecutionListener, org.springframework.boot.test.autoconfigure.web.servlet.WebDriverTestExecutionListener, org.springframework.boot.test.autoconfigure.webservices.client.MockWebServiceServerTestExecutionListener, org.springframework.boot.test.mock.mockito.MockitoTestExecutionListener, org.springframework.boot.test.mock.mockito.ResetMocksTestExecutionListener, org.springframework.test.context.web.ServletTestExecutionListener, org.springframework.test.context.support.DirtiesContextBeforeModesTestExecutionListener, org.springframework.test.context.event.ApplicationEventsTestExecutionListener, org.springframework.test.context.support.DependencyInjectionTestExecutionListener, org.springframework.test.context.support.DirtiesContextTestExecutionListener, org.springframework.test.context.transaction.TransactionalTestExecutionListener, org.springframework.test.context.jdbc.SqlScriptsTestExecutionListener, org.springframework.test.context.event.EventPublishingTestExecutionListener]
2022-07-13 19:16:05.001  INFO 36846 --- [    Test worker] .b.t.c.SpringBootTestContextBootstrapper : Using TestExecutionListeners: [org.springframework.test.context.web.ServletTestExecutionListener@65259c53, org.springframework.test.context.support.DirtiesContextBeforeModesTestExecutionListener@4bff28e7, org.springframework.test.context.event.ApplicationEventsTestExecutionListener@39e7e040, org.springframework.boot.test.mock.mockito.MockitoTestExecutionListener@2591d23a, org.springframework.boot.test.autoconfigure.SpringBootDependencyInjectionTestExecutionListener@6c1f15df, org.springframework.test.context.support.DirtiesContextTestExecutionListener@5e95b0ab, org.springframework.test.context.event.EventPublishingTestExecutionListener@5876bed9, org.springframework.boot.test.autoconfigure.restdocs.RestDocsTestExecutionListener@73ddb7ef, org.springframework.boot.test.autoconfigure.web.client.MockRestServiceServerResetTestExecutionListener@67f8f5a6, org.springframework.boot.test.autoconfigure.web.servlet.MockMvcPrintOnlyOnFailureTestExecutionListener@141b011a, org.springframework.boot.test.autoconfigure.web.servlet.WebDriverTestExecutionListener@7976e536, org.springframework.boot.test.autoconfigure.webservices.client.MockWebServiceServerTestExecutionListener@670a4738, org.springframework.boot.test.mock.mockito.ResetMocksTestExecutionListener@47ffdbba]
2022-07-13 19:16:05.003  INFO 36846 --- [    Test worker] .b.t.c.SpringBootTestContextBootstrapper : Neither @ContextConfiguration nor @ContextHierarchy found for test class [com.globantx.cardinalevaluator.CucumberSpringConfiguration], using SpringBootContextLoader
2022-07-13 19:16:05.003  INFO 36846 --- [    Test worker] o.s.t.c.support.AbstractContextLoader    : Could not detect default resource locations for test class [com.globantx.cardinalevaluator.CucumberSpringConfiguration]: no resource found for suffixes {-context.xml, Context.groovy}.
2022-07-13 19:16:05.003  INFO 36846 --- [    Test worker] .b.t.c.SpringBootTestContextBootstrapper : Loaded default TestExecutionListener class names from location [META-INF/spring.factories]: [org.springframework.boot.test.autoconfigure.restdocs.RestDocsTestExecutionListener, org.springframework.boot.test.autoconfigure.web.client.MockRestServiceServerResetTestExecutionListener, org.springframework.boot.test.autoconfigure.web.servlet.MockMvcPrintOnlyOnFailureTestExecutionListener, org.springframework.boot.test.autoconfigure.web.servlet.WebDriverTestExecutionListener, org.springframework.boot.test.autoconfigure.webservices.client.MockWebServiceServerTestExecutionListener, org.springframework.boot.test.mock.mockito.MockitoTestExecutionListener, org.springframework.boot.test.mock.mockito.ResetMocksTestExecutionListener, org.springframework.test.context.web.ServletTestExecutionListener, org.springframework.test.context.support.DirtiesContextBeforeModesTestExecutionListener, org.springframework.test.context.event.ApplicationEventsTestExecutionListener, org.springframework.test.context.support.DependencyInjectionTestExecutionListener, org.springframework.test.context.support.DirtiesContextTestExecutionListener, org.springframework.test.context.transaction.TransactionalTestExecutionListener, org.springframework.test.context.jdbc.SqlScriptsTestExecutionListener, org.springframework.test.context.event.EventPublishingTestExecutionListener]
2022-07-13 19:16:05.003  INFO 36846 --- [    Test worker] .b.t.c.SpringBootTestContextBootstrapper : Using TestExecutionListeners: [org.springframework.test.context.web.ServletTestExecutionListener@ba0018e, org.springframework.test.context.support.DirtiesContextBeforeModesTestExecutionListener@45311a99, org.springframework.test.context.event.ApplicationEventsTestExecutionListener@7037a680, org.springframework.boot.test.mock.mockito.MockitoTestExecutionListener@492c8137, org.springframework.boot.test.autoconfigure.SpringBootDependencyInjectionTestExecutionListener@420b55ed, org.springframework.test.context.support.DirtiesContextTestExecutionListener@f237ae7, org.springframework.test.context.event.EventPublishingTestExecutionListener@42edde25, org.springframework.boot.test.autoconfigure.restdocs.RestDocsTestExecutionListener@6fe5da76, org.springframework.boot.test.autoconfigure.web.client.MockRestServiceServerResetTestExecutionListener@77d95e5a, org.springframework.boot.test.autoconfigure.web.servlet.MockMvcPrintOnlyOnFailureTestExecutionListener@6339e604, org.springframework.boot.test.autoconfigure.web.servlet.WebDriverTestExecutionListener@4f8900b0, org.springframework.boot.test.autoconfigure.webservices.client.MockWebServiceServerTestExecutionListener@e7e455d, org.springframework.boot.test.mock.mockito.ResetMocksTestExecutionListener@33e8e146]
2022-07-13 19:16:05.006  INFO 36846 --- [    Test worker] .b.t.c.SpringBootTestContextBootstrapper : Neither @ContextConfiguration nor @ContextHierarchy found for test class [com.globantx.cardinalevaluator.CucumberSpringConfiguration], using SpringBootContextLoader
2022-07-13 19:16:05.006  INFO 36846 --- [    Test worker] o.s.t.c.support.AbstractContextLoader    : Could not detect default resource locations for test class [com.globantx.cardinalevaluator.CucumberSpringConfiguration]: no resource found for suffixes {-context.xml, Context.groovy}.
2022-07-13 19:16:05.006  INFO 36846 --- [    Test worker] .b.t.c.SpringBootTestContextBootstrapper : Loaded default TestExecutionListener class names from location [META-INF/spring.factories]: [org.springframework.boot.test.autoconfigure.restdocs.RestDocsTestExecutionListener, org.springframework.boot.test.autoconfigure.web.client.MockRestServiceServerResetTestExecutionListener, org.springframework.boot.test.autoconfigure.web.servlet.MockMvcPrintOnlyOnFailureTestExecutionListener, org.springframework.boot.test.autoconfigure.web.servlet.WebDriverTestExecutionListener, org.springframework.boot.test.autoconfigure.webservices.client.MockWebServiceServerTestExecutionListener, org.springframework.boot.test.mock.mockito.MockitoTestExecutionListener, org.springframework.boot.test.mock.mockito.ResetMocksTestExecutionListener, org.springframework.test.context.web.ServletTestExecutionListener, org.springframework.test.context.support.DirtiesContextBeforeModesTestExecutionListener, org.springframework.test.context.event.ApplicationEventsTestExecutionListener, org.springframework.test.context.support.DependencyInjectionTestExecutionListener, org.springframework.test.context.support.DirtiesContextTestExecutionListener, org.springframework.test.context.transaction.TransactionalTestExecutionListener, org.springframework.test.context.jdbc.SqlScriptsTestExecutionListener, org.springframework.test.context.event.EventPublishingTestExecutionListener]
2022-07-13 19:16:05.006  INFO 36846 --- [    Test worker] .b.t.c.SpringBootTestContextBootstrapper : Using TestExecutionListeners: [org.springframework.test.context.web.ServletTestExecutionListener@1f4d38f9, org.springframework.test.context.support.DirtiesContextBeforeModesTestExecutionListener@18463720, org.springframework.test.context.event.ApplicationEventsTestExecutionListener@64eeddd8, org.springframework.boot.test.mock.mockito.MockitoTestExecutionListener@10f8e2d2, org.springframework.boot.test.autoconfigure.SpringBootDependencyInjectionTestExecutionListener@66048ac4, org.springframework.test.context.support.DirtiesContextTestExecutionListener@4f525e13, org.springframework.test.context.event.EventPublishingTestExecutionListener@5d404a3c, org.springframework.boot.test.autoconfigure.restdocs.RestDocsTestExecutionListener@af9dd34, org.springframework.boot.test.autoconfigure.web.client.MockRestServiceServerResetTestExecutionListener@48692405, org.springframework.boot.test.autoconfigure.web.servlet.MockMvcPrintOnlyOnFailureTestExecutionListener@151659dd, org.springframework.boot.test.autoconfigure.web.servlet.WebDriverTestExecutionListener@4a58e0e9, org.springframework.boot.test.autoconfigure.webservices.client.MockWebServiceServerTestExecutionListener@e8c84eb, org.springframework.boot.test.mock.mockito.ResetMocksTestExecutionListener@f44d033]
2022-07-13 19:16:05.008  INFO 36846 --- [    Test worker] .b.t.c.SpringBootTestContextBootstrapper : Neither @ContextConfiguration nor @ContextHierarchy found for test class [com.globantx.cardinalevaluator.CucumberSpringConfiguration], using SpringBootContextLoader
2022-07-13 19:16:05.008  INFO 36846 --- [    Test worker] o.s.t.c.support.AbstractContextLoader    : Could not detect default resource locations for test class [com.globantx.cardinalevaluator.CucumberSpringConfiguration]: no resource found for suffixes {-context.xml, Context.groovy}.
2022-07-13 19:16:05.009  INFO 36846 --- [    Test worker] .b.t.c.SpringBootTestContextBootstrapper : Loaded default TestExecutionListener class names from location [META-INF/spring.factories]: [org.springframework.boot.test.autoconfigure.restdocs.RestDocsTestExecutionListener, org.springframework.boot.test.autoconfigure.web.client.MockRestServiceServerResetTestExecutionListener, org.springframework.boot.test.autoconfigure.web.servlet.MockMvcPrintOnlyOnFailureTestExecutionListener, org.springframework.boot.test.autoconfigure.web.servlet.WebDriverTestExecutionListener, org.springframework.boot.test.autoconfigure.webservices.client.MockWebServiceServerTestExecutionListener, org.springframework.boot.test.mock.mockito.MockitoTestExecutionListener, org.springframework.boot.test.mock.mockito.ResetMocksTestExecutionListener, org.springframework.test.context.web.ServletTestExecutionListener, org.springframework.test.context.support.DirtiesContextBeforeModesTestExecutionListener, org.springframework.test.context.event.ApplicationEventsTestExecutionListener, org.springframework.test.context.support.DependencyInjectionTestExecutionListener, org.springframework.test.context.support.DirtiesContextTestExecutionListener, org.springframework.test.context.transaction.TransactionalTestExecutionListener, org.springframework.test.context.jdbc.SqlScriptsTestExecutionListener, org.springframework.test.context.event.EventPublishingTestExecutionListener]
2022-07-13 19:16:05.009  INFO 36846 --- [    Test worker] .b.t.c.SpringBootTestContextBootstrapper : Using TestExecutionListeners: [org.springframework.test.context.web.ServletTestExecutionListener@283bb8b7, org.springframework.test.context.support.DirtiesContextBeforeModesTestExecutionListener@25e95af1, org.springframework.test.context.event.ApplicationEventsTestExecutionListener@4fa8297b, org.springframework.boot.test.mock.mockito.MockitoTestExecutionListener@6644bdf5, org.springframework.boot.test.autoconfigure.SpringBootDependencyInjectionTestExecutionListener@13cf5f8a, org.springframework.test.context.support.DirtiesContextTestExecutionListener@7c9ea1d0, org.springframework.test.context.event.EventPublishingTestExecutionListener@72f3acc9, org.springframework.boot.test.autoconfigure.restdocs.RestDocsTestExecutionListener@319b1c77, org.springframework.boot.test.autoconfigure.web.client.MockRestServiceServerResetTestExecutionListener@584136c1, org.springframework.boot.test.autoconfigure.web.servlet.MockMvcPrintOnlyOnFailureTestExecutionListener@51d88c38, org.springframework.boot.test.autoconfigure.web.servlet.WebDriverTestExecutionListener@3ea2f72e, org.springframework.boot.test.autoconfigure.webservices.client.MockWebServiceServerTestExecutionListener@57b33c29, org.springframework.boot.test.mock.mockito.ResetMocksTestExecutionListener@615ef20]
2022-07-13 19:16:05.011  INFO 36846 --- [    Test worker] .b.t.c.SpringBootTestContextBootstrapper : Neither @ContextConfiguration nor @ContextHierarchy found for test class [com.globantx.cardinalevaluator.CucumberSpringConfiguration], using SpringBootContextLoader
2022-07-13 19:16:05.011  INFO 36846 --- [    Test worker] o.s.t.c.support.AbstractContextLoader    : Could not detect default resource locations for test class [com.globantx.cardinalevaluator.CucumberSpringConfiguration]: no resource found for suffixes {-context.xml, Context.groovy}.
2022-07-13 19:16:05.011  INFO 36846 --- [    Test worker] .b.t.c.SpringBootTestContextBootstrapper : Loaded default TestExecutionListener class names from location [META-INF/spring.factories]: [org.springframework.boot.test.autoconfigure.restdocs.RestDocsTestExecutionListener, org.springframework.boot.test.autoconfigure.web.client.MockRestServiceServerResetTestExecutionListener, org.springframework.boot.test.autoconfigure.web.servlet.MockMvcPrintOnlyOnFailureTestExecutionListener, org.springframework.boot.test.autoconfigure.web.servlet.WebDriverTestExecutionListener, org.springframework.boot.test.autoconfigure.webservices.client.MockWebServiceServerTestExecutionListener, org.springframework.boot.test.mock.mockito.MockitoTestExecutionListener, org.springframework.boot.test.mock.mockito.ResetMocksTestExecutionListener, org.springframework.test.context.web.ServletTestExecutionListener, org.springframework.test.context.support.DirtiesContextBeforeModesTestExecutionListener, org.springframework.test.context.event.ApplicationEventsTestExecutionListener, org.springframework.test.context.support.DependencyInjectionTestExecutionListener, org.springframework.test.context.support.DirtiesContextTestExecutionListener, org.springframework.test.context.transaction.TransactionalTestExecutionListener, org.springframework.test.context.jdbc.SqlScriptsTestExecutionListener, org.springframework.test.context.event.EventPublishingTestExecutionListener]
2022-07-13 19:16:05.012  INFO 36846 --- [    Test worker] .b.t.c.SpringBootTestContextBootstrapper : Using TestExecutionListeners: [org.springframework.test.context.web.ServletTestExecutionListener@13390a96, org.springframework.test.context.support.DirtiesContextBeforeModesTestExecutionListener@3a8b9458, org.springframework.test.context.event.ApplicationEventsTestExecutionListener@7497a554, org.springframework.boot.test.mock.mockito.MockitoTestExecutionListener@5dd23809, org.springframework.boot.test.autoconfigure.SpringBootDependencyInjectionTestExecutionListener@664f49f, org.springframework.test.context.support.DirtiesContextTestExecutionListener@60ab895f, org.springframework.test.context.event.EventPublishingTestExecutionListener@295f2d1b, org.springframework.boot.test.autoconfigure.restdocs.RestDocsTestExecutionListener@65015a49, org.springframework.boot.test.autoconfigure.web.client.MockRestServiceServerResetTestExecutionListener@44e08a7a, org.springframework.boot.test.autoconfigure.web.servlet.MockMvcPrintOnlyOnFailureTestExecutionListener@78bd02c8, org.springframework.boot.test.autoconfigure.web.servlet.WebDriverTestExecutionListener@28dacf31, org.springframework.boot.test.autoconfigure.webservices.client.MockWebServiceServerTestExecutionListener@47e60b71, org.springframework.boot.test.mock.mockito.ResetMocksTestExecutionListener@795faad]
2022-07-13 19:16:05.013  INFO 36846 --- [    Test worker] .b.t.c.SpringBootTestContextBootstrapper : Neither @ContextConfiguration nor @ContextHierarchy found for test class [com.globantx.cardinalevaluator.CucumberSpringConfiguration], using SpringBootContextLoader
2022-07-13 19:16:05.014  INFO 36846 --- [    Test worker] o.s.t.c.support.AbstractContextLoader    : Could not detect default resource locations for test class [com.globantx.cardinalevaluator.CucumberSpringConfiguration]: no resource found for suffixes {-context.xml, Context.groovy}.
2022-07-13 19:16:05.014  INFO 36846 --- [    Test worker] .b.t.c.SpringBootTestContextBootstrapper : Loaded default TestExecutionListener class names from location [META-INF/spring.factories]: [org.springframework.boot.test.autoconfigure.restdocs.RestDocsTestExecutionListener, org.springframework.boot.test.autoconfigure.web.client.MockRestServiceServerResetTestExecutionListener, org.springframework.boot.test.autoconfigure.web.servlet.MockMvcPrintOnlyOnFailureTestExecutionListener, org.springframework.boot.test.autoconfigure.web.servlet.WebDriverTestExecutionListener, org.springframework.boot.test.autoconfigure.webservices.client.MockWebServiceServerTestExecutionListener, org.springframework.boot.test.mock.mockito.MockitoTestExecutionListener, org.springframework.boot.test.mock.mockito.ResetMocksTestExecutionListener, org.springframework.test.context.web.ServletTestExecutionListener, org.springframework.test.context.support.DirtiesContextBeforeModesTestExecutionListener, org.springframework.test.context.event.ApplicationEventsTestExecutionListener, org.springframework.test.context.support.DependencyInjectionTestExecutionListener, org.springframework.test.context.support.DirtiesContextTestExecutionListener, org.springframework.test.context.transaction.TransactionalTestExecutionListener, org.springframework.test.context.jdbc.SqlScriptsTestExecutionListener, org.springframework.test.context.event.EventPublishingTestExecutionListener]
2022-07-13 19:16:05.014  INFO 36846 --- [    Test worker] .b.t.c.SpringBootTestContextBootstrapper : Using TestExecutionListeners: [org.springframework.test.context.web.ServletTestExecutionListener@17ae13d5, org.springframework.test.context.support.DirtiesContextBeforeModesTestExecutionListener@69f3e556, org.springframework.test.context.event.ApplicationEventsTestExecutionListener@1eb9d69a, org.springframework.boot.test.mock.mockito.MockitoTestExecutionListener@36511772, org.springframework.boot.test.autoconfigure.SpringBootDependencyInjectionTestExecutionListener@51869ad6, org.springframework.test.context.support.DirtiesContextTestExecutionListener@27a90ce5, org.springframework.test.context.event.EventPublishingTestExecutionListener@77f4038c, org.springframework.boot.test.autoconfigure.restdocs.RestDocsTestExecutionListener@49a06087, org.springframework.boot.test.autoconfigure.web.client.MockRestServiceServerResetTestExecutionListener@2c15034f, org.springframework.boot.test.autoconfigure.web.servlet.MockMvcPrintOnlyOnFailureTestExecutionListener@43b4ec0c, org.springframework.boot.test.autoconfigure.web.servlet.WebDriverTestExecutionListener@148b6f95, org.springframework.boot.test.autoconfigure.webservices.client.MockWebServiceServerTestExecutionListener@5ee581db, org.springframework.boot.test.mock.mockito.ResetMocksTestExecutionListener@5a6efe33]
2022-07-13 19:16:05.016  INFO 36846 --- [    Test worker] .b.t.c.SpringBootTestContextBootstrapper : Neither @ContextConfiguration nor @ContextHierarchy found for test class [com.globantx.cardinalevaluator.CucumberSpringConfiguration], using SpringBootContextLoader
2022-07-13 19:16:05.017  INFO 36846 --- [    Test worker] o.s.t.c.support.AbstractContextLoader    : Could not detect default resource locations for test class [com.globantx.cardinalevaluator.CucumberSpringConfiguration]: no resource found for suffixes {-context.xml, Context.groovy}.
2022-07-13 19:16:05.017  INFO 36846 --- [    Test worker] .b.t.c.SpringBootTestContextBootstrapper : Loaded default TestExecutionListener class names from location [META-INF/spring.factories]: [org.springframework.boot.test.autoconfigure.restdocs.RestDocsTestExecutionListener, org.springframework.boot.test.autoconfigure.web.client.MockRestServiceServerResetTestExecutionListener, org.springframework.boot.test.autoconfigure.web.servlet.MockMvcPrintOnlyOnFailureTestExecutionListener, org.springframework.boot.test.autoconfigure.web.servlet.WebDriverTestExecutionListener, org.springframework.boot.test.autoconfigure.webservices.client.MockWebServiceServerTestExecutionListener, org.springframework.boot.test.mock.mockito.MockitoTestExecutionListener, org.springframework.boot.test.mock.mockito.ResetMocksTestExecutionListener, org.springframework.test.context.web.ServletTestExecutionListener, org.springframework.test.context.support.DirtiesContextBeforeModesTestExecutionListener, org.springframework.test.context.event.ApplicationEventsTestExecutionListener, org.springframework.test.context.support.DependencyInjectionTestExecutionListener, org.springframework.test.context.support.DirtiesContextTestExecutionListener, org.springframework.test.context.transaction.TransactionalTestExecutionListener, org.springframework.test.context.jdbc.SqlScriptsTestExecutionListener, org.springframework.test.context.event.EventPublishingTestExecutionListener]
2022-07-13 19:16:05.017  INFO 36846 --- [    Test worker] .b.t.c.SpringBootTestContextBootstrapper : Using TestExecutionListeners: [org.springframework.test.context.web.ServletTestExecutionListener@3e5ebdfe, org.springframework.test.context.support.DirtiesContextBeforeModesTestExecutionListener@71668a67, org.springframework.test.context.event.ApplicationEventsTestExecutionListener@3ff26c9, org.springframework.boot.test.mock.mockito.MockitoTestExecutionListener@2ecdcfe3, org.springframework.boot.test.autoconfigure.SpringBootDependencyInjectionTestExecutionListener@65b73689, org.springframework.test.context.support.DirtiesContextTestExecutionListener@2047adea, org.springframework.test.context.event.EventPublishingTestExecutionListener@5af40e45, org.springframework.boot.test.autoconfigure.restdocs.RestDocsTestExecutionListener@1a06602f, org.springframework.boot.test.autoconfigure.web.client.MockRestServiceServerResetTestExecutionListener@46591e98, org.springframework.boot.test.autoconfigure.web.servlet.MockMvcPrintOnlyOnFailureTestExecutionListener@5b6cc344, org.springframework.boot.test.autoconfigure.web.servlet.WebDriverTestExecutionListener@2110684a, org.springframework.boot.test.autoconfigure.webservices.client.MockWebServiceServerTestExecutionListener@83e635f, org.springframework.boot.test.mock.mockito.ResetMocksTestExecutionListener@61d011e]
2022-07-13 19:16:05.019  INFO 36846 --- [    Test worker] .b.t.c.SpringBootTestContextBootstrapper : Neither @ContextConfiguration nor @ContextHierarchy found for test class [com.globantx.cardinalevaluator.CucumberSpringConfiguration], using SpringBootContextLoader
2022-07-13 19:16:05.019  INFO 36846 --- [    Test worker] o.s.t.c.support.AbstractContextLoader    : Could not detect default resource locations for test class [com.globantx.cardinalevaluator.CucumberSpringConfiguration]: no resource found for suffixes {-context.xml, Context.groovy}.
2022-07-13 19:16:05.019  INFO 36846 --- [    Test worker] .b.t.c.SpringBootTestContextBootstrapper : Loaded default TestExecutionListener class names from location [META-INF/spring.factories]: [org.springframework.boot.test.autoconfigure.restdocs.RestDocsTestExecutionListener, org.springframework.boot.test.autoconfigure.web.client.MockRestServiceServerResetTestExecutionListener, org.springframework.boot.test.autoconfigure.web.servlet.MockMvcPrintOnlyOnFailureTestExecutionListener, org.springframework.boot.test.autoconfigure.web.servlet.WebDriverTestExecutionListener, org.springframework.boot.test.autoconfigure.webservices.client.MockWebServiceServerTestExecutionListener, org.springframework.boot.test.mock.mockito.MockitoTestExecutionListener, org.springframework.boot.test.mock.mockito.ResetMocksTestExecutionListener, org.springframework.test.context.web.ServletTestExecutionListener, org.springframework.test.context.support.DirtiesContextBeforeModesTestExecutionListener, org.springframework.test.context.event.ApplicationEventsTestExecutionListener, org.springframework.test.context.support.DependencyInjectionTestExecutionListener, org.springframework.test.context.support.DirtiesContextTestExecutionListener, org.springframework.test.context.transaction.TransactionalTestExecutionListener, org.springframework.test.context.jdbc.SqlScriptsTestExecutionListener, org.springframework.test.context.event.EventPublishingTestExecutionListener]
2022-07-13 19:16:05.020  INFO 36846 --- [    Test worker] .b.t.c.SpringBootTestContextBootstrapper : Using TestExecutionListeners: [org.springframework.test.context.web.ServletTestExecutionListener@3b56947a, org.springframework.test.context.support.DirtiesContextBeforeModesTestExecutionListener@1926f962, org.springframework.test.context.event.ApplicationEventsTestExecutionListener@62794582, org.springframework.boot.test.mock.mockito.MockitoTestExecutionListener@c82ad22, org.springframework.boot.test.autoconfigure.SpringBootDependencyInjectionTestExecutionListener@3f80d8c, org.springframework.test.context.support.DirtiesContextTestExecutionListener@2d3b0978, org.springframework.test.context.event.EventPublishingTestExecutionListener@5c60c08, org.springframework.boot.test.autoconfigure.restdocs.RestDocsTestExecutionListener@1cb44a2f, org.springframework.boot.test.autoconfigure.web.client.MockRestServiceServerResetTestExecutionListener@5fe3b058, org.springframework.boot.test.autoconfigure.web.servlet.MockMvcPrintOnlyOnFailureTestExecutionListener@2a661215, org.springframework.boot.test.autoconfigure.web.servlet.WebDriverTestExecutionListener@1f75fd1d, org.springframework.boot.test.autoconfigure.webservices.client.MockWebServiceServerTestExecutionListener@212e39ee, org.springframework.boot.test.mock.mockito.ResetMocksTestExecutionListener@638d2ce3]
2022-07-13 19:16:05.021  INFO 36846 --- [    Test worker] .b.t.c.SpringBootTestContextBootstrapper : Neither @ContextConfiguration nor @ContextHierarchy found for test class [com.globantx.cardinalevaluator.CucumberSpringConfiguration], using SpringBootContextLoader
2022-07-13 19:16:05.021  INFO 36846 --- [    Test worker] o.s.t.c.support.AbstractContextLoader    : Could not detect default resource locations for test class [com.globantx.cardinalevaluator.CucumberSpringConfiguration]: no resource found for suffixes {-context.xml, Context.groovy}.
2022-07-13 19:16:05.022  INFO 36846 --- [    Test worker] .b.t.c.SpringBootTestContextBootstrapper : Loaded default TestExecutionListener class names from location [META-INF/spring.factories]: [org.springframework.boot.test.autoconfigure.restdocs.RestDocsTestExecutionListener, org.springframework.boot.test.autoconfigure.web.client.MockRestServiceServerResetTestExecutionListener, org.springframework.boot.test.autoconfigure.web.servlet.MockMvcPrintOnlyOnFailureTestExecutionListener, org.springframework.boot.test.autoconfigure.web.servlet.WebDriverTestExecutionListener, org.springframework.boot.test.autoconfigure.webservices.client.MockWebServiceServerTestExecutionListener, org.springframework.boot.test.mock.mockito.MockitoTestExecutionListener, org.springframework.boot.test.mock.mockito.ResetMocksTestExecutionListener, org.springframework.test.context.web.ServletTestExecutionListener, org.springframework.test.context.support.DirtiesContextBeforeModesTestExecutionListener, org.springframework.test.context.event.ApplicationEventsTestExecutionListener, org.springframework.test.context.support.DependencyInjectionTestExecutionListener, org.springframework.test.context.support.DirtiesContextTestExecutionListener, org.springframework.test.context.transaction.TransactionalTestExecutionListener, org.springframework.test.context.jdbc.SqlScriptsTestExecutionListener, org.springframework.test.context.event.EventPublishingTestExecutionListener]
2022-07-13 19:16:05.022  INFO 36846 --- [    Test worker] .b.t.c.SpringBootTestContextBootstrapper : Using TestExecutionListeners: [org.springframework.test.context.web.ServletTestExecutionListener@79617c3d, org.springframework.test.context.support.DirtiesContextBeforeModesTestExecutionListener@49cceb19, org.springframework.test.context.event.ApplicationEventsTestExecutionListener@197d5a87, org.springframework.boot.test.mock.mockito.MockitoTestExecutionListener@131d977f, org.springframework.boot.test.autoconfigure.SpringBootDependencyInjectionTestExecutionListener@616f81b5, org.springframework.test.context.support.DirtiesContextTestExecutionListener@4f552aa2, org.springframework.test.context.event.EventPublishingTestExecutionListener@3c8fe8ad, org.springframework.boot.test.autoconfigure.restdocs.RestDocsTestExecutionListener@43d6262c, org.springframework.boot.test.autoconfigure.web.client.MockRestServiceServerResetTestExecutionListener@5e2975ca, org.springframework.boot.test.autoconfigure.web.servlet.MockMvcPrintOnlyOnFailureTestExecutionListener@38cf4497, org.springframework.boot.test.autoconfigure.web.servlet.WebDriverTestExecutionListener@7b4619a3, org.springframework.boot.test.autoconfigure.webservices.client.MockWebServiceServerTestExecutionListener@9d3a7a1, org.springframework.boot.test.mock.mockito.ResetMocksTestExecutionListener@1c411474]
2022-07-13 19:16:05.024  INFO 36846 --- [    Test worker] .b.t.c.SpringBootTestContextBootstrapper : Neither @ContextConfiguration nor @ContextHierarchy found for test class [com.globantx.cardinalevaluator.CucumberSpringConfiguration], using SpringBootContextLoader
2022-07-13 19:16:05.024  INFO 36846 --- [    Test worker] o.s.t.c.support.AbstractContextLoader    : Could not detect default resource locations for test class [com.globantx.cardinalevaluator.CucumberSpringConfiguration]: no resource found for suffixes {-context.xml, Context.groovy}.
2022-07-13 19:16:05.024  INFO 36846 --- [    Test worker] .b.t.c.SpringBootTestContextBootstrapper : Loaded default TestExecutionListener class names from location [META-INF/spring.factories]: [org.springframework.boot.test.autoconfigure.restdocs.RestDocsTestExecutionListener, org.springframework.boot.test.autoconfigure.web.client.MockRestServiceServerResetTestExecutionListener, org.springframework.boot.test.autoconfigure.web.servlet.MockMvcPrintOnlyOnFailureTestExecutionListener, org.springframework.boot.test.autoconfigure.web.servlet.WebDriverTestExecutionListener, org.springframework.boot.test.autoconfigure.webservices.client.MockWebServiceServerTestExecutionListener, org.springframework.boot.test.mock.mockito.MockitoTestExecutionListener, org.springframework.boot.test.mock.mockito.ResetMocksTestExecutionListener, org.springframework.test.context.web.ServletTestExecutionListener, org.springframework.test.context.support.DirtiesContextBeforeModesTestExecutionListener, org.springframework.test.context.event.ApplicationEventsTestExecutionListener, org.springframework.test.context.support.DependencyInjectionTestExecutionListener, org.springframework.test.context.support.DirtiesContextTestExecutionListener, org.springframework.test.context.transaction.TransactionalTestExecutionListener, org.springframework.test.context.jdbc.SqlScriptsTestExecutionListener, org.springframework.test.context.event.EventPublishingTestExecutionListener]
2022-07-13 19:16:05.025  INFO 36846 --- [    Test worker] .b.t.c.SpringBootTestContextBootstrapper : Using TestExecutionListeners: [org.springframework.test.context.web.ServletTestExecutionListener@5e681097, org.springframework.test.context.support.DirtiesContextBeforeModesTestExecutionListener@152891f8, org.springframework.test.context.event.ApplicationEventsTestExecutionListener@1d2c253, org.springframework.boot.test.mock.mockito.MockitoTestExecutionListener@15a484a9, org.springframework.boot.test.autoconfigure.SpringBootDependencyInjectionTestExecutionListener@b56c222, org.springframework.test.context.support.DirtiesContextTestExecutionListener@5a2035e1, org.springframework.test.context.event.EventPublishingTestExecutionListener@4df7b4ac, org.springframework.boot.test.autoconfigure.restdocs.RestDocsTestExecutionListener@7c47e077, org.springframework.boot.test.autoconfigure.web.client.MockRestServiceServerResetTestExecutionListener@41bd6a0f, org.springframework.boot.test.autoconfigure.web.servlet.MockMvcPrintOnlyOnFailureTestExecutionListener@1ae9d0e4, org.springframework.boot.test.autoconfigure.web.servlet.WebDriverTestExecutionListener@6acb45c1, org.springframework.boot.test.autoconfigure.webservices.client.MockWebServiceServerTestExecutionListener@294c44b7, org.springframework.boot.test.mock.mockito.ResetMocksTestExecutionListener@30bbe83]
2022-07-13 19:16:05.026  INFO 36846 --- [    Test worker] .b.t.c.SpringBootTestContextBootstrapper : Neither @ContextConfiguration nor @ContextHierarchy found for test class [com.globantx.cardinalevaluator.CucumberSpringConfiguration], using SpringBootContextLoader
2022-07-13 19:16:05.026  INFO 36846 --- [    Test worker] o.s.t.c.support.AbstractContextLoader    : Could not detect default resource locations for test class [com.globantx.cardinalevaluator.CucumberSpringConfiguration]: no resource found for suffixes {-context.xml, Context.groovy}.
2022-07-13 19:16:05.027  INFO 36846 --- [    Test worker] .b.t.c.SpringBootTestContextBootstrapper : Loaded default TestExecutionListener class names from location [META-INF/spring.factories]: [org.springframework.boot.test.autoconfigure.restdocs.RestDocsTestExecutionListener, org.springframework.boot.test.autoconfigure.web.client.MockRestServiceServerResetTestExecutionListener, org.springframework.boot.test.autoconfigure.web.servlet.MockMvcPrintOnlyOnFailureTestExecutionListener, org.springframework.boot.test.autoconfigure.web.servlet.WebDriverTestExecutionListener, org.springframework.boot.test.autoconfigure.webservices.client.MockWebServiceServerTestExecutionListener, org.springframework.boot.test.mock.mockito.MockitoTestExecutionListener, org.springframework.boot.test.mock.mockito.ResetMocksTestExecutionListener, org.springframework.test.context.web.ServletTestExecutionListener, org.springframework.test.context.support.DirtiesContextBeforeModesTestExecutionListener, org.springframework.test.context.event.ApplicationEventsTestExecutionListener, org.springframework.test.context.support.DependencyInjectionTestExecutionListener, org.springframework.test.context.support.DirtiesContextTestExecutionListener, org.springframework.test.context.transaction.TransactionalTestExecutionListener, org.springframework.test.context.jdbc.SqlScriptsTestExecutionListener, org.springframework.test.context.event.EventPublishingTestExecutionListener]
2022-07-13 19:16:05.027  INFO 36846 --- [    Test worker] .b.t.c.SpringBootTestContextBootstrapper : Using TestExecutionListeners: [org.springframework.test.context.web.ServletTestExecutionListener@57b130f6, org.springframework.test.context.support.DirtiesContextBeforeModesTestExecutionListener@67e4928c, org.springframework.test.context.event.ApplicationEventsTestExecutionListener@2cc61b3b, org.springframework.boot.test.mock.mockito.MockitoTestExecutionListener@72e75786, org.springframework.boot.test.autoconfigure.SpringBootDependencyInjectionTestExecutionListener@2c0fefac, org.springframework.test.context.support.DirtiesContextTestExecutionListener@6fbc7853, org.springframework.test.context.event.EventPublishingTestExecutionListener@733fa95c, org.springframework.boot.test.autoconfigure.restdocs.RestDocsTestExecutionListener@3b2c8bda, org.springframework.boot.test.autoconfigure.web.client.MockRestServiceServerResetTestExecutionListener@688d619c, org.springframework.boot.test.autoconfigure.web.servlet.MockMvcPrintOnlyOnFailureTestExecutionListener@647ff23e, org.springframework.boot.test.autoconfigure.web.servlet.WebDriverTestExecutionListener@6a04d2a4, org.springframework.boot.test.autoconfigure.webservices.client.MockWebServiceServerTestExecutionListener@35a9e665, org.springframework.boot.test.mock.mockito.ResetMocksTestExecutionListener@362be0cd]
2022-07-13 19:16:05.029  INFO 36846 --- [    Test worker] .b.t.c.SpringBootTestContextBootstrapper : Neither @ContextConfiguration nor @ContextHierarchy found for test class [com.globantx.cardinalevaluator.CucumberSpringConfiguration], using SpringBootContextLoader
2022-07-13 19:16:05.029  INFO 36846 --- [    Test worker] o.s.t.c.support.AbstractContextLoader    : Could not detect default resource locations for test class [com.globantx.cardinalevaluator.CucumberSpringConfiguration]: no resource found for suffixes {-context.xml, Context.groovy}.
2022-07-13 19:16:05.029  INFO 36846 --- [    Test worker] .b.t.c.SpringBootTestContextBootstrapper : Loaded default TestExecutionListener class names from location [META-INF/spring.factories]: [org.springframework.boot.test.autoconfigure.restdocs.RestDocsTestExecutionListener, org.springframework.boot.test.autoconfigure.web.client.MockRestServiceServerResetTestExecutionListener, org.springframework.boot.test.autoconfigure.web.servlet.MockMvcPrintOnlyOnFailureTestExecutionListener, org.springframework.boot.test.autoconfigure.web.servlet.WebDriverTestExecutionListener, org.springframework.boot.test.autoconfigure.webservices.client.MockWebServiceServerTestExecutionListener, org.springframework.boot.test.mock.mockito.MockitoTestExecutionListener, org.springframework.boot.test.mock.mockito.ResetMocksTestExecutionListener, org.springframework.test.context.web.ServletTestExecutionListener, org.springframework.test.context.support.DirtiesContextBeforeModesTestExecutionListener, org.springframework.test.context.event.ApplicationEventsTestExecutionListener, org.springframework.test.context.support.DependencyInjectionTestExecutionListener, org.springframework.test.context.support.DirtiesContextTestExecutionListener, org.springframework.test.context.transaction.TransactionalTestExecutionListener, org.springframework.test.context.jdbc.SqlScriptsTestExecutionListener, org.springframework.test.context.event.EventPublishingTestExecutionListener]
2022-07-13 19:16:05.029  INFO 36846 --- [    Test worker] .b.t.c.SpringBootTestContextBootstrapper : Using TestExecutionListeners: [org.springframework.test.context.web.ServletTestExecutionListener@2dde0a34, org.springframework.test.context.support.DirtiesContextBeforeModesTestExecutionListener@61836cd9, org.springframework.test.context.event.ApplicationEventsTestExecutionListener@1b632442, org.springframework.boot.test.mock.mockito.MockitoTestExecutionListener@7227926b, org.springframework.boot.test.autoconfigure.SpringBootDependencyInjectionTestExecutionListener@2f75a9b1, org.springframework.test.context.support.DirtiesContextTestExecutionListener@556aed22, org.springframework.test.context.event.EventPublishingTestExecutionListener@57a982f9, org.springframework.boot.test.autoconfigure.restdocs.RestDocsTestExecutionListener@19d3f6ad, org.springframework.boot.test.autoconfigure.web.client.MockRestServiceServerResetTestExecutionListener@1b69fc07, org.springframework.boot.test.autoconfigure.web.servlet.MockMvcPrintOnlyOnFailureTestExecutionListener@19e801b5, org.springframework.boot.test.autoconfigure.web.servlet.WebDriverTestExecutionListener@24de63b, org.springframework.boot.test.autoconfigure.webservices.client.MockWebServiceServerTestExecutionListener@42d0e41, org.springframework.boot.test.mock.mockito.ResetMocksTestExecutionListener@50f05307]
2022-07-13 19:16:05.031  INFO 36846 --- [    Test worker] .b.t.c.SpringBootTestContextBootstrapper : Neither @ContextConfiguration nor @ContextHierarchy found for test class [com.globantx.cardinalevaluator.CucumberSpringConfiguration], using SpringBootContextLoader
2022-07-13 19:16:05.031  INFO 36846 --- [    Test worker] o.s.t.c.support.AbstractContextLoader    : Could not detect default resource locations for test class [com.globantx.cardinalevaluator.CucumberSpringConfiguration]: no resource found for suffixes {-context.xml, Context.groovy}.
2022-07-13 19:16:05.031  INFO 36846 --- [    Test worker] .b.t.c.SpringBootTestContextBootstrapper : Loaded default TestExecutionListener class names from location [META-INF/spring.factories]: [org.springframework.boot.test.autoconfigure.restdocs.RestDocsTestExecutionListener, org.springframework.boot.test.autoconfigure.web.client.MockRestServiceServerResetTestExecutionListener, org.springframework.boot.test.autoconfigure.web.servlet.MockMvcPrintOnlyOnFailureTestExecutionListener, org.springframework.boot.test.autoconfigure.web.servlet.WebDriverTestExecutionListener, org.springframework.boot.test.autoconfigure.webservices.client.MockWebServiceServerTestExecutionListener, org.springframework.boot.test.mock.mockito.MockitoTestExecutionListener, org.springframework.boot.test.mock.mockito.ResetMocksTestExecutionListener, org.springframework.test.context.web.ServletTestExecutionListener, org.springframework.test.context.support.DirtiesContextBeforeModesTestExecutionListener, org.springframework.test.context.event.ApplicationEventsTestExecutionListener, org.springframework.test.context.support.DependencyInjectionTestExecutionListener, org.springframework.test.context.support.DirtiesContextTestExecutionListener, org.springframework.test.context.transaction.TransactionalTestExecutionListener, org.springframework.test.context.jdbc.SqlScriptsTestExecutionListener, org.springframework.test.context.event.EventPublishingTestExecutionListener]
2022-07-13 19:16:05.032  INFO 36846 --- [    Test worker] .b.t.c.SpringBootTestContextBootstrapper : Using TestExecutionListeners: [org.springframework.test.context.web.ServletTestExecutionListener@9cc0505, org.springframework.test.context.support.DirtiesContextBeforeModesTestExecutionListener@645d4639, org.springframework.test.context.event.ApplicationEventsTestExecutionListener@8ee03f5, org.springframework.boot.test.mock.mockito.MockitoTestExecutionListener@5ad40184, org.springframework.boot.test.autoconfigure.SpringBootDependencyInjectionTestExecutionListener@3359c3f6, org.springframework.test.context.support.DirtiesContextTestExecutionListener@3d3b272a, org.springframework.test.context.event.EventPublishingTestExecutionListener@45b27ad3, org.springframework.boot.test.autoconfigure.restdocs.RestDocsTestExecutionListener@3f908bc0, org.springframework.boot.test.autoconfigure.web.client.MockRestServiceServerResetTestExecutionListener@422ba9b7, org.springframework.boot.test.autoconfigure.web.servlet.MockMvcPrintOnlyOnFailureTestExecutionListener@26cdd4af, org.springframework.boot.test.autoconfigure.web.servlet.WebDriverTestExecutionListener@707f4647, org.springframework.boot.test.autoconfigure.webservices.client.MockWebServiceServerTestExecutionListener@4b8a0d03, org.springframework.boot.test.mock.mockito.ResetMocksTestExecutionListener@54f373d4]
2022-07-13 19:16:05.033  INFO 36846 --- [    Test worker] .b.t.c.SpringBootTestContextBootstrapper : Neither @ContextConfiguration nor @ContextHierarchy found for test class [com.globantx.cardinalevaluator.CucumberSpringConfiguration], using SpringBootContextLoader
2022-07-13 19:16:05.033  INFO 36846 --- [    Test worker] o.s.t.c.support.AbstractContextLoader    : Could not detect default resource locations for test class [com.globantx.cardinalevaluator.CucumberSpringConfiguration]: no resource found for suffixes {-context.xml, Context.groovy}.
2022-07-13 19:16:05.034  INFO 36846 --- [    Test worker] .b.t.c.SpringBootTestContextBootstrapper : Loaded default TestExecutionListener class names from location [META-INF/spring.factories]: [org.springframework.boot.test.autoconfigure.restdocs.RestDocsTestExecutionListener, org.springframework.boot.test.autoconfigure.web.client.MockRestServiceServerResetTestExecutionListener, org.springframework.boot.test.autoconfigure.web.servlet.MockMvcPrintOnlyOnFailureTestExecutionListener, org.springframework.boot.test.autoconfigure.web.servlet.WebDriverTestExecutionListener, org.springframework.boot.test.autoconfigure.webservices.client.MockWebServiceServerTestExecutionListener, org.springframework.boot.test.mock.mockito.MockitoTestExecutionListener, org.springframework.boot.test.mock.mockito.ResetMocksTestExecutionListener, org.springframework.test.context.web.ServletTestExecutionListener, org.springframework.test.context.support.DirtiesContextBeforeModesTestExecutionListener, org.springframework.test.context.event.ApplicationEventsTestExecutionListener, org.springframework.test.context.support.DependencyInjectionTestExecutionListener, org.springframework.test.context.support.DirtiesContextTestExecutionListener, org.springframework.test.context.transaction.TransactionalTestExecutionListener, org.springframework.test.context.jdbc.SqlScriptsTestExecutionListener, org.springframework.test.context.event.EventPublishingTestExecutionListener]
2022-07-13 19:16:05.034  INFO 36846 --- [    Test worker] .b.t.c.SpringBootTestContextBootstrapper : Using TestExecutionListeners: [org.springframework.test.context.web.ServletTestExecutionListener@1c53bd49, org.springframework.test.context.support.DirtiesContextBeforeModesTestExecutionListener@16949dfa, org.springframework.test.context.event.ApplicationEventsTestExecutionListener@d6d683e, org.springframework.boot.test.mock.mockito.MockitoTestExecutionListener@42cfd794, org.springframework.boot.test.autoconfigure.SpringBootDependencyInjectionTestExecutionListener@43778371, org.springframework.test.context.support.DirtiesContextTestExecutionListener@71beada8, org.springframework.test.context.event.EventPublishingTestExecutionListener@17f41739, org.springframework.boot.test.autoconfigure.restdocs.RestDocsTestExecutionListener@2b3b1124, org.springframework.boot.test.autoconfigure.web.client.MockRestServiceServerResetTestExecutionListener@54286339, org.springframework.boot.test.autoconfigure.web.servlet.MockMvcPrintOnlyOnFailureTestExecutionListener@507f47f9, org.springframework.boot.test.autoconfigure.web.servlet.WebDriverTestExecutionListener@6785df10, org.springframework.boot.test.autoconfigure.webservices.client.MockWebServiceServerTestExecutionListener@144440f5, org.springframework.boot.test.mock.mockito.ResetMocksTestExecutionListener@3e2c8ef]
2022-07-13 19:16:05.036  INFO 36846 --- [    Test worker] .b.t.c.SpringBootTestContextBootstrapper : Neither @ContextConfiguration nor @ContextHierarchy found for test class [com.globantx.cardinalevaluator.CucumberSpringConfiguration], using SpringBootContextLoader
2022-07-13 19:16:05.036  INFO 36846 --- [    Test worker] o.s.t.c.support.AbstractContextLoader    : Could not detect default resource locations for test class [com.globantx.cardinalevaluator.CucumberSpringConfiguration]: no resource found for suffixes {-context.xml, Context.groovy}.
2022-07-13 19:16:05.036  INFO 36846 --- [    Test worker] .b.t.c.SpringBootTestContextBootstrapper : Loaded default TestExecutionListener class names from location [META-INF/spring.factories]: [org.springframework.boot.test.autoconfigure.restdocs.RestDocsTestExecutionListener, org.springframework.boot.test.autoconfigure.web.client.MockRestServiceServerResetTestExecutionListener, org.springframework.boot.test.autoconfigure.web.servlet.MockMvcPrintOnlyOnFailureTestExecutionListener, org.springframework.boot.test.autoconfigure.web.servlet.WebDriverTestExecutionListener, org.springframework.boot.test.autoconfigure.webservices.client.MockWebServiceServerTestExecutionListener, org.springframework.boot.test.mock.mockito.MockitoTestExecutionListener, org.springframework.boot.test.mock.mockito.ResetMocksTestExecutionListener, org.springframework.test.context.web.ServletTestExecutionListener, org.springframework.test.context.support.DirtiesContextBeforeModesTestExecutionListener, org.springframework.test.context.event.ApplicationEventsTestExecutionListener, org.springframework.test.context.support.DependencyInjectionTestExecutionListener, org.springframework.test.context.support.DirtiesContextTestExecutionListener, org.springframework.test.context.transaction.TransactionalTestExecutionListener, org.springframework.test.context.jdbc.SqlScriptsTestExecutionListener, org.springframework.test.context.event.EventPublishingTestExecutionListener]
2022-07-13 19:16:05.036  INFO 36846 --- [    Test worker] .b.t.c.SpringBootTestContextBootstrapper : Using TestExecutionListeners: [org.springframework.test.context.web.ServletTestExecutionListener@290807e5, org.springframework.test.context.support.DirtiesContextBeforeModesTestExecutionListener@60bc308b, org.springframework.test.context.event.ApplicationEventsTestExecutionListener@56499781, org.springframework.boot.test.mock.mockito.MockitoTestExecutionListener@43f99817, org.springframework.boot.test.autoconfigure.SpringBootDependencyInjectionTestExecutionListener@2a2798a2, org.springframework.test.context.support.DirtiesContextTestExecutionListener@2b9ecd05, org.springframework.test.context.event.EventPublishingTestExecutionListener@31f1b268, org.springframework.boot.test.autoconfigure.restdocs.RestDocsTestExecutionListener@3ec7ad61, org.springframework.boot.test.autoconfigure.web.client.MockRestServiceServerResetTestExecutionListener@2833c093, org.springframework.boot.test.autoconfigure.web.servlet.MockMvcPrintOnlyOnFailureTestExecutionListener@7598d675, org.springframework.boot.test.autoconfigure.web.servlet.WebDriverTestExecutionListener@4946485c, org.springframework.boot.test.autoconfigure.webservices.client.MockWebServiceServerTestExecutionListener@4ae958b0, org.springframework.boot.test.mock.mockito.ResetMocksTestExecutionListener@7c682e26]
2022-07-13 19:16:05.038  INFO 36846 --- [    Test worker] .b.t.c.SpringBootTestContextBootstrapper : Neither @ContextConfiguration nor @ContextHierarchy found for test class [com.globantx.cardinalevaluator.CucumberSpringConfiguration], using SpringBootContextLoader
2022-07-13 19:16:05.038  INFO 36846 --- [    Test worker] o.s.t.c.support.AbstractContextLoader    : Could not detect default resource locations for test class [com.globantx.cardinalevaluator.CucumberSpringConfiguration]: no resource found for suffixes {-context.xml, Context.groovy}.
2022-07-13 19:16:05.038  INFO 36846 --- [    Test worker] .b.t.c.SpringBootTestContextBootstrapper : Loaded default TestExecutionListener class names from location [META-INF/spring.factories]: [org.springframework.boot.test.autoconfigure.restdocs.RestDocsTestExecutionListener, org.springframework.boot.test.autoconfigure.web.client.MockRestServiceServerResetTestExecutionListener, org.springframework.boot.test.autoconfigure.web.servlet.MockMvcPrintOnlyOnFailureTestExecutionListener, org.springframework.boot.test.autoconfigure.web.servlet.WebDriverTestExecutionListener, org.springframework.boot.test.autoconfigure.webservices.client.MockWebServiceServerTestExecutionListener, org.springframework.boot.test.mock.mockito.MockitoTestExecutionListener, org.springframework.boot.test.mock.mockito.ResetMocksTestExecutionListener, org.springframework.test.context.web.ServletTestExecutionListener, org.springframework.test.context.support.DirtiesContextBeforeModesTestExecutionListener, org.springframework.test.context.event.ApplicationEventsTestExecutionListener, org.springframework.test.context.support.DependencyInjectionTestExecutionListener, org.springframework.test.context.support.DirtiesContextTestExecutionListener, org.springframework.test.context.transaction.TransactionalTestExecutionListener, org.springframework.test.context.jdbc.SqlScriptsTestExecutionListener, org.springframework.test.context.event.EventPublishingTestExecutionListener]
2022-07-13 19:16:05.039  INFO 36846 --- [    Test worker] .b.t.c.SpringBootTestContextBootstrapper : Using TestExecutionListeners: [org.springframework.test.context.web.ServletTestExecutionListener@4ff074a0, org.springframework.test.context.support.DirtiesContextBeforeModesTestExecutionListener@340fc1aa, org.springframework.test.context.event.ApplicationEventsTestExecutionListener@34a33343, org.springframework.boot.test.mock.mockito.MockitoTestExecutionListener@98722ef, org.springframework.boot.test.autoconfigure.SpringBootDependencyInjectionTestExecutionListener@459e120b, org.springframework.test.context.support.DirtiesContextTestExecutionListener@fd69983, org.springframework.test.context.event.EventPublishingTestExecutionListener@22429a11, org.springframework.boot.test.autoconfigure.restdocs.RestDocsTestExecutionListener@126254ec, org.springframework.boot.test.autoconfigure.web.client.MockRestServiceServerResetTestExecutionListener@275902e1, org.springframework.boot.test.autoconfigure.web.servlet.MockMvcPrintOnlyOnFailureTestExecutionListener@1c788d08, org.springframework.boot.test.autoconfigure.web.servlet.WebDriverTestExecutionListener@2adc1e84, org.springframework.boot.test.autoconfigure.webservices.client.MockWebServiceServerTestExecutionListener@2a99fa07, org.springframework.boot.test.mock.mockito.ResetMocksTestExecutionListener@45b8bbbf]
2022-07-13 19:16:05.040  INFO 36846 --- [    Test worker] .b.t.c.SpringBootTestContextBootstrapper : Neither @ContextConfiguration nor @ContextHierarchy found for test class [com.globantx.cardinalevaluator.CucumberSpringConfiguration], using SpringBootContextLoader
2022-07-13 19:16:05.040  INFO 36846 --- [    Test worker] o.s.t.c.support.AbstractContextLoader    : Could not detect default resource locations for test class [com.globantx.cardinalevaluator.CucumberSpringConfiguration]: no resource found for suffixes {-context.xml, Context.groovy}.
2022-07-13 19:16:05.040  INFO 36846 --- [    Test worker] .b.t.c.SpringBootTestContextBootstrapper : Loaded default TestExecutionListener class names from location [META-INF/spring.factories]: [org.springframework.boot.test.autoconfigure.restdocs.RestDocsTestExecutionListener, org.springframework.boot.test.autoconfigure.web.client.MockRestServiceServerResetTestExecutionListener, org.springframework.boot.test.autoconfigure.web.servlet.MockMvcPrintOnlyOnFailureTestExecutionListener, org.springframework.boot.test.autoconfigure.web.servlet.WebDriverTestExecutionListener, org.springframework.boot.test.autoconfigure.webservices.client.MockWebServiceServerTestExecutionListener, org.springframework.boot.test.mock.mockito.MockitoTestExecutionListener, org.springframework.boot.test.mock.mockito.ResetMocksTestExecutionListener, org.springframework.test.context.web.ServletTestExecutionListener, org.springframework.test.context.support.DirtiesContextBeforeModesTestExecutionListener, org.springframework.test.context.event.ApplicationEventsTestExecutionListener, org.springframework.test.context.support.DependencyInjectionTestExecutionListener, org.springframework.test.context.support.DirtiesContextTestExecutionListener, org.springframework.test.context.transaction.TransactionalTestExecutionListener, org.springframework.test.context.jdbc.SqlScriptsTestExecutionListener, org.springframework.test.context.event.EventPublishingTestExecutionListener]
2022-07-13 19:16:05.041  INFO 36846 --- [    Test worker] .b.t.c.SpringBootTestContextBootstrapper : Using TestExecutionListeners: [org.springframework.test.context.web.ServletTestExecutionListener@1df06ecd, org.springframework.test.context.support.DirtiesContextBeforeModesTestExecutionListener@57927bc9, org.springframework.test.context.event.ApplicationEventsTestExecutionListener@323efafe, org.springframework.boot.test.mock.mockito.MockitoTestExecutionListener@32dbca45, org.springframework.boot.test.autoconfigure.SpringBootDependencyInjectionTestExecutionListener@2cc34cd5, org.springframework.test.context.support.DirtiesContextTestExecutionListener@684b26b7, org.springframework.test.context.event.EventPublishingTestExecutionListener@2de7c84a, org.springframework.boot.test.autoconfigure.restdocs.RestDocsTestExecutionListener@4182a651, org.springframework.boot.test.autoconfigure.web.client.MockRestServiceServerResetTestExecutionListener@7791ff50, org.springframework.boot.test.autoconfigure.web.servlet.MockMvcPrintOnlyOnFailureTestExecutionListener@46de118b, org.springframework.boot.test.autoconfigure.web.servlet.WebDriverTestExecutionListener@55682482, org.springframework.boot.test.autoconfigure.webservices.client.MockWebServiceServerTestExecutionListener@10cb050, org.springframework.boot.test.mock.mockito.ResetMocksTestExecutionListener@799fb45e]
2022-07-13 19:16:05.042  INFO 36846 --- [    Test worker] .b.t.c.SpringBootTestContextBootstrapper : Neither @ContextConfiguration nor @ContextHierarchy found for test class [com.globantx.cardinalevaluator.CucumberSpringConfiguration], using SpringBootContextLoader
2022-07-13 19:16:05.042  INFO 36846 --- [    Test worker] o.s.t.c.support.AbstractContextLoader    : Could not detect default resource locations for test class [com.globantx.cardinalevaluator.CucumberSpringConfiguration]: no resource found for suffixes {-context.xml, Context.groovy}.
2022-07-13 19:16:05.042  INFO 36846 --- [    Test worker] .b.t.c.SpringBootTestContextBootstrapper : Loaded default TestExecutionListener class names from location [META-INF/spring.factories]: [org.springframework.boot.test.autoconfigure.restdocs.RestDocsTestExecutionListener, org.springframework.boot.test.autoconfigure.web.client.MockRestServiceServerResetTestExecutionListener, org.springframework.boot.test.autoconfigure.web.servlet.MockMvcPrintOnlyOnFailureTestExecutionListener, org.springframework.boot.test.autoconfigure.web.servlet.WebDriverTestExecutionListener, org.springframework.boot.test.autoconfigure.webservices.client.MockWebServiceServerTestExecutionListener, org.springframework.boot.test.mock.mockito.MockitoTestExecutionListener, org.springframework.boot.test.mock.mockito.ResetMocksTestExecutionListener, org.springframework.test.context.web.ServletTestExecutionListener, org.springframework.test.context.support.DirtiesContextBeforeModesTestExecutionListener, org.springframework.test.context.event.ApplicationEventsTestExecutionListener, org.springframework.test.context.support.DependencyInjectionTestExecutionListener, org.springframework.test.context.support.DirtiesContextTestExecutionListener, org.springframework.test.context.transaction.TransactionalTestExecutionListener, org.springframework.test.context.jdbc.SqlScriptsTestExecutionListener, org.springframework.test.context.event.EventPublishingTestExecutionListener]
2022-07-13 19:16:05.042  INFO 36846 --- [    Test worker] .b.t.c.SpringBootTestContextBootstrapper : Using TestExecutionListeners: [org.springframework.test.context.web.ServletTestExecutionListener@4f7ba0af, org.springframework.test.context.support.DirtiesContextBeforeModesTestExecutionListener@5b23c1f6, org.springframework.test.context.event.ApplicationEventsTestExecutionListener@3f4964f2, org.springframework.boot.test.mock.mockito.MockitoTestExecutionListener@3bf01a01, org.springframework.boot.test.autoconfigure.SpringBootDependencyInjectionTestExecutionListener@299cab08, org.springframework.test.context.support.DirtiesContextTestExecutionListener@6c75e3bc, org.springframework.test.context.event.EventPublishingTestExecutionListener@186f7434, org.springframework.boot.test.autoconfigure.restdocs.RestDocsTestExecutionListener@2374452a, org.springframework.boot.test.autoconfigure.web.client.MockRestServiceServerResetTestExecutionListener@6ffc6ea7, org.springframework.boot.test.autoconfigure.web.servlet.MockMvcPrintOnlyOnFailureTestExecutionListener@2c5708e7, org.springframework.boot.test.autoconfigure.web.servlet.WebDriverTestExecutionListener@4ffa078d, org.springframework.boot.test.autoconfigure.webservices.client.MockWebServiceServerTestExecutionListener@4e26564d, org.springframework.boot.test.mock.mockito.ResetMocksTestExecutionListener@42238078]
2022-07-13 19:16:05.044  INFO 36846 --- [    Test worker] .b.t.c.SpringBootTestContextBootstrapper : Neither @ContextConfiguration nor @ContextHierarchy found for test class [com.globantx.cardinalevaluator.CucumberSpringConfiguration], using SpringBootContextLoader
2022-07-13 19:16:05.044  INFO 36846 --- [    Test worker] o.s.t.c.support.AbstractContextLoader    : Could not detect default resource locations for test class [com.globantx.cardinalevaluator.CucumberSpringConfiguration]: no resource found for suffixes {-context.xml, Context.groovy}.
2022-07-13 19:16:05.044  INFO 36846 --- [    Test worker] .b.t.c.SpringBootTestContextBootstrapper : Loaded default TestExecutionListener class names from location [META-INF/spring.factories]: [org.springframework.boot.test.autoconfigure.restdocs.RestDocsTestExecutionListener, org.springframework.boot.test.autoconfigure.web.client.MockRestServiceServerResetTestExecutionListener, org.springframework.boot.test.autoconfigure.web.servlet.MockMvcPrintOnlyOnFailureTestExecutionListener, org.springframework.boot.test.autoconfigure.web.servlet.WebDriverTestExecutionListener, org.springframework.boot.test.autoconfigure.webservices.client.MockWebServiceServerTestExecutionListener, org.springframework.boot.test.mock.mockito.MockitoTestExecutionListener, org.springframework.boot.test.mock.mockito.ResetMocksTestExecutionListener, org.springframework.test.context.web.ServletTestExecutionListener, org.springframework.test.context.support.DirtiesContextBeforeModesTestExecutionListener, org.springframework.test.context.event.ApplicationEventsTestExecutionListener, org.springframework.test.context.support.DependencyInjectionTestExecutionListener, org.springframework.test.context.support.DirtiesContextTestExecutionListener, org.springframework.test.context.transaction.TransactionalTestExecutionListener, org.springframework.test.context.jdbc.SqlScriptsTestExecutionListener, org.springframework.test.context.event.EventPublishingTestExecutionListener]
2022-07-13 19:16:05.044  INFO 36846 --- [    Test worker] .b.t.c.SpringBootTestContextBootstrapper : Using TestExecutionListeners: [org.springframework.test.context.web.ServletTestExecutionListener@5627b8eb, org.springframework.test.context.support.DirtiesContextBeforeModesTestExecutionListener@49fe0bcd, org.springframework.test.context.event.ApplicationEventsTestExecutionListener@3516b881, org.springframework.boot.test.mock.mockito.MockitoTestExecutionListener@6be8ce1b, org.springframework.boot.test.autoconfigure.SpringBootDependencyInjectionTestExecutionListener@e3c36d, org.springframework.test.context.support.DirtiesContextTestExecutionListener@397a10df, org.springframework.test.context.event.EventPublishingTestExecutionListener@39a865c1, org.springframework.boot.test.autoconfigure.restdocs.RestDocsTestExecutionListener@141dfcf9, org.springframework.boot.test.autoconfigure.web.client.MockRestServiceServerResetTestExecutionListener@a7bbdbc, org.springframework.boot.test.autoconfigure.web.servlet.MockMvcPrintOnlyOnFailureTestExecutionListener@63eea8c4, org.springframework.boot.test.autoconfigure.web.servlet.WebDriverTestExecutionListener@19924f15, org.springframework.boot.test.autoconfigure.webservices.client.MockWebServiceServerTestExecutionListener@621392ea, org.springframework.boot.test.mock.mockito.ResetMocksTestExecutionListener@35524549]
2022-07-13 19:16:05.046  INFO 36846 --- [    Test worker] .b.t.c.SpringBootTestContextBootstrapper : Neither @ContextConfiguration nor @ContextHierarchy found for test class [com.globantx.cardinalevaluator.CucumberSpringConfiguration], using SpringBootContextLoader
2022-07-13 19:16:05.046  INFO 36846 --- [    Test worker] o.s.t.c.support.AbstractContextLoader    : Could not detect default resource locations for test class [com.globantx.cardinalevaluator.CucumberSpringConfiguration]: no resource found for suffixes {-context.xml, Context.groovy}.
2022-07-13 19:16:05.046  INFO 36846 --- [    Test worker] .b.t.c.SpringBootTestContextBootstrapper : Loaded default TestExecutionListener class names from location [META-INF/spring.factories]: [org.springframework.boot.test.autoconfigure.restdocs.RestDocsTestExecutionListener, org.springframework.boot.test.autoconfigure.web.client.MockRestServiceServerResetTestExecutionListener, org.springframework.boot.test.autoconfigure.web.servlet.MockMvcPrintOnlyOnFailureTestExecutionListener, org.springframework.boot.test.autoconfigure.web.servlet.WebDriverTestExecutionListener, org.springframework.boot.test.autoconfigure.webservices.client.MockWebServiceServerTestExecutionListener, org.springframework.boot.test.mock.mockito.MockitoTestExecutionListener, org.springframework.boot.test.mock.mockito.ResetMocksTestExecutionListener, org.springframework.test.context.web.ServletTestExecutionListener, org.springframework.test.context.support.DirtiesContextBeforeModesTestExecutionListener, org.springframework.test.context.event.ApplicationEventsTestExecutionListener, org.springframework.test.context.support.DependencyInjectionTestExecutionListener, org.springframework.test.context.support.DirtiesContextTestExecutionListener, org.springframework.test.context.transaction.TransactionalTestExecutionListener, org.springframework.test.context.jdbc.SqlScriptsTestExecutionListener, org.springframework.test.context.event.EventPublishingTestExecutionListener]
2022-07-13 19:16:05.047  INFO 36846 --- [    Test worker] .b.t.c.SpringBootTestContextBootstrapper : Using TestExecutionListeners: [org.springframework.test.context.web.ServletTestExecutionListener@23ec63af, org.springframework.test.context.support.DirtiesContextBeforeModesTestExecutionListener@280d6a20, org.springframework.test.context.event.ApplicationEventsTestExecutionListener@56f72909, org.springframework.boot.test.mock.mockito.MockitoTestExecutionListener@71285693, org.springframework.boot.test.autoconfigure.SpringBootDependencyInjectionTestExecutionListener@3199a202, org.springframework.test.context.support.DirtiesContextTestExecutionListener@7286827b, org.springframework.test.context.event.EventPublishingTestExecutionListener@1dd64243, org.springframework.boot.test.autoconfigure.restdocs.RestDocsTestExecutionListener@2ef913a4, org.springframework.boot.test.autoconfigure.web.client.MockRestServiceServerResetTestExecutionListener@520c3dcb, org.springframework.boot.test.autoconfigure.web.servlet.MockMvcPrintOnlyOnFailureTestExecutionListener@145fe8ab, org.springframework.boot.test.autoconfigure.web.servlet.WebDriverTestExecutionListener@3b347439, org.springframework.boot.test.autoconfigure.webservices.client.MockWebServiceServerTestExecutionListener@5d3634c8, org.springframework.boot.test.mock.mockito.ResetMocksTestExecutionListener@6e67a8c0]
2022-07-13 19:16:05.049  INFO 36846 --- [    Test worker] .b.t.c.SpringBootTestContextBootstrapper : Neither @ContextConfiguration nor @ContextHierarchy found for test class [com.globantx.cardinalevaluator.CucumberSpringConfiguration], using SpringBootContextLoader
2022-07-13 19:16:05.049  INFO 36846 --- [    Test worker] o.s.t.c.support.AbstractContextLoader    : Could not detect default resource locations for test class [com.globantx.cardinalevaluator.CucumberSpringConfiguration]: no resource found for suffixes {-context.xml, Context.groovy}.
2022-07-13 19:16:05.049  INFO 36846 --- [    Test worker] .b.t.c.SpringBootTestContextBootstrapper : Loaded default TestExecutionListener class names from location [META-INF/spring.factories]: [org.springframework.boot.test.autoconfigure.restdocs.RestDocsTestExecutionListener, org.springframework.boot.test.autoconfigure.web.client.MockRestServiceServerResetTestExecutionListener, org.springframework.boot.test.autoconfigure.web.servlet.MockMvcPrintOnlyOnFailureTestExecutionListener, org.springframework.boot.test.autoconfigure.web.servlet.WebDriverTestExecutionListener, org.springframework.boot.test.autoconfigure.webservices.client.MockWebServiceServerTestExecutionListener, org.springframework.boot.test.mock.mockito.MockitoTestExecutionListener, org.springframework.boot.test.mock.mockito.ResetMocksTestExecutionListener, org.springframework.test.context.web.ServletTestExecutionListener, org.springframework.test.context.support.DirtiesContextBeforeModesTestExecutionListener, org.springframework.test.context.event.ApplicationEventsTestExecutionListener, org.springframework.test.context.support.DependencyInjectionTestExecutionListener, org.springframework.test.context.support.DirtiesContextTestExecutionListener, org.springframework.test.context.transaction.TransactionalTestExecutionListener, org.springframework.test.context.jdbc.SqlScriptsTestExecutionListener, org.springframework.test.context.event.EventPublishingTestExecutionListener]
2022-07-13 19:16:05.050  INFO 36846 --- [    Test worker] .b.t.c.SpringBootTestContextBootstrapper : Using TestExecutionListeners: [org.springframework.test.context.web.ServletTestExecutionListener@5960f17, org.springframework.test.context.support.DirtiesContextBeforeModesTestExecutionListener@1d1b3620, org.springframework.test.context.event.ApplicationEventsTestExecutionListener@71e7c13f, org.springframework.boot.test.mock.mockito.MockitoTestExecutionListener@2295566b, org.springframework.boot.test.autoconfigure.SpringBootDependencyInjectionTestExecutionListener@174e1b99, org.springframework.test.context.support.DirtiesContextTestExecutionListener@53a09566, org.springframework.test.context.event.EventPublishingTestExecutionListener@1c815814, org.springframework.boot.test.autoconfigure.restdocs.RestDocsTestExecutionListener@14af73e1, org.springframework.boot.test.autoconfigure.web.client.MockRestServiceServerResetTestExecutionListener@73da303e, org.springframework.boot.test.autoconfigure.web.servlet.MockMvcPrintOnlyOnFailureTestExecutionListener@24068086, org.springframework.boot.test.autoconfigure.web.servlet.WebDriverTestExecutionListener@32513dea, org.springframework.boot.test.autoconfigure.webservices.client.MockWebServiceServerTestExecutionListener@5d0e703a, org.springframework.boot.test.mock.mockito.ResetMocksTestExecutionListener@7f77e065]
2022-07-13 19:16:05.051  INFO 36846 --- [    Test worker] .b.t.c.SpringBootTestContextBootstrapper : Neither @ContextConfiguration nor @ContextHierarchy found for test class [com.globantx.cardinalevaluator.CucumberSpringConfiguration], using SpringBootContextLoader
2022-07-13 19:16:05.051  INFO 36846 --- [    Test worker] o.s.t.c.support.AbstractContextLoader    : Could not detect default resource locations for test class [com.globantx.cardinalevaluator.CucumberSpringConfiguration]: no resource found for suffixes {-context.xml, Context.groovy}.
2022-07-13 19:16:05.053  INFO 36846 --- [    Test worker] .b.t.c.SpringBootTestContextBootstrapper : Loaded default TestExecutionListener class names from location [META-INF/spring.factories]: [org.springframework.boot.test.autoconfigure.restdocs.RestDocsTestExecutionListener, org.springframework.boot.test.autoconfigure.web.client.MockRestServiceServerResetTestExecutionListener, org.springframework.boot.test.autoconfigure.web.servlet.MockMvcPrintOnlyOnFailureTestExecutionListener, org.springframework.boot.test.autoconfigure.web.servlet.WebDriverTestExecutionListener, org.springframework.boot.test.autoconfigure.webservices.client.MockWebServiceServerTestExecutionListener, org.springframework.boot.test.mock.mockito.MockitoTestExecutionListener, org.springframework.boot.test.mock.mockito.ResetMocksTestExecutionListener, org.springframework.test.context.web.ServletTestExecutionListener, org.springframework.test.context.support.DirtiesContextBeforeModesTestExecutionListener, org.springframework.test.context.event.ApplicationEventsTestExecutionListener, org.springframework.test.context.support.DependencyInjectionTestExecutionListener, org.springframework.test.context.support.DirtiesContextTestExecutionListener, org.springframework.test.context.transaction.TransactionalTestExecutionListener, org.springframework.test.context.jdbc.SqlScriptsTestExecutionListener, org.springframework.test.context.event.EventPublishingTestExecutionListener]
2022-07-13 19:16:05.054  INFO 36846 --- [    Test worker] .b.t.c.SpringBootTestContextBootstrapper : Using TestExecutionListeners: [org.springframework.test.context.web.ServletTestExecutionListener@6f655dbd, org.springframework.test.context.support.DirtiesContextBeforeModesTestExecutionListener@546083d6, org.springframework.test.context.event.ApplicationEventsTestExecutionListener@7ac1b6c0, org.springframework.boot.test.mock.mockito.MockitoTestExecutionListener@3a751535, org.springframework.boot.test.autoconfigure.SpringBootDependencyInjectionTestExecutionListener@7fb82f73, org.springframework.test.context.support.DirtiesContextTestExecutionListener@2f166d61, org.springframework.test.context.event.EventPublishingTestExecutionListener@5896b9f5, org.springframework.boot.test.autoconfigure.restdocs.RestDocsTestExecutionListener@4ad8d36f, org.springframework.boot.test.autoconfigure.web.client.MockRestServiceServerResetTestExecutionListener@74a5bef0, org.springframework.boot.test.autoconfigure.web.servlet.MockMvcPrintOnlyOnFailureTestExecutionListener@68c4a860, org.springframework.boot.test.autoconfigure.web.servlet.WebDriverTestExecutionListener@570ed9c, org.springframework.boot.test.autoconfigure.webservices.client.MockWebServiceServerTestExecutionListener@93f15f6, org.springframework.boot.test.mock.mockito.ResetMocksTestExecutionListener@5034681f]
2022-07-13 19:16:05.055  INFO 36846 --- [    Test worker] .b.t.c.SpringBootTestContextBootstrapper : Neither @ContextConfiguration nor @ContextHierarchy found for test class [com.globantx.cardinalevaluator.CucumberSpringConfiguration], using SpringBootContextLoader
2022-07-13 19:16:05.055  INFO 36846 --- [    Test worker] o.s.t.c.support.AbstractContextLoader    : Could not detect default resource locations for test class [com.globantx.cardinalevaluator.CucumberSpringConfiguration]: no resource found for suffixes {-context.xml, Context.groovy}.
2022-07-13 19:16:05.056  INFO 36846 --- [    Test worker] .b.t.c.SpringBootTestContextBootstrapper : Loaded default TestExecutionListener class names from location [META-INF/spring.factories]: [org.springframework.boot.test.autoconfigure.restdocs.RestDocsTestExecutionListener, org.springframework.boot.test.autoconfigure.web.client.MockRestServiceServerResetTestExecutionListener, org.springframework.boot.test.autoconfigure.web.servlet.MockMvcPrintOnlyOnFailureTestExecutionListener, org.springframework.boot.test.autoconfigure.web.servlet.WebDriverTestExecutionListener, org.springframework.boot.test.autoconfigure.webservices.client.MockWebServiceServerTestExecutionListener, org.springframework.boot.test.mock.mockito.MockitoTestExecutionListener, org.springframework.boot.test.mock.mockito.ResetMocksTestExecutionListener, org.springframework.test.context.web.ServletTestExecutionListener, org.springframework.test.context.support.DirtiesContextBeforeModesTestExecutionListener, org.springframework.test.context.event.ApplicationEventsTestExecutionListener, org.springframework.test.context.support.DependencyInjectionTestExecutionListener, org.springframework.test.context.support.DirtiesContextTestExecutionListener, org.springframework.test.context.transaction.TransactionalTestExecutionListener, org.springframework.test.context.jdbc.SqlScriptsTestExecutionListener, org.springframework.test.context.event.EventPublishingTestExecutionListener]
2022-07-13 19:16:05.056  INFO 36846 --- [    Test worker] .b.t.c.SpringBootTestContextBootstrapper : Using TestExecutionListeners: [org.springframework.test.context.web.ServletTestExecutionListener@1dfe5dd1, org.springframework.test.context.support.DirtiesContextBeforeModesTestExecutionListener@1fe05fff, org.springframework.test.context.event.ApplicationEventsTestExecutionListener@6e017950, org.springframework.boot.test.mock.mockito.MockitoTestExecutionListener@1d06801f, org.springframework.boot.test.autoconfigure.SpringBootDependencyInjectionTestExecutionListener@727956bb, org.springframework.test.context.support.DirtiesContextTestExecutionListener@6ffbf0ac, org.springframework.test.context.event.EventPublishingTestExecutionListener@ad5cffa, org.springframework.boot.test.autoconfigure.restdocs.RestDocsTestExecutionListener@237aa0c7, org.springframework.boot.test.autoconfigure.web.client.MockRestServiceServerResetTestExecutionListener@1b8ee69d, org.springframework.boot.test.autoconfigure.web.servlet.MockMvcPrintOnlyOnFailureTestExecutionListener@2b400bd0, org.springframework.boot.test.autoconfigure.web.servlet.WebDriverTestExecutionListener@fceab5d, org.springframework.boot.test.autoconfigure.webservices.client.MockWebServiceServerTestExecutionListener@79445efb, org.springframework.boot.test.mock.mockito.ResetMocksTestExecutionListener@1592e540]
2022-07-13 19:16:05.058  INFO 36846 --- [    Test worker] .b.t.c.SpringBootTestContextBootstrapper : Neither @ContextConfiguration nor @ContextHierarchy found for test class [com.globantx.cardinalevaluator.CucumberSpringConfiguration], using SpringBootContextLoader
2022-07-13 19:16:05.058  INFO 36846 --- [    Test worker] o.s.t.c.support.AbstractContextLoader    : Could not detect default resource locations for test class [com.globantx.cardinalevaluator.CucumberSpringConfiguration]: no resource found for suffixes {-context.xml, Context.groovy}.
2022-07-13 19:16:05.058  INFO 36846 --- [    Test worker] .b.t.c.SpringBootTestContextBootstrapper : Loaded default TestExecutionListener class names from location [META-INF/spring.factories]: [org.springframework.boot.test.autoconfigure.restdocs.RestDocsTestExecutionListener, org.springframework.boot.test.autoconfigure.web.client.MockRestServiceServerResetTestExecutionListener, org.springframework.boot.test.autoconfigure.web.servlet.MockMvcPrintOnlyOnFailureTestExecutionListener, org.springframework.boot.test.autoconfigure.web.servlet.WebDriverTestExecutionListener, org.springframework.boot.test.autoconfigure.webservices.client.MockWebServiceServerTestExecutionListener, org.springframework.boot.test.mock.mockito.MockitoTestExecutionListener, org.springframework.boot.test.mock.mockito.ResetMocksTestExecutionListener, org.springframework.test.context.web.ServletTestExecutionListener, org.springframework.test.context.support.DirtiesContextBeforeModesTestExecutionListener, org.springframework.test.context.event.ApplicationEventsTestExecutionListener, org.springframework.test.context.support.DependencyInjectionTestExecutionListener, org.springframework.test.context.support.DirtiesContextTestExecutionListener, org.springframework.test.context.transaction.TransactionalTestExecutionListener, org.springframework.test.context.jdbc.SqlScriptsTestExecutionListener, org.springframework.test.context.event.EventPublishingTestExecutionListener]
2022-07-13 19:16:05.058  INFO 36846 --- [    Test worker] .b.t.c.SpringBootTestContextBootstrapper : Using TestExecutionListeners: [org.springframework.test.context.web.ServletTestExecutionListener@3e2772a9, org.springframework.test.context.support.DirtiesContextBeforeModesTestExecutionListener@4449b273, org.springframework.test.context.event.ApplicationEventsTestExecutionListener@1fa18f87, org.springframework.boot.test.mock.mockito.MockitoTestExecutionListener@1d9bd1d6, org.springframework.boot.test.autoconfigure.SpringBootDependencyInjectionTestExecutionListener@18ac4af6, org.springframework.test.context.support.DirtiesContextTestExecutionListener@117fb9ba, org.springframework.test.context.event.EventPublishingTestExecutionListener@2b1d1a5, org.springframework.boot.test.autoconfigure.restdocs.RestDocsTestExecutionListener@41e7a544, org.springframework.boot.test.autoconfigure.web.client.MockRestServiceServerResetTestExecutionListener@3b66ac74, org.springframework.boot.test.autoconfigure.web.servlet.MockMvcPrintOnlyOnFailureTestExecutionListener@573870cb, org.springframework.boot.test.autoconfigure.web.servlet.WebDriverTestExecutionListener@5b88af70, org.springframework.boot.test.autoconfigure.webservices.client.MockWebServiceServerTestExecutionListener@2739ecc0, org.springframework.boot.test.mock.mockito.ResetMocksTestExecutionListener@2932e15f]
2022-07-13 19:16:05.060  INFO 36846 --- [    Test worker] .b.t.c.SpringBootTestContextBootstrapper : Neither @ContextConfiguration nor @ContextHierarchy found for test class [com.globantx.cardinalevaluator.CucumberSpringConfiguration], using SpringBootContextLoader
2022-07-13 19:16:05.060  INFO 36846 --- [    Test worker] o.s.t.c.support.AbstractContextLoader    : Could not detect default resource locations for test class [com.globantx.cardinalevaluator.CucumberSpringConfiguration]: no resource found for suffixes {-context.xml, Context.groovy}.
2022-07-13 19:16:05.060  INFO 36846 --- [    Test worker] .b.t.c.SpringBootTestContextBootstrapper : Loaded default TestExecutionListener class names from location [META-INF/spring.factories]: [org.springframework.boot.test.autoconfigure.restdocs.RestDocsTestExecutionListener, org.springframework.boot.test.autoconfigure.web.client.MockRestServiceServerResetTestExecutionListener, org.springframework.boot.test.autoconfigure.web.servlet.MockMvcPrintOnlyOnFailureTestExecutionListener, org.springframework.boot.test.autoconfigure.web.servlet.WebDriverTestExecutionListener, org.springframework.boot.test.autoconfigure.webservices.client.MockWebServiceServerTestExecutionListener, org.springframework.boot.test.mock.mockito.MockitoTestExecutionListener, org.springframework.boot.test.mock.mockito.ResetMocksTestExecutionListener, org.springframework.test.context.web.ServletTestExecutionListener, org.springframework.test.context.support.DirtiesContextBeforeModesTestExecutionListener, org.springframework.test.context.event.ApplicationEventsTestExecutionListener, org.springframework.test.context.support.DependencyInjectionTestExecutionListener, org.springframework.test.context.support.DirtiesContextTestExecutionListener, org.springframework.test.context.transaction.TransactionalTestExecutionListener, org.springframework.test.context.jdbc.SqlScriptsTestExecutionListener, org.springframework.test.context.event.EventPublishingTestExecutionListener]
2022-07-13 19:16:05.060  INFO 36846 --- [    Test worker] .b.t.c.SpringBootTestContextBootstrapper : Using TestExecutionListeners: [org.springframework.test.context.web.ServletTestExecutionListener@3d98729a, org.springframework.test.context.support.DirtiesContextBeforeModesTestExecutionListener@2375a976, org.springframework.test.context.event.ApplicationEventsTestExecutionListener@4bc21e34, org.springframework.boot.test.mock.mockito.MockitoTestExecutionListener@7544260a, org.springframework.boot.test.autoconfigure.SpringBootDependencyInjectionTestExecutionListener@bb6869a, org.springframework.test.context.support.DirtiesContextTestExecutionListener@506b083, org.springframework.test.context.event.EventPublishingTestExecutionListener@5eee3da9, org.springframework.boot.test.autoconfigure.restdocs.RestDocsTestExecutionListener@ace2408, org.springframework.boot.test.autoconfigure.web.client.MockRestServiceServerResetTestExecutionListener@3573e19d, org.springframework.boot.test.autoconfigure.web.servlet.MockMvcPrintOnlyOnFailureTestExecutionListener@5c1dd18, org.springframework.boot.test.autoconfigure.web.servlet.WebDriverTestExecutionListener@2a6dbb7c, org.springframework.boot.test.autoconfigure.webservices.client.MockWebServiceServerTestExecutionListener@5178345d, org.springframework.boot.test.mock.mockito.ResetMocksTestExecutionListener@7b2d58e6]
2022-07-13 19:16:05.062  INFO 36846 --- [    Test worker] .b.t.c.SpringBootTestContextBootstrapper : Neither @ContextConfiguration nor @ContextHierarchy found for test class [com.globantx.cardinalevaluator.CucumberSpringConfiguration], using SpringBootContextLoader
2022-07-13 19:16:05.062  INFO 36846 --- [    Test worker] o.s.t.c.support.AbstractContextLoader    : Could not detect default resource locations for test class [com.globantx.cardinalevaluator.CucumberSpringConfiguration]: no resource found for suffixes {-context.xml, Context.groovy}.
2022-07-13 19:16:05.062  INFO 36846 --- [    Test worker] .b.t.c.SpringBootTestContextBootstrapper : Loaded default TestExecutionListener class names from location [META-INF/spring.factories]: [org.springframework.boot.test.autoconfigure.restdocs.RestDocsTestExecutionListener, org.springframework.boot.test.autoconfigure.web.client.MockRestServiceServerResetTestExecutionListener, org.springframework.boot.test.autoconfigure.web.servlet.MockMvcPrintOnlyOnFailureTestExecutionListener, org.springframework.boot.test.autoconfigure.web.servlet.WebDriverTestExecutionListener, org.springframework.boot.test.autoconfigure.webservices.client.MockWebServiceServerTestExecutionListener, org.springframework.boot.test.mock.mockito.MockitoTestExecutionListener, org.springframework.boot.test.mock.mockito.ResetMocksTestExecutionListener, org.springframework.test.context.web.ServletTestExecutionListener, org.springframework.test.context.support.DirtiesContextBeforeModesTestExecutionListener, org.springframework.test.context.event.ApplicationEventsTestExecutionListener, org.springframework.test.context.support.DependencyInjectionTestExecutionListener, org.springframework.test.context.support.DirtiesContextTestExecutionListener, org.springframework.test.context.transaction.TransactionalTestExecutionListener, org.springframework.test.context.jdbc.SqlScriptsTestExecutionListener, org.springframework.test.context.event.EventPublishingTestExecutionListener]
2022-07-13 19:16:05.063  INFO 36846 --- [    Test worker] .b.t.c.SpringBootTestContextBootstrapper : Using TestExecutionListeners: [org.springframework.test.context.web.ServletTestExecutionListener@708f7386, org.springframework.test.context.support.DirtiesContextBeforeModesTestExecutionListener@377e90b0, org.springframework.test.context.event.ApplicationEventsTestExecutionListener@27b490de, org.springframework.boot.test.mock.mockito.MockitoTestExecutionListener@36cf16a6, org.springframework.boot.test.autoconfigure.SpringBootDependencyInjectionTestExecutionListener@3dd750ba, org.springframework.test.context.support.DirtiesContextTestExecutionListener@7eefaca0, org.springframework.test.context.event.EventPublishingTestExecutionListener@7d5ef1c3, org.springframework.boot.test.autoconfigure.restdocs.RestDocsTestExecutionListener@33eab2e8, org.springframework.boot.test.autoconfigure.web.client.MockRestServiceServerResetTestExecutionListener@34bf66af, org.springframework.boot.test.autoconfigure.web.servlet.MockMvcPrintOnlyOnFailureTestExecutionListener@37364634, org.springframework.boot.test.autoconfigure.web.servlet.WebDriverTestExecutionListener@3dec79f8, org.springframework.boot.test.autoconfigure.webservices.client.MockWebServiceServerTestExecutionListener@5bf7f15f, org.springframework.boot.test.mock.mockito.ResetMocksTestExecutionListener@14b26e90]
2022-07-13 19:16:05.065  INFO 36846 --- [    Test worker] .b.t.c.SpringBootTestContextBootstrapper : Neither @ContextConfiguration nor @ContextHierarchy found for test class [com.globantx.cardinalevaluator.CucumberSpringConfiguration], using SpringBootContextLoader
2022-07-13 19:16:05.065  INFO 36846 --- [    Test worker] o.s.t.c.support.AbstractContextLoader    : Could not detect default resource locations for test class [com.globantx.cardinalevaluator.CucumberSpringConfiguration]: no resource found for suffixes {-context.xml, Context.groovy}.
2022-07-13 19:16:05.066  INFO 36846 --- [    Test worker] .b.t.c.SpringBootTestContextBootstrapper : Loaded default TestExecutionListener class names from location [META-INF/spring.factories]: [org.springframework.boot.test.autoconfigure.restdocs.RestDocsTestExecutionListener, org.springframework.boot.test.autoconfigure.web.client.MockRestServiceServerResetTestExecutionListener, org.springframework.boot.test.autoconfigure.web.servlet.MockMvcPrintOnlyOnFailureTestExecutionListener, org.springframework.boot.test.autoconfigure.web.servlet.WebDriverTestExecutionListener, org.springframework.boot.test.autoconfigure.webservices.client.MockWebServiceServerTestExecutionListener, org.springframework.boot.test.mock.mockito.MockitoTestExecutionListener, org.springframework.boot.test.mock.mockito.ResetMocksTestExecutionListener, org.springframework.test.context.web.ServletTestExecutionListener, org.springframework.test.context.support.DirtiesContextBeforeModesTestExecutionListener, org.springframework.test.context.event.ApplicationEventsTestExecutionListener, org.springframework.test.context.support.DependencyInjectionTestExecutionListener, org.springframework.test.context.support.DirtiesContextTestExecutionListener, org.springframework.test.context.transaction.TransactionalTestExecutionListener, org.springframework.test.context.jdbc.SqlScriptsTestExecutionListener, org.springframework.test.context.event.EventPublishingTestExecutionListener]
2022-07-13 19:16:05.066  INFO 36846 --- [    Test worker] .b.t.c.SpringBootTestContextBootstrapper : Using TestExecutionListeners: [org.springframework.test.context.web.ServletTestExecutionListener@2bd4780c, org.springframework.test.context.support.DirtiesContextBeforeModesTestExecutionListener@2c154508, org.springframework.test.context.event.ApplicationEventsTestExecutionListener@395eb363, org.springframework.boot.test.mock.mockito.MockitoTestExecutionListener@1e194966, org.springframework.boot.test.autoconfigure.SpringBootDependencyInjectionTestExecutionListener@160546b1, org.springframework.test.context.support.DirtiesContextTestExecutionListener@103e7c7c, org.springframework.test.context.event.EventPublishingTestExecutionListener@5c3710b3, org.springframework.boot.test.autoconfigure.restdocs.RestDocsTestExecutionListener@8b1202a, org.springframework.boot.test.autoconfigure.web.client.MockRestServiceServerResetTestExecutionListener@34bddf43, org.springframework.boot.test.autoconfigure.web.servlet.MockMvcPrintOnlyOnFailureTestExecutionListener@57839834, org.springframework.boot.test.autoconfigure.web.servlet.WebDriverTestExecutionListener@3355b8ff, org.springframework.boot.test.autoconfigure.webservices.client.MockWebServiceServerTestExecutionListener@32646ecf, org.springframework.boot.test.mock.mockito.ResetMocksTestExecutionListener@68f9e807]
2022-07-13 19:16:05.068  INFO 36846 --- [    Test worker] .b.t.c.SpringBootTestContextBootstrapper : Neither @ContextConfiguration nor @ContextHierarchy found for test class [com.globantx.cardinalevaluator.CucumberSpringConfiguration], using SpringBootContextLoader
2022-07-13 19:16:05.068  INFO 36846 --- [    Test worker] o.s.t.c.support.AbstractContextLoader    : Could not detect default resource locations for test class [com.globantx.cardinalevaluator.CucumberSpringConfiguration]: no resource found for suffixes {-context.xml, Context.groovy}.
2022-07-13 19:16:05.068  INFO 36846 --- [    Test worker] .b.t.c.SpringBootTestContextBootstrapper : Loaded default TestExecutionListener class names from location [META-INF/spring.factories]: [org.springframework.boot.test.autoconfigure.restdocs.RestDocsTestExecutionListener, org.springframework.boot.test.autoconfigure.web.client.MockRestServiceServerResetTestExecutionListener, org.springframework.boot.test.autoconfigure.web.servlet.MockMvcPrintOnlyOnFailureTestExecutionListener, org.springframework.boot.test.autoconfigure.web.servlet.WebDriverTestExecutionListener, org.springframework.boot.test.autoconfigure.webservices.client.MockWebServiceServerTestExecutionListener, org.springframework.boot.test.mock.mockito.MockitoTestExecutionListener, org.springframework.boot.test.mock.mockito.ResetMocksTestExecutionListener, org.springframework.test.context.web.ServletTestExecutionListener, org.springframework.test.context.support.DirtiesContextBeforeModesTestExecutionListener, org.springframework.test.context.event.ApplicationEventsTestExecutionListener, org.springframework.test.context.support.DependencyInjectionTestExecutionListener, org.springframework.test.context.support.DirtiesContextTestExecutionListener, org.springframework.test.context.transaction.TransactionalTestExecutionListener, org.springframework.test.context.jdbc.SqlScriptsTestExecutionListener, org.springframework.test.context.event.EventPublishingTestExecutionListener]
2022-07-13 19:16:05.068  INFO 36846 --- [    Test worker] .b.t.c.SpringBootTestContextBootstrapper : Using TestExecutionListeners: [org.springframework.test.context.web.ServletTestExecutionListener@23708f14, org.springframework.test.context.support.DirtiesContextBeforeModesTestExecutionListener@3dfc59c5, org.springframework.test.context.event.ApplicationEventsTestExecutionListener@2cff5aa3, org.springframework.boot.test.mock.mockito.MockitoTestExecutionListener@b6136eb, org.springframework.boot.test.autoconfigure.SpringBootDependencyInjectionTestExecutionListener@2cce10bc, org.springframework.test.context.support.DirtiesContextTestExecutionListener@73234691, org.springframework.test.context.event.EventPublishingTestExecutionListener@25df2014, org.springframework.boot.test.autoconfigure.restdocs.RestDocsTestExecutionListener@270b8c2a, org.springframework.boot.test.autoconfigure.web.client.MockRestServiceServerResetTestExecutionListener@7b9c2387, org.springframework.boot.test.autoconfigure.web.servlet.MockMvcPrintOnlyOnFailureTestExecutionListener@12e2f5ab, org.springframework.boot.test.autoconfigure.web.servlet.WebDriverTestExecutionListener@4e61a863, org.springframework.boot.test.autoconfigure.webservices.client.MockWebServiceServerTestExecutionListener@35f01759, org.springframework.boot.test.mock.mockito.ResetMocksTestExecutionListener@2fea9a7b]
2022-07-13 19:16:05.070  INFO 36846 --- [    Test worker] .b.t.c.SpringBootTestContextBootstrapper : Neither @ContextConfiguration nor @ContextHierarchy found for test class [com.globantx.cardinalevaluator.CucumberSpringConfiguration], using SpringBootContextLoader
2022-07-13 19:16:05.070  INFO 36846 --- [    Test worker] o.s.t.c.support.AbstractContextLoader    : Could not detect default resource locations for test class [com.globantx.cardinalevaluator.CucumberSpringConfiguration]: no resource found for suffixes {-context.xml, Context.groovy}.
2022-07-13 19:16:05.071  INFO 36846 --- [    Test worker] .b.t.c.SpringBootTestContextBootstrapper : Loaded default TestExecutionListener class names from location [META-INF/spring.factories]: [org.springframework.boot.test.autoconfigure.restdocs.RestDocsTestExecutionListener, org.springframework.boot.test.autoconfigure.web.client.MockRestServiceServerResetTestExecutionListener, org.springframework.boot.test.autoconfigure.web.servlet.MockMvcPrintOnlyOnFailureTestExecutionListener, org.springframework.boot.test.autoconfigure.web.servlet.WebDriverTestExecutionListener, org.springframework.boot.test.autoconfigure.webservices.client.MockWebServiceServerTestExecutionListener, org.springframework.boot.test.mock.mockito.MockitoTestExecutionListener, org.springframework.boot.test.mock.mockito.ResetMocksTestExecutionListener, org.springframework.test.context.web.ServletTestExecutionListener, org.springframework.test.context.support.DirtiesContextBeforeModesTestExecutionListener, org.springframework.test.context.event.ApplicationEventsTestExecutionListener, org.springframework.test.context.support.DependencyInjectionTestExecutionListener, org.springframework.test.context.support.DirtiesContextTestExecutionListener, org.springframework.test.context.transaction.TransactionalTestExecutionListener, org.springframework.test.context.jdbc.SqlScriptsTestExecutionListener, org.springframework.test.context.event.EventPublishingTestExecutionListener]
2022-07-13 19:16:05.071  INFO 36846 --- [    Test worker] .b.t.c.SpringBootTestContextBootstrapper : Using TestExecutionListeners: [org.springframework.test.context.web.ServletTestExecutionListener@2aa07d80, org.springframework.test.context.support.DirtiesContextBeforeModesTestExecutionListener@69c1ea07, org.springframework.test.context.event.ApplicationEventsTestExecutionListener@5cbe72b9, org.springframework.boot.test.mock.mockito.MockitoTestExecutionListener@27fc0217, org.springframework.boot.test.autoconfigure.SpringBootDependencyInjectionTestExecutionListener@e993715, org.springframework.test.context.support.DirtiesContextTestExecutionListener@686e7513, org.springframework.test.context.event.EventPublishingTestExecutionListener@47eae91d, org.springframework.boot.test.autoconfigure.restdocs.RestDocsTestExecutionListener@c1a74d, org.springframework.boot.test.autoconfigure.web.client.MockRestServiceServerResetTestExecutionListener@472719df, org.springframework.boot.test.autoconfigure.web.servlet.MockMvcPrintOnlyOnFailureTestExecutionListener@5cfa2ac5, org.springframework.boot.test.autoconfigure.web.servlet.WebDriverTestExecutionListener@4cc89246, org.springframework.boot.test.autoconfigure.webservices.client.MockWebServiceServerTestExecutionListener@413eaf5d, org.springframework.boot.test.mock.mockito.ResetMocksTestExecutionListener@3e28af44]
2022-07-13 19:16:05.074  INFO 36846 --- [    Test worker] .b.t.c.SpringBootTestContextBootstrapper : Neither @ContextConfiguration nor @ContextHierarchy found for test class [com.globantx.cardinalevaluator.CucumberSpringConfiguration], using SpringBootContextLoader
2022-07-13 19:16:05.074  INFO 36846 --- [    Test worker] o.s.t.c.support.AbstractContextLoader    : Could not detect default resource locations for test class [com.globantx.cardinalevaluator.CucumberSpringConfiguration]: no resource found for suffixes {-context.xml, Context.groovy}.
2022-07-13 19:16:05.074  INFO 36846 --- [    Test worker] .b.t.c.SpringBootTestContextBootstrapper : Loaded default TestExecutionListener class names from location [META-INF/spring.factories]: [org.springframework.boot.test.autoconfigure.restdocs.RestDocsTestExecutionListener, org.springframework.boot.test.autoconfigure.web.client.MockRestServiceServerResetTestExecutionListener, org.springframework.boot.test.autoconfigure.web.servlet.MockMvcPrintOnlyOnFailureTestExecutionListener, org.springframework.boot.test.autoconfigure.web.servlet.WebDriverTestExecutionListener, org.springframework.boot.test.autoconfigure.webservices.client.MockWebServiceServerTestExecutionListener, org.springframework.boot.test.mock.mockito.MockitoTestExecutionListener, org.springframework.boot.test.mock.mockito.ResetMocksTestExecutionListener, org.springframework.test.context.web.ServletTestExecutionListener, org.springframework.test.context.support.DirtiesContextBeforeModesTestExecutionListener, org.springframework.test.context.event.ApplicationEventsTestExecutionListener, org.springframework.test.context.support.DependencyInjectionTestExecutionListener, org.springframework.test.context.support.DirtiesContextTestExecutionListener, org.springframework.test.context.transaction.TransactionalTestExecutionListener, org.springframework.test.context.jdbc.SqlScriptsTestExecutionListener, org.springframework.test.context.event.EventPublishingTestExecutionListener]
2022-07-13 19:16:05.075  INFO 36846 --- [    Test worker] .b.t.c.SpringBootTestContextBootstrapper : Using TestExecutionListeners: [org.springframework.test.context.web.ServletTestExecutionListener@33891646, org.springframework.test.context.support.DirtiesContextBeforeModesTestExecutionListener@3bdbf8d3, org.springframework.test.context.event.ApplicationEventsTestExecutionListener@f2becb2, org.springframework.boot.test.mock.mockito.MockitoTestExecutionListener@7482309c, org.springframework.boot.test.autoconfigure.SpringBootDependencyInjectionTestExecutionListener@f42336c, org.springframework.test.context.support.DirtiesContextTestExecutionListener@6b3b4f37, org.springframework.test.context.event.EventPublishingTestExecutionListener@3b25709e, org.springframework.boot.test.autoconfigure.restdocs.RestDocsTestExecutionListener@5ec6a1b6, org.springframework.boot.test.autoconfigure.web.client.MockRestServiceServerResetTestExecutionListener@40013051, org.springframework.boot.test.autoconfigure.web.servlet.MockMvcPrintOnlyOnFailureTestExecutionListener@71f29d91, org.springframework.boot.test.autoconfigure.web.servlet.WebDriverTestExecutionListener@6143b2b1, org.springframework.boot.test.autoconfigure.webservices.client.MockWebServiceServerTestExecutionListener@a63643e, org.springframework.boot.test.mock.mockito.ResetMocksTestExecutionListener@43294e9b]
2022-07-13 19:16:05.076  INFO 36846 --- [    Test worker] .b.t.c.SpringBootTestContextBootstrapper : Neither @ContextConfiguration nor @ContextHierarchy found for test class [com.globantx.cardinalevaluator.CucumberSpringConfiguration], using SpringBootContextLoader
2022-07-13 19:16:05.076  INFO 36846 --- [    Test worker] o.s.t.c.support.AbstractContextLoader    : Could not detect default resource locations for test class [com.globantx.cardinalevaluator.CucumberSpringConfiguration]: no resource found for suffixes {-context.xml, Context.groovy}.
2022-07-13 19:16:05.077  INFO 36846 --- [    Test worker] .b.t.c.SpringBootTestContextBootstrapper : Loaded default TestExecutionListener class names from location [META-INF/spring.factories]: [org.springframework.boot.test.autoconfigure.restdocs.RestDocsTestExecutionListener, org.springframework.boot.test.autoconfigure.web.client.MockRestServiceServerResetTestExecutionListener, org.springframework.boot.test.autoconfigure.web.servlet.MockMvcPrintOnlyOnFailureTestExecutionListener, org.springframework.boot.test.autoconfigure.web.servlet.WebDriverTestExecutionListener, org.springframework.boot.test.autoconfigure.webservices.client.MockWebServiceServerTestExecutionListener, org.springframework.boot.test.mock.mockito.MockitoTestExecutionListener, org.springframework.boot.test.mock.mockito.ResetMocksTestExecutionListener, org.springframework.test.context.web.ServletTestExecutionListener, org.springframework.test.context.support.DirtiesContextBeforeModesTestExecutionListener, org.springframework.test.context.event.ApplicationEventsTestExecutionListener, org.springframework.test.context.support.DependencyInjectionTestExecutionListener, org.springframework.test.context.support.DirtiesContextTestExecutionListener, org.springframework.test.context.transaction.TransactionalTestExecutionListener, org.springframework.test.context.jdbc.SqlScriptsTestExecutionListener, org.springframework.test.context.event.EventPublishingTestExecutionListener]
2022-07-13 19:16:05.077  INFO 36846 --- [    Test worker] .b.t.c.SpringBootTestContextBootstrapper : Using TestExecutionListeners: [org.springframework.test.context.web.ServletTestExecutionListener@26d24d7a, org.springframework.test.context.support.DirtiesContextBeforeModesTestExecutionListener@5a78b52b, org.springframework.test.context.event.ApplicationEventsTestExecutionListener@4bab78ce, org.springframework.boot.test.mock.mockito.MockitoTestExecutionListener@42ffbab6, org.springframework.boot.test.autoconfigure.SpringBootDependencyInjectionTestExecutionListener@7672960e, org.springframework.test.context.support.DirtiesContextTestExecutionListener@69bca406, org.springframework.test.context.event.EventPublishingTestExecutionListener@79c1ccf7, org.springframework.boot.test.autoconfigure.restdocs.RestDocsTestExecutionListener@4654e373, org.springframework.boot.test.autoconfigure.web.client.MockRestServiceServerResetTestExecutionListener@2474df51, org.springframework.boot.test.autoconfigure.web.servlet.MockMvcPrintOnlyOnFailureTestExecutionListener@2864d34d, org.springframework.boot.test.autoconfigure.web.servlet.WebDriverTestExecutionListener@5fb514c2, org.springframework.boot.test.autoconfigure.webservices.client.MockWebServiceServerTestExecutionListener@3e9b3b3c, org.springframework.boot.test.mock.mockito.ResetMocksTestExecutionListener@3c97f5e9]
2022-07-13 19:16:05.079  INFO 36846 --- [    Test worker] .b.t.c.SpringBootTestContextBootstrapper : Neither @ContextConfiguration nor @ContextHierarchy found for test class [com.globantx.cardinalevaluator.CucumberSpringConfiguration], using SpringBootContextLoader
2022-07-13 19:16:05.079  INFO 36846 --- [    Test worker] o.s.t.c.support.AbstractContextLoader    : Could not detect default resource locations for test class [com.globantx.cardinalevaluator.CucumberSpringConfiguration]: no resource found for suffixes {-context.xml, Context.groovy}.
2022-07-13 19:16:05.080  INFO 36846 --- [    Test worker] .b.t.c.SpringBootTestContextBootstrapper : Loaded default TestExecutionListener class names from location [META-INF/spring.factories]: [org.springframework.boot.test.autoconfigure.restdocs.RestDocsTestExecutionListener, org.springframework.boot.test.autoconfigure.web.client.MockRestServiceServerResetTestExecutionListener, org.springframework.boot.test.autoconfigure.web.servlet.MockMvcPrintOnlyOnFailureTestExecutionListener, org.springframework.boot.test.autoconfigure.web.servlet.WebDriverTestExecutionListener, org.springframework.boot.test.autoconfigure.webservices.client.MockWebServiceServerTestExecutionListener, org.springframework.boot.test.mock.mockito.MockitoTestExecutionListener, org.springframework.boot.test.mock.mockito.ResetMocksTestExecutionListener, org.springframework.test.context.web.ServletTestExecutionListener, org.springframework.test.context.support.DirtiesContextBeforeModesTestExecutionListener, org.springframework.test.context.event.ApplicationEventsTestExecutionListener, org.springframework.test.context.support.DependencyInjectionTestExecutionListener, org.springframework.test.context.support.DirtiesContextTestExecutionListener, org.springframework.test.context.transaction.TransactionalTestExecutionListener, org.springframework.test.context.jdbc.SqlScriptsTestExecutionListener, org.springframework.test.context.event.EventPublishingTestExecutionListener]
2022-07-13 19:16:05.080  INFO 36846 --- [    Test worker] .b.t.c.SpringBootTestContextBootstrapper : Using TestExecutionListeners: [org.springframework.test.context.web.ServletTestExecutionListener@32e7b78d, org.springframework.test.context.support.DirtiesContextBeforeModesTestExecutionListener@4583b617, org.springframework.test.context.event.ApplicationEventsTestExecutionListener@22a63740, org.springframework.boot.test.mock.mockito.MockitoTestExecutionListener@211da640, org.springframework.boot.test.autoconfigure.SpringBootDependencyInjectionTestExecutionListener@2ec92631, org.springframework.test.context.support.DirtiesContextTestExecutionListener@76220ef1, org.springframework.test.context.event.EventPublishingTestExecutionListener@65ad2b42, org.springframework.boot.test.autoconfigure.restdocs.RestDocsTestExecutionListener@294ebe11, org.springframework.boot.test.autoconfigure.web.client.MockRestServiceServerResetTestExecutionListener@4e51eda7, org.springframework.boot.test.autoconfigure.web.servlet.MockMvcPrintOnlyOnFailureTestExecutionListener@2862271a, org.springframework.boot.test.autoconfigure.web.servlet.WebDriverTestExecutionListener@2419fe6f, org.springframework.boot.test.autoconfigure.webservices.client.MockWebServiceServerTestExecutionListener@78fb72cb, org.springframework.boot.test.mock.mockito.ResetMocksTestExecutionListener@398694a6]
2022-07-13 19:16:05.082  INFO 36846 --- [    Test worker] .b.t.c.SpringBootTestContextBootstrapper : Neither @ContextConfiguration nor @ContextHierarchy found for test class [com.globantx.cardinalevaluator.CucumberSpringConfiguration], using SpringBootContextLoader
2022-07-13 19:16:05.082  INFO 36846 --- [    Test worker] o.s.t.c.support.AbstractContextLoader    : Could not detect default resource locations for test class [com.globantx.cardinalevaluator.CucumberSpringConfiguration]: no resource found for suffixes {-context.xml, Context.groovy}.
2022-07-13 19:16:05.082  INFO 36846 --- [    Test worker] .b.t.c.SpringBootTestContextBootstrapper : Loaded default TestExecutionListener class names from location [META-INF/spring.factories]: [org.springframework.boot.test.autoconfigure.restdocs.RestDocsTestExecutionListener, org.springframework.boot.test.autoconfigure.web.client.MockRestServiceServerResetTestExecutionListener, org.springframework.boot.test.autoconfigure.web.servlet.MockMvcPrintOnlyOnFailureTestExecutionListener, org.springframework.boot.test.autoconfigure.web.servlet.WebDriverTestExecutionListener, org.springframework.boot.test.autoconfigure.webservices.client.MockWebServiceServerTestExecutionListener, org.springframework.boot.test.mock.mockito.MockitoTestExecutionListener, org.springframework.boot.test.mock.mockito.ResetMocksTestExecutionListener, org.springframework.test.context.web.ServletTestExecutionListener, org.springframework.test.context.support.DirtiesContextBeforeModesTestExecutionListener, org.springframework.test.context.event.ApplicationEventsTestExecutionListener, org.springframework.test.context.support.DependencyInjectionTestExecutionListener, org.springframework.test.context.support.DirtiesContextTestExecutionListener, org.springframework.test.context.transaction.TransactionalTestExecutionListener, org.springframework.test.context.jdbc.SqlScriptsTestExecutionListener, org.springframework.test.context.event.EventPublishingTestExecutionListener]
2022-07-13 19:16:05.082  INFO 36846 --- [    Test worker] .b.t.c.SpringBootTestContextBootstrapper : Using TestExecutionListeners: [org.springframework.test.context.web.ServletTestExecutionListener@653e7b, org.springframework.test.context.support.DirtiesContextBeforeModesTestExecutionListener@6b64429e, org.springframework.test.context.event.ApplicationEventsTestExecutionListener@48aa0813, org.springframework.boot.test.mock.mockito.MockitoTestExecutionListener@45849604, org.springframework.boot.test.autoconfigure.SpringBootDependencyInjectionTestExecutionListener@6cbbfe29, org.springframework.test.context.support.DirtiesContextTestExecutionListener@25823192, org.springframework.test.context.event.EventPublishingTestExecutionListener@3df04fa1, org.springframework.boot.test.autoconfigure.restdocs.RestDocsTestExecutionListener@5c25daad, org.springframework.boot.test.autoconfigure.web.client.MockRestServiceServerResetTestExecutionListener@6fdc2db6, org.springframework.boot.test.autoconfigure.web.servlet.MockMvcPrintOnlyOnFailureTestExecutionListener@5be69f7e, org.springframework.boot.test.autoconfigure.web.servlet.WebDriverTestExecutionListener@64544ee4, org.springframework.boot.test.autoconfigure.webservices.client.MockWebServiceServerTestExecutionListener@16d61071, org.springframework.boot.test.mock.mockito.ResetMocksTestExecutionListener@18692e80]
2022-07-13 19:16:05.084  INFO 36846 --- [    Test worker] .b.t.c.SpringBootTestContextBootstrapper : Neither @ContextConfiguration nor @ContextHierarchy found for test class [com.globantx.cardinalevaluator.CucumberSpringConfiguration], using SpringBootContextLoader
2022-07-13 19:16:05.084  INFO 36846 --- [    Test worker] o.s.t.c.support.AbstractContextLoader    : Could not detect default resource locations for test class [com.globantx.cardinalevaluator.CucumberSpringConfiguration]: no resource found for suffixes {-context.xml, Context.groovy}.
2022-07-13 19:16:05.084  INFO 36846 --- [    Test worker] .b.t.c.SpringBootTestContextBootstrapper : Loaded default TestExecutionListener class names from location [META-INF/spring.factories]: [org.springframework.boot.test.autoconfigure.restdocs.RestDocsTestExecutionListener, org.springframework.boot.test.autoconfigure.web.client.MockRestServiceServerResetTestExecutionListener, org.springframework.boot.test.autoconfigure.web.servlet.MockMvcPrintOnlyOnFailureTestExecutionListener, org.springframework.boot.test.autoconfigure.web.servlet.WebDriverTestExecutionListener, org.springframework.boot.test.autoconfigure.webservices.client.MockWebServiceServerTestExecutionListener, org.springframework.boot.test.mock.mockito.MockitoTestExecutionListener, org.springframework.boot.test.mock.mockito.ResetMocksTestExecutionListener, org.springframework.test.context.web.ServletTestExecutionListener, org.springframework.test.context.support.DirtiesContextBeforeModesTestExecutionListener, org.springframework.test.context.event.ApplicationEventsTestExecutionListener, org.springframework.test.context.support.DependencyInjectionTestExecutionListener, org.springframework.test.context.support.DirtiesContextTestExecutionListener, org.springframework.test.context.transaction.TransactionalTestExecutionListener, org.springframework.test.context.jdbc.SqlScriptsTestExecutionListener, org.springframework.test.context.event.EventPublishingTestExecutionListener]
2022-07-13 19:16:05.084  INFO 36846 --- [    Test worker] .b.t.c.SpringBootTestContextBootstrapper : Using TestExecutionListeners: [org.springframework.test.context.web.ServletTestExecutionListener@779b4f9c, org.springframework.test.context.support.DirtiesContextBeforeModesTestExecutionListener@31fe0ce5, org.springframework.test.context.event.ApplicationEventsTestExecutionListener@178dc733, org.springframework.boot.test.mock.mockito.MockitoTestExecutionListener@4641f66c, org.springframework.boot.test.autoconfigure.SpringBootDependencyInjectionTestExecutionListener@6b0ba697, org.springframework.test.context.support.DirtiesContextTestExecutionListener@2a531637, org.springframework.test.context.event.EventPublishingTestExecutionListener@539ee811, org.springframework.boot.test.autoconfigure.restdocs.RestDocsTestExecutionListener@1aa59698, org.springframework.boot.test.autoconfigure.web.client.MockRestServiceServerResetTestExecutionListener@2cacb445, org.springframework.boot.test.autoconfigure.web.servlet.MockMvcPrintOnlyOnFailureTestExecutionListener@1e7cfd49, org.springframework.boot.test.autoconfigure.web.servlet.WebDriverTestExecutionListener@3a8640f7, org.springframework.boot.test.autoconfigure.webservices.client.MockWebServiceServerTestExecutionListener@ca10069, org.springframework.boot.test.mock.mockito.ResetMocksTestExecutionListener@45e69324]
2022-07-13 19:16:05.086  INFO 36846 --- [    Test worker] .b.t.c.SpringBootTestContextBootstrapper : Neither @ContextConfiguration nor @ContextHierarchy found for test class [com.globantx.cardinalevaluator.CucumberSpringConfiguration], using SpringBootContextLoader
2022-07-13 19:16:05.086  INFO 36846 --- [    Test worker] o.s.t.c.support.AbstractContextLoader    : Could not detect default resource locations for test class [com.globantx.cardinalevaluator.CucumberSpringConfiguration]: no resource found for suffixes {-context.xml, Context.groovy}.
2022-07-13 19:16:05.087  INFO 36846 --- [    Test worker] .b.t.c.SpringBootTestContextBootstrapper : Loaded default TestExecutionListener class names from location [META-INF/spring.factories]: [org.springframework.boot.test.autoconfigure.restdocs.RestDocsTestExecutionListener, org.springframework.boot.test.autoconfigure.web.client.MockRestServiceServerResetTestExecutionListener, org.springframework.boot.test.autoconfigure.web.servlet.MockMvcPrintOnlyOnFailureTestExecutionListener, org.springframework.boot.test.autoconfigure.web.servlet.WebDriverTestExecutionListener, org.springframework.boot.test.autoconfigure.webservices.client.MockWebServiceServerTestExecutionListener, org.springframework.boot.test.mock.mockito.MockitoTestExecutionListener, org.springframework.boot.test.mock.mockito.ResetMocksTestExecutionListener, org.springframework.test.context.web.ServletTestExecutionListener, org.springframework.test.context.support.DirtiesContextBeforeModesTestExecutionListener, org.springframework.test.context.event.ApplicationEventsTestExecutionListener, org.springframework.test.context.support.DependencyInjectionTestExecutionListener, org.springframework.test.context.support.DirtiesContextTestExecutionListener, org.springframework.test.context.transaction.TransactionalTestExecutionListener, org.springframework.test.context.jdbc.SqlScriptsTestExecutionListener, org.springframework.test.context.event.EventPublishingTestExecutionListener]
2022-07-13 19:16:05.087  INFO 36846 --- [    Test worker] .b.t.c.SpringBootTestContextBootstrapper : Using TestExecutionListeners: [org.springframework.test.context.web.ServletTestExecutionListener@3c89b864, org.springframework.test.context.support.DirtiesContextBeforeModesTestExecutionListener@3400d6fa, org.springframework.test.context.event.ApplicationEventsTestExecutionListener@30a62a5b, org.springframework.boot.test.mock.mockito.MockitoTestExecutionListener@41a8f0d8, org.springframework.boot.test.autoconfigure.SpringBootDependencyInjectionTestExecutionListener@30133a11, org.springframework.test.context.support.DirtiesContextTestExecutionListener@2168def, org.springframework.test.context.event.EventPublishingTestExecutionListener@3639b04, org.springframework.boot.test.autoconfigure.restdocs.RestDocsTestExecutionListener@5cb8580, org.springframework.boot.test.autoconfigure.web.client.MockRestServiceServerResetTestExecutionListener@2ca1e49a, org.springframework.boot.test.autoconfigure.web.servlet.MockMvcPrintOnlyOnFailureTestExecutionListener@1aee6d14, org.springframework.boot.test.autoconfigure.web.servlet.WebDriverTestExecutionListener@54a6ef6, org.springframework.boot.test.autoconfigure.webservices.client.MockWebServiceServerTestExecutionListener@5c740c5a, org.springframework.boot.test.mock.mockito.ResetMocksTestExecutionListener@7fd2a67a]
2022-07-13 19:16:05.088  INFO 36846 --- [    Test worker] .b.t.c.SpringBootTestContextBootstrapper : Neither @ContextConfiguration nor @ContextHierarchy found for test class [com.globantx.cardinalevaluator.CucumberSpringConfiguration], using SpringBootContextLoader
2022-07-13 19:16:05.088  INFO 36846 --- [    Test worker] o.s.t.c.support.AbstractContextLoader    : Could not detect default resource locations for test class [com.globantx.cardinalevaluator.CucumberSpringConfiguration]: no resource found for suffixes {-context.xml, Context.groovy}.
2022-07-13 19:16:05.089  INFO 36846 --- [    Test worker] .b.t.c.SpringBootTestContextBootstrapper : Loaded default TestExecutionListener class names from location [META-INF/spring.factories]: [org.springframework.boot.test.autoconfigure.restdocs.RestDocsTestExecutionListener, org.springframework.boot.test.autoconfigure.web.client.MockRestServiceServerResetTestExecutionListener, org.springframework.boot.test.autoconfigure.web.servlet.MockMvcPrintOnlyOnFailureTestExecutionListener, org.springframework.boot.test.autoconfigure.web.servlet.WebDriverTestExecutionListener, org.springframework.boot.test.autoconfigure.webservices.client.MockWebServiceServerTestExecutionListener, org.springframework.boot.test.mock.mockito.MockitoTestExecutionListener, org.springframework.boot.test.mock.mockito.ResetMocksTestExecutionListener, org.springframework.test.context.web.ServletTestExecutionListener, org.springframework.test.context.support.DirtiesContextBeforeModesTestExecutionListener, org.springframework.test.context.event.ApplicationEventsTestExecutionListener, org.springframework.test.context.support.DependencyInjectionTestExecutionListener, org.springframework.test.context.support.DirtiesContextTestExecutionListener, org.springframework.test.context.transaction.TransactionalTestExecutionListener, org.springframework.test.context.jdbc.SqlScriptsTestExecutionListener, org.springframework.test.context.event.EventPublishingTestExecutionListener]
2022-07-13 19:16:05.089  INFO 36846 --- [    Test worker] .b.t.c.SpringBootTestContextBootstrapper : Using TestExecutionListeners: [org.springframework.test.context.web.ServletTestExecutionListener@163df259, org.springframework.test.context.support.DirtiesContextBeforeModesTestExecutionListener@405603b6, org.springframework.test.context.event.ApplicationEventsTestExecutionListener@3c3cd13a, org.springframework.boot.test.mock.mockito.MockitoTestExecutionListener@56b751b1, org.springframework.boot.test.autoconfigure.SpringBootDependencyInjectionTestExecutionListener@2f61de04, org.springframework.test.context.support.DirtiesContextTestExecutionListener@5f5a33ed, org.springframework.test.context.event.EventPublishingTestExecutionListener@5b59c3d, org.springframework.boot.test.autoconfigure.restdocs.RestDocsTestExecutionListener@69e36fe3, org.springframework.boot.test.autoconfigure.web.client.MockRestServiceServerResetTestExecutionListener@48d31d25, org.springframework.boot.test.autoconfigure.web.servlet.MockMvcPrintOnlyOnFailureTestExecutionListener@46188a89, org.springframework.boot.test.autoconfigure.web.servlet.WebDriverTestExecutionListener@6f65a203, org.springframework.boot.test.autoconfigure.webservices.client.MockWebServiceServerTestExecutionListener@1d0b447b, org.springframework.boot.test.mock.mockito.ResetMocksTestExecutionListener@4de158ca]
2022-07-13 19:16:05.090  INFO 36846 --- [    Test worker] .b.t.c.SpringBootTestContextBootstrapper : Neither @ContextConfiguration nor @ContextHierarchy found for test class [com.globantx.cardinalevaluator.CucumberSpringConfiguration], using SpringBootContextLoader
2022-07-13 19:16:05.091  INFO 36846 --- [    Test worker] o.s.t.c.support.AbstractContextLoader    : Could not detect default resource locations for test class [com.globantx.cardinalevaluator.CucumberSpringConfiguration]: no resource found for suffixes {-context.xml, Context.groovy}.
2022-07-13 19:16:05.091  INFO 36846 --- [    Test worker] .b.t.c.SpringBootTestContextBootstrapper : Loaded default TestExecutionListener class names from location [META-INF/spring.factories]: [org.springframework.boot.test.autoconfigure.restdocs.RestDocsTestExecutionListener, org.springframework.boot.test.autoconfigure.web.client.MockRestServiceServerResetTestExecutionListener, org.springframework.boot.test.autoconfigure.web.servlet.MockMvcPrintOnlyOnFailureTestExecutionListener, org.springframework.boot.test.autoconfigure.web.servlet.WebDriverTestExecutionListener, org.springframework.boot.test.autoconfigure.webservices.client.MockWebServiceServerTestExecutionListener, org.springframework.boot.test.mock.mockito.MockitoTestExecutionListener, org.springframework.boot.test.mock.mockito.ResetMocksTestExecutionListener, org.springframework.test.context.web.ServletTestExecutionListener, org.springframework.test.context.support.DirtiesContextBeforeModesTestExecutionListener, org.springframework.test.context.event.ApplicationEventsTestExecutionListener, org.springframework.test.context.support.DependencyInjectionTestExecutionListener, org.springframework.test.context.support.DirtiesContextTestExecutionListener, org.springframework.test.context.transaction.TransactionalTestExecutionListener, org.springframework.test.context.jdbc.SqlScriptsTestExecutionListener, org.springframework.test.context.event.EventPublishingTestExecutionListener]
2022-07-13 19:16:05.091  INFO 36846 --- [    Test worker] .b.t.c.SpringBootTestContextBootstrapper : Using TestExecutionListeners: [org.springframework.test.context.web.ServletTestExecutionListener@4f2fdf3d, org.springframework.test.context.support.DirtiesContextBeforeModesTestExecutionListener@d180961, org.springframework.test.context.event.ApplicationEventsTestExecutionListener@4af7ac25, org.springframework.boot.test.mock.mockito.MockitoTestExecutionListener@d978ab9, org.springframework.boot.test.autoconfigure.SpringBootDependencyInjectionTestExecutionListener@3cf06a01, org.springframework.test.context.support.DirtiesContextTestExecutionListener@71ee2fff, org.springframework.test.context.event.EventPublishingTestExecutionListener@68f2363, org.springframework.boot.test.autoconfigure.restdocs.RestDocsTestExecutionListener@37fca349, org.springframework.boot.test.autoconfigure.web.client.MockRestServiceServerResetTestExecutionListener@86377d5, org.springframework.boot.test.autoconfigure.web.servlet.MockMvcPrintOnlyOnFailureTestExecutionListener@87220f1, org.springframework.boot.test.autoconfigure.web.servlet.WebDriverTestExecutionListener@77998ea7, org.springframework.boot.test.autoconfigure.webservices.client.MockWebServiceServerTestExecutionListener@252d8df6, org.springframework.boot.test.mock.mockito.ResetMocksTestExecutionListener@36638b59]
2022-07-13 19:16:05.093  INFO 36846 --- [    Test worker] .b.t.c.SpringBootTestContextBootstrapper : Neither @ContextConfiguration nor @ContextHierarchy found for test class [com.globantx.cardinalevaluator.CucumberSpringConfiguration], using SpringBootContextLoader
2022-07-13 19:16:05.093  INFO 36846 --- [    Test worker] o.s.t.c.support.AbstractContextLoader    : Could not detect default resource locations for test class [com.globantx.cardinalevaluator.CucumberSpringConfiguration]: no resource found for suffixes {-context.xml, Context.groovy}.
2022-07-13 19:16:05.093  INFO 36846 --- [    Test worker] .b.t.c.SpringBootTestContextBootstrapper : Loaded default TestExecutionListener class names from location [META-INF/spring.factories]: [org.springframework.boot.test.autoconfigure.restdocs.RestDocsTestExecutionListener, org.springframework.boot.test.autoconfigure.web.client.MockRestServiceServerResetTestExecutionListener, org.springframework.boot.test.autoconfigure.web.servlet.MockMvcPrintOnlyOnFailureTestExecutionListener, org.springframework.boot.test.autoconfigure.web.servlet.WebDriverTestExecutionListener, org.springframework.boot.test.autoconfigure.webservices.client.MockWebServiceServerTestExecutionListener, org.springframework.boot.test.mock.mockito.MockitoTestExecutionListener, org.springframework.boot.test.mock.mockito.ResetMocksTestExecutionListener, org.springframework.test.context.web.ServletTestExecutionListener, org.springframework.test.context.support.DirtiesContextBeforeModesTestExecutionListener, org.springframework.test.context.event.ApplicationEventsTestExecutionListener, org.springframework.test.context.support.DependencyInjectionTestExecutionListener, org.springframework.test.context.support.DirtiesContextTestExecutionListener, org.springframework.test.context.transaction.TransactionalTestExecutionListener, org.springframework.test.context.jdbc.SqlScriptsTestExecutionListener, org.springframework.test.context.event.EventPublishingTestExecutionListener]
2022-07-13 19:16:05.093  INFO 36846 --- [    Test worker] .b.t.c.SpringBootTestContextBootstrapper : Using TestExecutionListeners: [org.springframework.test.context.web.ServletTestExecutionListener@2f8f40cc, org.springframework.test.context.support.DirtiesContextBeforeModesTestExecutionListener@14d81f2c, org.springframework.test.context.event.ApplicationEventsTestExecutionListener@5dd3727c, org.springframework.boot.test.mock.mockito.MockitoTestExecutionListener@774013dc, org.springframework.boot.test.autoconfigure.SpringBootDependencyInjectionTestExecutionListener@229cb4d8, org.springframework.test.context.support.DirtiesContextTestExecutionListener@76e9eed8, org.springframework.test.context.event.EventPublishingTestExecutionListener@30ef32eb, org.springframework.boot.test.autoconfigure.restdocs.RestDocsTestExecutionListener@474619d9, org.springframework.boot.test.autoconfigure.web.client.MockRestServiceServerResetTestExecutionListener@bb5f9d, org.springframework.boot.test.autoconfigure.web.servlet.MockMvcPrintOnlyOnFailureTestExecutionListener@391dfe7c, org.springframework.boot.test.autoconfigure.web.servlet.WebDriverTestExecutionListener@702cfbde, org.springframework.boot.test.autoconfigure.webservices.client.MockWebServiceServerTestExecutionListener@7d3bcd3, org.springframework.boot.test.mock.mockito.ResetMocksTestExecutionListener@5dce5c03]
2022-07-13 19:16:05.095  INFO 36846 --- [    Test worker] .b.t.c.SpringBootTestContextBootstrapper : Neither @ContextConfiguration nor @ContextHierarchy found for test class [com.globantx.cardinalevaluator.CucumberSpringConfiguration], using SpringBootContextLoader
2022-07-13 19:16:05.095  INFO 36846 --- [    Test worker] o.s.t.c.support.AbstractContextLoader    : Could not detect default resource locations for test class [com.globantx.cardinalevaluator.CucumberSpringConfiguration]: no resource found for suffixes {-context.xml, Context.groovy}.
2022-07-13 19:16:05.095  INFO 36846 --- [    Test worker] .b.t.c.SpringBootTestContextBootstrapper : Loaded default TestExecutionListener class names from location [META-INF/spring.factories]: [org.springframework.boot.test.autoconfigure.restdocs.RestDocsTestExecutionListener, org.springframework.boot.test.autoconfigure.web.client.MockRestServiceServerResetTestExecutionListener, org.springframework.boot.test.autoconfigure.web.servlet.MockMvcPrintOnlyOnFailureTestExecutionListener, org.springframework.boot.test.autoconfigure.web.servlet.WebDriverTestExecutionListener, org.springframework.boot.test.autoconfigure.webservices.client.MockWebServiceServerTestExecutionListener, org.springframework.boot.test.mock.mockito.MockitoTestExecutionListener, org.springframework.boot.test.mock.mockito.ResetMocksTestExecutionListener, org.springframework.test.context.web.ServletTestExecutionListener, org.springframework.test.context.support.DirtiesContextBeforeModesTestExecutionListener, org.springframework.test.context.event.ApplicationEventsTestExecutionListener, org.springframework.test.context.support.DependencyInjectionTestExecutionListener, org.springframework.test.context.support.DirtiesContextTestExecutionListener, org.springframework.test.context.transaction.TransactionalTestExecutionListener, org.springframework.test.context.jdbc.SqlScriptsTestExecutionListener, org.springframework.test.context.event.EventPublishingTestExecutionListener]
2022-07-13 19:16:05.095  INFO 36846 --- [    Test worker] .b.t.c.SpringBootTestContextBootstrapper : Using TestExecutionListeners: [org.springframework.test.context.web.ServletTestExecutionListener@b76b7d8, org.springframework.test.context.support.DirtiesContextBeforeModesTestExecutionListener@1c135f63, org.springframework.test.context.event.ApplicationEventsTestExecutionListener@63c4d16, org.springframework.boot.test.mock.mockito.MockitoTestExecutionListener@29bd2796, org.springframework.boot.test.autoconfigure.SpringBootDependencyInjectionTestExecutionListener@174b8d0e, org.springframework.test.context.support.DirtiesContextTestExecutionListener@112530c3, org.springframework.test.context.event.EventPublishingTestExecutionListener@75959b0c, org.springframework.boot.test.autoconfigure.restdocs.RestDocsTestExecutionListener@355493bf, org.springframework.boot.test.autoconfigure.web.client.MockRestServiceServerResetTestExecutionListener@7ebc5be6, org.springframework.boot.test.autoconfigure.web.servlet.MockMvcPrintOnlyOnFailureTestExecutionListener@4627dfda, org.springframework.boot.test.autoconfigure.web.servlet.WebDriverTestExecutionListener@1f3361e9, org.springframework.boot.test.autoconfigure.webservices.client.MockWebServiceServerTestExecutionListener@eebc0db, org.springframework.boot.test.mock.mockito.ResetMocksTestExecutionListener@1214c98b]
2022-07-13 19:16:05.097  INFO 36846 --- [    Test worker] .b.t.c.SpringBootTestContextBootstrapper : Neither @ContextConfiguration nor @ContextHierarchy found for test class [com.globantx.cardinalevaluator.CucumberSpringConfiguration], using SpringBootContextLoader
2022-07-13 19:16:05.097  INFO 36846 --- [    Test worker] o.s.t.c.support.AbstractContextLoader    : Could not detect default resource locations for test class [com.globantx.cardinalevaluator.CucumberSpringConfiguration]: no resource found for suffixes {-context.xml, Context.groovy}.
2022-07-13 19:16:05.097  INFO 36846 --- [    Test worker] .b.t.c.SpringBootTestContextBootstrapper : Loaded default TestExecutionListener class names from location [META-INF/spring.factories]: [org.springframework.boot.test.autoconfigure.restdocs.RestDocsTestExecutionListener, org.springframework.boot.test.autoconfigure.web.client.MockRestServiceServerResetTestExecutionListener, org.springframework.boot.test.autoconfigure.web.servlet.MockMvcPrintOnlyOnFailureTestExecutionListener, org.springframework.boot.test.autoconfigure.web.servlet.WebDriverTestExecutionListener, org.springframework.boot.test.autoconfigure.webservices.client.MockWebServiceServerTestExecutionListener, org.springframework.boot.test.mock.mockito.MockitoTestExecutionListener, org.springframework.boot.test.mock.mockito.ResetMocksTestExecutionListener, org.springframework.test.context.web.ServletTestExecutionListener, org.springframework.test.context.support.DirtiesContextBeforeModesTestExecutionListener, org.springframework.test.context.event.ApplicationEventsTestExecutionListener, org.springframework.test.context.support.DependencyInjectionTestExecutionListener, org.springframework.test.context.support.DirtiesContextTestExecutionListener, org.springframework.test.context.transaction.TransactionalTestExecutionListener, org.springframework.test.context.jdbc.SqlScriptsTestExecutionListener, org.springframework.test.context.event.EventPublishingTestExecutionListener]
2022-07-13 19:16:05.098  INFO 36846 --- [    Test worker] .b.t.c.SpringBootTestContextBootstrapper : Using TestExecutionListeners: [org.springframework.test.context.web.ServletTestExecutionListener@6ab50d1c, org.springframework.test.context.support.DirtiesContextBeforeModesTestExecutionListener@6e0d058a, org.springframework.test.context.event.ApplicationEventsTestExecutionListener@3eb0fd88, org.springframework.boot.test.mock.mockito.MockitoTestExecutionListener@adc3344, org.springframework.boot.test.autoconfigure.SpringBootDependencyInjectionTestExecutionListener@484302ee, org.springframework.test.context.support.DirtiesContextTestExecutionListener@4e647f39, org.springframework.test.context.event.EventPublishingTestExecutionListener@778197c0, org.springframework.boot.test.autoconfigure.restdocs.RestDocsTestExecutionListener@1c2cdc67, org.springframework.boot.test.autoconfigure.web.client.MockRestServiceServerResetTestExecutionListener@4c28f97e, org.springframework.boot.test.autoconfigure.web.servlet.MockMvcPrintOnlyOnFailureTestExecutionListener@21d8da75, org.springframework.boot.test.autoconfigure.web.servlet.WebDriverTestExecutionListener@5a1c7619, org.springframework.boot.test.autoconfigure.webservices.client.MockWebServiceServerTestExecutionListener@20a946d9, org.springframework.boot.test.mock.mockito.ResetMocksTestExecutionListener@2b41b8bb]
2022-07-13 19:16:05.100  INFO 36846 --- [    Test worker] .b.t.c.SpringBootTestContextBootstrapper : Neither @ContextConfiguration nor @ContextHierarchy found for test class [com.globantx.cardinalevaluator.CucumberSpringConfiguration], using SpringBootContextLoader
2022-07-13 19:16:05.100  INFO 36846 --- [    Test worker] o.s.t.c.support.AbstractContextLoader    : Could not detect default resource locations for test class [com.globantx.cardinalevaluator.CucumberSpringConfiguration]: no resource found for suffixes {-context.xml, Context.groovy}.
2022-07-13 19:16:05.100  INFO 36846 --- [    Test worker] .b.t.c.SpringBootTestContextBootstrapper : Loaded default TestExecutionListener class names from location [META-INF/spring.factories]: [org.springframework.boot.test.autoconfigure.restdocs.RestDocsTestExecutionListener, org.springframework.boot.test.autoconfigure.web.client.MockRestServiceServerResetTestExecutionListener, org.springframework.boot.test.autoconfigure.web.servlet.MockMvcPrintOnlyOnFailureTestExecutionListener, org.springframework.boot.test.autoconfigure.web.servlet.WebDriverTestExecutionListener, org.springframework.boot.test.autoconfigure.webservices.client.MockWebServiceServerTestExecutionListener, org.springframework.boot.test.mock.mockito.MockitoTestExecutionListener, org.springframework.boot.test.mock.mockito.ResetMocksTestExecutionListener, org.springframework.test.context.web.ServletTestExecutionListener, org.springframework.test.context.support.DirtiesContextBeforeModesTestExecutionListener, org.springframework.test.context.event.ApplicationEventsTestExecutionListener, org.springframework.test.context.support.DependencyInjectionTestExecutionListener, org.springframework.test.context.support.DirtiesContextTestExecutionListener, org.springframework.test.context.transaction.TransactionalTestExecutionListener, org.springframework.test.context.jdbc.SqlScriptsTestExecutionListener, org.springframework.test.context.event.EventPublishingTestExecutionListener]
2022-07-13 19:16:05.100  INFO 36846 --- [    Test worker] .b.t.c.SpringBootTestContextBootstrapper : Using TestExecutionListeners: [org.springframework.test.context.web.ServletTestExecutionListener@4cadd4d4, org.springframework.test.context.support.DirtiesContextBeforeModesTestExecutionListener@7538cfe6, org.springframework.test.context.event.ApplicationEventsTestExecutionListener@1f4dd016, org.springframework.boot.test.mock.mockito.MockitoTestExecutionListener@396f2724, org.springframework.boot.test.autoconfigure.SpringBootDependencyInjectionTestExecutionListener@1b465fa9, org.springframework.test.context.support.DirtiesContextTestExecutionListener@28b2e4d8, org.springframework.test.context.event.EventPublishingTestExecutionListener@598e5cb8, org.springframework.boot.test.autoconfigure.restdocs.RestDocsTestExecutionListener@199806aa, org.springframework.boot.test.autoconfigure.web.client.MockRestServiceServerResetTestExecutionListener@300aa927, org.springframework.boot.test.autoconfigure.web.servlet.MockMvcPrintOnlyOnFailureTestExecutionListener@fa11fda, org.springframework.boot.test.autoconfigure.web.servlet.WebDriverTestExecutionListener@24e1e90a, org.springframework.boot.test.autoconfigure.webservices.client.MockWebServiceServerTestExecutionListener@7d95166a, org.springframework.boot.test.mock.mockito.ResetMocksTestExecutionListener@18b3db6e]
2022-07-13 19:16:05.102  INFO 36846 --- [    Test worker] .b.t.c.SpringBootTestContextBootstrapper : Neither @ContextConfiguration nor @ContextHierarchy found for test class [com.globantx.cardinalevaluator.CucumberSpringConfiguration], using SpringBootContextLoader
2022-07-13 19:16:05.102  INFO 36846 --- [    Test worker] o.s.t.c.support.AbstractContextLoader    : Could not detect default resource locations for test class [com.globantx.cardinalevaluator.CucumberSpringConfiguration]: no resource found for suffixes {-context.xml, Context.groovy}.
2022-07-13 19:16:05.102  INFO 36846 --- [    Test worker] .b.t.c.SpringBootTestContextBootstrapper : Loaded default TestExecutionListener class names from location [META-INF/spring.factories]: [org.springframework.boot.test.autoconfigure.restdocs.RestDocsTestExecutionListener, org.springframework.boot.test.autoconfigure.web.client.MockRestServiceServerResetTestExecutionListener, org.springframework.boot.test.autoconfigure.web.servlet.MockMvcPrintOnlyOnFailureTestExecutionListener, org.springframework.boot.test.autoconfigure.web.servlet.WebDriverTestExecutionListener, org.springframework.boot.test.autoconfigure.webservices.client.MockWebServiceServerTestExecutionListener, org.springframework.boot.test.mock.mockito.MockitoTestExecutionListener, org.springframework.boot.test.mock.mockito.ResetMocksTestExecutionListener, org.springframework.test.context.web.ServletTestExecutionListener, org.springframework.test.context.support.DirtiesContextBeforeModesTestExecutionListener, org.springframework.test.context.event.ApplicationEventsTestExecutionListener, org.springframework.test.context.support.DependencyInjectionTestExecutionListener, org.springframework.test.context.support.DirtiesContextTestExecutionListener, org.springframework.test.context.transaction.TransactionalTestExecutionListener, org.springframework.test.context.jdbc.SqlScriptsTestExecutionListener, org.springframework.test.context.event.EventPublishingTestExecutionListener]
2022-07-13 19:16:05.103  INFO 36846 --- [    Test worker] .b.t.c.SpringBootTestContextBootstrapper : Using TestExecutionListeners: [org.springframework.test.context.web.ServletTestExecutionListener@1feb586d, org.springframework.test.context.support.DirtiesContextBeforeModesTestExecutionListener@34695b23, org.springframework.test.context.event.ApplicationEventsTestExecutionListener@611a2d82, org.springframework.boot.test.mock.mockito.MockitoTestExecutionListener@6774f264, org.springframework.boot.test.autoconfigure.SpringBootDependencyInjectionTestExecutionListener@2299f6d7, org.springframework.test.context.support.DirtiesContextTestExecutionListener@5cd701e4, org.springframework.test.context.event.EventPublishingTestExecutionListener@6c9151c1, org.springframework.boot.test.autoconfigure.restdocs.RestDocsTestExecutionListener@2c3679e5, org.springframework.boot.test.autoconfigure.web.client.MockRestServiceServerResetTestExecutionListener@41f40dfa, org.springframework.boot.test.autoconfigure.web.servlet.MockMvcPrintOnlyOnFailureTestExecutionListener@2548fc01, org.springframework.boot.test.autoconfigure.web.servlet.WebDriverTestExecutionListener@4331be30, org.springframework.boot.test.autoconfigure.webservices.client.MockWebServiceServerTestExecutionListener@5cd71ee2, org.springframework.boot.test.mock.mockito.ResetMocksTestExecutionListener@3dad535f]
2022-07-13 19:16:05.104  INFO 36846 --- [    Test worker] .b.t.c.SpringBootTestContextBootstrapper : Neither @ContextConfiguration nor @ContextHierarchy found for test class [com.globantx.cardinalevaluator.CucumberSpringConfiguration], using SpringBootContextLoader
2022-07-13 19:16:05.104  INFO 36846 --- [    Test worker] o.s.t.c.support.AbstractContextLoader    : Could not detect default resource locations for test class [com.globantx.cardinalevaluator.CucumberSpringConfiguration]: no resource found for suffixes {-context.xml, Context.groovy}.
2022-07-13 19:16:05.105  INFO 36846 --- [    Test worker] .b.t.c.SpringBootTestContextBootstrapper : Loaded default TestExecutionListener class names from location [META-INF/spring.factories]: [org.springframework.boot.test.autoconfigure.restdocs.RestDocsTestExecutionListener, org.springframework.boot.test.autoconfigure.web.client.MockRestServiceServerResetTestExecutionListener, org.springframework.boot.test.autoconfigure.web.servlet.MockMvcPrintOnlyOnFailureTestExecutionListener, org.springframework.boot.test.autoconfigure.web.servlet.WebDriverTestExecutionListener, org.springframework.boot.test.autoconfigure.webservices.client.MockWebServiceServerTestExecutionListener, org.springframework.boot.test.mock.mockito.MockitoTestExecutionListener, org.springframework.boot.test.mock.mockito.ResetMocksTestExecutionListener, org.springframework.test.context.web.ServletTestExecutionListener, org.springframework.test.context.support.DirtiesContextBeforeModesTestExecutionListener, org.springframework.test.context.event.ApplicationEventsTestExecutionListener, org.springframework.test.context.support.DependencyInjectionTestExecutionListener, org.springframework.test.context.support.DirtiesContextTestExecutionListener, org.springframework.test.context.transaction.TransactionalTestExecutionListener, org.springframework.test.context.jdbc.SqlScriptsTestExecutionListener, org.springframework.test.context.event.EventPublishingTestExecutionListener]
2022-07-13 19:16:05.105  INFO 36846 --- [    Test worker] .b.t.c.SpringBootTestContextBootstrapper : Using TestExecutionListeners: [org.springframework.test.context.web.ServletTestExecutionListener@5f67181f, org.springframework.test.context.support.DirtiesContextBeforeModesTestExecutionListener@1169fdfd, org.springframework.test.context.event.ApplicationEventsTestExecutionListener@75add13c, org.springframework.boot.test.mock.mockito.MockitoTestExecutionListener@224d537d, org.springframework.boot.test.autoconfigure.SpringBootDependencyInjectionTestExecutionListener@450d10cb, org.springframework.test.context.support.DirtiesContextTestExecutionListener@1bd59b82, org.springframework.test.context.event.EventPublishingTestExecutionListener@6a9df5, org.springframework.boot.test.autoconfigure.restdocs.RestDocsTestExecutionListener@48f4f03e, org.springframework.boot.test.autoconfigure.web.client.MockRestServiceServerResetTestExecutionListener@65d23aa3, org.springframework.boot.test.autoconfigure.web.servlet.MockMvcPrintOnlyOnFailureTestExecutionListener@52eca410, org.springframework.boot.test.autoconfigure.web.servlet.WebDriverTestExecutionListener@63d0e8d, org.springframework.boot.test.autoconfigure.webservices.client.MockWebServiceServerTestExecutionListener@69a76b74, org.springframework.boot.test.mock.mockito.ResetMocksTestExecutionListener@1dd443c1]
2022-07-13 19:16:05.107  INFO 36846 --- [    Test worker] .b.t.c.SpringBootTestContextBootstrapper : Neither @ContextConfiguration nor @ContextHierarchy found for test class [com.globantx.cardinalevaluator.CucumberSpringConfiguration], using SpringBootContextLoader
2022-07-13 19:16:05.107  INFO 36846 --- [    Test worker] o.s.t.c.support.AbstractContextLoader    : Could not detect default resource locations for test class [com.globantx.cardinalevaluator.CucumberSpringConfiguration]: no resource found for suffixes {-context.xml, Context.groovy}.
2022-07-13 19:16:05.107  INFO 36846 --- [    Test worker] .b.t.c.SpringBootTestContextBootstrapper : Loaded default TestExecutionListener class names from location [META-INF/spring.factories]: [org.springframework.boot.test.autoconfigure.restdocs.RestDocsTestExecutionListener, org.springframework.boot.test.autoconfigure.web.client.MockRestServiceServerResetTestExecutionListener, org.springframework.boot.test.autoconfigure.web.servlet.MockMvcPrintOnlyOnFailureTestExecutionListener, org.springframework.boot.test.autoconfigure.web.servlet.WebDriverTestExecutionListener, org.springframework.boot.test.autoconfigure.webservices.client.MockWebServiceServerTestExecutionListener, org.springframework.boot.test.mock.mockito.MockitoTestExecutionListener, org.springframework.boot.test.mock.mockito.ResetMocksTestExecutionListener, org.springframework.test.context.web.ServletTestExecutionListener, org.springframework.test.context.support.DirtiesContextBeforeModesTestExecutionListener, org.springframework.test.context.event.ApplicationEventsTestExecutionListener, org.springframework.test.context.support.DependencyInjectionTestExecutionListener, org.springframework.test.context.support.DirtiesContextTestExecutionListener, org.springframework.test.context.transaction.TransactionalTestExecutionListener, org.springframework.test.context.jdbc.SqlScriptsTestExecutionListener, org.springframework.test.context.event.EventPublishingTestExecutionListener]
2022-07-13 19:16:05.107  INFO 36846 --- [    Test worker] .b.t.c.SpringBootTestContextBootstrapper : Using TestExecutionListeners: [org.springframework.test.context.web.ServletTestExecutionListener@2aafa84f, org.springframework.test.context.support.DirtiesContextBeforeModesTestExecutionListener@448892f1, org.springframework.test.context.event.ApplicationEventsTestExecutionListener@1626bddf, org.springframework.boot.test.mock.mockito.MockitoTestExecutionListener@29532e91, org.springframework.boot.test.autoconfigure.SpringBootDependencyInjectionTestExecutionListener@7e691624, org.springframework.test.context.support.DirtiesContextTestExecutionListener@7ef60c02, org.springframework.test.context.event.EventPublishingTestExecutionListener@5d9d8e46, org.springframework.boot.test.autoconfigure.restdocs.RestDocsTestExecutionListener@6d0a14c2, org.springframework.boot.test.autoconfigure.web.client.MockRestServiceServerResetTestExecutionListener@5b64f771, org.springframework.boot.test.autoconfigure.web.servlet.MockMvcPrintOnlyOnFailureTestExecutionListener@153c6603, org.springframework.boot.test.autoconfigure.web.servlet.WebDriverTestExecutionListener@24e2355c, org.springframework.boot.test.autoconfigure.webservices.client.MockWebServiceServerTestExecutionListener@19739906, org.springframework.boot.test.mock.mockito.ResetMocksTestExecutionListener@65503a26]
2022-07-13 19:16:05.109  INFO 36846 --- [    Test worker] .b.t.c.SpringBootTestContextBootstrapper : Neither @ContextConfiguration nor @ContextHierarchy found for test class [com.globantx.cardinalevaluator.CucumberSpringConfiguration], using SpringBootContextLoader
2022-07-13 19:16:05.109  INFO 36846 --- [    Test worker] o.s.t.c.support.AbstractContextLoader    : Could not detect default resource locations for test class [com.globantx.cardinalevaluator.CucumberSpringConfiguration]: no resource found for suffixes {-context.xml, Context.groovy}.
2022-07-13 19:16:05.109  INFO 36846 --- [    Test worker] .b.t.c.SpringBootTestContextBootstrapper : Loaded default TestExecutionListener class names from location [META-INF/spring.factories]: [org.springframework.boot.test.autoconfigure.restdocs.RestDocsTestExecutionListener, org.springframework.boot.test.autoconfigure.web.client.MockRestServiceServerResetTestExecutionListener, org.springframework.boot.test.autoconfigure.web.servlet.MockMvcPrintOnlyOnFailureTestExecutionListener, org.springframework.boot.test.autoconfigure.web.servlet.WebDriverTestExecutionListener, org.springframework.boot.test.autoconfigure.webservices.client.MockWebServiceServerTestExecutionListener, org.springframework.boot.test.mock.mockito.MockitoTestExecutionListener, org.springframework.boot.test.mock.mockito.ResetMocksTestExecutionListener, org.springframework.test.context.web.ServletTestExecutionListener, org.springframework.test.context.support.DirtiesContextBeforeModesTestExecutionListener, org.springframework.test.context.event.ApplicationEventsTestExecutionListener, org.springframework.test.context.support.DependencyInjectionTestExecutionListener, org.springframework.test.context.support.DirtiesContextTestExecutionListener, org.springframework.test.context.transaction.TransactionalTestExecutionListener, org.springframework.test.context.jdbc.SqlScriptsTestExecutionListener, org.springframework.test.context.event.EventPublishingTestExecutionListener]
2022-07-13 19:16:05.109  INFO 36846 --- [    Test worker] .b.t.c.SpringBootTestContextBootstrapper : Using TestExecutionListeners: [org.springframework.test.context.web.ServletTestExecutionListener@13aa54f1, org.springframework.test.context.support.DirtiesContextBeforeModesTestExecutionListener@26d7cb0d, org.springframework.test.context.event.ApplicationEventsTestExecutionListener@23e9dd78, org.springframework.boot.test.mock.mockito.MockitoTestExecutionListener@470c4229, org.springframework.boot.test.autoconfigure.SpringBootDependencyInjectionTestExecutionListener@6408be5, org.springframework.test.context.support.DirtiesContextTestExecutionListener@1e57b783, org.springframework.test.context.event.EventPublishingTestExecutionListener@73b8ab2c, org.springframework.boot.test.autoconfigure.restdocs.RestDocsTestExecutionListener@5600a278, org.springframework.boot.test.autoconfigure.web.client.MockRestServiceServerResetTestExecutionListener@549d14fe, org.springframework.boot.test.autoconfigure.web.servlet.MockMvcPrintOnlyOnFailureTestExecutionListener@77d54a41, org.springframework.boot.test.autoconfigure.web.servlet.WebDriverTestExecutionListener@41026e5c, org.springframework.boot.test.autoconfigure.webservices.client.MockWebServiceServerTestExecutionListener@12421766, org.springframework.boot.test.mock.mockito.ResetMocksTestExecutionListener@2e44cb34]
2022-07-13 19:16:05.110  INFO 36846 --- [    Test worker] .b.t.c.SpringBootTestContextBootstrapper : Neither @ContextConfiguration nor @ContextHierarchy found for test class [com.globantx.cardinalevaluator.CucumberSpringConfiguration], using SpringBootContextLoader
2022-07-13 19:16:05.111  INFO 36846 --- [    Test worker] o.s.t.c.support.AbstractContextLoader    : Could not detect default resource locations for test class [com.globantx.cardinalevaluator.CucumberSpringConfiguration]: no resource found for suffixes {-context.xml, Context.groovy}.
2022-07-13 19:16:05.111  INFO 36846 --- [    Test worker] .b.t.c.SpringBootTestContextBootstrapper : Loaded default TestExecutionListener class names from location [META-INF/spring.factories]: [org.springframework.boot.test.autoconfigure.restdocs.RestDocsTestExecutionListener, org.springframework.boot.test.autoconfigure.web.client.MockRestServiceServerResetTestExecutionListener, org.springframework.boot.test.autoconfigure.web.servlet.MockMvcPrintOnlyOnFailureTestExecutionListener, org.springframework.boot.test.autoconfigure.web.servlet.WebDriverTestExecutionListener, org.springframework.boot.test.autoconfigure.webservices.client.MockWebServiceServerTestExecutionListener, org.springframework.boot.test.mock.mockito.MockitoTestExecutionListener, org.springframework.boot.test.mock.mockito.ResetMocksTestExecutionListener, org.springframework.test.context.web.ServletTestExecutionListener, org.springframework.test.context.support.DirtiesContextBeforeModesTestExecutionListener, org.springframework.test.context.event.ApplicationEventsTestExecutionListener, org.springframework.test.context.support.DependencyInjectionTestExecutionListener, org.springframework.test.context.support.DirtiesContextTestExecutionListener, org.springframework.test.context.transaction.TransactionalTestExecutionListener, org.springframework.test.context.jdbc.SqlScriptsTestExecutionListener, org.springframework.test.context.event.EventPublishingTestExecutionListener]
2022-07-13 19:16:05.111  INFO 36846 --- [    Test worker] .b.t.c.SpringBootTestContextBootstrapper : Using TestExecutionListeners: [org.springframework.test.context.web.ServletTestExecutionListener@731e0bff, org.springframework.test.context.support.DirtiesContextBeforeModesTestExecutionListener@213ceb4e, org.springframework.test.context.event.ApplicationEventsTestExecutionListener@23c72128, org.springframework.boot.test.mock.mockito.MockitoTestExecutionListener@2bd2430f, org.springframework.boot.test.autoconfigure.SpringBootDependencyInjectionTestExecutionListener@2890e479, org.springframework.test.context.support.DirtiesContextTestExecutionListener@6eb00cbe, org.springframework.test.context.event.EventPublishingTestExecutionListener@74e4be21, org.springframework.boot.test.autoconfigure.restdocs.RestDocsTestExecutionListener@4d174189, org.springframework.boot.test.autoconfigure.web.client.MockRestServiceServerResetTestExecutionListener@628bd77e, org.springframework.boot.test.autoconfigure.web.servlet.MockMvcPrintOnlyOnFailureTestExecutionListener@c30f26d, org.springframework.boot.test.autoconfigure.web.servlet.WebDriverTestExecutionListener@5d74507c, org.springframework.boot.test.autoconfigure.webservices.client.MockWebServiceServerTestExecutionListener@2a984952, org.springframework.boot.test.mock.mockito.ResetMocksTestExecutionListener@16944b58]
2022-07-13 19:16:05.113  INFO 36846 --- [    Test worker] .b.t.c.SpringBootTestContextBootstrapper : Neither @ContextConfiguration nor @ContextHierarchy found for test class [com.globantx.cardinalevaluator.CucumberSpringConfiguration], using SpringBootContextLoader
2022-07-13 19:16:05.113  INFO 36846 --- [    Test worker] o.s.t.c.support.AbstractContextLoader    : Could not detect default resource locations for test class [com.globantx.cardinalevaluator.CucumberSpringConfiguration]: no resource found for suffixes {-context.xml, Context.groovy}.
2022-07-13 19:16:05.113  INFO 36846 --- [    Test worker] .b.t.c.SpringBootTestContextBootstrapper : Loaded default TestExecutionListener class names from location [META-INF/spring.factories]: [org.springframework.boot.test.autoconfigure.restdocs.RestDocsTestExecutionListener, org.springframework.boot.test.autoconfigure.web.client.MockRestServiceServerResetTestExecutionListener, org.springframework.boot.test.autoconfigure.web.servlet.MockMvcPrintOnlyOnFailureTestExecutionListener, org.springframework.boot.test.autoconfigure.web.servlet.WebDriverTestExecutionListener, org.springframework.boot.test.autoconfigure.webservices.client.MockWebServiceServerTestExecutionListener, org.springframework.boot.test.mock.mockito.MockitoTestExecutionListener, org.springframework.boot.test.mock.mockito.ResetMocksTestExecutionListener, org.springframework.test.context.web.ServletTestExecutionListener, org.springframework.test.context.support.DirtiesContextBeforeModesTestExecutionListener, org.springframework.test.context.event.ApplicationEventsTestExecutionListener, org.springframework.test.context.support.DependencyInjectionTestExecutionListener, org.springframework.test.context.support.DirtiesContextTestExecutionListener, org.springframework.test.context.transaction.TransactionalTestExecutionListener, org.springframework.test.context.jdbc.SqlScriptsTestExecutionListener, org.springframework.test.context.event.EventPublishingTestExecutionListener]
2022-07-13 19:16:05.113  INFO 36846 --- [    Test worker] .b.t.c.SpringBootTestContextBootstrapper : Using TestExecutionListeners: [org.springframework.test.context.web.ServletTestExecutionListener@1dbc607d, org.springframework.test.context.support.DirtiesContextBeforeModesTestExecutionListener@62b42406, org.springframework.test.context.event.ApplicationEventsTestExecutionListener@a0e33db, org.springframework.boot.test.mock.mockito.MockitoTestExecutionListener@3ef46749, org.springframework.boot.test.autoconfigure.SpringBootDependencyInjectionTestExecutionListener@40b54762, org.springframework.test.context.support.DirtiesContextTestExecutionListener@362cf66, org.springframework.test.context.event.EventPublishingTestExecutionListener@7809b43a, org.springframework.boot.test.autoconfigure.restdocs.RestDocsTestExecutionListener@65da4a5d, org.springframework.boot.test.autoconfigure.web.client.MockRestServiceServerResetTestExecutionListener@fbe8fd3, org.springframework.boot.test.autoconfigure.web.servlet.MockMvcPrintOnlyOnFailureTestExecutionListener@1ab268bd, org.springframework.boot.test.autoconfigure.web.servlet.WebDriverTestExecutionListener@2fafa7b5, org.springframework.boot.test.autoconfigure.webservices.client.MockWebServiceServerTestExecutionListener@181098bf, org.springframework.boot.test.mock.mockito.ResetMocksTestExecutionListener@632b5c79]
2022-07-13 19:16:05.116  INFO 36846 --- [    Test worker] .b.t.c.SpringBootTestContextBootstrapper : Neither @ContextConfiguration nor @ContextHierarchy found for test class [com.globantx.cardinalevaluator.CucumberSpringConfiguration], using SpringBootContextLoader
2022-07-13 19:16:05.116  INFO 36846 --- [    Test worker] o.s.t.c.support.AbstractContextLoader    : Could not detect default resource locations for test class [com.globantx.cardinalevaluator.CucumberSpringConfiguration]: no resource found for suffixes {-context.xml, Context.groovy}.
2022-07-13 19:16:05.117  INFO 36846 --- [    Test worker] .b.t.c.SpringBootTestContextBootstrapper : Loaded default TestExecutionListener class names from location [META-INF/spring.factories]: [org.springframework.boot.test.autoconfigure.restdocs.RestDocsTestExecutionListener, org.springframework.boot.test.autoconfigure.web.client.MockRestServiceServerResetTestExecutionListener, org.springframework.boot.test.autoconfigure.web.servlet.MockMvcPrintOnlyOnFailureTestExecutionListener, org.springframework.boot.test.autoconfigure.web.servlet.WebDriverTestExecutionListener, org.springframework.boot.test.autoconfigure.webservices.client.MockWebServiceServerTestExecutionListener, org.springframework.boot.test.mock.mockito.MockitoTestExecutionListener, org.springframework.boot.test.mock.mockito.ResetMocksTestExecutionListener, org.springframework.test.context.web.ServletTestExecutionListener, org.springframework.test.context.support.DirtiesContextBeforeModesTestExecutionListener, org.springframework.test.context.event.ApplicationEventsTestExecutionListener, org.springframework.test.context.support.DependencyInjectionTestExecutionListener, org.springframework.test.context.support.DirtiesContextTestExecutionListener, org.springframework.test.context.transaction.TransactionalTestExecutionListener, org.springframework.test.context.jdbc.SqlScriptsTestExecutionListener, org.springframework.test.context.event.EventPublishingTestExecutionListener]
2022-07-13 19:16:05.117  INFO 36846 --- [    Test worker] .b.t.c.SpringBootTestContextBootstrapper : Using TestExecutionListeners: [org.springframework.test.context.web.ServletTestExecutionListener@6a552721, org.springframework.test.context.support.DirtiesContextBeforeModesTestExecutionListener@3815a7d1, org.springframework.test.context.event.ApplicationEventsTestExecutionListener@24dc150c, org.springframework.boot.test.mock.mockito.MockitoTestExecutionListener@1d2d4d7a, org.springframework.boot.test.autoconfigure.SpringBootDependencyInjectionTestExecutionListener@5e020dd1, org.springframework.test.context.support.DirtiesContextTestExecutionListener@4bbc02ef, org.springframework.test.context.event.EventPublishingTestExecutionListener@f0c1ae1, org.springframework.boot.test.autoconfigure.restdocs.RestDocsTestExecutionListener@783dc0e7, org.springframework.boot.test.autoconfigure.web.client.MockRestServiceServerResetTestExecutionListener@361f26b4, org.springframework.boot.test.autoconfigure.web.servlet.MockMvcPrintOnlyOnFailureTestExecutionListener@1d9ff1e2, org.springframework.boot.test.autoconfigure.web.servlet.WebDriverTestExecutionListener@722b3ba2, org.springframework.boot.test.autoconfigure.webservices.client.MockWebServiceServerTestExecutionListener@6487f7f8, org.springframework.boot.test.mock.mockito.ResetMocksTestExecutionListener@2b62475a]
2022-07-13 19:16:05.118  INFO 36846 --- [    Test worker] .b.t.c.SpringBootTestContextBootstrapper : Neither @ContextConfiguration nor @ContextHierarchy found for test class [com.globantx.cardinalevaluator.CucumberSpringConfiguration], using SpringBootContextLoader
2022-07-13 19:16:05.119  INFO 36846 --- [    Test worker] o.s.t.c.support.AbstractContextLoader    : Could not detect default resource locations for test class [com.globantx.cardinalevaluator.CucumberSpringConfiguration]: no resource found for suffixes {-context.xml, Context.groovy}.
2022-07-13 19:16:05.119  INFO 36846 --- [    Test worker] .b.t.c.SpringBootTestContextBootstrapper : Loaded default TestExecutionListener class names from location [META-INF/spring.factories]: [org.springframework.boot.test.autoconfigure.restdocs.RestDocsTestExecutionListener, org.springframework.boot.test.autoconfigure.web.client.MockRestServiceServerResetTestExecutionListener, org.springframework.boot.test.autoconfigure.web.servlet.MockMvcPrintOnlyOnFailureTestExecutionListener, org.springframework.boot.test.autoconfigure.web.servlet.WebDriverTestExecutionListener, org.springframework.boot.test.autoconfigure.webservices.client.MockWebServiceServerTestExecutionListener, org.springframework.boot.test.mock.mockito.MockitoTestExecutionListener, org.springframework.boot.test.mock.mockito.ResetMocksTestExecutionListener, org.springframework.test.context.web.ServletTestExecutionListener, org.springframework.test.context.support.DirtiesContextBeforeModesTestExecutionListener, org.springframework.test.context.event.ApplicationEventsTestExecutionListener, org.springframework.test.context.support.DependencyInjectionTestExecutionListener, org.springframework.test.context.support.DirtiesContextTestExecutionListener, org.springframework.test.context.transaction.TransactionalTestExecutionListener, org.springframework.test.context.jdbc.SqlScriptsTestExecutionListener, org.springframework.test.context.event.EventPublishingTestExecutionListener]
2022-07-13 19:16:05.119  INFO 36846 --- [    Test worker] .b.t.c.SpringBootTestContextBootstrapper : Using TestExecutionListeners: [org.springframework.test.context.web.ServletTestExecutionListener@4990b335, org.springframework.test.context.support.DirtiesContextBeforeModesTestExecutionListener@624d778e, org.springframework.test.context.event.ApplicationEventsTestExecutionListener@39ae6408, org.springframework.boot.test.mock.mockito.MockitoTestExecutionListener@cfacf0, org.springframework.boot.test.autoconfigure.SpringBootDependencyInjectionTestExecutionListener@4c8abec7, org.springframework.test.context.support.DirtiesContextTestExecutionListener@45f241df, org.springframework.test.context.event.EventPublishingTestExecutionListener@f36f34d, org.springframework.boot.test.autoconfigure.restdocs.RestDocsTestExecutionListener@72e36677, org.springframework.boot.test.autoconfigure.web.client.MockRestServiceServerResetTestExecutionListener@6b86826a, org.springframework.boot.test.autoconfigure.web.servlet.MockMvcPrintOnlyOnFailureTestExecutionListener@3c2dda7c, org.springframework.boot.test.autoconfigure.web.servlet.WebDriverTestExecutionListener@4b9fa2f, org.springframework.boot.test.autoconfigure.webservices.client.MockWebServiceServerTestExecutionListener@6d80e411, org.springframework.boot.test.mock.mockito.ResetMocksTestExecutionListener@32caae19]
2022-07-13 19:16:05.121  INFO 36846 --- [    Test worker] .b.t.c.SpringBootTestContextBootstrapper : Neither @ContextConfiguration nor @ContextHierarchy found for test class [com.globantx.cardinalevaluator.CucumberSpringConfiguration], using SpringBootContextLoader
2022-07-13 19:16:05.121  INFO 36846 --- [    Test worker] o.s.t.c.support.AbstractContextLoader    : Could not detect default resource locations for test class [com.globantx.cardinalevaluator.CucumberSpringConfiguration]: no resource found for suffixes {-context.xml, Context.groovy}.
2022-07-13 19:16:05.121  INFO 36846 --- [    Test worker] .b.t.c.SpringBootTestContextBootstrapper : Loaded default TestExecutionListener class names from location [META-INF/spring.factories]: [org.springframework.boot.test.autoconfigure.restdocs.RestDocsTestExecutionListener, org.springframework.boot.test.autoconfigure.web.client.MockRestServiceServerResetTestExecutionListener, org.springframework.boot.test.autoconfigure.web.servlet.MockMvcPrintOnlyOnFailureTestExecutionListener, org.springframework.boot.test.autoconfigure.web.servlet.WebDriverTestExecutionListener, org.springframework.boot.test.autoconfigure.webservices.client.MockWebServiceServerTestExecutionListener, org.springframework.boot.test.mock.mockito.MockitoTestExecutionListener, org.springframework.boot.test.mock.mockito.ResetMocksTestExecutionListener, org.springframework.test.context.web.ServletTestExecutionListener, org.springframework.test.context.support.DirtiesContextBeforeModesTestExecutionListener, org.springframework.test.context.event.ApplicationEventsTestExecutionListener, org.springframework.test.context.support.DependencyInjectionTestExecutionListener, org.springframework.test.context.support.DirtiesContextTestExecutionListener, org.springframework.test.context.transaction.TransactionalTestExecutionListener, org.springframework.test.context.jdbc.SqlScriptsTestExecutionListener, org.springframework.test.context.event.EventPublishingTestExecutionListener]
2022-07-13 19:16:05.121  INFO 36846 --- [    Test worker] .b.t.c.SpringBootTestContextBootstrapper : Using TestExecutionListeners: [org.springframework.test.context.web.ServletTestExecutionListener@60e67c06, org.springframework.test.context.support.DirtiesContextBeforeModesTestExecutionListener@2bc59ab7, org.springframework.test.context.event.ApplicationEventsTestExecutionListener@410f53b2, org.springframework.boot.test.mock.mockito.MockitoTestExecutionListener@265287ec, org.springframework.boot.test.autoconfigure.SpringBootDependencyInjectionTestExecutionListener@7507d96c, org.springframework.test.context.support.DirtiesContextTestExecutionListener@7210f559, org.springframework.test.context.event.EventPublishingTestExecutionListener@49b9ba6a, org.springframework.boot.test.autoconfigure.restdocs.RestDocsTestExecutionListener@7be62956, org.springframework.boot.test.autoconfigure.web.client.MockRestServiceServerResetTestExecutionListener@30e143ff, org.springframework.boot.test.autoconfigure.web.servlet.MockMvcPrintOnlyOnFailureTestExecutionListener@452ec287, org.springframework.boot.test.autoconfigure.web.servlet.WebDriverTestExecutionListener@41404aa2, org.springframework.boot.test.autoconfigure.webservices.client.MockWebServiceServerTestExecutionListener@b267745, org.springframework.boot.test.mock.mockito.ResetMocksTestExecutionListener@31e22365]
2022-07-13 19:16:05.122  INFO 36846 --- [    Test worker] .b.t.c.SpringBootTestContextBootstrapper : Neither @ContextConfiguration nor @ContextHierarchy found for test class [com.globantx.cardinalevaluator.CucumberSpringConfiguration], using SpringBootContextLoader
2022-07-13 19:16:05.123  INFO 36846 --- [    Test worker] o.s.t.c.support.AbstractContextLoader    : Could not detect default resource locations for test class [com.globantx.cardinalevaluator.CucumberSpringConfiguration]: no resource found for suffixes {-context.xml, Context.groovy}.
2022-07-13 19:16:05.123  INFO 36846 --- [    Test worker] .b.t.c.SpringBootTestContextBootstrapper : Loaded default TestExecutionListener class names from location [META-INF/spring.factories]: [org.springframework.boot.test.autoconfigure.restdocs.RestDocsTestExecutionListener, org.springframework.boot.test.autoconfigure.web.client.MockRestServiceServerResetTestExecutionListener, org.springframework.boot.test.autoconfigure.web.servlet.MockMvcPrintOnlyOnFailureTestExecutionListener, org.springframework.boot.test.autoconfigure.web.servlet.WebDriverTestExecutionListener, org.springframework.boot.test.autoconfigure.webservices.client.MockWebServiceServerTestExecutionListener, org.springframework.boot.test.mock.mockito.MockitoTestExecutionListener, org.springframework.boot.test.mock.mockito.ResetMocksTestExecutionListener, org.springframework.test.context.web.ServletTestExecutionListener, org.springframework.test.context.support.DirtiesContextBeforeModesTestExecutionListener, org.springframework.test.context.event.ApplicationEventsTestExecutionListener, org.springframework.test.context.support.DependencyInjectionTestExecutionListener, org.springframework.test.context.support.DirtiesContextTestExecutionListener, org.springframework.test.context.transaction.TransactionalTestExecutionListener, org.springframework.test.context.jdbc.SqlScriptsTestExecutionListener, org.springframework.test.context.event.EventPublishingTestExecutionListener]
2022-07-13 19:16:05.123  INFO 36846 --- [    Test worker] .b.t.c.SpringBootTestContextBootstrapper : Using TestExecutionListeners: [org.springframework.test.context.web.ServletTestExecutionListener@2ebf524, org.springframework.test.context.support.DirtiesContextBeforeModesTestExecutionListener@41bdaa81, org.springframework.test.context.event.ApplicationEventsTestExecutionListener@799971ac, org.springframework.boot.test.mock.mockito.MockitoTestExecutionListener@59c08cf1, org.springframework.boot.test.autoconfigure.SpringBootDependencyInjectionTestExecutionListener@45f0038, org.springframework.test.context.support.DirtiesContextTestExecutionListener@289a4b90, org.springframework.test.context.event.EventPublishingTestExecutionListener@1a3c4b3e, org.springframework.boot.test.autoconfigure.restdocs.RestDocsTestExecutionListener@4746fb8c, org.springframework.boot.test.autoconfigure.web.client.MockRestServiceServerResetTestExecutionListener@3be46d9c, org.springframework.boot.test.autoconfigure.web.servlet.MockMvcPrintOnlyOnFailureTestExecutionListener@41d877bb, org.springframework.boot.test.autoconfigure.web.servlet.WebDriverTestExecutionListener@39c5a105, org.springframework.boot.test.autoconfigure.webservices.client.MockWebServiceServerTestExecutionListener@492fa72a, org.springframework.boot.test.mock.mockito.ResetMocksTestExecutionListener@513fab1e]
2022-07-13 19:16:05.124  INFO 36846 --- [    Test worker] .b.t.c.SpringBootTestContextBootstrapper : Neither @ContextConfiguration nor @ContextHierarchy found for test class [com.globantx.cardinalevaluator.CucumberSpringConfiguration], using SpringBootContextLoader
2022-07-13 19:16:05.125  INFO 36846 --- [    Test worker] o.s.t.c.support.AbstractContextLoader    : Could not detect default resource locations for test class [com.globantx.cardinalevaluator.CucumberSpringConfiguration]: no resource found for suffixes {-context.xml, Context.groovy}.
2022-07-13 19:16:05.125  INFO 36846 --- [    Test worker] .b.t.c.SpringBootTestContextBootstrapper : Loaded default TestExecutionListener class names from location [META-INF/spring.factories]: [org.springframework.boot.test.autoconfigure.restdocs.RestDocsTestExecutionListener, org.springframework.boot.test.autoconfigure.web.client.MockRestServiceServerResetTestExecutionListener, org.springframework.boot.test.autoconfigure.web.servlet.MockMvcPrintOnlyOnFailureTestExecutionListener, org.springframework.boot.test.autoconfigure.web.servlet.WebDriverTestExecutionListener, org.springframework.boot.test.autoconfigure.webservices.client.MockWebServiceServerTestExecutionListener, org.springframework.boot.test.mock.mockito.MockitoTestExecutionListener, org.springframework.boot.test.mock.mockito.ResetMocksTestExecutionListener, org.springframework.test.context.web.ServletTestExecutionListener, org.springframework.test.context.support.DirtiesContextBeforeModesTestExecutionListener, org.springframework.test.context.event.ApplicationEventsTestExecutionListener, org.springframework.test.context.support.DependencyInjectionTestExecutionListener, org.springframework.test.context.support.DirtiesContextTestExecutionListener, org.springframework.test.context.transaction.TransactionalTestExecutionListener, org.springframework.test.context.jdbc.SqlScriptsTestExecutionListener, org.springframework.test.context.event.EventPublishingTestExecutionListener]
2022-07-13 19:16:05.125  INFO 36846 --- [    Test worker] .b.t.c.SpringBootTestContextBootstrapper : Using TestExecutionListeners: [org.springframework.test.context.web.ServletTestExecutionListener@53d87b2d, org.springframework.test.context.support.DirtiesContextBeforeModesTestExecutionListener@470135da, org.springframework.test.context.event.ApplicationEventsTestExecutionListener@7323dce7, org.springframework.boot.test.mock.mockito.MockitoTestExecutionListener@5f68eec6, org.springframework.boot.test.autoconfigure.SpringBootDependencyInjectionTestExecutionListener@4ff9f715, org.springframework.test.context.support.DirtiesContextTestExecutionListener@118a4d5, org.springframework.test.context.event.EventPublishingTestExecutionListener@6cb194f5, org.springframework.boot.test.autoconfigure.restdocs.RestDocsTestExecutionListener@74b7497b, org.springframework.boot.test.autoconfigure.web.client.MockRestServiceServerResetTestExecutionListener@74f649a7, org.springframework.boot.test.autoconfigure.web.servlet.MockMvcPrintOnlyOnFailureTestExecutionListener@308c65e0, org.springframework.boot.test.autoconfigure.web.servlet.WebDriverTestExecutionListener@50fa5938, org.springframework.boot.test.autoconfigure.webservices.client.MockWebServiceServerTestExecutionListener@1e482ecd, org.springframework.boot.test.mock.mockito.ResetMocksTestExecutionListener@58b5f7d2]
2022-07-13 19:16:05.126  INFO 36846 --- [    Test worker] .b.t.c.SpringBootTestContextBootstrapper : Neither @ContextConfiguration nor @ContextHierarchy found for test class [com.globantx.cardinalevaluator.CucumberSpringConfiguration], using SpringBootContextLoader
2022-07-13 19:16:05.127  INFO 36846 --- [    Test worker] o.s.t.c.support.AbstractContextLoader    : Could not detect default resource locations for test class [com.globantx.cardinalevaluator.CucumberSpringConfiguration]: no resource found for suffixes {-context.xml, Context.groovy}.
2022-07-13 19:16:05.127  INFO 36846 --- [    Test worker] .b.t.c.SpringBootTestContextBootstrapper : Loaded default TestExecutionListener class names from location [META-INF/spring.factories]: [org.springframework.boot.test.autoconfigure.restdocs.RestDocsTestExecutionListener, org.springframework.boot.test.autoconfigure.web.client.MockRestServiceServerResetTestExecutionListener, org.springframework.boot.test.autoconfigure.web.servlet.MockMvcPrintOnlyOnFailureTestExecutionListener, org.springframework.boot.test.autoconfigure.web.servlet.WebDriverTestExecutionListener, org.springframework.boot.test.autoconfigure.webservices.client.MockWebServiceServerTestExecutionListener, org.springframework.boot.test.mock.mockito.MockitoTestExecutionListener, org.springframework.boot.test.mock.mockito.ResetMocksTestExecutionListener, org.springframework.test.context.web.ServletTestExecutionListener, org.springframework.test.context.support.DirtiesContextBeforeModesTestExecutionListener, org.springframework.test.context.event.ApplicationEventsTestExecutionListener, org.springframework.test.context.support.DependencyInjectionTestExecutionListener, org.springframework.test.context.support.DirtiesContextTestExecutionListener, org.springframework.test.context.transaction.TransactionalTestExecutionListener, org.springframework.test.context.jdbc.SqlScriptsTestExecutionListener, org.springframework.test.context.event.EventPublishingTestExecutionListener]
2022-07-13 19:16:05.127  INFO 36846 --- [    Test worker] .b.t.c.SpringBootTestContextBootstrapper : Using TestExecutionListeners: [org.springframework.test.context.web.ServletTestExecutionListener@bc52a41, org.springframework.test.context.support.DirtiesContextBeforeModesTestExecutionListener@9f48198, org.springframework.test.context.event.ApplicationEventsTestExecutionListener@5615f82d, org.springframework.boot.test.mock.mockito.MockitoTestExecutionListener@21698e5a, org.springframework.boot.test.autoconfigure.SpringBootDependencyInjectionTestExecutionListener@3dc2f14, org.springframework.test.context.support.DirtiesContextTestExecutionListener@2e8986b6, org.springframework.test.context.event.EventPublishingTestExecutionListener@5724c7da, org.springframework.boot.test.autoconfigure.restdocs.RestDocsTestExecutionListener@3ad2883a, org.springframework.boot.test.autoconfigure.web.client.MockRestServiceServerResetTestExecutionListener@5814b4fb, org.springframework.boot.test.autoconfigure.web.servlet.MockMvcPrintOnlyOnFailureTestExecutionListener@3aca2579, org.springframework.boot.test.autoconfigure.web.servlet.WebDriverTestExecutionListener@4ba13fed, org.springframework.boot.test.autoconfigure.webservices.client.MockWebServiceServerTestExecutionListener@651cedfb, org.springframework.boot.test.mock.mockito.ResetMocksTestExecutionListener@18d22ecf]
2022-07-13 19:16:05.129  INFO 36846 --- [    Test worker] .b.t.c.SpringBootTestContextBootstrapper : Neither @ContextConfiguration nor @ContextHierarchy found for test class [com.globantx.cardinalevaluator.CucumberSpringConfiguration], using SpringBootContextLoader
2022-07-13 19:16:05.129  INFO 36846 --- [    Test worker] o.s.t.c.support.AbstractContextLoader    : Could not detect default resource locations for test class [com.globantx.cardinalevaluator.CucumberSpringConfiguration]: no resource found for suffixes {-context.xml, Context.groovy}.
2022-07-13 19:16:05.129  INFO 36846 --- [    Test worker] .b.t.c.SpringBootTestContextBootstrapper : Loaded default TestExecutionListener class names from location [META-INF/spring.factories]: [org.springframework.boot.test.autoconfigure.restdocs.RestDocsTestExecutionListener, org.springframework.boot.test.autoconfigure.web.client.MockRestServiceServerResetTestExecutionListener, org.springframework.boot.test.autoconfigure.web.servlet.MockMvcPrintOnlyOnFailureTestExecutionListener, org.springframework.boot.test.autoconfigure.web.servlet.WebDriverTestExecutionListener, org.springframework.boot.test.autoconfigure.webservices.client.MockWebServiceServerTestExecutionListener, org.springframework.boot.test.mock.mockito.MockitoTestExecutionListener, org.springframework.boot.test.mock.mockito.ResetMocksTestExecutionListener, org.springframework.test.context.web.ServletTestExecutionListener, org.springframework.test.context.support.DirtiesContextBeforeModesTestExecutionListener, org.springframework.test.context.event.ApplicationEventsTestExecutionListener, org.springframework.test.context.support.DependencyInjectionTestExecutionListener, org.springframework.test.context.support.DirtiesContextTestExecutionListener, org.springframework.test.context.transaction.TransactionalTestExecutionListener, org.springframework.test.context.jdbc.SqlScriptsTestExecutionListener, org.springframework.test.context.event.EventPublishingTestExecutionListener]
2022-07-13 19:16:05.129  INFO 36846 --- [    Test worker] .b.t.c.SpringBootTestContextBootstrapper : Using TestExecutionListeners: [org.springframework.test.context.web.ServletTestExecutionListener@73d83141, org.springframework.test.context.support.DirtiesContextBeforeModesTestExecutionListener@31443680, org.springframework.test.context.event.ApplicationEventsTestExecutionListener@33356666, org.springframework.boot.test.mock.mockito.MockitoTestExecutionListener@3a988299, org.springframework.boot.test.autoconfigure.SpringBootDependencyInjectionTestExecutionListener@878feb2, org.springframework.test.context.support.DirtiesContextTestExecutionListener@1818390b, org.springframework.test.context.event.EventPublishingTestExecutionListener@67a38, org.springframework.boot.test.autoconfigure.restdocs.RestDocsTestExecutionListener@7ef4aceb, org.springframework.boot.test.autoconfigure.web.client.MockRestServiceServerResetTestExecutionListener@31b650e9, org.springframework.boot.test.autoconfigure.web.servlet.MockMvcPrintOnlyOnFailureTestExecutionListener@683fe7b5, org.springframework.boot.test.autoconfigure.web.servlet.WebDriverTestExecutionListener@5b5b8730, org.springframework.boot.test.autoconfigure.webservices.client.MockWebServiceServerTestExecutionListener@93fb44, org.springframework.boot.test.mock.mockito.ResetMocksTestExecutionListener@321c2a7]
2022-07-13 19:16:05.131  INFO 36846 --- [    Test worker] .b.t.c.SpringBootTestContextBootstrapper : Neither @ContextConfiguration nor @ContextHierarchy found for test class [com.globantx.cardinalevaluator.CucumberSpringConfiguration], using SpringBootContextLoader
2022-07-13 19:16:05.131  INFO 36846 --- [    Test worker] o.s.t.c.support.AbstractContextLoader    : Could not detect default resource locations for test class [com.globantx.cardinalevaluator.CucumberSpringConfiguration]: no resource found for suffixes {-context.xml, Context.groovy}.
2022-07-13 19:16:05.131  INFO 36846 --- [    Test worker] .b.t.c.SpringBootTestContextBootstrapper : Loaded default TestExecutionListener class names from location [META-INF/spring.factories]: [org.springframework.boot.test.autoconfigure.restdocs.RestDocsTestExecutionListener, org.springframework.boot.test.autoconfigure.web.client.MockRestServiceServerResetTestExecutionListener, org.springframework.boot.test.autoconfigure.web.servlet.MockMvcPrintOnlyOnFailureTestExecutionListener, org.springframework.boot.test.autoconfigure.web.servlet.WebDriverTestExecutionListener, org.springframework.boot.test.autoconfigure.webservices.client.MockWebServiceServerTestExecutionListener, org.springframework.boot.test.mock.mockito.MockitoTestExecutionListener, org.springframework.boot.test.mock.mockito.ResetMocksTestExecutionListener, org.springframework.test.context.web.ServletTestExecutionListener, org.springframework.test.context.support.DirtiesContextBeforeModesTestExecutionListener, org.springframework.test.context.event.ApplicationEventsTestExecutionListener, org.springframework.test.context.support.DependencyInjectionTestExecutionListener, org.springframework.test.context.support.DirtiesContextTestExecutionListener, org.springframework.test.context.transaction.TransactionalTestExecutionListener, org.springframework.test.context.jdbc.SqlScriptsTestExecutionListener, org.springframework.test.context.event.EventPublishingTestExecutionListener]
2022-07-13 19:16:05.131  INFO 36846 --- [    Test worker] .b.t.c.SpringBootTestContextBootstrapper : Using TestExecutionListeners: [org.springframework.test.context.web.ServletTestExecutionListener@14b48f39, org.springframework.test.context.support.DirtiesContextBeforeModesTestExecutionListener@13d1f898, org.springframework.test.context.event.ApplicationEventsTestExecutionListener@c87787d, org.springframework.boot.test.mock.mockito.MockitoTestExecutionListener@1bea7b0, org.springframework.boot.test.autoconfigure.SpringBootDependencyInjectionTestExecutionListener@31433df9, org.springframework.test.context.support.DirtiesContextTestExecutionListener@2d4a0671, org.springframework.test.context.event.EventPublishingTestExecutionListener@1ab9c735, org.springframework.boot.test.autoconfigure.restdocs.RestDocsTestExecutionListener@6e4e60f5, org.springframework.boot.test.autoconfigure.web.client.MockRestServiceServerResetTestExecutionListener@464a3430, org.springframework.boot.test.autoconfigure.web.servlet.MockMvcPrintOnlyOnFailureTestExecutionListener@3bcedb06, org.springframework.boot.test.autoconfigure.web.servlet.WebDriverTestExecutionListener@6f9a3325, org.springframework.boot.test.autoconfigure.webservices.client.MockWebServiceServerTestExecutionListener@72ceafeb, org.springframework.boot.test.mock.mockito.ResetMocksTestExecutionListener@65b2ee36]
2022-07-13 19:16:05.133  INFO 36846 --- [    Test worker] .b.t.c.SpringBootTestContextBootstrapper : Neither @ContextConfiguration nor @ContextHierarchy found for test class [com.globantx.cardinalevaluator.CucumberSpringConfiguration], using SpringBootContextLoader
2022-07-13 19:16:05.133  INFO 36846 --- [    Test worker] o.s.t.c.support.AbstractContextLoader    : Could not detect default resource locations for test class [com.globantx.cardinalevaluator.CucumberSpringConfiguration]: no resource found for suffixes {-context.xml, Context.groovy}.
2022-07-13 19:16:05.133  INFO 36846 --- [    Test worker] .b.t.c.SpringBootTestContextBootstrapper : Loaded default TestExecutionListener class names from location [META-INF/spring.factories]: [org.springframework.boot.test.autoconfigure.restdocs.RestDocsTestExecutionListener, org.springframework.boot.test.autoconfigure.web.client.MockRestServiceServerResetTestExecutionListener, org.springframework.boot.test.autoconfigure.web.servlet.MockMvcPrintOnlyOnFailureTestExecutionListener, org.springframework.boot.test.autoconfigure.web.servlet.WebDriverTestExecutionListener, org.springframework.boot.test.autoconfigure.webservices.client.MockWebServiceServerTestExecutionListener, org.springframework.boot.test.mock.mockito.MockitoTestExecutionListener, org.springframework.boot.test.mock.mockito.ResetMocksTestExecutionListener, org.springframework.test.context.web.ServletTestExecutionListener, org.springframework.test.context.support.DirtiesContextBeforeModesTestExecutionListener, org.springframework.test.context.event.ApplicationEventsTestExecutionListener, org.springframework.test.context.support.DependencyInjectionTestExecutionListener, org.springframework.test.context.support.DirtiesContextTestExecutionListener, org.springframework.test.context.transaction.TransactionalTestExecutionListener, org.springframework.test.context.jdbc.SqlScriptsTestExecutionListener, org.springframework.test.context.event.EventPublishingTestExecutionListener]
2022-07-13 19:16:05.134  INFO 36846 --- [    Test worker] .b.t.c.SpringBootTestContextBootstrapper : Using TestExecutionListeners: [org.springframework.test.context.web.ServletTestExecutionListener@28e91f6d, org.springframework.test.context.support.DirtiesContextBeforeModesTestExecutionListener@16d4024e, org.springframework.test.context.event.ApplicationEventsTestExecutionListener@11e24688, org.springframework.boot.test.mock.mockito.MockitoTestExecutionListener@63d3c9dc, org.springframework.boot.test.autoconfigure.SpringBootDependencyInjectionTestExecutionListener@3a1a0bc, org.springframework.test.context.support.DirtiesContextTestExecutionListener@35d114f4, org.springframework.test.context.event.EventPublishingTestExecutionListener@3684d2c0, org.springframework.boot.test.autoconfigure.restdocs.RestDocsTestExecutionListener@4be460e5, org.springframework.boot.test.autoconfigure.web.client.MockRestServiceServerResetTestExecutionListener@454e9d65, org.springframework.boot.test.autoconfigure.web.servlet.MockMvcPrintOnlyOnFailureTestExecutionListener@7805478c, org.springframework.boot.test.autoconfigure.web.servlet.WebDriverTestExecutionListener@6807989e, org.springframework.boot.test.autoconfigure.webservices.client.MockWebServiceServerTestExecutionListener@c2e33, org.springframework.boot.test.mock.mockito.ResetMocksTestExecutionListener@31183ee2]
2022-07-13 19:16:05.135  INFO 36846 --- [    Test worker] .b.t.c.SpringBootTestContextBootstrapper : Neither @ContextConfiguration nor @ContextHierarchy found for test class [com.globantx.cardinalevaluator.CucumberSpringConfiguration], using SpringBootContextLoader
2022-07-13 19:16:05.135  INFO 36846 --- [    Test worker] o.s.t.c.support.AbstractContextLoader    : Could not detect default resource locations for test class [com.globantx.cardinalevaluator.CucumberSpringConfiguration]: no resource found for suffixes {-context.xml, Context.groovy}.
2022-07-13 19:16:05.136  INFO 36846 --- [    Test worker] .b.t.c.SpringBootTestContextBootstrapper : Loaded default TestExecutionListener class names from location [META-INF/spring.factories]: [org.springframework.boot.test.autoconfigure.restdocs.RestDocsTestExecutionListener, org.springframework.boot.test.autoconfigure.web.client.MockRestServiceServerResetTestExecutionListener, org.springframework.boot.test.autoconfigure.web.servlet.MockMvcPrintOnlyOnFailureTestExecutionListener, org.springframework.boot.test.autoconfigure.web.servlet.WebDriverTestExecutionListener, org.springframework.boot.test.autoconfigure.webservices.client.MockWebServiceServerTestExecutionListener, org.springframework.boot.test.mock.mockito.MockitoTestExecutionListener, org.springframework.boot.test.mock.mockito.ResetMocksTestExecutionListener, org.springframework.test.context.web.ServletTestExecutionListener, org.springframework.test.context.support.DirtiesContextBeforeModesTestExecutionListener, org.springframework.test.context.event.ApplicationEventsTestExecutionListener, org.springframework.test.context.support.DependencyInjectionTestExecutionListener, org.springframework.test.context.support.DirtiesContextTestExecutionListener, org.springframework.test.context.transaction.TransactionalTestExecutionListener, org.springframework.test.context.jdbc.SqlScriptsTestExecutionListener, org.springframework.test.context.event.EventPublishingTestExecutionListener]
2022-07-13 19:16:05.136  INFO 36846 --- [    Test worker] .b.t.c.SpringBootTestContextBootstrapper : Using TestExecutionListeners: [org.springframework.test.context.web.ServletTestExecutionListener@63f3366a, org.springframework.test.context.support.DirtiesContextBeforeModesTestExecutionListener@37e491e2, org.springframework.test.context.event.ApplicationEventsTestExecutionListener@56f84c9b, org.springframework.boot.test.mock.mockito.MockitoTestExecutionListener@26679788, org.springframework.boot.test.autoconfigure.SpringBootDependencyInjectionTestExecutionListener@5cdda548, org.springframework.test.context.support.DirtiesContextTestExecutionListener@4f2544b0, org.springframework.test.context.event.EventPublishingTestExecutionListener@5bad555b, org.springframework.boot.test.autoconfigure.restdocs.RestDocsTestExecutionListener@41ec4271, org.springframework.boot.test.autoconfigure.web.client.MockRestServiceServerResetTestExecutionListener@70aa58e1, org.springframework.boot.test.autoconfigure.web.servlet.MockMvcPrintOnlyOnFailureTestExecutionListener@154f8280, org.springframework.boot.test.autoconfigure.web.servlet.WebDriverTestExecutionListener@24f90aff, org.springframework.boot.test.autoconfigure.webservices.client.MockWebServiceServerTestExecutionListener@7252bdb, org.springframework.boot.test.mock.mockito.ResetMocksTestExecutionListener@25ea068e]
2022-07-13 19:16:05.137  INFO 36846 --- [    Test worker] .b.t.c.SpringBootTestContextBootstrapper : Neither @ContextConfiguration nor @ContextHierarchy found for test class [com.globantx.cardinalevaluator.CucumberSpringConfiguration], using SpringBootContextLoader
2022-07-13 19:16:05.137  INFO 36846 --- [    Test worker] o.s.t.c.support.AbstractContextLoader    : Could not detect default resource locations for test class [com.globantx.cardinalevaluator.CucumberSpringConfiguration]: no resource found for suffixes {-context.xml, Context.groovy}.
2022-07-13 19:16:05.138  INFO 36846 --- [    Test worker] .b.t.c.SpringBootTestContextBootstrapper : Loaded default TestExecutionListener class names from location [META-INF/spring.factories]: [org.springframework.boot.test.autoconfigure.restdocs.RestDocsTestExecutionListener, org.springframework.boot.test.autoconfigure.web.client.MockRestServiceServerResetTestExecutionListener, org.springframework.boot.test.autoconfigure.web.servlet.MockMvcPrintOnlyOnFailureTestExecutionListener, org.springframework.boot.test.autoconfigure.web.servlet.WebDriverTestExecutionListener, org.springframework.boot.test.autoconfigure.webservices.client.MockWebServiceServerTestExecutionListener, org.springframework.boot.test.mock.mockito.MockitoTestExecutionListener, org.springframework.boot.test.mock.mockito.ResetMocksTestExecutionListener, org.springframework.test.context.web.ServletTestExecutionListener, org.springframework.test.context.support.DirtiesContextBeforeModesTestExecutionListener, org.springframework.test.context.event.ApplicationEventsTestExecutionListener, org.springframework.test.context.support.DependencyInjectionTestExecutionListener, org.springframework.test.context.support.DirtiesContextTestExecutionListener, org.springframework.test.context.transaction.TransactionalTestExecutionListener, org.springframework.test.context.jdbc.SqlScriptsTestExecutionListener, org.springframework.test.context.event.EventPublishingTestExecutionListener]
2022-07-13 19:16:05.138  INFO 36846 --- [    Test worker] .b.t.c.SpringBootTestContextBootstrapper : Using TestExecutionListeners: [org.springframework.test.context.web.ServletTestExecutionListener@4cd8db31, org.springframework.test.context.support.DirtiesContextBeforeModesTestExecutionListener@201a8ea7, org.springframework.test.context.event.ApplicationEventsTestExecutionListener@ecf028c, org.springframework.boot.test.mock.mockito.MockitoTestExecutionListener@7b64bbad, org.springframework.boot.test.autoconfigure.SpringBootDependencyInjectionTestExecutionListener@71eff6a3, org.springframework.test.context.support.DirtiesContextTestExecutionListener@574218f, org.springframework.test.context.event.EventPublishingTestExecutionListener@735988cf, org.springframework.boot.test.autoconfigure.restdocs.RestDocsTestExecutionListener@2d3eecda, org.springframework.boot.test.autoconfigure.web.client.MockRestServiceServerResetTestExecutionListener@236a4d30, org.springframework.boot.test.autoconfigure.web.servlet.MockMvcPrintOnlyOnFailureTestExecutionListener@736788b, org.springframework.boot.test.autoconfigure.web.servlet.WebDriverTestExecutionListener@38968752, org.springframework.boot.test.autoconfigure.webservices.client.MockWebServiceServerTestExecutionListener@6294e4a6, org.springframework.boot.test.mock.mockito.ResetMocksTestExecutionListener@13662609]
2022-07-13 19:16:05.139  INFO 36846 --- [    Test worker] .b.t.c.SpringBootTestContextBootstrapper : Neither @ContextConfiguration nor @ContextHierarchy found for test class [com.globantx.cardinalevaluator.CucumberSpringConfiguration], using SpringBootContextLoader
2022-07-13 19:16:05.139  INFO 36846 --- [    Test worker] o.s.t.c.support.AbstractContextLoader    : Could not detect default resource locations for test class [com.globantx.cardinalevaluator.CucumberSpringConfiguration]: no resource found for suffixes {-context.xml, Context.groovy}.
2022-07-13 19:16:05.140  INFO 36846 --- [    Test worker] .b.t.c.SpringBootTestContextBootstrapper : Loaded default TestExecutionListener class names from location [META-INF/spring.factories]: [org.springframework.boot.test.autoconfigure.restdocs.RestDocsTestExecutionListener, org.springframework.boot.test.autoconfigure.web.client.MockRestServiceServerResetTestExecutionListener, org.springframework.boot.test.autoconfigure.web.servlet.MockMvcPrintOnlyOnFailureTestExecutionListener, org.springframework.boot.test.autoconfigure.web.servlet.WebDriverTestExecutionListener, org.springframework.boot.test.autoconfigure.webservices.client.MockWebServiceServerTestExecutionListener, org.springframework.boot.test.mock.mockito.MockitoTestExecutionListener, org.springframework.boot.test.mock.mockito.ResetMocksTestExecutionListener, org.springframework.test.context.web.ServletTestExecutionListener, org.springframework.test.context.support.DirtiesContextBeforeModesTestExecutionListener, org.springframework.test.context.event.ApplicationEventsTestExecutionListener, org.springframework.test.context.support.DependencyInjectionTestExecutionListener, org.springframework.test.context.support.DirtiesContextTestExecutionListener, org.springframework.test.context.transaction.TransactionalTestExecutionListener, org.springframework.test.context.jdbc.SqlScriptsTestExecutionListener, org.springframework.test.context.event.EventPublishingTestExecutionListener]
2022-07-13 19:16:05.140  INFO 36846 --- [    Test worker] .b.t.c.SpringBootTestContextBootstrapper : Using TestExecutionListeners: [org.springframework.test.context.web.ServletTestExecutionListener@27a0e6ce, org.springframework.test.context.support.DirtiesContextBeforeModesTestExecutionListener@2b80497f, org.springframework.test.context.event.ApplicationEventsTestExecutionListener@6ef4297d, org.springframework.boot.test.mock.mockito.MockitoTestExecutionListener@4c000cc4, org.springframework.boot.test.autoconfigure.SpringBootDependencyInjectionTestExecutionListener@6c36051c, org.springframework.test.context.support.DirtiesContextTestExecutionListener@45d46254, org.springframework.test.context.event.EventPublishingTestExecutionListener@a240452, org.springframework.boot.test.autoconfigure.restdocs.RestDocsTestExecutionListener@460e5ffe, org.springframework.boot.test.autoconfigure.web.client.MockRestServiceServerResetTestExecutionListener@1a4cbcc6, org.springframework.boot.test.autoconfigure.web.servlet.MockMvcPrintOnlyOnFailureTestExecutionListener@7cecab19, org.springframework.boot.test.autoconfigure.web.servlet.WebDriverTestExecutionListener@56402642, org.springframework.boot.test.autoconfigure.webservices.client.MockWebServiceServerTestExecutionListener@620572db, org.springframework.boot.test.mock.mockito.ResetMocksTestExecutionListener@1d5048d1]
2022-07-13 19:16:05.142  INFO 36846 --- [    Test worker] .b.t.c.SpringBootTestContextBootstrapper : Neither @ContextConfiguration nor @ContextHierarchy found for test class [com.globantx.cardinalevaluator.CucumberSpringConfiguration], using SpringBootContextLoader
2022-07-13 19:16:05.142  INFO 36846 --- [    Test worker] o.s.t.c.support.AbstractContextLoader    : Could not detect default resource locations for test class [com.globantx.cardinalevaluator.CucumberSpringConfiguration]: no resource found for suffixes {-context.xml, Context.groovy}.
2022-07-13 19:16:05.142  INFO 36846 --- [    Test worker] .b.t.c.SpringBootTestContextBootstrapper : Loaded default TestExecutionListener class names from location [META-INF/spring.factories]: [org.springframework.boot.test.autoconfigure.restdocs.RestDocsTestExecutionListener, org.springframework.boot.test.autoconfigure.web.client.MockRestServiceServerResetTestExecutionListener, org.springframework.boot.test.autoconfigure.web.servlet.MockMvcPrintOnlyOnFailureTestExecutionListener, org.springframework.boot.test.autoconfigure.web.servlet.WebDriverTestExecutionListener, org.springframework.boot.test.autoconfigure.webservices.client.MockWebServiceServerTestExecutionListener, org.springframework.boot.test.mock.mockito.MockitoTestExecutionListener, org.springframework.boot.test.mock.mockito.ResetMocksTestExecutionListener, org.springframework.test.context.web.ServletTestExecutionListener, org.springframework.test.context.support.DirtiesContextBeforeModesTestExecutionListener, org.springframework.test.context.event.ApplicationEventsTestExecutionListener, org.springframework.test.context.support.DependencyInjectionTestExecutionListener, org.springframework.test.context.support.DirtiesContextTestExecutionListener, org.springframework.test.context.transaction.TransactionalTestExecutionListener, org.springframework.test.context.jdbc.SqlScriptsTestExecutionListener, org.springframework.test.context.event.EventPublishingTestExecutionListener]
2022-07-13 19:16:05.142  INFO 36846 --- [    Test worker] .b.t.c.SpringBootTestContextBootstrapper : Using TestExecutionListeners: [org.springframework.test.context.web.ServletTestExecutionListener@47d9c01, org.springframework.test.context.support.DirtiesContextBeforeModesTestExecutionListener@5358c8fa, org.springframework.test.context.event.ApplicationEventsTestExecutionListener@1a02ebe0, org.springframework.boot.test.mock.mockito.MockitoTestExecutionListener@58b3eb1, org.springframework.boot.test.autoconfigure.SpringBootDependencyInjectionTestExecutionListener@6d7e2795, org.springframework.test.context.support.DirtiesContextTestExecutionListener@78743dd8, org.springframework.test.context.event.EventPublishingTestExecutionListener@752494dd, org.springframework.boot.test.autoconfigure.restdocs.RestDocsTestExecutionListener@2986427e, org.springframework.boot.test.autoconfigure.web.client.MockRestServiceServerResetTestExecutionListener@35d88a54, org.springframework.boot.test.autoconfigure.web.servlet.MockMvcPrintOnlyOnFailureTestExecutionListener@6c1bebca, org.springframework.boot.test.autoconfigure.web.servlet.WebDriverTestExecutionListener@3d4818e8, org.springframework.boot.test.autoconfigure.webservices.client.MockWebServiceServerTestExecutionListener@26c6288d, org.springframework.boot.test.mock.mockito.ResetMocksTestExecutionListener@57bd9c2b]
2022-07-13 19:16:05.144  INFO 36846 --- [    Test worker] .b.t.c.SpringBootTestContextBootstrapper : Neither @ContextConfiguration nor @ContextHierarchy found for test class [com.globantx.cardinalevaluator.CucumberSpringConfiguration], using SpringBootContextLoader
2022-07-13 19:16:05.144  INFO 36846 --- [    Test worker] o.s.t.c.support.AbstractContextLoader    : Could not detect default resource locations for test class [com.globantx.cardinalevaluator.CucumberSpringConfiguration]: no resource found for suffixes {-context.xml, Context.groovy}.
2022-07-13 19:16:05.144  INFO 36846 --- [    Test worker] .b.t.c.SpringBootTestContextBootstrapper : Loaded default TestExecutionListener class names from location [META-INF/spring.factories]: [org.springframework.boot.test.autoconfigure.restdocs.RestDocsTestExecutionListener, org.springframework.boot.test.autoconfigure.web.client.MockRestServiceServerResetTestExecutionListener, org.springframework.boot.test.autoconfigure.web.servlet.MockMvcPrintOnlyOnFailureTestExecutionListener, org.springframework.boot.test.autoconfigure.web.servlet.WebDriverTestExecutionListener, org.springframework.boot.test.autoconfigure.webservices.client.MockWebServiceServerTestExecutionListener, org.springframework.boot.test.mock.mockito.MockitoTestExecutionListener, org.springframework.boot.test.mock.mockito.ResetMocksTestExecutionListener, org.springframework.test.context.web.ServletTestExecutionListener, org.springframework.test.context.support.DirtiesContextBeforeModesTestExecutionListener, org.springframework.test.context.event.ApplicationEventsTestExecutionListener, org.springframework.test.context.support.DependencyInjectionTestExecutionListener, org.springframework.test.context.support.DirtiesContextTestExecutionListener, org.springframework.test.context.transaction.TransactionalTestExecutionListener, org.springframework.test.context.jdbc.SqlScriptsTestExecutionListener, org.springframework.test.context.event.EventPublishingTestExecutionListener]
2022-07-13 19:16:05.144  INFO 36846 --- [    Test worker] .b.t.c.SpringBootTestContextBootstrapper : Using TestExecutionListeners: [org.springframework.test.context.web.ServletTestExecutionListener@644b68ad, org.springframework.test.context.support.DirtiesContextBeforeModesTestExecutionListener@1939a394, org.springframework.test.context.event.ApplicationEventsTestExecutionListener@e2c627e, org.springframework.boot.test.mock.mockito.MockitoTestExecutionListener@35cbeb54, org.springframework.boot.test.autoconfigure.SpringBootDependencyInjectionTestExecutionListener@a7ae340, org.springframework.test.context.support.DirtiesContextTestExecutionListener@5e8bd498, org.springframework.test.context.event.EventPublishingTestExecutionListener@335972a5, org.springframework.boot.test.autoconfigure.restdocs.RestDocsTestExecutionListener@59a2bed1, org.springframework.boot.test.autoconfigure.web.client.MockRestServiceServerResetTestExecutionListener@49f2646, org.springframework.boot.test.autoconfigure.web.servlet.MockMvcPrintOnlyOnFailureTestExecutionListener@4b00d59, org.springframework.boot.test.autoconfigure.web.servlet.WebDriverTestExecutionListener@7c048b30, org.springframework.boot.test.autoconfigure.webservices.client.MockWebServiceServerTestExecutionListener@309cf657, org.springframework.boot.test.mock.mockito.ResetMocksTestExecutionListener@4d4c4b14]
2022-07-13 19:16:05.146  INFO 36846 --- [    Test worker] .b.t.c.SpringBootTestContextBootstrapper : Neither @ContextConfiguration nor @ContextHierarchy found for test class [com.globantx.cardinalevaluator.CucumberSpringConfiguration], using SpringBootContextLoader
2022-07-13 19:16:05.146  INFO 36846 --- [    Test worker] o.s.t.c.support.AbstractContextLoader    : Could not detect default resource locations for test class [com.globantx.cardinalevaluator.CucumberSpringConfiguration]: no resource found for suffixes {-context.xml, Context.groovy}.
2022-07-13 19:16:05.146  INFO 36846 --- [    Test worker] .b.t.c.SpringBootTestContextBootstrapper : Loaded default TestExecutionListener class names from location [META-INF/spring.factories]: [org.springframework.boot.test.autoconfigure.restdocs.RestDocsTestExecutionListener, org.springframework.boot.test.autoconfigure.web.client.MockRestServiceServerResetTestExecutionListener, org.springframework.boot.test.autoconfigure.web.servlet.MockMvcPrintOnlyOnFailureTestExecutionListener, org.springframework.boot.test.autoconfigure.web.servlet.WebDriverTestExecutionListener, org.springframework.boot.test.autoconfigure.webservices.client.MockWebServiceServerTestExecutionListener, org.springframework.boot.test.mock.mockito.MockitoTestExecutionListener, org.springframework.boot.test.mock.mockito.ResetMocksTestExecutionListener, org.springframework.test.context.web.ServletTestExecutionListener, org.springframework.test.context.support.DirtiesContextBeforeModesTestExecutionListener, org.springframework.test.context.event.ApplicationEventsTestExecutionListener, org.springframework.test.context.support.DependencyInjectionTestExecutionListener, org.springframework.test.context.support.DirtiesContextTestExecutionListener, org.springframework.test.context.transaction.TransactionalTestExecutionListener, org.springframework.test.context.jdbc.SqlScriptsTestExecutionListener, org.springframework.test.context.event.EventPublishingTestExecutionListener]
2022-07-13 19:16:05.146  INFO 36846 --- [    Test worker] .b.t.c.SpringBootTestContextBootstrapper : Using TestExecutionListeners: [org.springframework.test.context.web.ServletTestExecutionListener@49925d21, org.springframework.test.context.support.DirtiesContextBeforeModesTestExecutionListener@11170228, org.springframework.test.context.event.ApplicationEventsTestExecutionListener@46ee7013, org.springframework.boot.test.mock.mockito.MockitoTestExecutionListener@69d58731, org.springframework.boot.test.autoconfigure.SpringBootDependencyInjectionTestExecutionListener@3275a47f, org.springframework.test.context.support.DirtiesContextTestExecutionListener@1b5af65b, org.springframework.test.context.event.EventPublishingTestExecutionListener@2e0163cb, org.springframework.boot.test.autoconfigure.restdocs.RestDocsTestExecutionListener@6b289535, org.springframework.boot.test.autoconfigure.web.client.MockRestServiceServerResetTestExecutionListener@74619273, org.springframework.boot.test.autoconfigure.web.servlet.MockMvcPrintOnlyOnFailureTestExecutionListener@38c55a8a, org.springframework.boot.test.autoconfigure.web.servlet.WebDriverTestExecutionListener@1d7f7962, org.springframework.boot.test.autoconfigure.webservices.client.MockWebServiceServerTestExecutionListener@32d1d6c5, org.springframework.boot.test.mock.mockito.ResetMocksTestExecutionListener@4a5b38e6]
2022-07-13 19:16:05.148  INFO 36846 --- [    Test worker] .b.t.c.SpringBootTestContextBootstrapper : Neither @ContextConfiguration nor @ContextHierarchy found for test class [com.globantx.cardinalevaluator.CucumberSpringConfiguration], using SpringBootContextLoader
2022-07-13 19:16:05.148  INFO 36846 --- [    Test worker] o.s.t.c.support.AbstractContextLoader    : Could not detect default resource locations for test class [com.globantx.cardinalevaluator.CucumberSpringConfiguration]: no resource found for suffixes {-context.xml, Context.groovy}.
2022-07-13 19:16:05.148  INFO 36846 --- [    Test worker] .b.t.c.SpringBootTestContextBootstrapper : Loaded default TestExecutionListener class names from location [META-INF/spring.factories]: [org.springframework.boot.test.autoconfigure.restdocs.RestDocsTestExecutionListener, org.springframework.boot.test.autoconfigure.web.client.MockRestServiceServerResetTestExecutionListener, org.springframework.boot.test.autoconfigure.web.servlet.MockMvcPrintOnlyOnFailureTestExecutionListener, org.springframework.boot.test.autoconfigure.web.servlet.WebDriverTestExecutionListener, org.springframework.boot.test.autoconfigure.webservices.client.MockWebServiceServerTestExecutionListener, org.springframework.boot.test.mock.mockito.MockitoTestExecutionListener, org.springframework.boot.test.mock.mockito.ResetMocksTestExecutionListener, org.springframework.test.context.web.ServletTestExecutionListener, org.springframework.test.context.support.DirtiesContextBeforeModesTestExecutionListener, org.springframework.test.context.event.ApplicationEventsTestExecutionListener, org.springframework.test.context.support.DependencyInjectionTestExecutionListener, org.springframework.test.context.support.DirtiesContextTestExecutionListener, org.springframework.test.context.transaction.TransactionalTestExecutionListener, org.springframework.test.context.jdbc.SqlScriptsTestExecutionListener, org.springframework.test.context.event.EventPublishingTestExecutionListener]
2022-07-13 19:16:05.148  INFO 36846 --- [    Test worker] .b.t.c.SpringBootTestContextBootstrapper : Using TestExecutionListeners: [org.springframework.test.context.web.ServletTestExecutionListener@58583a2d, org.springframework.test.context.support.DirtiesContextBeforeModesTestExecutionListener@3e8afc2d, org.springframework.test.context.event.ApplicationEventsTestExecutionListener@2d172c7, org.springframework.boot.test.mock.mockito.MockitoTestExecutionListener@115ef673, org.springframework.boot.test.autoconfigure.SpringBootDependencyInjectionTestExecutionListener@8ce3f27, org.springframework.test.context.support.DirtiesContextTestExecutionListener@614cd187, org.springframework.test.context.event.EventPublishingTestExecutionListener@6802d023, org.springframework.boot.test.autoconfigure.restdocs.RestDocsTestExecutionListener@e895e3e, org.springframework.boot.test.autoconfigure.web.client.MockRestServiceServerResetTestExecutionListener@77476fcf, org.springframework.boot.test.autoconfigure.web.servlet.MockMvcPrintOnlyOnFailureTestExecutionListener@70805849, org.springframework.boot.test.autoconfigure.web.servlet.WebDriverTestExecutionListener@e7d0db2, org.springframework.boot.test.autoconfigure.webservices.client.MockWebServiceServerTestExecutionListener@4a41caed, org.springframework.boot.test.mock.mockito.ResetMocksTestExecutionListener@6b4fd7d]
2022-07-13 19:16:05.150  INFO 36846 --- [    Test worker] .b.t.c.SpringBootTestContextBootstrapper : Neither @ContextConfiguration nor @ContextHierarchy found for test class [com.globantx.cardinalevaluator.CucumberSpringConfiguration], using SpringBootContextLoader
2022-07-13 19:16:05.150  INFO 36846 --- [    Test worker] o.s.t.c.support.AbstractContextLoader    : Could not detect default resource locations for test class [com.globantx.cardinalevaluator.CucumberSpringConfiguration]: no resource found for suffixes {-context.xml, Context.groovy}.
2022-07-13 19:16:05.151  INFO 36846 --- [    Test worker] .b.t.c.SpringBootTestContextBootstrapper : Loaded default TestExecutionListener class names from location [META-INF/spring.factories]: [org.springframework.boot.test.autoconfigure.restdocs.RestDocsTestExecutionListener, org.springframework.boot.test.autoconfigure.web.client.MockRestServiceServerResetTestExecutionListener, org.springframework.boot.test.autoconfigure.web.servlet.MockMvcPrintOnlyOnFailureTestExecutionListener, org.springframework.boot.test.autoconfigure.web.servlet.WebDriverTestExecutionListener, org.springframework.boot.test.autoconfigure.webservices.client.MockWebServiceServerTestExecutionListener, org.springframework.boot.test.mock.mockito.MockitoTestExecutionListener, org.springframework.boot.test.mock.mockito.ResetMocksTestExecutionListener, org.springframework.test.context.web.ServletTestExecutionListener, org.springframework.test.context.support.DirtiesContextBeforeModesTestExecutionListener, org.springframework.test.context.event.ApplicationEventsTestExecutionListener, org.springframework.test.context.support.DependencyInjectionTestExecutionListener, org.springframework.test.context.support.DirtiesContextTestExecutionListener, org.springframework.test.context.transaction.TransactionalTestExecutionListener, org.springframework.test.context.jdbc.SqlScriptsTestExecutionListener, org.springframework.test.context.event.EventPublishingTestExecutionListener]
2022-07-13 19:16:05.151  INFO 36846 --- [    Test worker] .b.t.c.SpringBootTestContextBootstrapper : Using TestExecutionListeners: [org.springframework.test.context.web.ServletTestExecutionListener@7404aff2, org.springframework.test.context.support.DirtiesContextBeforeModesTestExecutionListener@12723c5d, org.springframework.test.context.event.ApplicationEventsTestExecutionListener@56a09a5c, org.springframework.boot.test.mock.mockito.MockitoTestExecutionListener@775edae0, org.springframework.boot.test.autoconfigure.SpringBootDependencyInjectionTestExecutionListener@26f480c6, org.springframework.test.context.support.DirtiesContextTestExecutionListener@2567c091, org.springframework.test.context.event.EventPublishingTestExecutionListener@7747cc1b, org.springframework.boot.test.autoconfigure.restdocs.RestDocsTestExecutionListener@76cf91c9, org.springframework.boot.test.autoconfigure.web.client.MockRestServiceServerResetTestExecutionListener@74bfdd66, org.springframework.boot.test.autoconfigure.web.servlet.MockMvcPrintOnlyOnFailureTestExecutionListener@6fc7e828, org.springframework.boot.test.autoconfigure.web.servlet.WebDriverTestExecutionListener@26a9c6df, org.springframework.boot.test.autoconfigure.webservices.client.MockWebServiceServerTestExecutionListener@2ce24a1a, org.springframework.boot.test.mock.mockito.ResetMocksTestExecutionListener@26bce60d]
2022-07-13 19:16:05.153  INFO 36846 --- [    Test worker] .b.t.c.SpringBootTestContextBootstrapper : Neither @ContextConfiguration nor @ContextHierarchy found for test class [com.globantx.cardinalevaluator.CucumberSpringConfiguration], using SpringBootContextLoader
2022-07-13 19:16:05.153  INFO 36846 --- [    Test worker] o.s.t.c.support.AbstractContextLoader    : Could not detect default resource locations for test class [com.globantx.cardinalevaluator.CucumberSpringConfiguration]: no resource found for suffixes {-context.xml, Context.groovy}.
2022-07-13 19:16:05.153  INFO 36846 --- [    Test worker] .b.t.c.SpringBootTestContextBootstrapper : Loaded default TestExecutionListener class names from location [META-INF/spring.factories]: [org.springframework.boot.test.autoconfigure.restdocs.RestDocsTestExecutionListener, org.springframework.boot.test.autoconfigure.web.client.MockRestServiceServerResetTestExecutionListener, org.springframework.boot.test.autoconfigure.web.servlet.MockMvcPrintOnlyOnFailureTestExecutionListener, org.springframework.boot.test.autoconfigure.web.servlet.WebDriverTestExecutionListener, org.springframework.boot.test.autoconfigure.webservices.client.MockWebServiceServerTestExecutionListener, org.springframework.boot.test.mock.mockito.MockitoTestExecutionListener, org.springframework.boot.test.mock.mockito.ResetMocksTestExecutionListener, org.springframework.test.context.web.ServletTestExecutionListener, org.springframework.test.context.support.DirtiesContextBeforeModesTestExecutionListener, org.springframework.test.context.event.ApplicationEventsTestExecutionListener, org.springframework.test.context.support.DependencyInjectionTestExecutionListener, org.springframework.test.context.support.DirtiesContextTestExecutionListener, org.springframework.test.context.transaction.TransactionalTestExecutionListener, org.springframework.test.context.jdbc.SqlScriptsTestExecutionListener, org.springframework.test.context.event.EventPublishingTestExecutionListener]
2022-07-13 19:16:05.153  INFO 36846 --- [    Test worker] .b.t.c.SpringBootTestContextBootstrapper : Using TestExecutionListeners: [org.springframework.test.context.web.ServletTestExecutionListener@76eadc5a, org.springframework.test.context.support.DirtiesContextBeforeModesTestExecutionListener@1e9d7366, org.springframework.test.context.event.ApplicationEventsTestExecutionListener@20914835, org.springframework.boot.test.mock.mockito.MockitoTestExecutionListener@615c4ea4, org.springframework.boot.test.autoconfigure.SpringBootDependencyInjectionTestExecutionListener@417446d9, org.springframework.test.context.support.DirtiesContextTestExecutionListener@34070bd2, org.springframework.test.context.event.EventPublishingTestExecutionListener@1e7d3d87, org.springframework.boot.test.autoconfigure.restdocs.RestDocsTestExecutionListener@1dd76982, org.springframework.boot.test.autoconfigure.web.client.MockRestServiceServerResetTestExecutionListener@7e76a66f, org.springframework.boot.test.autoconfigure.web.servlet.MockMvcPrintOnlyOnFailureTestExecutionListener@72237be8, org.springframework.boot.test.autoconfigure.web.servlet.WebDriverTestExecutionListener@5c5f12e, org.springframework.boot.test.autoconfigure.webservices.client.MockWebServiceServerTestExecutionListener@23f8036d, org.springframework.boot.test.mock.mockito.ResetMocksTestExecutionListener@68f69ca3]
2022-07-13 19:16:05.155  INFO 36846 --- [    Test worker] .b.t.c.SpringBootTestContextBootstrapper : Neither @ContextConfiguration nor @ContextHierarchy found for test class [com.globantx.cardinalevaluator.CucumberSpringConfiguration], using SpringBootContextLoader
2022-07-13 19:16:05.155  INFO 36846 --- [    Test worker] o.s.t.c.support.AbstractContextLoader    : Could not detect default resource locations for test class [com.globantx.cardinalevaluator.CucumberSpringConfiguration]: no resource found for suffixes {-context.xml, Context.groovy}.
2022-07-13 19:16:05.155  INFO 36846 --- [    Test worker] .b.t.c.SpringBootTestContextBootstrapper : Loaded default TestExecutionListener class names from location [META-INF/spring.factories]: [org.springframework.boot.test.autoconfigure.restdocs.RestDocsTestExecutionListener, org.springframework.boot.test.autoconfigure.web.client.MockRestServiceServerResetTestExecutionListener, org.springframework.boot.test.autoconfigure.web.servlet.MockMvcPrintOnlyOnFailureTestExecutionListener, org.springframework.boot.test.autoconfigure.web.servlet.WebDriverTestExecutionListener, org.springframework.boot.test.autoconfigure.webservices.client.MockWebServiceServerTestExecutionListener, org.springframework.boot.test.mock.mockito.MockitoTestExecutionListener, org.springframework.boot.test.mock.mockito.ResetMocksTestExecutionListener, org.springframework.test.context.web.ServletTestExecutionListener, org.springframework.test.context.support.DirtiesContextBeforeModesTestExecutionListener, org.springframework.test.context.event.ApplicationEventsTestExecutionListener, org.springframework.test.context.support.DependencyInjectionTestExecutionListener, org.springframework.test.context.support.DirtiesContextTestExecutionListener, org.springframework.test.context.transaction.TransactionalTestExecutionListener, org.springframework.test.context.jdbc.SqlScriptsTestExecutionListener, org.springframework.test.context.event.EventPublishingTestExecutionListener]
2022-07-13 19:16:05.156  INFO 36846 --- [    Test worker] .b.t.c.SpringBootTestContextBootstrapper : Using TestExecutionListeners: [org.springframework.test.context.web.ServletTestExecutionListener@1e3566e, org.springframework.test.context.support.DirtiesContextBeforeModesTestExecutionListener@2b058bfd, org.springframework.test.context.event.ApplicationEventsTestExecutionListener@4805069b, org.springframework.boot.test.mock.mockito.MockitoTestExecutionListener@14ca88bc, org.springframework.boot.test.autoconfigure.SpringBootDependencyInjectionTestExecutionListener@f01fc6d, org.springframework.test.context.support.DirtiesContextTestExecutionListener@85cd413, org.springframework.test.context.event.EventPublishingTestExecutionListener@688d2a5d, org.springframework.boot.test.autoconfigure.restdocs.RestDocsTestExecutionListener@2842c098, org.springframework.boot.test.autoconfigure.web.client.MockRestServiceServerResetTestExecutionListener@2820b369, org.springframework.boot.test.autoconfigure.web.servlet.MockMvcPrintOnlyOnFailureTestExecutionListener@46b21632, org.springframework.boot.test.autoconfigure.web.servlet.WebDriverTestExecutionListener@476c137b, org.springframework.boot.test.autoconfigure.webservices.client.MockWebServiceServerTestExecutionListener@79144d0e, org.springframework.boot.test.mock.mockito.ResetMocksTestExecutionListener@540212be]
2022-07-13 19:16:05.158  INFO 36846 --- [    Test worker] .b.t.c.SpringBootTestContextBootstrapper : Neither @ContextConfiguration nor @ContextHierarchy found for test class [com.globantx.cardinalevaluator.CucumberSpringConfiguration], using SpringBootContextLoader
2022-07-13 19:16:05.158  INFO 36846 --- [    Test worker] o.s.t.c.support.AbstractContextLoader    : Could not detect default resource locations for test class [com.globantx.cardinalevaluator.CucumberSpringConfiguration]: no resource found for suffixes {-context.xml, Context.groovy}.
2022-07-13 19:16:05.158  INFO 36846 --- [    Test worker] .b.t.c.SpringBootTestContextBootstrapper : Loaded default TestExecutionListener class names from location [META-INF/spring.factories]: [org.springframework.boot.test.autoconfigure.restdocs.RestDocsTestExecutionListener, org.springframework.boot.test.autoconfigure.web.client.MockRestServiceServerResetTestExecutionListener, org.springframework.boot.test.autoconfigure.web.servlet.MockMvcPrintOnlyOnFailureTestExecutionListener, org.springframework.boot.test.autoconfigure.web.servlet.WebDriverTestExecutionListener, org.springframework.boot.test.autoconfigure.webservices.client.MockWebServiceServerTestExecutionListener, org.springframework.boot.test.mock.mockito.MockitoTestExecutionListener, org.springframework.boot.test.mock.mockito.ResetMocksTestExecutionListener, org.springframework.test.context.web.ServletTestExecutionListener, org.springframework.test.context.support.DirtiesContextBeforeModesTestExecutionListener, org.springframework.test.context.event.ApplicationEventsTestExecutionListener, org.springframework.test.context.support.DependencyInjectionTestExecutionListener, org.springframework.test.context.support.DirtiesContextTestExecutionListener, org.springframework.test.context.transaction.TransactionalTestExecutionListener, org.springframework.test.context.jdbc.SqlScriptsTestExecutionListener, org.springframework.test.context.event.EventPublishingTestExecutionListener]
2022-07-13 19:16:05.159  INFO 36846 --- [    Test worker] .b.t.c.SpringBootTestContextBootstrapper : Using TestExecutionListeners: [org.springframework.test.context.web.ServletTestExecutionListener@2579d8a, org.springframework.test.context.support.DirtiesContextBeforeModesTestExecutionListener@2507a170, org.springframework.test.context.event.ApplicationEventsTestExecutionListener@7e20f4e3, org.springframework.boot.test.mock.mockito.MockitoTestExecutionListener@3af39e7b, org.springframework.boot.test.autoconfigure.SpringBootDependencyInjectionTestExecutionListener@4f6ff62, org.springframework.test.context.support.DirtiesContextTestExecutionListener@1c62d2ad, org.springframework.test.context.event.EventPublishingTestExecutionListener@651caa2e, org.springframework.boot.test.autoconfigure.restdocs.RestDocsTestExecutionListener@433ae0b0, org.springframework.boot.test.autoconfigure.web.client.MockRestServiceServerResetTestExecutionListener@70840a5a, org.springframework.boot.test.autoconfigure.web.servlet.MockMvcPrintOnlyOnFailureTestExecutionListener@7af9595d, org.springframework.boot.test.autoconfigure.web.servlet.WebDriverTestExecutionListener@7a34c1f6, org.springframework.boot.test.autoconfigure.webservices.client.MockWebServiceServerTestExecutionListener@6e9f8160, org.springframework.boot.test.mock.mockito.ResetMocksTestExecutionListener@3e998033]
2022-07-13 19:16:05.160  INFO 36846 --- [    Test worker] .b.t.c.SpringBootTestContextBootstrapper : Neither @ContextConfiguration nor @ContextHierarchy found for test class [com.globantx.cardinalevaluator.CucumberSpringConfiguration], using SpringBootContextLoader
2022-07-13 19:16:05.160  INFO 36846 --- [    Test worker] o.s.t.c.support.AbstractContextLoader    : Could not detect default resource locations for test class [com.globantx.cardinalevaluator.CucumberSpringConfiguration]: no resource found for suffixes {-context.xml, Context.groovy}.
2022-07-13 19:16:05.160  INFO 36846 --- [    Test worker] .b.t.c.SpringBootTestContextBootstrapper : Loaded default TestExecutionListener class names from location [META-INF/spring.factories]: [org.springframework.boot.test.autoconfigure.restdocs.RestDocsTestExecutionListener, org.springframework.boot.test.autoconfigure.web.client.MockRestServiceServerResetTestExecutionListener, org.springframework.boot.test.autoconfigure.web.servlet.MockMvcPrintOnlyOnFailureTestExecutionListener, org.springframework.boot.test.autoconfigure.web.servlet.WebDriverTestExecutionListener, org.springframework.boot.test.autoconfigure.webservices.client.MockWebServiceServerTestExecutionListener, org.springframework.boot.test.mock.mockito.MockitoTestExecutionListener, org.springframework.boot.test.mock.mockito.ResetMocksTestExecutionListener, org.springframework.test.context.web.ServletTestExecutionListener, org.springframework.test.context.support.DirtiesContextBeforeModesTestExecutionListener, org.springframework.test.context.event.ApplicationEventsTestExecutionListener, org.springframework.test.context.support.DependencyInjectionTestExecutionListener, org.springframework.test.context.support.DirtiesContextTestExecutionListener, org.springframework.test.context.transaction.TransactionalTestExecutionListener, org.springframework.test.context.jdbc.SqlScriptsTestExecutionListener, org.springframework.test.context.event.EventPublishingTestExecutionListener]
2022-07-13 19:16:05.161  INFO 36846 --- [    Test worker] .b.t.c.SpringBootTestContextBootstrapper : Using TestExecutionListeners: [org.springframework.test.context.web.ServletTestExecutionListener@e1a150c, org.springframework.test.context.support.DirtiesContextBeforeModesTestExecutionListener@527d5e48, org.springframework.test.context.event.ApplicationEventsTestExecutionListener@407b41e6, org.springframework.boot.test.mock.mockito.MockitoTestExecutionListener@3291d9c2, org.springframework.boot.test.autoconfigure.SpringBootDependencyInjectionTestExecutionListener@6cfd08e9, org.springframework.test.context.support.DirtiesContextTestExecutionListener@54ca9420, org.springframework.test.context.event.EventPublishingTestExecutionListener@4ea48b2e, org.springframework.boot.test.autoconfigure.restdocs.RestDocsTestExecutionListener@72c704f1, org.springframework.boot.test.autoconfigure.web.client.MockRestServiceServerResetTestExecutionListener@76f9e000, org.springframework.boot.test.autoconfigure.web.servlet.MockMvcPrintOnlyOnFailureTestExecutionListener@7612116b, org.springframework.boot.test.autoconfigure.web.servlet.WebDriverTestExecutionListener@1c05097c, org.springframework.boot.test.autoconfigure.webservices.client.MockWebServiceServerTestExecutionListener@562f6681, org.springframework.boot.test.mock.mockito.ResetMocksTestExecutionListener@6f6f65a4]
2022-07-13 19:16:05.162  INFO 36846 --- [    Test worker] .b.t.c.SpringBootTestContextBootstrapper : Neither @ContextConfiguration nor @ContextHierarchy found for test class [com.globantx.cardinalevaluator.CucumberSpringConfiguration], using SpringBootContextLoader
2022-07-13 19:16:05.162  INFO 36846 --- [    Test worker] o.s.t.c.support.AbstractContextLoader    : Could not detect default resource locations for test class [com.globantx.cardinalevaluator.CucumberSpringConfiguration]: no resource found for suffixes {-context.xml, Context.groovy}.
2022-07-13 19:16:05.162  INFO 36846 --- [    Test worker] .b.t.c.SpringBootTestContextBootstrapper : Loaded default TestExecutionListener class names from location [META-INF/spring.factories]: [org.springframework.boot.test.autoconfigure.restdocs.RestDocsTestExecutionListener, org.springframework.boot.test.autoconfigure.web.client.MockRestServiceServerResetTestExecutionListener, org.springframework.boot.test.autoconfigure.web.servlet.MockMvcPrintOnlyOnFailureTestExecutionListener, org.springframework.boot.test.autoconfigure.web.servlet.WebDriverTestExecutionListener, org.springframework.boot.test.autoconfigure.webservices.client.MockWebServiceServerTestExecutionListener, org.springframework.boot.test.mock.mockito.MockitoTestExecutionListener, org.springframework.boot.test.mock.mockito.ResetMocksTestExecutionListener, org.springframework.test.context.web.ServletTestExecutionListener, org.springframework.test.context.support.DirtiesContextBeforeModesTestExecutionListener, org.springframework.test.context.event.ApplicationEventsTestExecutionListener, org.springframework.test.context.support.DependencyInjectionTestExecutionListener, org.springframework.test.context.support.DirtiesContextTestExecutionListener, org.springframework.test.context.transaction.TransactionalTestExecutionListener, org.springframework.test.context.jdbc.SqlScriptsTestExecutionListener, org.springframework.test.context.event.EventPublishingTestExecutionListener]
2022-07-13 19:16:05.163  INFO 36846 --- [    Test worker] .b.t.c.SpringBootTestContextBootstrapper : Using TestExecutionListeners: [org.springframework.test.context.web.ServletTestExecutionListener@990b86b, org.springframework.test.context.support.DirtiesContextBeforeModesTestExecutionListener@3dea1ecc, org.springframework.test.context.event.ApplicationEventsTestExecutionListener@105c6c9e, org.springframework.boot.test.mock.mockito.MockitoTestExecutionListener@40a7974, org.springframework.boot.test.autoconfigure.SpringBootDependencyInjectionTestExecutionListener@8d5da7e, org.springframework.test.context.support.DirtiesContextTestExecutionListener@65a4b9d6, org.springframework.test.context.event.EventPublishingTestExecutionListener@16ef1160, org.springframework.boot.test.autoconfigure.restdocs.RestDocsTestExecutionListener@41f90b10, org.springframework.boot.test.autoconfigure.web.client.MockRestServiceServerResetTestExecutionListener@67593f7b, org.springframework.boot.test.autoconfigure.web.servlet.MockMvcPrintOnlyOnFailureTestExecutionListener@2773504f, org.springframework.boot.test.autoconfigure.web.servlet.WebDriverTestExecutionListener@497921d0, org.springframework.boot.test.autoconfigure.webservices.client.MockWebServiceServerTestExecutionListener@40d10264, org.springframework.boot.test.mock.mockito.ResetMocksTestExecutionListener@6edd4fe2]
2022-07-13 19:16:05.164  INFO 36846 --- [    Test worker] .b.t.c.SpringBootTestContextBootstrapper : Neither @ContextConfiguration nor @ContextHierarchy found for test class [com.globantx.cardinalevaluator.CucumberSpringConfiguration], using SpringBootContextLoader
2022-07-13 19:16:05.164  INFO 36846 --- [    Test worker] o.s.t.c.support.AbstractContextLoader    : Could not detect default resource locations for test class [com.globantx.cardinalevaluator.CucumberSpringConfiguration]: no resource found for suffixes {-context.xml, Context.groovy}.
2022-07-13 19:16:05.164  INFO 36846 --- [    Test worker] .b.t.c.SpringBootTestContextBootstrapper : Loaded default TestExecutionListener class names from location [META-INF/spring.factories]: [org.springframework.boot.test.autoconfigure.restdocs.RestDocsTestExecutionListener, org.springframework.boot.test.autoconfigure.web.client.MockRestServiceServerResetTestExecutionListener, org.springframework.boot.test.autoconfigure.web.servlet.MockMvcPrintOnlyOnFailureTestExecutionListener, org.springframework.boot.test.autoconfigure.web.servlet.WebDriverTestExecutionListener, org.springframework.boot.test.autoconfigure.webservices.client.MockWebServiceServerTestExecutionListener, org.springframework.boot.test.mock.mockito.MockitoTestExecutionListener, org.springframework.boot.test.mock.mockito.ResetMocksTestExecutionListener, org.springframework.test.context.web.ServletTestExecutionListener, org.springframework.test.context.support.DirtiesContextBeforeModesTestExecutionListener, org.springframework.test.context.event.ApplicationEventsTestExecutionListener, org.springframework.test.context.support.DependencyInjectionTestExecutionListener, org.springframework.test.context.support.DirtiesContextTestExecutionListener, org.springframework.test.context.transaction.TransactionalTestExecutionListener, org.springframework.test.context.jdbc.SqlScriptsTestExecutionListener, org.springframework.test.context.event.EventPublishingTestExecutionListener]
2022-07-13 19:16:05.164  INFO 36846 --- [    Test worker] .b.t.c.SpringBootTestContextBootstrapper : Using TestExecutionListeners: [org.springframework.test.context.web.ServletTestExecutionListener@53918b5e, org.springframework.test.context.support.DirtiesContextBeforeModesTestExecutionListener@5366575d, org.springframework.test.context.event.ApplicationEventsTestExecutionListener@1b6cad77, org.springframework.boot.test.mock.mockito.MockitoTestExecutionListener@1fca53a7, org.springframework.boot.test.autoconfigure.SpringBootDependencyInjectionTestExecutionListener@40dee07b, org.springframework.test.context.support.DirtiesContextTestExecutionListener@21e39b82, org.springframework.test.context.event.EventPublishingTestExecutionListener@5f9a8ddc, org.springframework.boot.test.autoconfigure.restdocs.RestDocsTestExecutionListener@1280bae3, org.springframework.boot.test.autoconfigure.web.client.MockRestServiceServerResetTestExecutionListener@256a5df0, org.springframework.boot.test.autoconfigure.web.servlet.MockMvcPrintOnlyOnFailureTestExecutionListener@1868ed54, org.springframework.boot.test.autoconfigure.web.servlet.WebDriverTestExecutionListener@131777e8, org.springframework.boot.test.autoconfigure.webservices.client.MockWebServiceServerTestExecutionListener@45790cb, org.springframework.boot.test.mock.mockito.ResetMocksTestExecutionListener@73a5d86c]
2022-07-13 19:16:05.166  INFO 36846 --- [    Test worker] .b.t.c.SpringBootTestContextBootstrapper : Neither @ContextConfiguration nor @ContextHierarchy found for test class [com.globantx.cardinalevaluator.CucumberSpringConfiguration], using SpringBootContextLoader
2022-07-13 19:16:05.166  INFO 36846 --- [    Test worker] o.s.t.c.support.AbstractContextLoader    : Could not detect default resource locations for test class [com.globantx.cardinalevaluator.CucumberSpringConfiguration]: no resource found for suffixes {-context.xml, Context.groovy}.
2022-07-13 19:16:05.167  INFO 36846 --- [    Test worker] .b.t.c.SpringBootTestContextBootstrapper : Loaded default TestExecutionListener class names from location [META-INF/spring.factories]: [org.springframework.boot.test.autoconfigure.restdocs.RestDocsTestExecutionListener, org.springframework.boot.test.autoconfigure.web.client.MockRestServiceServerResetTestExecutionListener, org.springframework.boot.test.autoconfigure.web.servlet.MockMvcPrintOnlyOnFailureTestExecutionListener, org.springframework.boot.test.autoconfigure.web.servlet.WebDriverTestExecutionListener, org.springframework.boot.test.autoconfigure.webservices.client.MockWebServiceServerTestExecutionListener, org.springframework.boot.test.mock.mockito.MockitoTestExecutionListener, org.springframework.boot.test.mock.mockito.ResetMocksTestExecutionListener, org.springframework.test.context.web.ServletTestExecutionListener, org.springframework.test.context.support.DirtiesContextBeforeModesTestExecutionListener, org.springframework.test.context.event.ApplicationEventsTestExecutionListener, org.springframework.test.context.support.DependencyInjectionTestExecutionListener, org.springframework.test.context.support.DirtiesContextTestExecutionListener, org.springframework.test.context.transaction.TransactionalTestExecutionListener, org.springframework.test.context.jdbc.SqlScriptsTestExecutionListener, org.springframework.test.context.event.EventPublishingTestExecutionListener]
2022-07-13 19:16:05.167  INFO 36846 --- [    Test worker] .b.t.c.SpringBootTestContextBootstrapper : Using TestExecutionListeners: [org.springframework.test.context.web.ServletTestExecutionListener@2cf88901, org.springframework.test.context.support.DirtiesContextBeforeModesTestExecutionListener@4780341, org.springframework.test.context.event.ApplicationEventsTestExecutionListener@3c910acd, org.springframework.boot.test.mock.mockito.MockitoTestExecutionListener@612ac38b, org.springframework.boot.test.autoconfigure.SpringBootDependencyInjectionTestExecutionListener@9f2fe2e, org.springframework.test.context.support.DirtiesContextTestExecutionListener@4dd4965a, org.springframework.test.context.event.EventPublishingTestExecutionListener@79273a4f, org.springframework.boot.test.autoconfigure.restdocs.RestDocsTestExecutionListener@4e26987b, org.springframework.boot.test.autoconfigure.web.client.MockRestServiceServerResetTestExecutionListener@50bb1c1f, org.springframework.boot.test.autoconfigure.web.servlet.MockMvcPrintOnlyOnFailureTestExecutionListener@39342614, org.springframework.boot.test.autoconfigure.web.servlet.WebDriverTestExecutionListener@7981963f, org.springframework.boot.test.autoconfigure.webservices.client.MockWebServiceServerTestExecutionListener@31e3c34, org.springframework.boot.test.mock.mockito.ResetMocksTestExecutionListener@b4d83ac]
2022-07-13 19:16:05.169  INFO 36846 --- [    Test worker] .b.t.c.SpringBootTestContextBootstrapper : Neither @ContextConfiguration nor @ContextHierarchy found for test class [com.globantx.cardinalevaluator.CucumberSpringConfiguration], using SpringBootContextLoader
2022-07-13 19:16:05.169  INFO 36846 --- [    Test worker] o.s.t.c.support.AbstractContextLoader    : Could not detect default resource locations for test class [com.globantx.cardinalevaluator.CucumberSpringConfiguration]: no resource found for suffixes {-context.xml, Context.groovy}.
2022-07-13 19:16:05.169  INFO 36846 --- [    Test worker] .b.t.c.SpringBootTestContextBootstrapper : Loaded default TestExecutionListener class names from location [META-INF/spring.factories]: [org.springframework.boot.test.autoconfigure.restdocs.RestDocsTestExecutionListener, org.springframework.boot.test.autoconfigure.web.client.MockRestServiceServerResetTestExecutionListener, org.springframework.boot.test.autoconfigure.web.servlet.MockMvcPrintOnlyOnFailureTestExecutionListener, org.springframework.boot.test.autoconfigure.web.servlet.WebDriverTestExecutionListener, org.springframework.boot.test.autoconfigure.webservices.client.MockWebServiceServerTestExecutionListener, org.springframework.boot.test.mock.mockito.MockitoTestExecutionListener, org.springframework.boot.test.mock.mockito.ResetMocksTestExecutionListener, org.springframework.test.context.web.ServletTestExecutionListener, org.springframework.test.context.support.DirtiesContextBeforeModesTestExecutionListener, org.springframework.test.context.event.ApplicationEventsTestExecutionListener, org.springframework.test.context.support.DependencyInjectionTestExecutionListener, org.springframework.test.context.support.DirtiesContextTestExecutionListener, org.springframework.test.context.transaction.TransactionalTestExecutionListener, org.springframework.test.context.jdbc.SqlScriptsTestExecutionListener, org.springframework.test.context.event.EventPublishingTestExecutionListener]
2022-07-13 19:16:05.169  INFO 36846 --- [    Test worker] .b.t.c.SpringBootTestContextBootstrapper : Using TestExecutionListeners: [org.springframework.test.context.web.ServletTestExecutionListener@13d10057, org.springframework.test.context.support.DirtiesContextBeforeModesTestExecutionListener@66944c7c, org.springframework.test.context.event.ApplicationEventsTestExecutionListener@14993306, org.springframework.boot.test.mock.mockito.MockitoTestExecutionListener@73ae82da, org.springframework.boot.test.autoconfigure.SpringBootDependencyInjectionTestExecutionListener@6866e740, org.springframework.test.context.support.DirtiesContextTestExecutionListener@2cd5b19c, org.springframework.test.context.event.EventPublishingTestExecutionListener@7109b603, org.springframework.boot.test.autoconfigure.restdocs.RestDocsTestExecutionListener@76b642aa, org.springframework.boot.test.autoconfigure.web.client.MockRestServiceServerResetTestExecutionListener@29b5e7db, org.springframework.boot.test.autoconfigure.web.servlet.MockMvcPrintOnlyOnFailureTestExecutionListener@286dfa20, org.springframework.boot.test.autoconfigure.web.servlet.WebDriverTestExecutionListener@1468e880, org.springframework.boot.test.autoconfigure.webservices.client.MockWebServiceServerTestExecutionListener@508f4bb5, org.springframework.boot.test.mock.mockito.ResetMocksTestExecutionListener@5602e540]
2022-07-13 19:16:05.171  INFO 36846 --- [    Test worker] .b.t.c.SpringBootTestContextBootstrapper : Neither @ContextConfiguration nor @ContextHierarchy found for test class [com.globantx.cardinalevaluator.CucumberSpringConfiguration], using SpringBootContextLoader
2022-07-13 19:16:05.171  INFO 36846 --- [    Test worker] o.s.t.c.support.AbstractContextLoader    : Could not detect default resource locations for test class [com.globantx.cardinalevaluator.CucumberSpringConfiguration]: no resource found for suffixes {-context.xml, Context.groovy}.
2022-07-13 19:16:05.171  INFO 36846 --- [    Test worker] .b.t.c.SpringBootTestContextBootstrapper : Loaded default TestExecutionListener class names from location [META-INF/spring.factories]: [org.springframework.boot.test.autoconfigure.restdocs.RestDocsTestExecutionListener, org.springframework.boot.test.autoconfigure.web.client.MockRestServiceServerResetTestExecutionListener, org.springframework.boot.test.autoconfigure.web.servlet.MockMvcPrintOnlyOnFailureTestExecutionListener, org.springframework.boot.test.autoconfigure.web.servlet.WebDriverTestExecutionListener, org.springframework.boot.test.autoconfigure.webservices.client.MockWebServiceServerTestExecutionListener, org.springframework.boot.test.mock.mockito.MockitoTestExecutionListener, org.springframework.boot.test.mock.mockito.ResetMocksTestExecutionListener, org.springframework.test.context.web.ServletTestExecutionListener, org.springframework.test.context.support.DirtiesContextBeforeModesTestExecutionListener, org.springframework.test.context.event.ApplicationEventsTestExecutionListener, org.springframework.test.context.support.DependencyInjectionTestExecutionListener, org.springframework.test.context.support.DirtiesContextTestExecutionListener, org.springframework.test.context.transaction.TransactionalTestExecutionListener, org.springframework.test.context.jdbc.SqlScriptsTestExecutionListener, org.springframework.test.context.event.EventPublishingTestExecutionListener]
2022-07-13 19:16:05.172  INFO 36846 --- [    Test worker] .b.t.c.SpringBootTestContextBootstrapper : Using TestExecutionListeners: [org.springframework.test.context.web.ServletTestExecutionListener@11f9b95a, org.springframework.test.context.support.DirtiesContextBeforeModesTestExecutionListener@42066f0d, org.springframework.test.context.event.ApplicationEventsTestExecutionListener@687e561b, org.springframework.boot.test.mock.mockito.MockitoTestExecutionListener@299786b1, org.springframework.boot.test.autoconfigure.SpringBootDependencyInjectionTestExecutionListener@75f8d9b0, org.springframework.test.context.support.DirtiesContextTestExecutionListener@4f7ae05, org.springframework.test.context.event.EventPublishingTestExecutionListener@1e23ee0e, org.springframework.boot.test.autoconfigure.restdocs.RestDocsTestExecutionListener@b144175, org.springframework.boot.test.autoconfigure.web.client.MockRestServiceServerResetTestExecutionListener@38923cfe, org.springframework.boot.test.autoconfigure.web.servlet.MockMvcPrintOnlyOnFailureTestExecutionListener@1ac3a6f, org.springframework.boot.test.autoconfigure.web.servlet.WebDriverTestExecutionListener@fee7ca, org.springframework.boot.test.autoconfigure.webservices.client.MockWebServiceServerTestExecutionListener@29c80149, org.springframework.boot.test.mock.mockito.ResetMocksTestExecutionListener@14ad42]
2022-07-13 19:16:05.173  INFO 36846 --- [    Test worker] .b.t.c.SpringBootTestContextBootstrapper : Neither @ContextConfiguration nor @ContextHierarchy found for test class [com.globantx.cardinalevaluator.CucumberSpringConfiguration], using SpringBootContextLoader
2022-07-13 19:16:05.173  INFO 36846 --- [    Test worker] o.s.t.c.support.AbstractContextLoader    : Could not detect default resource locations for test class [com.globantx.cardinalevaluator.CucumberSpringConfiguration]: no resource found for suffixes {-context.xml, Context.groovy}.
2022-07-13 19:16:05.174  INFO 36846 --- [    Test worker] .b.t.c.SpringBootTestContextBootstrapper : Loaded default TestExecutionListener class names from location [META-INF/spring.factories]: [org.springframework.boot.test.autoconfigure.restdocs.RestDocsTestExecutionListener, org.springframework.boot.test.autoconfigure.web.client.MockRestServiceServerResetTestExecutionListener, org.springframework.boot.test.autoconfigure.web.servlet.MockMvcPrintOnlyOnFailureTestExecutionListener, org.springframework.boot.test.autoconfigure.web.servlet.WebDriverTestExecutionListener, org.springframework.boot.test.autoconfigure.webservices.client.MockWebServiceServerTestExecutionListener, org.springframework.boot.test.mock.mockito.MockitoTestExecutionListener, org.springframework.boot.test.mock.mockito.ResetMocksTestExecutionListener, org.springframework.test.context.web.ServletTestExecutionListener, org.springframework.test.context.support.DirtiesContextBeforeModesTestExecutionListener, org.springframework.test.context.event.ApplicationEventsTestExecutionListener, org.springframework.test.context.support.DependencyInjectionTestExecutionListener, org.springframework.test.context.support.DirtiesContextTestExecutionListener, org.springframework.test.context.transaction.TransactionalTestExecutionListener, org.springframework.test.context.jdbc.SqlScriptsTestExecutionListener, org.springframework.test.context.event.EventPublishingTestExecutionListener]
2022-07-13 19:16:05.174  INFO 36846 --- [    Test worker] .b.t.c.SpringBootTestContextBootstrapper : Using TestExecutionListeners: [org.springframework.test.context.web.ServletTestExecutionListener@608b906d, org.springframework.test.context.support.DirtiesContextBeforeModesTestExecutionListener@173cfb01, org.springframework.test.context.event.ApplicationEventsTestExecutionListener@7e1762e6, org.springframework.boot.test.mock.mockito.MockitoTestExecutionListener@5bccaedb, org.springframework.boot.test.autoconfigure.SpringBootDependencyInjectionTestExecutionListener@67784537, org.springframework.test.context.support.DirtiesContextTestExecutionListener@17ec5e2a, org.springframework.test.context.event.EventPublishingTestExecutionListener@52290e63, org.springframework.boot.test.autoconfigure.restdocs.RestDocsTestExecutionListener@6c2dd88b, org.springframework.boot.test.autoconfigure.web.client.MockRestServiceServerResetTestExecutionListener@49d979c4, org.springframework.boot.test.autoconfigure.web.servlet.MockMvcPrintOnlyOnFailureTestExecutionListener@3cb173db, org.springframework.boot.test.autoconfigure.web.servlet.WebDriverTestExecutionListener@26712838, org.springframework.boot.test.autoconfigure.webservices.client.MockWebServiceServerTestExecutionListener@249a45fd, org.springframework.boot.test.mock.mockito.ResetMocksTestExecutionListener@268f0ff3]
2022-07-13 19:16:05.175  INFO 36846 --- [    Test worker] .b.t.c.SpringBootTestContextBootstrapper : Neither @ContextConfiguration nor @ContextHierarchy found for test class [com.globantx.cardinalevaluator.CucumberSpringConfiguration], using SpringBootContextLoader
2022-07-13 19:16:05.175  INFO 36846 --- [    Test worker] o.s.t.c.support.AbstractContextLoader    : Could not detect default resource locations for test class [com.globantx.cardinalevaluator.CucumberSpringConfiguration]: no resource found for suffixes {-context.xml, Context.groovy}.
2022-07-13 19:16:05.176  INFO 36846 --- [    Test worker] .b.t.c.SpringBootTestContextBootstrapper : Loaded default TestExecutionListener class names from location [META-INF/spring.factories]: [org.springframework.boot.test.autoconfigure.restdocs.RestDocsTestExecutionListener, org.springframework.boot.test.autoconfigure.web.client.MockRestServiceServerResetTestExecutionListener, org.springframework.boot.test.autoconfigure.web.servlet.MockMvcPrintOnlyOnFailureTestExecutionListener, org.springframework.boot.test.autoconfigure.web.servlet.WebDriverTestExecutionListener, org.springframework.boot.test.autoconfigure.webservices.client.MockWebServiceServerTestExecutionListener, org.springframework.boot.test.mock.mockito.MockitoTestExecutionListener, org.springframework.boot.test.mock.mockito.ResetMocksTestExecutionListener, org.springframework.test.context.web.ServletTestExecutionListener, org.springframework.test.context.support.DirtiesContextBeforeModesTestExecutionListener, org.springframework.test.context.event.ApplicationEventsTestExecutionListener, org.springframework.test.context.support.DependencyInjectionTestExecutionListener, org.springframework.test.context.support.DirtiesContextTestExecutionListener, org.springframework.test.context.transaction.TransactionalTestExecutionListener, org.springframework.test.context.jdbc.SqlScriptsTestExecutionListener, org.springframework.test.context.event.EventPublishingTestExecutionListener]
2022-07-13 19:16:05.176  INFO 36846 --- [    Test worker] .b.t.c.SpringBootTestContextBootstrapper : Using TestExecutionListeners: [org.springframework.test.context.web.ServletTestExecutionListener@11978f52, org.springframework.test.context.support.DirtiesContextBeforeModesTestExecutionListener@3e0855b0, org.springframework.test.context.event.ApplicationEventsTestExecutionListener@484b5a21, org.springframework.boot.test.mock.mockito.MockitoTestExecutionListener@16e5344c, org.springframework.boot.test.autoconfigure.SpringBootDependencyInjectionTestExecutionListener@3ba5c4dd, org.springframework.test.context.support.DirtiesContextTestExecutionListener@47fca3cc, org.springframework.test.context.event.EventPublishingTestExecutionListener@55746340, org.springframework.boot.test.autoconfigure.restdocs.RestDocsTestExecutionListener@6a0c7af6, org.springframework.boot.test.autoconfigure.web.client.MockRestServiceServerResetTestExecutionListener@7f1ad846, org.springframework.boot.test.autoconfigure.web.servlet.MockMvcPrintOnlyOnFailureTestExecutionListener@5d5ae6aa, org.springframework.boot.test.autoconfigure.web.servlet.WebDriverTestExecutionListener@2bc2e022, org.springframework.boot.test.autoconfigure.webservices.client.MockWebServiceServerTestExecutionListener@2210e466, org.springframework.boot.test.mock.mockito.ResetMocksTestExecutionListener@be1c08a]
2022-07-13 19:16:05.177  INFO 36846 --- [    Test worker] .b.t.c.SpringBootTestContextBootstrapper : Neither @ContextConfiguration nor @ContextHierarchy found for test class [com.globantx.cardinalevaluator.CucumberSpringConfiguration], using SpringBootContextLoader
2022-07-13 19:16:05.177  INFO 36846 --- [    Test worker] o.s.t.c.support.AbstractContextLoader    : Could not detect default resource locations for test class [com.globantx.cardinalevaluator.CucumberSpringConfiguration]: no resource found for suffixes {-context.xml, Context.groovy}.
2022-07-13 19:16:05.178  INFO 36846 --- [    Test worker] .b.t.c.SpringBootTestContextBootstrapper : Loaded default TestExecutionListener class names from location [META-INF/spring.factories]: [org.springframework.boot.test.autoconfigure.restdocs.RestDocsTestExecutionListener, org.springframework.boot.test.autoconfigure.web.client.MockRestServiceServerResetTestExecutionListener, org.springframework.boot.test.autoconfigure.web.servlet.MockMvcPrintOnlyOnFailureTestExecutionListener, org.springframework.boot.test.autoconfigure.web.servlet.WebDriverTestExecutionListener, org.springframework.boot.test.autoconfigure.webservices.client.MockWebServiceServerTestExecutionListener, org.springframework.boot.test.mock.mockito.MockitoTestExecutionListener, org.springframework.boot.test.mock.mockito.ResetMocksTestExecutionListener, org.springframework.test.context.web.ServletTestExecutionListener, org.springframework.test.context.support.DirtiesContextBeforeModesTestExecutionListener, org.springframework.test.context.event.ApplicationEventsTestExecutionListener, org.springframework.test.context.support.DependencyInjectionTestExecutionListener, org.springframework.test.context.support.DirtiesContextTestExecutionListener, org.springframework.test.context.transaction.TransactionalTestExecutionListener, org.springframework.test.context.jdbc.SqlScriptsTestExecutionListener, org.springframework.test.context.event.EventPublishingTestExecutionListener]
2022-07-13 19:16:05.178  INFO 36846 --- [    Test worker] .b.t.c.SpringBootTestContextBootstrapper : Using TestExecutionListeners: [org.springframework.test.context.web.ServletTestExecutionListener@10408ea, org.springframework.test.context.support.DirtiesContextBeforeModesTestExecutionListener@3d7b3b18, org.springframework.test.context.event.ApplicationEventsTestExecutionListener@186dcb05, org.springframework.boot.test.mock.mockito.MockitoTestExecutionListener@1d0dad12, org.springframework.boot.test.autoconfigure.SpringBootDependencyInjectionTestExecutionListener@3c6fb501, org.springframework.test.context.support.DirtiesContextTestExecutionListener@58a8ea6f, org.springframework.test.context.event.EventPublishingTestExecutionListener@2e6b379c, org.springframework.boot.test.autoconfigure.restdocs.RestDocsTestExecutionListener@5e7e7a7e, org.springframework.boot.test.autoconfigure.web.client.MockRestServiceServerResetTestExecutionListener@1ff81b0d, org.springframework.boot.test.autoconfigure.web.servlet.MockMvcPrintOnlyOnFailureTestExecutionListener@1c610f, org.springframework.boot.test.autoconfigure.web.servlet.WebDriverTestExecutionListener@773c7147, org.springframework.boot.test.autoconfigure.webservices.client.MockWebServiceServerTestExecutionListener@5abc5854, org.springframework.boot.test.mock.mockito.ResetMocksTestExecutionListener@5c3007d]
2022-07-13 19:16:05.179  INFO 36846 --- [    Test worker] .b.t.c.SpringBootTestContextBootstrapper : Neither @ContextConfiguration nor @ContextHierarchy found for test class [com.globantx.cardinalevaluator.CucumberSpringConfiguration], using SpringBootContextLoader
2022-07-13 19:16:05.179  INFO 36846 --- [    Test worker] o.s.t.c.support.AbstractContextLoader    : Could not detect default resource locations for test class [com.globantx.cardinalevaluator.CucumberSpringConfiguration]: no resource found for suffixes {-context.xml, Context.groovy}.
2022-07-13 19:16:05.180  INFO 36846 --- [    Test worker] .b.t.c.SpringBootTestContextBootstrapper : Loaded default TestExecutionListener class names from location [META-INF/spring.factories]: [org.springframework.boot.test.autoconfigure.restdocs.RestDocsTestExecutionListener, org.springframework.boot.test.autoconfigure.web.client.MockRestServiceServerResetTestExecutionListener, org.springframework.boot.test.autoconfigure.web.servlet.MockMvcPrintOnlyOnFailureTestExecutionListener, org.springframework.boot.test.autoconfigure.web.servlet.WebDriverTestExecutionListener, org.springframework.boot.test.autoconfigure.webservices.client.MockWebServiceServerTestExecutionListener, org.springframework.boot.test.mock.mockito.MockitoTestExecutionListener, org.springframework.boot.test.mock.mockito.ResetMocksTestExecutionListener, org.springframework.test.context.web.ServletTestExecutionListener, org.springframework.test.context.support.DirtiesContextBeforeModesTestExecutionListener, org.springframework.test.context.event.ApplicationEventsTestExecutionListener, org.springframework.test.context.support.DependencyInjectionTestExecutionListener, org.springframework.test.context.support.DirtiesContextTestExecutionListener, org.springframework.test.context.transaction.TransactionalTestExecutionListener, org.springframework.test.context.jdbc.SqlScriptsTestExecutionListener, org.springframework.test.context.event.EventPublishingTestExecutionListener]
2022-07-13 19:16:05.180  INFO 36846 --- [    Test worker] .b.t.c.SpringBootTestContextBootstrapper : Using TestExecutionListeners: [org.springframework.test.context.web.ServletTestExecutionListener@66b40dd3, org.springframework.test.context.support.DirtiesContextBeforeModesTestExecutionListener@7296fe0b, org.springframework.test.context.event.ApplicationEventsTestExecutionListener@4a5066f5, org.springframework.boot.test.mock.mockito.MockitoTestExecutionListener@578d472a, org.springframework.boot.test.autoconfigure.SpringBootDependencyInjectionTestExecutionListener@1191029d, org.springframework.test.context.support.DirtiesContextTestExecutionListener@54b2d002, org.springframework.test.context.event.EventPublishingTestExecutionListener@1d1c63af, org.springframework.boot.test.autoconfigure.restdocs.RestDocsTestExecutionListener@2095c331, org.springframework.boot.test.autoconfigure.web.client.MockRestServiceServerResetTestExecutionListener@3909a854, org.springframework.boot.test.autoconfigure.web.servlet.MockMvcPrintOnlyOnFailureTestExecutionListener@7b795db7, org.springframework.boot.test.autoconfigure.web.servlet.WebDriverTestExecutionListener@586486c, org.springframework.boot.test.autoconfigure.webservices.client.MockWebServiceServerTestExecutionListener@b849fa6, org.springframework.boot.test.mock.mockito.ResetMocksTestExecutionListener@7fbbdd8a]
2022-07-13 19:16:05.181  INFO 36846 --- [    Test worker] .b.t.c.SpringBootTestContextBootstrapper : Neither @ContextConfiguration nor @ContextHierarchy found for test class [com.globantx.cardinalevaluator.CucumberSpringConfiguration], using SpringBootContextLoader
2022-07-13 19:16:05.181  INFO 36846 --- [    Test worker] o.s.t.c.support.AbstractContextLoader    : Could not detect default resource locations for test class [com.globantx.cardinalevaluator.CucumberSpringConfiguration]: no resource found for suffixes {-context.xml, Context.groovy}.
2022-07-13 19:16:05.182  INFO 36846 --- [    Test worker] .b.t.c.SpringBootTestContextBootstrapper : Loaded default TestExecutionListener class names from location [META-INF/spring.factories]: [org.springframework.boot.test.autoconfigure.restdocs.RestDocsTestExecutionListener, org.springframework.boot.test.autoconfigure.web.client.MockRestServiceServerResetTestExecutionListener, org.springframework.boot.test.autoconfigure.web.servlet.MockMvcPrintOnlyOnFailureTestExecutionListener, org.springframework.boot.test.autoconfigure.web.servlet.WebDriverTestExecutionListener, org.springframework.boot.test.autoconfigure.webservices.client.MockWebServiceServerTestExecutionListener, org.springframework.boot.test.mock.mockito.MockitoTestExecutionListener, org.springframework.boot.test.mock.mockito.ResetMocksTestExecutionListener, org.springframework.test.context.web.ServletTestExecutionListener, org.springframework.test.context.support.DirtiesContextBeforeModesTestExecutionListener, org.springframework.test.context.event.ApplicationEventsTestExecutionListener, org.springframework.test.context.support.DependencyInjectionTestExecutionListener, org.springframework.test.context.support.DirtiesContextTestExecutionListener, org.springframework.test.context.transaction.TransactionalTestExecutionListener, org.springframework.test.context.jdbc.SqlScriptsTestExecutionListener, org.springframework.test.context.event.EventPublishingTestExecutionListener]
2022-07-13 19:16:05.182  INFO 36846 --- [    Test worker] .b.t.c.SpringBootTestContextBootstrapper : Using TestExecutionListeners: [org.springframework.test.context.web.ServletTestExecutionListener@4e9ea32f, org.springframework.test.context.support.DirtiesContextBeforeModesTestExecutionListener@79ec57b8, org.springframework.test.context.event.ApplicationEventsTestExecutionListener@56ba8e8c, org.springframework.boot.test.mock.mockito.MockitoTestExecutionListener@774c5e5c, org.springframework.boot.test.autoconfigure.SpringBootDependencyInjectionTestExecutionListener@4cf01c41, org.springframework.test.context.support.DirtiesContextTestExecutionListener@57bac3f0, org.springframework.test.context.event.EventPublishingTestExecutionListener@55f6f965, org.springframework.boot.test.autoconfigure.restdocs.RestDocsTestExecutionListener@40ddf339, org.springframework.boot.test.autoconfigure.web.client.MockRestServiceServerResetTestExecutionListener@c83ed77, org.springframework.boot.test.autoconfigure.web.servlet.MockMvcPrintOnlyOnFailureTestExecutionListener@d271a54, org.springframework.boot.test.autoconfigure.web.servlet.WebDriverTestExecutionListener@6ff8e744, org.springframework.boot.test.autoconfigure.webservices.client.MockWebServiceServerTestExecutionListener@409395b9, org.springframework.boot.test.mock.mockito.ResetMocksTestExecutionListener@53e82089]
2022-07-13 19:16:05.183  INFO 36846 --- [    Test worker] .b.t.c.SpringBootTestContextBootstrapper : Neither @ContextConfiguration nor @ContextHierarchy found for test class [com.globantx.cardinalevaluator.CucumberSpringConfiguration], using SpringBootContextLoader
2022-07-13 19:16:05.183  INFO 36846 --- [    Test worker] o.s.t.c.support.AbstractContextLoader    : Could not detect default resource locations for test class [com.globantx.cardinalevaluator.CucumberSpringConfiguration]: no resource found for suffixes {-context.xml, Context.groovy}.
2022-07-13 19:16:05.183  INFO 36846 --- [    Test worker] .b.t.c.SpringBootTestContextBootstrapper : Loaded default TestExecutionListener class names from location [META-INF/spring.factories]: [org.springframework.boot.test.autoconfigure.restdocs.RestDocsTestExecutionListener, org.springframework.boot.test.autoconfigure.web.client.MockRestServiceServerResetTestExecutionListener, org.springframework.boot.test.autoconfigure.web.servlet.MockMvcPrintOnlyOnFailureTestExecutionListener, org.springframework.boot.test.autoconfigure.web.servlet.WebDriverTestExecutionListener, org.springframework.boot.test.autoconfigure.webservices.client.MockWebServiceServerTestExecutionListener, org.springframework.boot.test.mock.mockito.MockitoTestExecutionListener, org.springframework.boot.test.mock.mockito.ResetMocksTestExecutionListener, org.springframework.test.context.web.ServletTestExecutionListener, org.springframework.test.context.support.DirtiesContextBeforeModesTestExecutionListener, org.springframework.test.context.event.ApplicationEventsTestExecutionListener, org.springframework.test.context.support.DependencyInjectionTestExecutionListener, org.springframework.test.context.support.DirtiesContextTestExecutionListener, org.springframework.test.context.transaction.TransactionalTestExecutionListener, org.springframework.test.context.jdbc.SqlScriptsTestExecutionListener, org.springframework.test.context.event.EventPublishingTestExecutionListener]
2022-07-13 19:16:05.184  INFO 36846 --- [    Test worker] .b.t.c.SpringBootTestContextBootstrapper : Using TestExecutionListeners: [org.springframework.test.context.web.ServletTestExecutionListener@66a8751a, org.springframework.test.context.support.DirtiesContextBeforeModesTestExecutionListener@4ec27c4c, org.springframework.test.context.event.ApplicationEventsTestExecutionListener@12200670, org.springframework.boot.test.mock.mockito.MockitoTestExecutionListener@5e80d5, org.springframework.boot.test.autoconfigure.SpringBootDependencyInjectionTestExecutionListener@257b3561, org.springframework.test.context.support.DirtiesContextTestExecutionListener@78861d9e, org.springframework.test.context.event.EventPublishingTestExecutionListener@6a878778, org.springframework.boot.test.autoconfigure.restdocs.RestDocsTestExecutionListener@1eabfad5, org.springframework.boot.test.autoconfigure.web.client.MockRestServiceServerResetTestExecutionListener@6207145c, org.springframework.boot.test.autoconfigure.web.servlet.MockMvcPrintOnlyOnFailureTestExecutionListener@2a259f6f, org.springframework.boot.test.autoconfigure.web.servlet.WebDriverTestExecutionListener@7ccf6114, org.springframework.boot.test.autoconfigure.webservices.client.MockWebServiceServerTestExecutionListener@3df3410a, org.springframework.boot.test.mock.mockito.ResetMocksTestExecutionListener@670c171c]
2022-07-13 19:16:05.185  INFO 36846 --- [    Test worker] .b.t.c.SpringBootTestContextBootstrapper : Neither @ContextConfiguration nor @ContextHierarchy found for test class [com.globantx.cardinalevaluator.CucumberSpringConfiguration], using SpringBootContextLoader
2022-07-13 19:16:05.185  INFO 36846 --- [    Test worker] o.s.t.c.support.AbstractContextLoader    : Could not detect default resource locations for test class [com.globantx.cardinalevaluator.CucumberSpringConfiguration]: no resource found for suffixes {-context.xml, Context.groovy}.
2022-07-13 19:16:05.185  INFO 36846 --- [    Test worker] .b.t.c.SpringBootTestContextBootstrapper : Loaded default TestExecutionListener class names from location [META-INF/spring.factories]: [org.springframework.boot.test.autoconfigure.restdocs.RestDocsTestExecutionListener, org.springframework.boot.test.autoconfigure.web.client.MockRestServiceServerResetTestExecutionListener, org.springframework.boot.test.autoconfigure.web.servlet.MockMvcPrintOnlyOnFailureTestExecutionListener, org.springframework.boot.test.autoconfigure.web.servlet.WebDriverTestExecutionListener, org.springframework.boot.test.autoconfigure.webservices.client.MockWebServiceServerTestExecutionListener, org.springframework.boot.test.mock.mockito.MockitoTestExecutionListener, org.springframework.boot.test.mock.mockito.ResetMocksTestExecutionListener, org.springframework.test.context.web.ServletTestExecutionListener, org.springframework.test.context.support.DirtiesContextBeforeModesTestExecutionListener, org.springframework.test.context.event.ApplicationEventsTestExecutionListener, org.springframework.test.context.support.DependencyInjectionTestExecutionListener, org.springframework.test.context.support.DirtiesContextTestExecutionListener, org.springframework.test.context.transaction.TransactionalTestExecutionListener, org.springframework.test.context.jdbc.SqlScriptsTestExecutionListener, org.springframework.test.context.event.EventPublishingTestExecutionListener]
2022-07-13 19:16:05.185  INFO 36846 --- [    Test worker] .b.t.c.SpringBootTestContextBootstrapper : Using TestExecutionListeners: [org.springframework.test.context.web.ServletTestExecutionListener@61d42275, org.springframework.test.context.support.DirtiesContextBeforeModesTestExecutionListener@6614289a, org.springframework.test.context.event.ApplicationEventsTestExecutionListener@4148ce43, org.springframework.boot.test.mock.mockito.MockitoTestExecutionListener@46fb9581, org.springframework.boot.test.autoconfigure.SpringBootDependencyInjectionTestExecutionListener@6fcc0a1, org.springframework.test.context.support.DirtiesContextTestExecutionListener@416b681c, org.springframework.test.context.event.EventPublishingTestExecutionListener@46d69ca4, org.springframework.boot.test.autoconfigure.restdocs.RestDocsTestExecutionListener@5c9b5e62, org.springframework.boot.test.autoconfigure.web.client.MockRestServiceServerResetTestExecutionListener@3c826498, org.springframework.boot.test.autoconfigure.web.servlet.MockMvcPrintOnlyOnFailureTestExecutionListener@2633d09c, org.springframework.boot.test.autoconfigure.web.servlet.WebDriverTestExecutionListener@54f25b42, org.springframework.boot.test.autoconfigure.webservices.client.MockWebServiceServerTestExecutionListener@521c67f0, org.springframework.boot.test.mock.mockito.ResetMocksTestExecutionListener@7d156f8f]
2022-07-13 19:16:05.187  INFO 36846 --- [    Test worker] .b.t.c.SpringBootTestContextBootstrapper : Neither @ContextConfiguration nor @ContextHierarchy found for test class [com.globantx.cardinalevaluator.CucumberSpringConfiguration], using SpringBootContextLoader
2022-07-13 19:16:05.187  INFO 36846 --- [    Test worker] o.s.t.c.support.AbstractContextLoader    : Could not detect default resource locations for test class [com.globantx.cardinalevaluator.CucumberSpringConfiguration]: no resource found for suffixes {-context.xml, Context.groovy}.
2022-07-13 19:16:05.187  INFO 36846 --- [    Test worker] .b.t.c.SpringBootTestContextBootstrapper : Loaded default TestExecutionListener class names from location [META-INF/spring.factories]: [org.springframework.boot.test.autoconfigure.restdocs.RestDocsTestExecutionListener, org.springframework.boot.test.autoconfigure.web.client.MockRestServiceServerResetTestExecutionListener, org.springframework.boot.test.autoconfigure.web.servlet.MockMvcPrintOnlyOnFailureTestExecutionListener, org.springframework.boot.test.autoconfigure.web.servlet.WebDriverTestExecutionListener, org.springframework.boot.test.autoconfigure.webservices.client.MockWebServiceServerTestExecutionListener, org.springframework.boot.test.mock.mockito.MockitoTestExecutionListener, org.springframework.boot.test.mock.mockito.ResetMocksTestExecutionListener, org.springframework.test.context.web.ServletTestExecutionListener, org.springframework.test.context.support.DirtiesContextBeforeModesTestExecutionListener, org.springframework.test.context.event.ApplicationEventsTestExecutionListener, org.springframework.test.context.support.DependencyInjectionTestExecutionListener, org.springframework.test.context.support.DirtiesContextTestExecutionListener, org.springframework.test.context.transaction.TransactionalTestExecutionListener, org.springframework.test.context.jdbc.SqlScriptsTestExecutionListener, org.springframework.test.context.event.EventPublishingTestExecutionListener]
2022-07-13 19:16:05.187  INFO 36846 --- [    Test worker] .b.t.c.SpringBootTestContextBootstrapper : Using TestExecutionListeners: [org.springframework.test.context.web.ServletTestExecutionListener@451af781, org.springframework.test.context.support.DirtiesContextBeforeModesTestExecutionListener@3749c2b, org.springframework.test.context.event.ApplicationEventsTestExecutionListener@32e65852, org.springframework.boot.test.mock.mockito.MockitoTestExecutionListener@64d93096, org.springframework.boot.test.autoconfigure.SpringBootDependencyInjectionTestExecutionListener@76ed7573, org.springframework.test.context.support.DirtiesContextTestExecutionListener@51df2a41, org.springframework.test.context.event.EventPublishingTestExecutionListener@517bdce0, org.springframework.boot.test.autoconfigure.restdocs.RestDocsTestExecutionListener@7c0b0bd9, org.springframework.boot.test.autoconfigure.web.client.MockRestServiceServerResetTestExecutionListener@6150afc6, org.springframework.boot.test.autoconfigure.web.servlet.MockMvcPrintOnlyOnFailureTestExecutionListener@49f50c8f, org.springframework.boot.test.autoconfigure.web.servlet.WebDriverTestExecutionListener@46e6458d, org.springframework.boot.test.autoconfigure.webservices.client.MockWebServiceServerTestExecutionListener@6297cb4b, org.springframework.boot.test.mock.mockito.ResetMocksTestExecutionListener@65d6640]
2022-07-13 19:16:05.189  INFO 36846 --- [    Test worker] .b.t.c.SpringBootTestContextBootstrapper : Neither @ContextConfiguration nor @ContextHierarchy found for test class [com.globantx.cardinalevaluator.CucumberSpringConfiguration], using SpringBootContextLoader
2022-07-13 19:16:05.189  INFO 36846 --- [    Test worker] o.s.t.c.support.AbstractContextLoader    : Could not detect default resource locations for test class [com.globantx.cardinalevaluator.CucumberSpringConfiguration]: no resource found for suffixes {-context.xml, Context.groovy}.
2022-07-13 19:16:05.189  INFO 36846 --- [    Test worker] .b.t.c.SpringBootTestContextBootstrapper : Loaded default TestExecutionListener class names from location [META-INF/spring.factories]: [org.springframework.boot.test.autoconfigure.restdocs.RestDocsTestExecutionListener, org.springframework.boot.test.autoconfigure.web.client.MockRestServiceServerResetTestExecutionListener, org.springframework.boot.test.autoconfigure.web.servlet.MockMvcPrintOnlyOnFailureTestExecutionListener, org.springframework.boot.test.autoconfigure.web.servlet.WebDriverTestExecutionListener, org.springframework.boot.test.autoconfigure.webservices.client.MockWebServiceServerTestExecutionListener, org.springframework.boot.test.mock.mockito.MockitoTestExecutionListener, org.springframework.boot.test.mock.mockito.ResetMocksTestExecutionListener, org.springframework.test.context.web.ServletTestExecutionListener, org.springframework.test.context.support.DirtiesContextBeforeModesTestExecutionListener, org.springframework.test.context.event.ApplicationEventsTestExecutionListener, org.springframework.test.context.support.DependencyInjectionTestExecutionListener, org.springframework.test.context.support.DirtiesContextTestExecutionListener, org.springframework.test.context.transaction.TransactionalTestExecutionListener, org.springframework.test.context.jdbc.SqlScriptsTestExecutionListener, org.springframework.test.context.event.EventPublishingTestExecutionListener]
2022-07-13 19:16:05.189  INFO 36846 --- [    Test worker] .b.t.c.SpringBootTestContextBootstrapper : Using TestExecutionListeners: [org.springframework.test.context.web.ServletTestExecutionListener@672d8370, org.springframework.test.context.support.DirtiesContextBeforeModesTestExecutionListener@13137835, org.springframework.test.context.event.ApplicationEventsTestExecutionListener@4f82248f, org.springframework.boot.test.mock.mockito.MockitoTestExecutionListener@22002459, org.springframework.boot.test.autoconfigure.SpringBootDependencyInjectionTestExecutionListener@29bd056a, org.springframework.test.context.support.DirtiesContextTestExecutionListener@21e702b8, org.springframework.test.context.event.EventPublishingTestExecutionListener@7f1fec57, org.springframework.boot.test.autoconfigure.restdocs.RestDocsTestExecutionListener@5c9e3d01, org.springframework.boot.test.autoconfigure.web.client.MockRestServiceServerResetTestExecutionListener@1dc9f5ad, org.springframework.boot.test.autoconfigure.web.servlet.MockMvcPrintOnlyOnFailureTestExecutionListener@4a2d66e, org.springframework.boot.test.autoconfigure.web.servlet.WebDriverTestExecutionListener@4dffff9, org.springframework.boot.test.autoconfigure.webservices.client.MockWebServiceServerTestExecutionListener@2904bc56, org.springframework.boot.test.mock.mockito.ResetMocksTestExecutionListener@7bb25046]
2022-07-13 19:16:05.191  INFO 36846 --- [    Test worker] .b.t.c.SpringBootTestContextBootstrapper : Neither @ContextConfiguration nor @ContextHierarchy found for test class [com.globantx.cardinalevaluator.CucumberSpringConfiguration], using SpringBootContextLoader
2022-07-13 19:16:05.191  INFO 36846 --- [    Test worker] o.s.t.c.support.AbstractContextLoader    : Could not detect default resource locations for test class [com.globantx.cardinalevaluator.CucumberSpringConfiguration]: no resource found for suffixes {-context.xml, Context.groovy}.
2022-07-13 19:16:05.191  INFO 36846 --- [    Test worker] .b.t.c.SpringBootTestContextBootstrapper : Loaded default TestExecutionListener class names from location [META-INF/spring.factories]: [org.springframework.boot.test.autoconfigure.restdocs.RestDocsTestExecutionListener, org.springframework.boot.test.autoconfigure.web.client.MockRestServiceServerResetTestExecutionListener, org.springframework.boot.test.autoconfigure.web.servlet.MockMvcPrintOnlyOnFailureTestExecutionListener, org.springframework.boot.test.autoconfigure.web.servlet.WebDriverTestExecutionListener, org.springframework.boot.test.autoconfigure.webservices.client.MockWebServiceServerTestExecutionListener, org.springframework.boot.test.mock.mockito.MockitoTestExecutionListener, org.springframework.boot.test.mock.mockito.ResetMocksTestExecutionListener, org.springframework.test.context.web.ServletTestExecutionListener, org.springframework.test.context.support.DirtiesContextBeforeModesTestExecutionListener, org.springframework.test.context.event.ApplicationEventsTestExecutionListener, org.springframework.test.context.support.DependencyInjectionTestExecutionListener, org.springframework.test.context.support.DirtiesContextTestExecutionListener, org.springframework.test.context.transaction.TransactionalTestExecutionListener, org.springframework.test.context.jdbc.SqlScriptsTestExecutionListener, org.springframework.test.context.event.EventPublishingTestExecutionListener]
2022-07-13 19:16:05.191  INFO 36846 --- [    Test worker] .b.t.c.SpringBootTestContextBootstrapper : Using TestExecutionListeners: [org.springframework.test.context.web.ServletTestExecutionListener@69b1e8f8, org.springframework.test.context.support.DirtiesContextBeforeModesTestExecutionListener@126af200, org.springframework.test.context.event.ApplicationEventsTestExecutionListener@1e000a17, org.springframework.boot.test.mock.mockito.MockitoTestExecutionListener@77d959f1, org.springframework.boot.test.autoconfigure.SpringBootDependencyInjectionTestExecutionListener@11c999da, org.springframework.test.context.support.DirtiesContextTestExecutionListener@54f69311, org.springframework.test.context.event.EventPublishingTestExecutionListener@4ab86b2a, org.springframework.boot.test.autoconfigure.restdocs.RestDocsTestExecutionListener@7793b55d, org.springframework.boot.test.autoconfigure.web.client.MockRestServiceServerResetTestExecutionListener@2ac9e53c, org.springframework.boot.test.autoconfigure.web.servlet.MockMvcPrintOnlyOnFailureTestExecutionListener@4ac7856f, org.springframework.boot.test.autoconfigure.web.servlet.WebDriverTestExecutionListener@432f4626, org.springframework.boot.test.autoconfigure.webservices.client.MockWebServiceServerTestExecutionListener@297c3a43, org.springframework.boot.test.mock.mockito.ResetMocksTestExecutionListener@4c79ca55]
2022-07-13 19:16:05.192  INFO 36846 --- [    Test worker] .b.t.c.SpringBootTestContextBootstrapper : Neither @ContextConfiguration nor @ContextHierarchy found for test class [com.globantx.cardinalevaluator.CucumberSpringConfiguration], using SpringBootContextLoader
2022-07-13 19:16:05.193  INFO 36846 --- [    Test worker] o.s.t.c.support.AbstractContextLoader    : Could not detect default resource locations for test class [com.globantx.cardinalevaluator.CucumberSpringConfiguration]: no resource found for suffixes {-context.xml, Context.groovy}.
2022-07-13 19:16:05.193  INFO 36846 --- [    Test worker] .b.t.c.SpringBootTestContextBootstrapper : Loaded default TestExecutionListener class names from location [META-INF/spring.factories]: [org.springframework.boot.test.autoconfigure.restdocs.RestDocsTestExecutionListener, org.springframework.boot.test.autoconfigure.web.client.MockRestServiceServerResetTestExecutionListener, org.springframework.boot.test.autoconfigure.web.servlet.MockMvcPrintOnlyOnFailureTestExecutionListener, org.springframework.boot.test.autoconfigure.web.servlet.WebDriverTestExecutionListener, org.springframework.boot.test.autoconfigure.webservices.client.MockWebServiceServerTestExecutionListener, org.springframework.boot.test.mock.mockito.MockitoTestExecutionListener, org.springframework.boot.test.mock.mockito.ResetMocksTestExecutionListener, org.springframework.test.context.web.ServletTestExecutionListener, org.springframework.test.context.support.DirtiesContextBeforeModesTestExecutionListener, org.springframework.test.context.event.ApplicationEventsTestExecutionListener, org.springframework.test.context.support.DependencyInjectionTestExecutionListener, org.springframework.test.context.support.DirtiesContextTestExecutionListener, org.springframework.test.context.transaction.TransactionalTestExecutionListener, org.springframework.test.context.jdbc.SqlScriptsTestExecutionListener, org.springframework.test.context.event.EventPublishingTestExecutionListener]
2022-07-13 19:16:05.193  INFO 36846 --- [    Test worker] .b.t.c.SpringBootTestContextBootstrapper : Using TestExecutionListeners: [org.springframework.test.context.web.ServletTestExecutionListener@3a63d248, org.springframework.test.context.support.DirtiesContextBeforeModesTestExecutionListener@3c4ad54, org.springframework.test.context.event.ApplicationEventsTestExecutionListener@4b22214d, org.springframework.boot.test.mock.mockito.MockitoTestExecutionListener@498b611e, org.springframework.boot.test.autoconfigure.SpringBootDependencyInjectionTestExecutionListener@6dde1bf5, org.springframework.test.context.support.DirtiesContextTestExecutionListener@4b56b517, org.springframework.test.context.event.EventPublishingTestExecutionListener@1124dd79, org.springframework.boot.test.autoconfigure.restdocs.RestDocsTestExecutionListener@335cdd2, org.springframework.boot.test.autoconfigure.web.client.MockRestServiceServerResetTestExecutionListener@1ea96ff2, org.springframework.boot.test.autoconfigure.web.servlet.MockMvcPrintOnlyOnFailureTestExecutionListener@60a99f3d, org.springframework.boot.test.autoconfigure.web.servlet.WebDriverTestExecutionListener@57515944, org.springframework.boot.test.autoconfigure.webservices.client.MockWebServiceServerTestExecutionListener@7a274521, org.springframework.boot.test.mock.mockito.ResetMocksTestExecutionListener@2fa47368]
2022-07-13 19:16:05.194  INFO 36846 --- [    Test worker] .b.t.c.SpringBootTestContextBootstrapper : Neither @ContextConfiguration nor @ContextHierarchy found for test class [com.globantx.cardinalevaluator.CucumberSpringConfiguration], using SpringBootContextLoader
2022-07-13 19:16:05.194  INFO 36846 --- [    Test worker] o.s.t.c.support.AbstractContextLoader    : Could not detect default resource locations for test class [com.globantx.cardinalevaluator.CucumberSpringConfiguration]: no resource found for suffixes {-context.xml, Context.groovy}.
2022-07-13 19:16:05.195  INFO 36846 --- [    Test worker] .b.t.c.SpringBootTestContextBootstrapper : Loaded default TestExecutionListener class names from location [META-INF/spring.factories]: [org.springframework.boot.test.autoconfigure.restdocs.RestDocsTestExecutionListener, org.springframework.boot.test.autoconfigure.web.client.MockRestServiceServerResetTestExecutionListener, org.springframework.boot.test.autoconfigure.web.servlet.MockMvcPrintOnlyOnFailureTestExecutionListener, org.springframework.boot.test.autoconfigure.web.servlet.WebDriverTestExecutionListener, org.springframework.boot.test.autoconfigure.webservices.client.MockWebServiceServerTestExecutionListener, org.springframework.boot.test.mock.mockito.MockitoTestExecutionListener, org.springframework.boot.test.mock.mockito.ResetMocksTestExecutionListener, org.springframework.test.context.web.ServletTestExecutionListener, org.springframework.test.context.support.DirtiesContextBeforeModesTestExecutionListener, org.springframework.test.context.event.ApplicationEventsTestExecutionListener, org.springframework.test.context.support.DependencyInjectionTestExecutionListener, org.springframework.test.context.support.DirtiesContextTestExecutionListener, org.springframework.test.context.transaction.TransactionalTestExecutionListener, org.springframework.test.context.jdbc.SqlScriptsTestExecutionListener, org.springframework.test.context.event.EventPublishingTestExecutionListener]
2022-07-13 19:16:05.195  INFO 36846 --- [    Test worker] .b.t.c.SpringBootTestContextBootstrapper : Using TestExecutionListeners: [org.springframework.test.context.web.ServletTestExecutionListener@35841d6, org.springframework.test.context.support.DirtiesContextBeforeModesTestExecutionListener@5e9ea380, org.springframework.test.context.event.ApplicationEventsTestExecutionListener@1e50eb3f, org.springframework.boot.test.mock.mockito.MockitoTestExecutionListener@12e3f4ae, org.springframework.boot.test.autoconfigure.SpringBootDependencyInjectionTestExecutionListener@537451d5, org.springframework.test.context.support.DirtiesContextTestExecutionListener@785d6a98, org.springframework.test.context.event.EventPublishingTestExecutionListener@614d7fbf, org.springframework.boot.test.autoconfigure.restdocs.RestDocsTestExecutionListener@6c06b1bc, org.springframework.boot.test.autoconfigure.web.client.MockRestServiceServerResetTestExecutionListener@1d8dbf10, org.springframework.boot.test.autoconfigure.web.servlet.MockMvcPrintOnlyOnFailureTestExecutionListener@e171f93, org.springframework.boot.test.autoconfigure.web.servlet.WebDriverTestExecutionListener@4ad3969, org.springframework.boot.test.autoconfigure.webservices.client.MockWebServiceServerTestExecutionListener@5d7ff311, org.springframework.boot.test.mock.mockito.ResetMocksTestExecutionListener@2d7aa291]
2022-07-13 19:16:05.196  INFO 36846 --- [    Test worker] .b.t.c.SpringBootTestContextBootstrapper : Neither @ContextConfiguration nor @ContextHierarchy found for test class [com.globantx.cardinalevaluator.CucumberSpringConfiguration], using SpringBootContextLoader
2022-07-13 19:16:05.196  INFO 36846 --- [    Test worker] o.s.t.c.support.AbstractContextLoader    : Could not detect default resource locations for test class [com.globantx.cardinalevaluator.CucumberSpringConfiguration]: no resource found for suffixes {-context.xml, Context.groovy}.
2022-07-13 19:16:05.196  INFO 36846 --- [    Test worker] .b.t.c.SpringBootTestContextBootstrapper : Loaded default TestExecutionListener class names from location [META-INF/spring.factories]: [org.springframework.boot.test.autoconfigure.restdocs.RestDocsTestExecutionListener, org.springframework.boot.test.autoconfigure.web.client.MockRestServiceServerResetTestExecutionListener, org.springframework.boot.test.autoconfigure.web.servlet.MockMvcPrintOnlyOnFailureTestExecutionListener, org.springframework.boot.test.autoconfigure.web.servlet.WebDriverTestExecutionListener, org.springframework.boot.test.autoconfigure.webservices.client.MockWebServiceServerTestExecutionListener, org.springframework.boot.test.mock.mockito.MockitoTestExecutionListener, org.springframework.boot.test.mock.mockito.ResetMocksTestExecutionListener, org.springframework.test.context.web.ServletTestExecutionListener, org.springframework.test.context.support.DirtiesContextBeforeModesTestExecutionListener, org.springframework.test.context.event.ApplicationEventsTestExecutionListener, org.springframework.test.context.support.DependencyInjectionTestExecutionListener, org.springframework.test.context.support.DirtiesContextTestExecutionListener, org.springframework.test.context.transaction.TransactionalTestExecutionListener, org.springframework.test.context.jdbc.SqlScriptsTestExecutionListener, org.springframework.test.context.event.EventPublishingTestExecutionListener]
2022-07-13 19:16:05.197  INFO 36846 --- [    Test worker] .b.t.c.SpringBootTestContextBootstrapper : Using TestExecutionListeners: [org.springframework.test.context.web.ServletTestExecutionListener@1ba7db2a, org.springframework.test.context.support.DirtiesContextBeforeModesTestExecutionListener@762cdf46, org.springframework.test.context.event.ApplicationEventsTestExecutionListener@54e94de9, org.springframework.boot.test.mock.mockito.MockitoTestExecutionListener@2cff03cf, org.springframework.boot.test.autoconfigure.SpringBootDependencyInjectionTestExecutionListener@924f3f1, org.springframework.test.context.support.DirtiesContextTestExecutionListener@19e2db7c, org.springframework.test.context.event.EventPublishingTestExecutionListener@77a4bac, org.springframework.boot.test.autoconfigure.restdocs.RestDocsTestExecutionListener@534fc1f7, org.springframework.boot.test.autoconfigure.web.client.MockRestServiceServerResetTestExecutionListener@7d5a0b14, org.springframework.boot.test.autoconfigure.web.servlet.MockMvcPrintOnlyOnFailureTestExecutionListener@72ec16f8, org.springframework.boot.test.autoconfigure.web.servlet.WebDriverTestExecutionListener@279e1422, org.springframework.boot.test.autoconfigure.webservices.client.MockWebServiceServerTestExecutionListener@af3295f, org.springframework.boot.test.mock.mockito.ResetMocksTestExecutionListener@27dc81be]
2022-07-13 19:16:05.198  INFO 36846 --- [    Test worker] .b.t.c.SpringBootTestContextBootstrapper : Neither @ContextConfiguration nor @ContextHierarchy found for test class [com.globantx.cardinalevaluator.CucumberSpringConfiguration], using SpringBootContextLoader
2022-07-13 19:16:05.198  INFO 36846 --- [    Test worker] o.s.t.c.support.AbstractContextLoader    : Could not detect default resource locations for test class [com.globantx.cardinalevaluator.CucumberSpringConfiguration]: no resource found for suffixes {-context.xml, Context.groovy}.
2022-07-13 19:16:05.198  INFO 36846 --- [    Test worker] .b.t.c.SpringBootTestContextBootstrapper : Loaded default TestExecutionListener class names from location [META-INF/spring.factories]: [org.springframework.boot.test.autoconfigure.restdocs.RestDocsTestExecutionListener, org.springframework.boot.test.autoconfigure.web.client.MockRestServiceServerResetTestExecutionListener, org.springframework.boot.test.autoconfigure.web.servlet.MockMvcPrintOnlyOnFailureTestExecutionListener, org.springframework.boot.test.autoconfigure.web.servlet.WebDriverTestExecutionListener, org.springframework.boot.test.autoconfigure.webservices.client.MockWebServiceServerTestExecutionListener, org.springframework.boot.test.mock.mockito.MockitoTestExecutionListener, org.springframework.boot.test.mock.mockito.ResetMocksTestExecutionListener, org.springframework.test.context.web.ServletTestExecutionListener, org.springframework.test.context.support.DirtiesContextBeforeModesTestExecutionListener, org.springframework.test.context.event.ApplicationEventsTestExecutionListener, org.springframework.test.context.support.DependencyInjectionTestExecutionListener, org.springframework.test.context.support.DirtiesContextTestExecutionListener, org.springframework.test.context.transaction.TransactionalTestExecutionListener, org.springframework.test.context.jdbc.SqlScriptsTestExecutionListener, org.springframework.test.context.event.EventPublishingTestExecutionListener]
2022-07-13 19:16:05.199  INFO 36846 --- [    Test worker] .b.t.c.SpringBootTestContextBootstrapper : Using TestExecutionListeners: [org.springframework.test.context.web.ServletTestExecutionListener@3595086b, org.springframework.test.context.support.DirtiesContextBeforeModesTestExecutionListener@627d35ff, org.springframework.test.context.event.ApplicationEventsTestExecutionListener@7157413e, org.springframework.boot.test.mock.mockito.MockitoTestExecutionListener@3245efdb, org.springframework.boot.test.autoconfigure.SpringBootDependencyInjectionTestExecutionListener@2f0e7fa8, org.springframework.test.context.support.DirtiesContextTestExecutionListener@24d7657b, org.springframework.test.context.event.EventPublishingTestExecutionListener@6f428e6e, org.springframework.boot.test.autoconfigure.restdocs.RestDocsTestExecutionListener@72e49f6a, org.springframework.boot.test.autoconfigure.web.client.MockRestServiceServerResetTestExecutionListener@2e4b5da1, org.springframework.boot.test.autoconfigure.web.servlet.MockMvcPrintOnlyOnFailureTestExecutionListener@312819ae, org.springframework.boot.test.autoconfigure.web.servlet.WebDriverTestExecutionListener@4ae2c01b, org.springframework.boot.test.autoconfigure.webservices.client.MockWebServiceServerTestExecutionListener@1cab19e2, org.springframework.boot.test.mock.mockito.ResetMocksTestExecutionListener@6879e983]
2022-07-13 19:16:05.200  INFO 36846 --- [    Test worker] .b.t.c.SpringBootTestContextBootstrapper : Neither @ContextConfiguration nor @ContextHierarchy found for test class [com.globantx.cardinalevaluator.CucumberSpringConfiguration], using SpringBootContextLoader
2022-07-13 19:16:05.200  INFO 36846 --- [    Test worker] o.s.t.c.support.AbstractContextLoader    : Could not detect default resource locations for test class [com.globantx.cardinalevaluator.CucumberSpringConfiguration]: no resource found for suffixes {-context.xml, Context.groovy}.
2022-07-13 19:16:05.201  INFO 36846 --- [    Test worker] .b.t.c.SpringBootTestContextBootstrapper : Loaded default TestExecutionListener class names from location [META-INF/spring.factories]: [org.springframework.boot.test.autoconfigure.restdocs.RestDocsTestExecutionListener, org.springframework.boot.test.autoconfigure.web.client.MockRestServiceServerResetTestExecutionListener, org.springframework.boot.test.autoconfigure.web.servlet.MockMvcPrintOnlyOnFailureTestExecutionListener, org.springframework.boot.test.autoconfigure.web.servlet.WebDriverTestExecutionListener, org.springframework.boot.test.autoconfigure.webservices.client.MockWebServiceServerTestExecutionListener, org.springframework.boot.test.mock.mockito.MockitoTestExecutionListener, org.springframework.boot.test.mock.mockito.ResetMocksTestExecutionListener, org.springframework.test.context.web.ServletTestExecutionListener, org.springframework.test.context.support.DirtiesContextBeforeModesTestExecutionListener, org.springframework.test.context.event.ApplicationEventsTestExecutionListener, org.springframework.test.context.support.DependencyInjectionTestExecutionListener, org.springframework.test.context.support.DirtiesContextTestExecutionListener, org.springframework.test.context.transaction.TransactionalTestExecutionListener, org.springframework.test.context.jdbc.SqlScriptsTestExecutionListener, org.springframework.test.context.event.EventPublishingTestExecutionListener]
2022-07-13 19:16:05.201  INFO 36846 --- [    Test worker] .b.t.c.SpringBootTestContextBootstrapper : Using TestExecutionListeners: [org.springframework.test.context.web.ServletTestExecutionListener@196d684b, org.springframework.test.context.support.DirtiesContextBeforeModesTestExecutionListener@45d38165, org.springframework.test.context.event.ApplicationEventsTestExecutionListener@1f3f434, org.springframework.boot.test.mock.mockito.MockitoTestExecutionListener@26612078, org.springframework.boot.test.autoconfigure.SpringBootDependencyInjectionTestExecutionListener@54bc3bcf, org.springframework.test.context.support.DirtiesContextTestExecutionListener@d3d5094, org.springframework.test.context.event.EventPublishingTestExecutionListener@13714753, org.springframework.boot.test.autoconfigure.restdocs.RestDocsTestExecutionListener@3c3cd7a5, org.springframework.boot.test.autoconfigure.web.client.MockRestServiceServerResetTestExecutionListener@96be1ae, org.springframework.boot.test.autoconfigure.web.servlet.MockMvcPrintOnlyOnFailureTestExecutionListener@6eb5b9e7, org.springframework.boot.test.autoconfigure.web.servlet.WebDriverTestExecutionListener@77e730bd, org.springframework.boot.test.autoconfigure.webservices.client.MockWebServiceServerTestExecutionListener@2d3c501b, org.springframework.boot.test.mock.mockito.ResetMocksTestExecutionListener@7b8cb283]
2022-07-13 19:16:05.202  INFO 36846 --- [    Test worker] .b.t.c.SpringBootTestContextBootstrapper : Neither @ContextConfiguration nor @ContextHierarchy found for test class [com.globantx.cardinalevaluator.CucumberSpringConfiguration], using SpringBootContextLoader
2022-07-13 19:16:05.202  INFO 36846 --- [    Test worker] o.s.t.c.support.AbstractContextLoader    : Could not detect default resource locations for test class [com.globantx.cardinalevaluator.CucumberSpringConfiguration]: no resource found for suffixes {-context.xml, Context.groovy}.
2022-07-13 19:16:05.202  INFO 36846 --- [    Test worker] .b.t.c.SpringBootTestContextBootstrapper : Loaded default TestExecutionListener class names from location [META-INF/spring.factories]: [org.springframework.boot.test.autoconfigure.restdocs.RestDocsTestExecutionListener, org.springframework.boot.test.autoconfigure.web.client.MockRestServiceServerResetTestExecutionListener, org.springframework.boot.test.autoconfigure.web.servlet.MockMvcPrintOnlyOnFailureTestExecutionListener, org.springframework.boot.test.autoconfigure.web.servlet.WebDriverTestExecutionListener, org.springframework.boot.test.autoconfigure.webservices.client.MockWebServiceServerTestExecutionListener, org.springframework.boot.test.mock.mockito.MockitoTestExecutionListener, org.springframework.boot.test.mock.mockito.ResetMocksTestExecutionListener, org.springframework.test.context.web.ServletTestExecutionListener, org.springframework.test.context.support.DirtiesContextBeforeModesTestExecutionListener, org.springframework.test.context.event.ApplicationEventsTestExecutionListener, org.springframework.test.context.support.DependencyInjectionTestExecutionListener, org.springframework.test.context.support.DirtiesContextTestExecutionListener, org.springframework.test.context.transaction.TransactionalTestExecutionListener, org.springframework.test.context.jdbc.SqlScriptsTestExecutionListener, org.springframework.test.context.event.EventPublishingTestExecutionListener]
2022-07-13 19:16:05.203  INFO 36846 --- [    Test worker] .b.t.c.SpringBootTestContextBootstrapper : Using TestExecutionListeners: [org.springframework.test.context.web.ServletTestExecutionListener@38b54694, org.springframework.test.context.support.DirtiesContextBeforeModesTestExecutionListener@7619fbe7, org.springframework.test.context.event.ApplicationEventsTestExecutionListener@39ead1b7, org.springframework.boot.test.mock.mockito.MockitoTestExecutionListener@27ec74a3, org.springframework.boot.test.autoconfigure.SpringBootDependencyInjectionTestExecutionListener@35ff072c, org.springframework.test.context.support.DirtiesContextTestExecutionListener@c0004b7, org.springframework.test.context.event.EventPublishingTestExecutionListener@63880be9, org.springframework.boot.test.autoconfigure.restdocs.RestDocsTestExecutionListener@27053257, org.springframework.boot.test.autoconfigure.web.client.MockRestServiceServerResetTestExecutionListener@6a0e97fc, org.springframework.boot.test.autoconfigure.web.servlet.MockMvcPrintOnlyOnFailureTestExecutionListener@662713b6, org.springframework.boot.test.autoconfigure.web.servlet.WebDriverTestExecutionListener@45539bd8, org.springframework.boot.test.autoconfigure.webservices.client.MockWebServiceServerTestExecutionListener@4bca8eaf, org.springframework.boot.test.mock.mockito.ResetMocksTestExecutionListener@55e5415d]
2022-07-13 19:16:05.204  INFO 36846 --- [    Test worker] .b.t.c.SpringBootTestContextBootstrapper : Neither @ContextConfiguration nor @ContextHierarchy found for test class [com.globantx.cardinalevaluator.CucumberSpringConfiguration], using SpringBootContextLoader
2022-07-13 19:16:05.204  INFO 36846 --- [    Test worker] o.s.t.c.support.AbstractContextLoader    : Could not detect default resource locations for test class [com.globantx.cardinalevaluator.CucumberSpringConfiguration]: no resource found for suffixes {-context.xml, Context.groovy}.
2022-07-13 19:16:05.205  INFO 36846 --- [    Test worker] .b.t.c.SpringBootTestContextBootstrapper : Loaded default TestExecutionListener class names from location [META-INF/spring.factories]: [org.springframework.boot.test.autoconfigure.restdocs.RestDocsTestExecutionListener, org.springframework.boot.test.autoconfigure.web.client.MockRestServiceServerResetTestExecutionListener, org.springframework.boot.test.autoconfigure.web.servlet.MockMvcPrintOnlyOnFailureTestExecutionListener, org.springframework.boot.test.autoconfigure.web.servlet.WebDriverTestExecutionListener, org.springframework.boot.test.autoconfigure.webservices.client.MockWebServiceServerTestExecutionListener, org.springframework.boot.test.mock.mockito.MockitoTestExecutionListener, org.springframework.boot.test.mock.mockito.ResetMocksTestExecutionListener, org.springframework.test.context.web.ServletTestExecutionListener, org.springframework.test.context.support.DirtiesContextBeforeModesTestExecutionListener, org.springframework.test.context.event.ApplicationEventsTestExecutionListener, org.springframework.test.context.support.DependencyInjectionTestExecutionListener, org.springframework.test.context.support.DirtiesContextTestExecutionListener, org.springframework.test.context.transaction.TransactionalTestExecutionListener, org.springframework.test.context.jdbc.SqlScriptsTestExecutionListener, org.springframework.test.context.event.EventPublishingTestExecutionListener]
2022-07-13 19:16:05.205  INFO 36846 --- [    Test worker] .b.t.c.SpringBootTestContextBootstrapper : Using TestExecutionListeners: [org.springframework.test.context.web.ServletTestExecutionListener@b8142f4, org.springframework.test.context.support.DirtiesContextBeforeModesTestExecutionListener@52d59507, org.springframework.test.context.event.ApplicationEventsTestExecutionListener@4d75c604, org.springframework.boot.test.mock.mockito.MockitoTestExecutionListener@3265995e, org.springframework.boot.test.autoconfigure.SpringBootDependencyInjectionTestExecutionListener@33f2eb04, org.springframework.test.context.support.DirtiesContextTestExecutionListener@4df13dd0, org.springframework.test.context.event.EventPublishingTestExecutionListener@2ed7978c, org.springframework.boot.test.autoconfigure.restdocs.RestDocsTestExecutionListener@30665461, org.springframework.boot.test.autoconfigure.web.client.MockRestServiceServerResetTestExecutionListener@146833a2, org.springframework.boot.test.autoconfigure.web.servlet.MockMvcPrintOnlyOnFailureTestExecutionListener@50b38342, org.springframework.boot.test.autoconfigure.web.servlet.WebDriverTestExecutionListener@424a152f, org.springframework.boot.test.autoconfigure.webservices.client.MockWebServiceServerTestExecutionListener@408d945b, org.springframework.boot.test.mock.mockito.ResetMocksTestExecutionListener@15ad5acb]
2022-07-13 19:16:05.206  INFO 36846 --- [    Test worker] .b.t.c.SpringBootTestContextBootstrapper : Neither @ContextConfiguration nor @ContextHierarchy found for test class [com.globantx.cardinalevaluator.CucumberSpringConfiguration], using SpringBootContextLoader
2022-07-13 19:16:05.206  INFO 36846 --- [    Test worker] o.s.t.c.support.AbstractContextLoader    : Could not detect default resource locations for test class [com.globantx.cardinalevaluator.CucumberSpringConfiguration]: no resource found for suffixes {-context.xml, Context.groovy}.
2022-07-13 19:16:05.207  INFO 36846 --- [    Test worker] .b.t.c.SpringBootTestContextBootstrapper : Loaded default TestExecutionListener class names from location [META-INF/spring.factories]: [org.springframework.boot.test.autoconfigure.restdocs.RestDocsTestExecutionListener, org.springframework.boot.test.autoconfigure.web.client.MockRestServiceServerResetTestExecutionListener, org.springframework.boot.test.autoconfigure.web.servlet.MockMvcPrintOnlyOnFailureTestExecutionListener, org.springframework.boot.test.autoconfigure.web.servlet.WebDriverTestExecutionListener, org.springframework.boot.test.autoconfigure.webservices.client.MockWebServiceServerTestExecutionListener, org.springframework.boot.test.mock.mockito.MockitoTestExecutionListener, org.springframework.boot.test.mock.mockito.ResetMocksTestExecutionListener, org.springframework.test.context.web.ServletTestExecutionListener, org.springframework.test.context.support.DirtiesContextBeforeModesTestExecutionListener, org.springframework.test.context.event.ApplicationEventsTestExecutionListener, org.springframework.test.context.support.DependencyInjectionTestExecutionListener, org.springframework.test.context.support.DirtiesContextTestExecutionListener, org.springframework.test.context.transaction.TransactionalTestExecutionListener, org.springframework.test.context.jdbc.SqlScriptsTestExecutionListener, org.springframework.test.context.event.EventPublishingTestExecutionListener]
2022-07-13 19:16:05.207  INFO 36846 --- [    Test worker] .b.t.c.SpringBootTestContextBootstrapper : Using TestExecutionListeners: [org.springframework.test.context.web.ServletTestExecutionListener@59c862af, org.springframework.test.context.support.DirtiesContextBeforeModesTestExecutionListener@4bb9f7d4, org.springframework.test.context.event.ApplicationEventsTestExecutionListener@673a9db4, org.springframework.boot.test.mock.mockito.MockitoTestExecutionListener@183ef89a, org.springframework.boot.test.autoconfigure.SpringBootDependencyInjectionTestExecutionListener@2792c28, org.springframework.test.context.support.DirtiesContextTestExecutionListener@6fa7ce4, org.springframework.test.context.event.EventPublishingTestExecutionListener@351e86b2, org.springframework.boot.test.autoconfigure.restdocs.RestDocsTestExecutionListener@5a8b42a3, org.springframework.boot.test.autoconfigure.web.client.MockRestServiceServerResetTestExecutionListener@11582db6, org.springframework.boot.test.autoconfigure.web.servlet.MockMvcPrintOnlyOnFailureTestExecutionListener@44106e25, org.springframework.boot.test.autoconfigure.web.servlet.WebDriverTestExecutionListener@57a5b03, org.springframework.boot.test.autoconfigure.webservices.client.MockWebServiceServerTestExecutionListener@5649f55, org.springframework.boot.test.mock.mockito.ResetMocksTestExecutionListener@558127d2]
2022-07-13 19:16:05.208  INFO 36846 --- [    Test worker] .b.t.c.SpringBootTestContextBootstrapper : Neither @ContextConfiguration nor @ContextHierarchy found for test class [com.globantx.cardinalevaluator.CucumberSpringConfiguration], using SpringBootContextLoader
2022-07-13 19:16:05.208  INFO 36846 --- [    Test worker] o.s.t.c.support.AbstractContextLoader    : Could not detect default resource locations for test class [com.globantx.cardinalevaluator.CucumberSpringConfiguration]: no resource found for suffixes {-context.xml, Context.groovy}.
2022-07-13 19:16:05.209  INFO 36846 --- [    Test worker] .b.t.c.SpringBootTestContextBootstrapper : Loaded default TestExecutionListener class names from location [META-INF/spring.factories]: [org.springframework.boot.test.autoconfigure.restdocs.RestDocsTestExecutionListener, org.springframework.boot.test.autoconfigure.web.client.MockRestServiceServerResetTestExecutionListener, org.springframework.boot.test.autoconfigure.web.servlet.MockMvcPrintOnlyOnFailureTestExecutionListener, org.springframework.boot.test.autoconfigure.web.servlet.WebDriverTestExecutionListener, org.springframework.boot.test.autoconfigure.webservices.client.MockWebServiceServerTestExecutionListener, org.springframework.boot.test.mock.mockito.MockitoTestExecutionListener, org.springframework.boot.test.mock.mockito.ResetMocksTestExecutionListener, org.springframework.test.context.web.ServletTestExecutionListener, org.springframework.test.context.support.DirtiesContextBeforeModesTestExecutionListener, org.springframework.test.context.event.ApplicationEventsTestExecutionListener, org.springframework.test.context.support.DependencyInjectionTestExecutionListener, org.springframework.test.context.support.DirtiesContextTestExecutionListener, org.springframework.test.context.transaction.TransactionalTestExecutionListener, org.springframework.test.context.jdbc.SqlScriptsTestExecutionListener, org.springframework.test.context.event.EventPublishingTestExecutionListener]
2022-07-13 19:16:05.209  INFO 36846 --- [    Test worker] .b.t.c.SpringBootTestContextBootstrapper : Using TestExecutionListeners: [org.springframework.test.context.web.ServletTestExecutionListener@12270a01, org.springframework.test.context.support.DirtiesContextBeforeModesTestExecutionListener@4552f905, org.springframework.test.context.event.ApplicationEventsTestExecutionListener@646d58cd, org.springframework.boot.test.mock.mockito.MockitoTestExecutionListener@388e4c25, org.springframework.boot.test.autoconfigure.SpringBootDependencyInjectionTestExecutionListener@12532e37, org.springframework.test.context.support.DirtiesContextTestExecutionListener@401b67a9, org.springframework.test.context.event.EventPublishingTestExecutionListener@4e3ee457, org.springframework.boot.test.autoconfigure.restdocs.RestDocsTestExecutionListener@41b66d1, org.springframework.boot.test.autoconfigure.web.client.MockRestServiceServerResetTestExecutionListener@fb2c2f3, org.springframework.boot.test.autoconfigure.web.servlet.MockMvcPrintOnlyOnFailureTestExecutionListener@148fca83, org.springframework.boot.test.autoconfigure.web.servlet.WebDriverTestExecutionListener@2d2a8819, org.springframework.boot.test.autoconfigure.webservices.client.MockWebServiceServerTestExecutionListener@72585e83, org.springframework.boot.test.mock.mockito.ResetMocksTestExecutionListener@6b64bf61]
2022-07-13 19:16:05.210  INFO 36846 --- [    Test worker] .b.t.c.SpringBootTestContextBootstrapper : Neither @ContextConfiguration nor @ContextHierarchy found for test class [com.globantx.cardinalevaluator.CucumberSpringConfiguration], using SpringBootContextLoader
2022-07-13 19:16:05.210  INFO 36846 --- [    Test worker] o.s.t.c.support.AbstractContextLoader    : Could not detect default resource locations for test class [com.globantx.cardinalevaluator.CucumberSpringConfiguration]: no resource found for suffixes {-context.xml, Context.groovy}.
2022-07-13 19:16:05.211  INFO 36846 --- [    Test worker] .b.t.c.SpringBootTestContextBootstrapper : Loaded default TestExecutionListener class names from location [META-INF/spring.factories]: [org.springframework.boot.test.autoconfigure.restdocs.RestDocsTestExecutionListener, org.springframework.boot.test.autoconfigure.web.client.MockRestServiceServerResetTestExecutionListener, org.springframework.boot.test.autoconfigure.web.servlet.MockMvcPrintOnlyOnFailureTestExecutionListener, org.springframework.boot.test.autoconfigure.web.servlet.WebDriverTestExecutionListener, org.springframework.boot.test.autoconfigure.webservices.client.MockWebServiceServerTestExecutionListener, org.springframework.boot.test.mock.mockito.MockitoTestExecutionListener, org.springframework.boot.test.mock.mockito.ResetMocksTestExecutionListener, org.springframework.test.context.web.ServletTestExecutionListener, org.springframework.test.context.support.DirtiesContextBeforeModesTestExecutionListener, org.springframework.test.context.event.ApplicationEventsTestExecutionListener, org.springframework.test.context.support.DependencyInjectionTestExecutionListener, org.springframework.test.context.support.DirtiesContextTestExecutionListener, org.springframework.test.context.transaction.TransactionalTestExecutionListener, org.springframework.test.context.jdbc.SqlScriptsTestExecutionListener, org.springframework.test.context.event.EventPublishingTestExecutionListener]
2022-07-13 19:16:05.211  INFO 36846 --- [    Test worker] .b.t.c.SpringBootTestContextBootstrapper : Using TestExecutionListeners: [org.springframework.test.context.web.ServletTestExecutionListener@1d5bb5c, org.springframework.test.context.support.DirtiesContextBeforeModesTestExecutionListener@7846913f, org.springframework.test.context.event.ApplicationEventsTestExecutionListener@48da64f2, org.springframework.boot.test.mock.mockito.MockitoTestExecutionListener@60b553f, org.springframework.boot.test.autoconfigure.SpringBootDependencyInjectionTestExecutionListener@2aa811f9, org.springframework.test.context.support.DirtiesContextTestExecutionListener@66abb2fa, org.springframework.test.context.event.EventPublishingTestExecutionListener@7d4da729, org.springframework.boot.test.autoconfigure.restdocs.RestDocsTestExecutionListener@2133b712, org.springframework.boot.test.autoconfigure.web.client.MockRestServiceServerResetTestExecutionListener@4b7e4d14, org.springframework.boot.test.autoconfigure.web.servlet.MockMvcPrintOnlyOnFailureTestExecutionListener@70f91ae3, org.springframework.boot.test.autoconfigure.web.servlet.WebDriverTestExecutionListener@601d9f3a, org.springframework.boot.test.autoconfigure.webservices.client.MockWebServiceServerTestExecutionListener@5c2a3f0c, org.springframework.boot.test.mock.mockito.ResetMocksTestExecutionListener@6585df70]
]]></system-out>
  <system-err><![CDATA[]]></system-err>
</testsuite>
